# MEAN_SAMPLE_SIZE = 27148
# TOTAL_GENES = 17630
# TEST_DIRECTION = one-sided, positive (set), two-sided (covar)
# CONDITIONED_INTERNAL = gene size, gene density, inverse mac, log(gene size), log(gene density), log(inverse mac)
VARIABLE                               TYPE  NGENES         BETA     BETA_STD           SE            P FULL_NAME
GOBP_ACTIVATION_OF_IMMUNE_RE...         SET     293      0.27434     0.035073     0.060543   2.9519e-06 GOBP_ACTIVATION_OF_IMMUNE_RESPONSE
GOBP_ACTIVATION_OF_INNATE_IM...         SET      54      0.10353    0.0057211      0.13794      0.22648 GOBP_ACTIVATION_OF_INNATE_IMMUNE_RESPONSE
GOBP_ADAPTIVE_IMMUNE_RESPONSE           SET     422      0.39935     0.061043     0.052218   1.0815e-14 GOBP_ADAPTIVE_IMMUNE_RESPONSE
GOBP_ADAPTIVE_IMMUNE_RESPONS...         SET     279      0.44497     0.055533     0.062216   4.4658e-13 GOBP_ADAPTIVE_IMMUNE_RESPONSE_BASED_ON_SOMATIC_RECOMBINATION_OF_IMMUNE_RECEPTORS_BUILT_FROM_IMMUNOGLOBULIN_SUPERFAMILY_DOMAINS
GOBP_AMINE_TRANSPORT                    SET      97     -0.11629   -0.0086021      0.10923      0.85647 GOBP_AMINE_TRANSPORT
GOBP_AMMONIUM_ION_METABOLIC_...         SET      23    -0.073575   -0.0026558      0.21874       0.6317 GOBP_AMMONIUM_ION_METABOLIC_PROCESS
GOBP_ANTIGEN_PROCESSING_AND_...1        SET      99      0.36313     0.027136      0.10843   0.00040622 GOBP_ANTIGEN_PROCESSING_AND_PRESENTATION
GOBP_ANTIGEN_PROCESSING_AND_...2        SET      25      0.26063    0.0098079      0.21686      0.11472 GOBP_ANTIGEN_PROCESSING_AND_PRESENTATION_OF_ENDOGENOUS_ANTIGEN
GOBP_ANTIGEN_PROCESSING_AND_...3        SET      44      0.60316     0.030096      0.16737   0.00015729 GOBP_ANTIGEN_PROCESSING_AND_PRESENTATION_OF_EXOGENOUS_ANTIGEN
GOBP_ANTIGEN_PROCESSING_AND_...4        SET      35      0.69203     0.030804      0.18191   7.1418e-05 GOBP_ANTIGEN_PROCESSING_AND_PRESENTATION_OF_EXOGENOUS_PEPTIDE_ANTIGEN
GOBP_ANTIGEN_PROCESSING_AND_...5        SET      27      0.88822     0.034734      0.22083   2.8955e-05 GOBP_ANTIGEN_PROCESSING_AND_PRESENTATION_OF_EXOGENOUS_PEPTIDE_ANTIGEN_VIA_MHC_CLASS_II
GOBP_ANTIGEN_PROCESSING_AND_...6        SET      57      0.47194     0.026792      0.14175    0.0004363 GOBP_ANTIGEN_PROCESSING_AND_PRESENTATION_OF_PEPTIDE_ANTIGEN
GOBP_ANTIGEN_PROCESSING_AND_...7        SET      28      0.30087     0.011981      0.18369     0.050732 GOBP_ANTIGEN_PROCESSING_AND_PRESENTATION_OF_PEPTIDE_ANTIGEN_VIA_MHC_CLASS_I
GOBP_ANTIGEN_PROCESSING_AND_...8        SET      31      0.63749     0.026709      0.20014   0.00072441 GOBP_ANTIGEN_PROCESSING_AND_PRESENTATION_OF_PEPTIDE_OR_POLYSACCHARIDE_ANTIGEN_VIA_MHC_CLASS_II
GOBP_ANTIGEN_PROCESSING_AND_...9        SET      13      0.41574     0.011285      0.29439     0.078953 GOBP_ANTIGEN_PROCESSING_AND_PRESENTATION_VIA_MHC_CLASS_IB
GOBP_ATP_BIOSYNTHETIC_PROCESS           SET      29      0.21039     0.008526      0.18319      0.12539 GOBP_ATP_BIOSYNTHETIC_PROCESS
GOBP_ATP_METABOLIC_PROCESS              SET     228      0.11543     0.013042     0.064777     0.037394 GOBP_ATP_METABOLIC_PROCESS
GOBP_AXONAL_TRANSPORT                   SET      63      0.26608     0.015878      0.11928     0.012858 GOBP_AXONAL_TRANSPORT
GOBP_BONE_RESORPTION                    SET      62      0.01037   0.00061387      0.13463       0.4693 GOBP_BONE_RESORPTION
GOBP_B_CELL_ACTIVATION                  SET     251      0.34764     0.041185     0.065832   6.5178e-08 GOBP_B_CELL_ACTIVATION
GOBP_B_CELL_MEDIATED_IMMUNITY           SET     134       0.3977     0.034541     0.087869   3.0266e-06 GOBP_B_CELL_MEDIATED_IMMUNITY
GOBP_B_CELL_PROLIFERATION               SET      98      0.47741     0.035496      0.11153   9.3741e-06 GOBP_B_CELL_PROLIFERATION
GOBP_CARDIAC_ATRIUM_DEVELOPM...         SET      35      0.04895    0.0021789      0.18666      0.39657 GOBP_CARDIAC_ATRIUM_DEVELOPMENT
GOBP_CATECHOLAMINE_SECRETION            SET      55    -0.035478   -0.0019785      0.14422      0.59715 GOBP_CATECHOLAMINE_SECRETION
GOBP_CELLULAR_COMPONENT_DISA...         SET     434     0.045823    0.0071007     0.046304      0.16119 GOBP_CELLULAR_COMPONENT_DISASSEMBLY
GOBP_CELLULAR_RESPIRATION               SET     191      0.12746     0.013195     0.071272     0.036867 GOBP_CELLULAR_RESPIRATION
GOBP_CELLULAR_RESPONSE_TO_IN...         SET      21      0.23125    0.0079767      0.23796      0.16558 GOBP_CELLULAR_RESPONSE_TO_INTERFERON_BETA
GOBP_CELLULAR_RESPONSE_TO_VI...         SET      69      0.17814     0.011123      0.12319     0.074096 GOBP_CELLULAR_RESPONSE_TO_VIRUS
GOBP_CELL_ACTIVATION_INVOLVE...         SET     279      0.29852     0.037256     0.061497   6.1039e-07 GOBP_CELL_ACTIVATION_INVOLVED_IN_IMMUNE_RESPONSE
GOBP_CELL_JUNCTION_DISASSEMB...         SET      21     0.035031    0.0012084      0.25552      0.44548 GOBP_CELL_JUNCTION_DISASSEMBLY
GOBP_CELL_KILLING                       SET     174      0.35011      0.03461     0.077944   3.5565e-06 GOBP_CELL_KILLING
GOBP_CENTROSOME_DUPLICATION             SET      73     0.025798    0.0016567      0.11016      0.40742 GOBP_CENTROSOME_DUPLICATION
GOBP_CHAPERONE_COFACTOR_DEPE...         SET      30     -0.16149   -0.0066562      0.14984      0.85941 GOBP_CHAPERONE_COFACTOR_DEPENDENT_PROTEIN_REFOLDING
GOBP_CHAPERONE_MEDIATED_PROT...         SET      68    -0.070171   -0.0043497      0.10715      0.74373 GOBP_CHAPERONE_MEDIATED_PROTEIN_FOLDING
GOBP_CILIUM_MOVEMENT                    SET     159    -0.080657   -0.0076253     0.076528      0.85404 GOBP_CILIUM_MOVEMENT
GOBP_CILIUM_OR_FLAGELLUM_DEP...         SET     135    -0.065077   -0.0056729      0.08482      0.77852 GOBP_CILIUM_OR_FLAGELLUM_DEPENDENT_CELL_MOTILITY
GOBP_CYTOKINE_MEDIATED_SIGNA...         SET     450      0.29058      0.04583     0.050909   5.8215e-09 GOBP_CYTOKINE_MEDIATED_SIGNALING_PATHWAY
GOBP_CYTOKINE_PRODUCTION_INV...         SET      99      0.31008     0.023172      0.10271    0.0012702 GOBP_CYTOKINE_PRODUCTION_INVOLVED_IN_IMMUNE_RESPONSE
GOBP_CYTOPLASMIC_TRANSLATION            SET     143    -0.040504   -0.0036332     0.079739      0.69426 GOBP_CYTOPLASMIC_TRANSLATION
GOBP_DEFENSE_RESPONSE_TO_BAC...         SET     256       0.1469     0.017573     0.066632     0.013748 GOBP_DEFENSE_RESPONSE_TO_BACTERIUM
GOBP_DEFENSE_RESPONSE_TO_GRA...         SET      85       0.1183    0.0081946      0.11127      0.14386 GOBP_DEFENSE_RESPONSE_TO_GRAM_POSITIVE_BACTERIUM
GOBP_DEFENSE_RESPONSE_TO_SYM...         SET     274      0.21275     0.026316     0.064461   0.00048387 GOBP_DEFENSE_RESPONSE_TO_SYMBIONT
GOBP_DENDRITIC_CELL_DIFFEREN...         SET      48      0.16965    0.0088406      0.14852      0.12668 GOBP_DENDRITIC_CELL_DIFFERENTIATION
GOBP_DETECTION_OF_BIOTIC_STI...         SET      36      0.16784    0.0075767      0.17738      0.17204 GOBP_DETECTION_OF_BIOTIC_STIMULUS
GOBP_DETECTION_OF_EXTERNAL_B...         SET      24      0.25705    0.0094778       0.2086      0.10894 GOBP_DETECTION_OF_EXTERNAL_BIOTIC_STIMULUS
GOBP_DETECTION_OF_MOLECULE_O...         SET      12      0.54605     0.014242      0.29845     0.033663 GOBP_DETECTION_OF_MOLECULE_OF_BACTERIAL_ORIGIN
GOBP_DETECTION_OF_OTHER_ORGA...         SET      19     0.016007   0.00052523      0.23671      0.47304 GOBP_DETECTION_OF_OTHER_ORGANISM
GOBP_DE_NOVO_PROTEIN_FOLDING            SET      38     -0.15506   -0.0071911      0.13313      0.87792 GOBP_DE_NOVO_PROTEIN_FOLDING
GOBP_DICARBOXYLIC_ACID_TRANS...         SET      91      0.03213    0.0023024      0.10675      0.38172 GOBP_DICARBOXYLIC_ACID_TRANSPORT
GOBP_DIENCEPHALON_DEVELOPMENT           SET      75     0.038672     0.002517      0.12494      0.37847 GOBP_DIENCEPHALON_DEVELOPMENT
GOBP_DNA_GEOMETRIC_CHANGE               SET      90    -0.019205   -0.0013687      0.10059      0.57571 GOBP_DNA_GEOMETRIC_CHANGE
GOBP_ENERGY_DERIVATION_BY_OX...         SET     271      0.03513     0.004322      0.05977      0.27835 GOBP_ENERGY_DERIVATION_BY_OXIDATION_OF_ORGANIC_COMPOUNDS
GOBP_ERK1_AND_ERK2_CASCADE              SET     306     0.059502    0.0077709     0.061019      0.16475 GOBP_ERK1_AND_ERK2_CASCADE
GOBP_GENERATION_OF_PRECURSOR...         SET     436     0.021719    0.0033731      0.04777      0.32468 GOBP_GENERATION_OF_PRECURSOR_METABOLITES_AND_ENERGY
GOBP_HUMORAL_IMMUNE_RESPONSE            SET     226     0.093186     0.010483     0.074742      0.10625 GOBP_HUMORAL_IMMUNE_RESPONSE
GOBP_IMMUNE_EFFECTOR_PROCESS            SET     569      0.30932     0.054666     0.044107   1.2147e-12 GOBP_IMMUNE_EFFECTOR_PROCESS
GOBP_IMMUNE_RESPONSE_REGULAT...         SET     382      0.25614     0.037294     0.053785   9.6544e-07 GOBP_IMMUNE_RESPONSE_REGULATING_SIGNALING_PATHWAY
GOBP_IMPORT_ACROSS_PLASMA_ME...         SET     171    -0.005538  -0.00054277     0.080811      0.52732 GOBP_IMPORT_ACROSS_PLASMA_MEMBRANE
GOBP_IMPORT_INTO_CELL                   SET     218      -0.0025  -0.00027628     0.072547      0.51374 GOBP_IMPORT_INTO_CELL
GOBP_INTERFERON_BETA_PRODUCT...         SET      53      0.16081    0.0088041      0.13494      0.11669 GOBP_INTERFERON_BETA_PRODUCTION
GOBP_INTERLEUKIN_10_PRODUCTI...         SET      56      0.24692     0.013895      0.14047     0.039399 GOBP_INTERLEUKIN_10_PRODUCTION
GOBP_INTERLEUKIN_8_PRODUCTION           SET      82      0.17012     0.011576      0.11191     0.064249 GOBP_INTERLEUKIN_8_PRODUCTION
GOBP_INTRACILIARY_TRANSPORT             SET      34      0.17703    0.0077672      0.15955      0.13359 GOBP_INTRACILIARY_TRANSPORT
GOBP_LEUKOCYTE_DIFFERENTIATI...         SET     537      0.28043     0.048192     0.045984    5.482e-10 GOBP_LEUKOCYTE_DIFFERENTIATION
GOBP_LEUKOCYTE_MEDIATED_CYTO...         SET     124      0.43525     0.036375     0.092863   1.3978e-06 GOBP_LEUKOCYTE_MEDIATED_CYTOTOXICITY
GOBP_LEUKOCYTE_MEDIATED_IMMU...         SET     365      0.32321     0.046022     0.054183   1.2485e-09 GOBP_LEUKOCYTE_MEDIATED_IMMUNITY
GOBP_LEUKOCYTE_PROLIFERATION            SET     317      0.38665      0.05138     0.059049   3.0069e-11 GOBP_LEUKOCYTE_PROLIFERATION
GOBP_LYMPHOCYTE_MEDIATED_IMM...         SET     274      0.44232     0.054714     0.063082   1.2234e-12 GOBP_LYMPHOCYTE_MEDIATED_IMMUNITY
GOBP_MACROPHAGE_ACTIVATION              SET      99      0.35403     0.026456      0.10372    0.0003217 GOBP_MACROPHAGE_ACTIVATION
GOBP_MACROPHAGE_ACTIVATION_I...         SET      18      0.51124     0.016328      0.23871     0.016118 GOBP_MACROPHAGE_ACTIVATION_INVOLVED_IN_IMMUNE_RESPONSE
GOBP_MICROGLIAL_CELL_ACTIVAT...         SET      43      0.60274     0.029732      0.15726    6.362e-05 GOBP_MICROGLIAL_CELL_ACTIVATION
GOBP_MITOCHONDRION_LOCALIZAT...         SET      49      0.06971    0.0036701      0.13147      0.29798 GOBP_MITOCHONDRION_LOCALIZATION
GOBP_MITOCHONDRION_ORGANIZAT...         SET     467    -0.016742   -0.0026886     0.043794      0.64888 GOBP_MITOCHONDRION_ORGANIZATION
GOBP_MITOTIC_SPINDLE_ASSEMBLY           SET      67   -0.0048298  -0.00029719      0.11562      0.51666 GOBP_MITOTIC_SPINDLE_ASSEMBLY
GOBP_MONONUCLEAR_CELL_DIFFER...         SET     422       0.3249     0.049663     0.051829   1.8685e-10 GOBP_MONONUCLEAR_CELL_DIFFERENTIATION
GOBP_MULTICELLULAR_ORGANISMA...         SET     505     0.042191    0.0070379      0.04609         0.18 GOBP_MULTICELLULAR_ORGANISMAL_HOMEOSTASIS
GOBP_MYELOID_CELL_DIFFERENTI...         SET     361      0.17114     0.024238     0.053473   0.00068737 GOBP_MYELOID_CELL_DIFFERENTIATION
GOBP_MYELOID_LEUKOCYTE_ACTIV...         SET     220      0.15872     0.017619     0.069351     0.011059 GOBP_MYELOID_LEUKOCYTE_ACTIVATION
GOBP_MYELOID_LEUKOCYTE_CYTOK...         SET      29      0.41447     0.016797      0.18671      0.01322 GOBP_MYELOID_LEUKOCYTE_CYTOKINE_PRODUCTION
GOBP_NAD_METABOLIC_PROCESS              SET      28    -0.055211   -0.0021986       0.1731      0.62512 GOBP_NAD_METABOLIC_PROCESS
GOBP_NEGATIVE_REGULATION_OF_...1        SET     199      0.28411     0.030015     0.072405    4.374e-05 GOBP_NEGATIVE_REGULATION_OF_CELL_ACTIVATION
GOBP_NEGATIVE_REGULATION_OF_...2        SET     220      0.21604     0.023983     0.066634   0.00059443 GOBP_NEGATIVE_REGULATION_OF_DEFENSE_RESPONSE
GOBP_NEGATIVE_REGULATION_OF_...3        SET      51      0.14876    0.0079896      0.14325      0.14954 GOBP_NEGATIVE_REGULATION_OF_DNA_BINDING
GOBP_NEGATIVE_REGULATION_OF_...4        SET     170      0.26774     0.026165     0.074981   0.00017851 GOBP_NEGATIVE_REGULATION_OF_IMMUNE_RESPONSE
GOBP_NEGATIVE_REGULATION_OF_...5        SET     393      0.22396     0.033064     0.050985    5.634e-06 GOBP_NEGATIVE_REGULATION_OF_IMMUNE_SYSTEM_PROCESS
GOBP_NEGATIVE_REGULATION_OF_...6        SET      70      0.19105     0.012015      0.11326     0.045832 GOBP_NEGATIVE_REGULATION_OF_INNATE_IMMUNE_RESPONSE
GOBP_NEGATIVE_REGULATION_OF_...7        SET      17      0.80954     0.025127       0.2339   0.00026969 GOBP_NEGATIVE_REGULATION_OF_MACROPHAGE_ACTIVATION
GOBP_NEGATIVE_REGULATION_OF_...8        SET      47      0.17356    0.0089494      0.14855      0.12135 GOBP_NEGATIVE_REGULATION_OF_MITOCHONDRION_ORGANIZATION
GOBP_NEGATIVE_REGULATION_OF_...9        SET      13      0.96817     0.026282      0.26752   0.00014832 GOBP_NEGATIVE_REGULATION_OF_NEUROINFLAMMATORY_RESPONSE
GOBP_NEGATIVE_REGULATION_OF_...10       SET     107      0.20461     0.015893     0.094515     0.015206 GOBP_NEGATIVE_REGULATION_OF_RESPONSE_TO_BIOTIC_STIMULUS
GOBP_NEGATIVE_REGULATION_OF_...11       SET     372      0.14925     0.021451     0.052877     0.002385 GOBP_NEGATIVE_REGULATION_OF_RESPONSE_TO_EXTERNAL_STIMULUS
GOBP_NEGATIVE_REGULATION_OF_...12       SET      19    -0.098861   -0.0032438      0.22822      0.66755 GOBP_NEGATIVE_REGULATION_OF_TYPE_I_INTERFERON_MEDIATED_SIGNALING_PATHWAY
GOBP_NEGATIVE_REGULATION_OF_...13       SET      53      0.13169    0.0072101      0.14763      0.18619 GOBP_NEGATIVE_REGULATION_OF_VIRAL_GENOME_REPLICATION
GOBP_NEGATIVE_REGULATION_OF_...14       SET      86       0.1068     0.007441      0.11199      0.17014 GOBP_NEGATIVE_REGULATION_OF_VIRAL_PROCESS
GOBP_NEUROMUSCULAR_PROCESS_C...         SET      17   -0.0031057  -9.6396e-05      0.24234      0.50511 GOBP_NEUROMUSCULAR_PROCESS_CONTROLLING_POSTURE
GOBP_NEUROPEPTIDE_SIGNALING_...         SET     103    -0.091917   -0.0070053      0.10592      0.80725 GOBP_NEUROPEPTIDE_SIGNALING_PATHWAY
GOBP_NEUROTRANSMITTER_TRANSP...         SET     204     0.046639     0.004988     0.070873      0.25525 GOBP_NEUROTRANSMITTER_TRANSPORT
GOBP_NON_MEMBRANE_BOUNDED_OR...         SET     369     0.015143    0.0021678     0.050412      0.38195 GOBP_NON_MEMBRANE_BOUNDED_ORGANELLE_ASSEMBLY
GOBP_ONE_CARBON_METABOLIC_PR...         SET      38      0.20749     0.009623      0.16116     0.098967 GOBP_ONE_CARBON_METABOLIC_PROCESS
GOBP_OXIDATIVE_PHOSPHORYLATI...         SET     104     0.083496    0.0063942     0.097536      0.19599 GOBP_OXIDATIVE_PHOSPHORYLATION
GOBP_PATTERN_RECOGNITION_REC...         SET     163      0.18231     0.017449     0.082488     0.013554 GOBP_PATTERN_RECOGNITION_RECEPTOR_SIGNALING_PATHWAY
GOBP_PENILE_ERECTION                    SET      11      -0.4376    -0.010928       0.3334      0.90532 GOBP_PENILE_ERECTION
GOBP_PERK_MEDIATED_UNFOLDED_...         SET      18     0.057548    0.0018379      0.26297      0.41339 GOBP_PERK_MEDIATED_UNFOLDED_PROTEIN_RESPONSE
GOBP_PHAGOCYTOSIS_RECOGNITION           SET      30      0.18194     0.007499      0.20058      0.18219 GOBP_PHAGOCYTOSIS_RECOGNITION
GOBP_POSITIVE_REGULATION_OF_...1        SET     104      0.39855     0.030521     0.097637   2.2437e-05 GOBP_POSITIVE_REGULATION_OF_ADAPTIVE_IMMUNE_RESPONSE
GOBP_POSITIVE_REGULATION_OF_...2        SET      35     0.039727    0.0017684      0.17907      0.41221 GOBP_POSITIVE_REGULATION_OF_BLOOD_PRESSURE
GOBP_POSITIVE_REGULATION_OF_...3        SET      16     -0.19657   -0.0059191      0.26605      0.76999 GOBP_POSITIVE_REGULATION_OF_BONE_RESORPTION
GOBP_POSITIVE_REGULATION_OF_...4        SET      73      0.38155     0.024501      0.11581   0.00049418 GOBP_POSITIVE_REGULATION_OF_B_CELL_ACTIVATION
GOBP_POSITIVE_REGULATION_OF_...5        SET      34      0.33081     0.014514      0.16395     0.021819 GOBP_POSITIVE_REGULATION_OF_B_CELL_MEDIATED_IMMUNITY
GOBP_POSITIVE_REGULATION_OF_...6        SET      42      0.49854     0.024305      0.15847   0.00082936 GOBP_POSITIVE_REGULATION_OF_B_CELL_PROLIFERATION
GOBP_POSITIVE_REGULATION_OF_...7        SET     337      0.41247      0.05648     0.056418   1.3905e-13 GOBP_POSITIVE_REGULATION_OF_CELL_ACTIVATION
GOBP_POSITIVE_REGULATION_OF_...8        SET     426      0.33699     0.051748     0.050712   1.5639e-11 GOBP_POSITIVE_REGULATION_OF_CELL_ADHESION
GOBP_POSITIVE_REGULATION_OF_...9        SET     279      0.46073     0.057501     0.063282   1.7403e-13 GOBP_POSITIVE_REGULATION_OF_CELL_CELL_ADHESION
GOBP_POSITIVE_REGULATION_OF_...10       SET      62      0.60677     0.035921      0.13577   3.9527e-06 GOBP_POSITIVE_REGULATION_OF_CELL_KILLING
GOBP_POSITIVE_REGULATION_OF_...11       SET     448      0.26231     0.041282     0.048855   4.0097e-08 GOBP_POSITIVE_REGULATION_OF_CYTOKINE_PRODUCTION
GOBP_POSITIVE_REGULATION_OF_...12       SET      67      0.37658     0.023171      0.12656    0.0014647 GOBP_POSITIVE_REGULATION_OF_CYTOKINE_PRODUCTION_INVOLVED_IN_IMMUNE_RESPONSE
GOBP_POSITIVE_REGULATION_OF_...13       SET     231      0.31283     0.035574     0.067016   1.5336e-06 GOBP_POSITIVE_REGULATION_OF_IMMUNE_EFFECTOR_PROCESS
GOBP_POSITIVE_REGULATION_OF_...14       SET     484      0.27426     0.044815     0.047051   2.8416e-09 GOBP_POSITIVE_REGULATION_OF_IMMUNE_RESPONSE
GOBP_POSITIVE_REGULATION_OF_...15       SET     131      0.24487      0.02103     0.089807    0.0032027 GOBP_POSITIVE_REGULATION_OF_INNATE_IMMUNE_RESPONSE
GOBP_POSITIVE_REGULATION_OF_...16       SET      36      0.23389     0.010558      0.17043     0.084991 GOBP_POSITIVE_REGULATION_OF_INTERFERON_BETA_PRODUCTION
GOBP_POSITIVE_REGULATION_OF_...17       SET      61      0.24983      0.01467       0.1294     0.026774 GOBP_POSITIVE_REGULATION_OF_INTERLEUKIN_8_PRODUCTION
GOBP_POSITIVE_REGULATION_OF_...18       SET     235       0.5158     0.059154     0.068195   2.0683e-14 GOBP_POSITIVE_REGULATION_OF_LEUKOCYTE_CELL_CELL_ADHESION
GOBP_POSITIVE_REGULATION_OF_...19       SET     128      0.41384     0.035135     0.090207   2.2587e-06 GOBP_POSITIVE_REGULATION_OF_LEUKOCYTE_MEDIATED_IMMUNITY
GOBP_POSITIVE_REGULATION_OF_...20       SET     151      0.47396     0.043677     0.084553   1.0556e-08 GOBP_POSITIVE_REGULATION_OF_LEUKOCYTE_PROLIFERATION
GOBP_POSITIVE_REGULATION_OF_...21       SET     107      0.45827     0.035594     0.099121   1.9028e-06 GOBP_POSITIVE_REGULATION_OF_LYMPHOCYTE_MEDIATED_IMMUNITY
GOBP_POSITIVE_REGULATION_OF_...22       SET     458     0.056717    0.0090222      0.04881      0.12263 GOBP_POSITIVE_REGULATION_OF_MAPK_CASCADE
GOBP_POSITIVE_REGULATION_OF_...23       SET      18     -0.11202   -0.0035776      0.22095      0.69391 GOBP_POSITIVE_REGULATION_OF_MYELINATION
GOBP_POSITIVE_REGULATION_OF_...24       SET      33     -0.10854   -0.0046918      0.16891      0.73976 GOBP_POSITIVE_REGULATION_OF_NERVOUS_SYSTEM_PROCESS
GOBP_POSITIVE_REGULATION_OF_...25       SET      68     0.073231    0.0045394      0.12352      0.27665 GOBP_POSITIVE_REGULATION_OF_PHAGOCYTOSIS
GOBP_POSITIVE_REGULATION_OF_...26       SET      26     -0.17985   -0.0069016      0.20323       0.8119 GOBP_POSITIVE_REGULATION_OF_POTASSIUM_ION_TRANSMEMBRANE_TRANSPORTER_ACTIVITY
GOBP_POSITIVE_REGULATION_OF_...27       SET     113      0.31245     0.024935     0.094273   0.00046029 GOBP_POSITIVE_REGULATION_OF_PRODUCTION_OF_MOLECULAR_MEDIATOR_OF_IMMUNE_RESPONSE
GOBP_POSITIVE_REGULATION_OF_...28       SET     167      0.21416     0.020745     0.078467    0.0031775 GOBP_POSITIVE_REGULATION_OF_RESPONSE_TO_BIOTIC_STIMULUS
GOBP_POSITIVE_REGULATION_OF_...29       SET      60      0.51131     0.029779       0.1261    2.521e-05 GOBP_POSITIVE_REGULATION_OF_RESPONSE_TO_CYTOKINE_STIMULUS
GOBP_POSITIVE_REGULATION_OF_...30       SET      35     0.070537    0.0031398      0.17007      0.33917 GOBP_POSITIVE_REGULATION_OF_RESPONSE_TO_ENDOPLASMIC_RETICULUM_STRESS
GOBP_POSITIVE_REGULATION_OF_...31       SET     294     0.028418    0.0036391     0.059442       0.3163 GOBP_POSITIVE_REGULATION_OF_SECRETION
GOBP_POSITIVE_REGULATION_OF_...32       SET      23      0.37756     0.013629      0.20773     0.034575 GOBP_POSITIVE_REGULATION_OF_SYNCYTIUM_FORMATION_BY_PLASMA_MEMBRANE_FUSION
GOBP_POSITIVE_REGULATION_OF_...33       SET      24     -0.10133   -0.0037364      0.19268      0.70052 GOBP_POSITIVE_REGULATION_OF_TRANSCRIPTION_FROM_RNA_POLYMERASE_II_PROMOTER_INVOLVED_IN_CELLULAR_RESPONSE_TO_CHEMICAL_STIMULUS
GOBP_POSITIVE_REGULATION_OF_...34       SET     101      0.34143     0.025769      0.10207   0.00041228 GOBP_POSITIVE_REGULATION_OF_TUMOR_NECROSIS_FACTOR_SUPERFAMILY_CYTOKINE_PRODUCTION
GOBP_POSITIVE_REGULATION_OF_...35       SET      18       0.4449     0.014209      0.23117     0.027151 GOBP_POSITIVE_REGULATION_OF_TYPE_I_INTERFERON_MEDIATED_SIGNALING_PATHWAY
GOBP_POSITIVE_REGULATION_OF_...36       SET      54      0.27176     0.015018      0.13533     0.022324 GOBP_POSITIVE_REGULATION_OF_TYPE_I_INTERFERON_PRODUCTION
GOBP_POSITIVE_REGULATION_OF_...37       SET      27      0.84239     0.032942      0.21043   3.1393e-05 GOBP_POSITIVE_REGULATION_OF_T_CELL_MEDIATED_CYTOTOXICITY
GOBP_POSITIVE_REGULATION_OF_...38       SET      31   -0.0013917   -5.831e-05      0.19423      0.50286 GOBP_POSITIVE_REGULATION_OF_VASCULAR_ASSOCIATED_SMOOTH_MUSCLE_CELL_PROLIFERATION
GOBP_POSITIVE_THYMIC_T_CELL_...         SET      14       0.8861     0.024961      0.30616    0.0019032 GOBP_POSITIVE_THYMIC_T_CELL_SELECTION
GOBP_POSITIVE_T_CELL_SELECTI...         SET      36       1.0604     0.047871      0.18071   2.2489e-09 GOBP_POSITIVE_T_CELL_SELECTION
GOBP_PRODUCTION_OF_MOLECULAR...         SET     206      0.32215      0.03462     0.069886   2.0319e-06 GOBP_PRODUCTION_OF_MOLECULAR_MEDIATOR_OF_IMMUNE_RESPONSE
GOBP_PROTEIN_FOLDING                    SET     188     0.018663     0.001917     0.067821      0.39159 GOBP_PROTEIN_FOLDING
GOBP_PROTEIN_K63_LINKED_UBIQ...         SET      56    -0.033437   -0.0018816      0.13286      0.59935 GOBP_PROTEIN_K63_LINKED_UBIQUITINATION
GOBP_PROTEIN_POLYUBIQUITINAT...         SET     232     0.027071     0.003085     0.064548      0.33747 GOBP_PROTEIN_POLYUBIQUITINATION
GOBP_REGULATION_OF_ANTIGEN_P...         SET      20      0.14304    0.0048151      0.22307       0.2607 GOBP_REGULATION_OF_ANTIGEN_PROCESSING_AND_PRESENTATION
GOBP_REGULATION_OF_BONE_RESO...         SET      40      0.16423    0.0078141      0.17273      0.17085 GOBP_REGULATION_OF_BONE_RESORPTION
GOBP_REGULATION_OF_B_CELL_AC...         SET     119      0.38781     0.031755     0.093284   1.6185e-05 GOBP_REGULATION_OF_B_CELL_ACTIVATION
GOBP_REGULATION_OF_B_CELL_PR...         SET      62      0.43133     0.025534      0.13335   0.00061046 GOBP_REGULATION_OF_B_CELL_PROLIFERATION
GOBP_REGULATION_OF_CELL_ACTI...         SET     567      0.34828     0.061449     0.043743   9.0289e-16 GOBP_REGULATION_OF_CELL_ACTIVATION
GOBP_REGULATION_OF_CELL_CELL...         SET     431      0.34102     0.052666     0.051311   1.5541e-11 GOBP_REGULATION_OF_CELL_CELL_ADHESION
GOBP_REGULATION_OF_CELL_KILL...         SET     100      0.49207     0.036956      0.10353   1.0106e-06 GOBP_REGULATION_OF_CELL_KILLING
GOBP_REGULATION_OF_CILIUM_BE...         SET      14      0.18889    0.0053208      0.24614      0.22143 GOBP_REGULATION_OF_CILIUM_BEAT_FREQUENCY
GOBP_REGULATION_OF_DEFENSE_R...         SET     577      0.18267     0.032503     0.042494   8.6386e-06 GOBP_REGULATION_OF_DEFENSE_RESPONSE
GOBP_REGULATION_OF_DNA_TEMPL...         SET      50    -0.053004   -0.0028188       0.1506      0.63756 GOBP_REGULATION_OF_DNA_TEMPLATED_TRANSCRIPTION_IN_RESPONSE_TO_STRESS
GOBP_REGULATION_OF_HEMOPOIES...         SET     343      0.27173     0.037533     0.056554   7.8152e-07 GOBP_REGULATION_OF_HEMOPOIESIS
GOBP_REGULATION_OF_IMMUNE_EF...         SET     334      0.29896     0.040759     0.056043   4.8579e-08 GOBP_REGULATION_OF_IMMUNE_EFFECTOR_PROCESS
GOBP_REGULATION_OF_INNATE_IM...         SET     218      0.21852     0.024149      0.06782   0.00063763 GOBP_REGULATION_OF_INNATE_IMMUNE_RESPONSE
GOBP_REGULATION_OF_LEUKOCYTE...1        SET     274      0.31055     0.038414     0.063998    6.155e-07 GOBP_REGULATION_OF_LEUKOCYTE_DIFFERENTIATION
GOBP_REGULATION_OF_LEUKOCYTE...2        SET      82      0.53898     0.036674      0.11684   1.9999e-06 GOBP_REGULATION_OF_LEUKOCYTE_MEDIATED_CYTOTOXICITY
GOBP_REGULATION_OF_LEUKOCYTE...3        SET     224      0.35754     0.040046     0.069228   1.2187e-07 GOBP_REGULATION_OF_LEUKOCYTE_MEDIATED_IMMUNITY
GOBP_REGULATION_OF_LEUKOCYTE...4        SET     241      0.37135     0.043121     0.066958    1.485e-08 GOBP_REGULATION_OF_LEUKOCYTE_PROLIFERATION
GOBP_REGULATION_OF_LYMPHOCYT...         SET     435      0.37965     0.058896     0.050224   2.1394e-14 GOBP_REGULATION_OF_LYMPHOCYTE_ACTIVATION
GOBP_REGULATION_OF_MACROPHAG...         SET      56      0.39586     0.022276      0.13959    0.0022873 GOBP_REGULATION_OF_MACROPHAGE_ACTIVATION
GOBP_REGULATION_OF_MAP_KINAS...         SET     180    -0.043744   -0.0043976     0.075452      0.71896 GOBP_REGULATION_OF_MAP_KINASE_ACTIVITY
GOBP_REGULATION_OF_MICROGLIA...         SET      17      0.69169     0.021469      0.24748    0.0025986 GOBP_REGULATION_OF_MICROGLIAL_CELL_ACTIVATION
GOBP_REGULATION_OF_MITOCHOND...         SET     137     0.013826     0.001214     0.083414      0.43418 GOBP_REGULATION_OF_MITOCHONDRION_ORGANIZATION
GOBP_REGULATION_OF_NUCLEAR_T...         SET      13      0.19105    0.0051861      0.26628      0.23655 GOBP_REGULATION_OF_NUCLEAR_TRANSCRIBED_MRNA_POLY_A_TAIL_SHORTENING
GOBP_REGULATION_OF_PHAGOCYTO...         SET      94     0.095848    0.0069802      0.10497      0.18059 GOBP_REGULATION_OF_PHAGOCYTOSIS
GOBP_REGULATION_OF_PRODUCTIO...         SET     159      0.27261     0.025773     0.078768   0.00026983 GOBP_REGULATION_OF_PRODUCTION_OF_MOLECULAR_MEDIATOR_OF_IMMUNE_RESPONSE
GOBP_REGULATION_OF_PROTEIN_S...         SET     354     0.059422    0.0083355     0.054411      0.13741 GOBP_REGULATION_OF_PROTEIN_SERINE_THREONINE_KINASE_ACTIVITY
GOBP_REGULATION_OF_RAC_PROTE...         SET      21     -0.12786   -0.0044103      0.22521      0.71489 GOBP_REGULATION_OF_RAC_PROTEIN_SIGNAL_TRANSDUCTION
GOBP_REGULATION_OF_RESPONSE_...1        SET     328      0.20775     0.028072     0.055347   8.7512e-05 GOBP_REGULATION_OF_RESPONSE_TO_BIOTIC_STIMULUS
GOBP_REGULATION_OF_RESPONSE_...2        SET     152      0.24479     0.022632     0.080294    0.0011513 GOBP_REGULATION_OF_RESPONSE_TO_CYTOKINE_STIMULUS
GOBP_REGULATION_OF_SKELETAL_...         SET      15     0.013449   0.00039214      0.26005      0.47938 GOBP_REGULATION_OF_SKELETAL_MUSCLE_CONTRACTION
GOBP_REGULATION_OF_SPROUTING...         SET      35      0.15827     0.007045      0.17455      0.18228 GOBP_REGULATION_OF_SPROUTING_ANGIOGENESIS
GOBP_REGULATION_OF_SYNCYTIUM...         SET      28      0.45295     0.018037      0.19731     0.010856 GOBP_REGULATION_OF_SYNCYTIUM_FORMATION_BY_PLASMA_MEMBRANE_FUSION
GOBP_REGULATION_OF_TYPE_I_IN...         SET      40      0.12769    0.0060754      0.15102      0.19892 GOBP_REGULATION_OF_TYPE_I_INTERFERON_MEDIATED_SIGNALING_PATHWAY
GOBP_REGULATION_OF_T_CELL_AC...         SET     326      0.38459     0.051813     0.058477   2.4794e-11 GOBP_REGULATION_OF_T_CELL_ACTIVATION
GOBP_REGULATION_OF_T_CELL_ME...         SET      37      0.63107     0.028881      0.17382   0.00014181 GOBP_REGULATION_OF_T_CELL_MEDIATED_CYTOTOXICITY
GOBP_REGULATION_OF_VASCULATU...         SET     268      0.22604     0.027657     0.063416   0.00018289 GOBP_REGULATION_OF_VASCULATURE_DEVELOPMENT
GOBP_REGULATION_OF_VIRAL_GEN...         SET      83      0.13207    0.0090404      0.11766      0.13084 GOBP_REGULATION_OF_VIRAL_GENOME_REPLICATION
GOBP_REGULATION_OF_VIRAL_PRO...         SET     151      0.11543     0.010637     0.086439     0.090883 GOBP_REGULATION_OF_VIRAL_PROCESS
GOBP_RESPONSE_TO_ACETYLCHOLI...         SET      30     -0.23773   -0.0097986      0.19367      0.89017 GOBP_RESPONSE_TO_ACETYLCHOLINE
GOBP_RESPONSE_TO_BACTERIUM              SET     592      0.11998     0.021614      0.04384    0.0031058 GOBP_RESPONSE_TO_BACTERIUM
GOBP_RESPONSE_TO_ENDOPLASMIC...         SET     243    -0.024212   -0.0028229     0.063069      0.64947 GOBP_RESPONSE_TO_ENDOPLASMIC_RETICULUM_STRESS
GOBP_RESPONSE_TO_INTERFERON_...1        SET      28      0.24178     0.009628      0.21446       0.1298 GOBP_RESPONSE_TO_INTERFERON_BETA
GOBP_RESPONSE_TO_INTERFERON_...2        SET     132      0.26179     0.022568     0.093822    0.0026358 GOBP_RESPONSE_TO_INTERFERON_GAMMA
GOBP_RESPONSE_TO_MANGANESE_I...         SET      20     0.041683    0.0014032      0.20823      0.42067 GOBP_RESPONSE_TO_MANGANESE_ION
GOBP_RESPONSE_TO_TOPOLOGICAL...         SET     150    -0.084213   -0.0077349      0.07777      0.86056 GOBP_RESPONSE_TO_TOPOLOGICALLY_INCORRECT_PROTEIN
GOBP_RESPONSE_TO_TYPE_I_INTE...         SET      61      0.25945     0.015235      0.12713     0.020647 GOBP_RESPONSE_TO_TYPE_I_INTERFERON
GOBP_RESPONSE_TO_VIRUS                  SET     364      0.20974     0.029825     0.055542   7.9921e-05 GOBP_RESPONSE_TO_VIRUS
GOBP_RIBOSOMAL_LARGE_SUBUNIT...1        SET      25     -0.17509    -0.006589      0.18333      0.83022 GOBP_RIBOSOMAL_LARGE_SUBUNIT_ASSEMBLY
GOBP_RIBOSOMAL_LARGE_SUBUNIT...2        SET      68     -0.11674   -0.0072364      0.11556      0.84381 GOBP_RIBOSOMAL_LARGE_SUBUNIT_BIOGENESIS
GOBP_RIBOSOMAL_SMALL_SUBUNIT...         SET      66    0.0033878    0.0002069      0.11638      0.48839 GOBP_RIBOSOMAL_SMALL_SUBUNIT_BIOGENESIS
GOBP_RIBOSOME_ASSEMBLY                  SET      57    -0.076844   -0.0043624      0.12107      0.73719 GOBP_RIBOSOME_ASSEMBLY
GOBP_RIBOSOME_BIOGENESIS                SET     277    -0.067615   -0.0084087     0.055747       0.8874 GOBP_RIBOSOME_BIOGENESIS
GOBP_RNA_MEDIATED_GENE_SILEN...         SET      16      0.71512     0.021534      0.24716    0.0019085 GOBP_RNA_MEDIATED_GENE_SILENCING_BY_INHIBITION_OF_TRANSLATION
GOBP_SELECTIVE_AUTOPHAGY                SET      70      0.13143    0.0082655      0.11472      0.12597 GOBP_SELECTIVE_AUTOPHAGY
GOBP_SODIUM_ION_HOMEOSTASIS             SET      56    -0.042637   -0.0023993      0.13782      0.62147 GOBP_SODIUM_ION_HOMEOSTASIS
GOBP_SPINDLE_ORGANIZATION               SET     187   0.00056813   5.8202e-05     0.068705       0.4967 GOBP_SPINDLE_ORGANIZATION
GOBP_STEROID_BIOSYNTHETIC_PR...         SET     166     0.064628    0.0062418     0.076358      0.19868 GOBP_STEROID_BIOSYNTHETIC_PROCESS
GOBP_TEMPERATURE_HOMEOSTASIS            SET     175     0.057937    0.0057437     0.076878      0.22554 GOBP_TEMPERATURE_HOMEOSTASIS
GOBP_TORC2_SIGNALING                    SET      13      0.38368     0.010415      0.29992      0.10041 GOBP_TORC2_SIGNALING
GOBP_TRANSFERRIN_TRANSPORT              SET      10    -0.081134   -0.0019318      0.28697      0.61131 GOBP_TRANSFERRIN_TRANSPORT
GOBP_TUMOR_NECROSIS_FACTOR_S...         SET     162      0.29128     0.027793     0.078679   0.00010729 GOBP_TUMOR_NECROSIS_FACTOR_SUPERFAMILY_CYTOKINE_PRODUCTION
GOBP_TYPE_I_INTERFERON_PRODU...         SET      89       0.2342     0.016599      0.10366      0.01194 GOBP_TYPE_I_INTERFERON_PRODUCTION
GOBP_T_CELL_ACTIVATION                  SET     489      0.36105     0.059292     0.048216   3.6788e-14 GOBP_T_CELL_ACTIVATION
GOBP_T_CELL_DIFFERENTIATION             SET     257      0.42662     0.051133     0.066437   6.9461e-11 GOBP_T_CELL_DIFFERENTIATION
GOBP_T_CELL_DIFFERENTIATION_...         SET      76      0.22872     0.014985      0.11521     0.023568 GOBP_T_CELL_DIFFERENTIATION_IN_THYMUS
GOBP_T_CELL_MEDIATED_CYTOTOX...         SET      47      0.61123     0.031518      0.15414   3.6805e-05 GOBP_T_CELL_MEDIATED_CYTOTOXICITY
GOBP_VIRAL_GENOME_REPLICATION           SET     124     0.069437    0.0058031     0.092329      0.22601 GOBP_VIRAL_GENOME_REPLICATION
GOBP_VIRAL_PROCESS                      SET     398      0.11244     0.016703     0.051201     0.014051 GOBP_VIRAL_PROCESS
GOCC_AXON_CYTOPLASM                     SET      61      0.26394     0.015499      0.12079     0.014445 GOCC_AXON_CYTOPLASM
GOCC_BLOOD_MICROPARTICLE                SET     112     0.043411    0.0034491     0.098453      0.32963 GOCC_BLOOD_MICROPARTICLE
GOCC_CATION_TRANSPORTING_ATP...         SET      18     -0.23554   -0.0075226      0.26194      0.81572 GOCC_CATION_TRANSPORTING_ATPASE_COMPLEX
GOCC_CELL_BODY                          SET     525    -0.015308   -0.0026021     0.044203      0.63545 GOCC_CELL_BODY
GOCC_CELL_SUBSTRATE_JUNCTION            SET     421     0.054923    0.0083857     0.049048      0.13141 GOCC_CELL_SUBSTRATE_JUNCTION
GOCC_CHAPERONE_COMPLEX                  SET      33     0.069974    0.0030246      0.15725      0.32817 GOCC_CHAPERONE_COMPLEX
GOCC_CHROMOSOMAL_REGION                 SET     319     0.024829    0.0033096     0.052446      0.31796 GOCC_CHROMOSOMAL_REGION
GOCC_CLATHRIN_COATED_PIT                SET      70    -0.062558   -0.0039342       0.1147      0.70726 GOCC_CLATHRIN_COATED_PIT
GOCC_CLATHRIN_COATED_VESICLE            SET     186     0.063897    0.0065286      0.07314      0.19117 GOCC_CLATHRIN_COATED_VESICLE
GOCC_CLATHRIN_COATED_VESICLE...         SET     105      0.16619     0.012787      0.10001     0.048291 GOCC_CLATHRIN_COATED_VESICLE_MEMBRANE
GOCC_CLATHRIN_SCULPTED_VESIC...         SET      12       0.2729    0.0071177      0.29011      0.17344 GOCC_CLATHRIN_SCULPTED_VESICLE
GOCC_COATED_VESICLE                     SET     277     0.029556    0.0036756     0.058988      0.30817 GOCC_COATED_VESICLE
GOCC_COATED_VESICLE_MEMBRANE            SET     164     0.095841    0.0092009     0.078135      0.10999 GOCC_COATED_VESICLE_MEMBRANE
GOCC_CYTOSOLIC_LARGE_RIBOSOM...         SET      56     -0.18448    -0.010381      0.13306      0.91718 GOCC_CYTOSOLIC_LARGE_RIBOSOMAL_SUBUNIT
GOCC_CYTOSOLIC_RIBOSOME                 SET      96    -0.042514   -0.0031287     0.098315      0.66728 GOCC_CYTOSOLIC_RIBOSOME
GOCC_CYTOSOLIC_SMALL_RIBOSOM...         SET      39       0.1165    0.0054733      0.14671      0.21358 GOCC_CYTOSOLIC_SMALL_RIBOSOMAL_SUBUNIT
GOCC_ENDOCYTIC_VESICLE                  SET     327     0.034147    0.0046073     0.055666       0.2698 GOCC_ENDOCYTIC_VESICLE
GOCC_ENDOCYTIC_VESICLE_LUMEN            SET      23     -0.07754   -0.0027989      0.18957      0.65874 GOCC_ENDOCYTIC_VESICLE_LUMEN
GOCC_ENDOPLASMIC_RETICULUM_P...         SET     119     0.026384    0.0021604     0.085769      0.37919 GOCC_ENDOPLASMIC_RETICULUM_PROTEIN_CONTAINING_COMPLEX
GOCC_FICOLIN_1_RICH_GRANULE             SET     182   -0.0088676  -0.00089635     0.071463      0.54938 GOCC_FICOLIN_1_RICH_GRANULE
GOCC_FICOLIN_1_RICH_GRANULE_...         SET     124     0.024507    0.0020481     0.084529      0.38594 GOCC_FICOLIN_1_RICH_GRANULE_LUMEN
GOCC_INNER_MITOCHONDRIAL_MEM...         SET     113    -0.071834   -0.0057327     0.089027      0.79012 GOCC_INNER_MITOCHONDRIAL_MEMBRANE_PROTEIN_COMPLEX
GOCC_INTRINSIC_COMPONENT_OF_...         SET     387     0.050184    0.0073534     0.049955      0.15755 GOCC_INTRINSIC_COMPONENT_OF_ORGANELLE_MEMBRANE
GOCC_KERATIN_FILAMENT                   SET      97     -0.28498    -0.021081      0.15527      0.96677 GOCC_KERATIN_FILAMENT
GOCC_LARGE_RIBOSOMAL_SUBUNIT            SET     109    -0.069623   -0.0054577     0.092482      0.77422 GOCC_LARGE_RIBOSOMAL_SUBUNIT
GOCC_LUMENAL_SIDE_OF_MEMBRANE           SET      31      0.74452     0.031193      0.19673   7.7316e-05 GOCC_LUMENAL_SIDE_OF_MEMBRANE
GOCC_LYSOSOMAL_LUMEN                    SET      93     -0.10568   -0.0076554      0.10579      0.84108 GOCC_LYSOSOMAL_LUMEN
GOCC_MHC_PROTEIN_COMPLEX                SET      23         1.64     0.059199      0.25193    3.878e-11 GOCC_MHC_PROTEIN_COMPLEX
GOCC_MITOCHONDRIAL_MATRIX               SET     445    0.0028308   0.00044405     0.045926      0.47543 GOCC_MITOCHONDRIAL_MATRIX
GOCC_MITOCHONDRIAL_PROTEIN_C...         SET     236    -0.055309   -0.0063564     0.062373      0.81239 GOCC_MITOCHONDRIAL_PROTEIN_CONTAINING_COMPLEX
GOCC_MOTILE_CILIUM                      SET     200    -0.055008   -0.0058257     0.071481      0.77921 GOCC_MOTILE_CILIUM
GOCC_MULTIVESICULAR_BODY                SET      59    -0.076324    -0.004408      0.13269      0.71742 GOCC_MULTIVESICULAR_BODY
GOCC_PLASMA_MEMBRANE_PROTEIN...         SET     557     0.065121     0.011391      0.04605     0.078673 GOCC_PLASMA_MEMBRANE_PROTEIN_COMPLEX
GOCC_POLYSOMAL_RIBOSOME                 SET      31     -0.15898    -0.006661      0.16364      0.83435 GOCC_POLYSOMAL_RIBOSOME
GOCC_PRECATALYTIC_SPLICEOSOME           SET      51     0.030404    0.0016329      0.14859      0.41894 GOCC_PRECATALYTIC_SPLICEOSOME
GOCC_RECYCLING_ENDOSOME_MEMB...         SET      92     -0.15335    -0.011049     0.099339      0.93866 GOCC_RECYCLING_ENDOSOME_MEMBRANE
GOCC_RESPIRASOME                        SET      85     0.042933     0.002974       0.1046      0.34075 GOCC_RESPIRASOME
GOCC_RIBOSOMAL_SUBUNIT                  SET     170    -0.089254   -0.0087224     0.073535      0.88757 GOCC_RIBOSOMAL_SUBUNIT
GOCC_RIBOSOME                           SET     199    -0.049005   -0.0051771     0.068178      0.76386 GOCC_RIBOSOME
GOCC_RNA_POLYMERASE_II_CORE_...         SET      13     -0.24762   -0.0067216      0.27113      0.81944 GOCC_RNA_POLYMERASE_II_CORE_COMPLEX
GOCC_SECRETORY_GRANULE_MEMBR...         SET     299   0.00087221   0.00011262     0.059869      0.49419 GOCC_SECRETORY_GRANULE_MEMBRANE
GOCC_SIDE_OF_MEMBRANE                   SET     565      0.20585     0.036256     0.046486   4.7845e-06 GOCC_SIDE_OF_MEMBRANE
GOCC_SMALL_RIBOSOMAL_SUBUNIT            SET      64     -0.13808   -0.0083043      0.11795      0.87912 GOCC_SMALL_RIBOSOMAL_SUBUNIT
GOCC_SMOOTH_ENDOPLASMIC_RETI...         SET      30    -0.053144   -0.0021905      0.17688      0.61808 GOCC_SMOOTH_ENDOPLASMIC_RETICULUM
GOCC_TERMINAL_BOUTON                    SET      48      0.17093    0.0089071      0.15055      0.12811 GOCC_TERMINAL_BOUTON
GOCC_TERTIARY_GRANULE                   SET     161   -0.0082074  -0.00078075     0.076665      0.54263 GOCC_TERTIARY_GRANULE
GOCC_TERTIARY_GRANULE_LUMEN             SET      55     0.047153    0.0026296       0.1264      0.35456 GOCC_TERTIARY_GRANULE_LUMEN
GOCC_TERTIARY_GRANULE_MEMBRA...         SET      71    -0.018104   -0.0011466      0.11836      0.56078 GOCC_TERTIARY_GRANULE_MEMBRANE
GOCC_VACUOLAR_LUMEN                     SET     166     -0.11362    -0.010974     0.075773      0.93312 GOCC_VACUOLAR_LUMEN
GOCC_VESICLE_COAT                       SET      49     0.032639    0.0017184      0.13078      0.40146 GOCC_VESICLE_COAT
GOCC_VESICLE_LUMEN                      SET     318    -0.026943   -0.0035859     0.055042      0.68776 GOCC_VESICLE_LUMEN
GOMF_AMINO_ACID_CATION_SYMPO...         SET      22     0.011269   0.00039785      0.26027      0.48273 GOMF_AMINO_ACID_CATION_SYMPORTER_ACTIVITY
GOMF_ENZYME_INHIBITOR_ACTIVI...         SET     368      0.15265     0.021824     0.054672    0.0026217 GOMF_ENZYME_INHIBITOR_ACTIVITY
GOMF_G_QUADRUPLEX_DNA_BINDING           SET      11    -0.091925   -0.0022955      0.26448      0.63591 GOMF_G_QUADRUPLEX_DNA_BINDING
GOMF_MRNA_5_UTR_BINDING                 SET      26      0.23132    0.0088769      0.18407      0.10444 GOMF_MRNA_5_UTR_BINDING
GOMF_STRUCTURAL_CONSTITUENT_...         SET     155    -0.077376   -0.0072233     0.078545      0.83771 GOMF_STRUCTURAL_CONSTITUENT_OF_RIBOSOME
HALLMARK_ALLOGRAFT_REJECTION            SET     195      0.29566     0.030923      0.07103   1.5822e-05 HALLMARK_ALLOGRAFT_REJECTION
HALLMARK_CHOLESTEROL_HOMEOST...         SET      72    -0.013939  -0.00088902      0.11379      0.54875 HALLMARK_CHOLESTEROL_HOMEOSTASIS
HALLMARK_COAGULATION                    SET     134    -0.018893   -0.0016409     0.089536      0.58356 HALLMARK_COAGULATION
HALLMARK_DNA_REPAIR                     SET     145     -0.14035    -0.012676     0.075312       0.9688 HALLMARK_DNA_REPAIR
HALLMARK_G2M_CHECKPOINT                 SET     188     0.062903    0.0064612      0.07159       0.1898 HALLMARK_G2M_CHECKPOINT
HALLMARK_IL6_JAK_STAT3_SIGNA...         SET      83      0.47241     0.032338      0.11515   2.0536e-05 HALLMARK_IL6_JAK_STAT3_SIGNALING
HALLMARK_INTERFERON_ALPHA_RE...         SET      95     0.063709    0.0046641      0.10836      0.27829 HALLMARK_INTERFERON_ALPHA_RESPONSE
HALLMARK_INTERFERON_GAMMA_RE...         SET     193      0.25849     0.026898      0.07593   0.00033243 HALLMARK_INTERFERON_GAMMA_RESPONSE
HALLMARK_OXIDATIVE_PHOSPHORY...         SET     182     0.083388    0.0084289     0.072923      0.12642 HALLMARK_OXIDATIVE_PHOSPHORYLATION
HALLMARK_UV_RESPONSE_UP                 SET     153     0.059103    0.0054821     0.081182       0.2333 HALLMARK_UV_RESPONSE_UP
HP_ABNORMALITY_OF_COMPLEMENT...         SET      32      0.38912     0.016563      0.17496     0.013079 HP_ABNORMALITY_OF_COMPLEMENT_SYSTEM
HP_ABNORMALITY_OF_TEMPERATUR...         SET     438      0.23804     0.037051     0.049447   7.4667e-07 HP_ABNORMALITY_OF_TEMPERATURE_REGULATION
HP_ABNORMALITY_OF_THE_BASAL_...         SET     203      0.10333     0.011024     0.071549      0.07435 HP_ABNORMALITY_OF_THE_BASAL_GANGLIA
HP_ABNORMALITY_OF_THE_LYMPH_...         SET     202      0.54231     0.057718     0.071428    1.657e-14 HP_ABNORMALITY_OF_THE_LYMPH_NODES
HP_ABNORMALITY_OF_THE_THENAR...         SET      29      0.22586    0.0091532      0.18246      0.10789 HP_ABNORMALITY_OF_THE_THENAR_EMINENCE
HP_ABNORMAL_CAUDATE_NUCLEUS_...         SET      24      0.06159    0.0022709      0.21736      0.38845 HP_ABNORMAL_CAUDATE_NUCLEUS_MORPHOLOGY
HP_ABNORMAL_CNS_MYELINATION             SET     284      0.11906     0.014989     0.058228     0.020453 HP_ABNORMAL_CNS_MYELINATION
HP_ABNORMAL_CONSUMPTION_BEHA...         SET     136    -0.011735   -0.0010267      0.08947      0.55217 HP_ABNORMAL_CONSUMPTION_BEHAVIOR
HP_ABNORMAL_CORPUS_STRIATUM_...         SET      39   -0.0077188  -0.00036265      0.16584      0.51856 HP_ABNORMAL_CORPUS_STRIATUM_MORPHOLOGY
HP_ABNORMAL_CSF_METABOLITE_L...         SET      98     0.038357    0.0028519      0.10338      0.35531 HP_ABNORMAL_CSF_METABOLITE_LEVEL
HP_ABNORMAL_EATING_BEHAVIOR             SET     101     0.035422    0.0026734      0.10167      0.36377 HP_ABNORMAL_EATING_BEHAVIOR
HP_ABNORMAL_ERYTHROCYTE_ENZY...         SET      31      0.34478     0.014445      0.17013     0.021362 HP_ABNORMAL_ERYTHROCYTE_ENZYME_LEVEL
HP_ABNORMAL_ERYTHROCYTE_SEDI...         SET      49      0.58156     0.030618      0.14459    2.897e-05 HP_ABNORMAL_ERYTHROCYTE_SEDIMENTATION_RATE
HP_ABNORMAL_FEAR_ANXIETY_REL...         SET     374      0.11733     0.016907     0.053711     0.014473 HP_ABNORMAL_FEAR_ANXIETY_RELATED_BEHAVIOR
HP_ABNORMAL_HEMOGLOBIN                  SET      55      0.18229     0.010166       0.1261      0.07415 HP_ABNORMAL_HEMOGLOBIN
HP_ABNORMAL_MEAN_CORPUSCULAR...         SET      46      0.27289     0.013921      0.14082      0.02633 HP_ABNORMAL_MEAN_CORPUSCULAR_VOLUME
HP_ABNORMAL_NUMBER_OF_ERYTHR...         SET      38       0.1495    0.0069333       0.1489       0.1577 HP_ABNORMAL_NUMBER_OF_ERYTHROID_PRECURSORS
HP_ABNORMAL_SERUM_INTERFERON...         SET      22      0.78831     0.027831      0.22092   0.00018021 HP_ABNORMAL_SERUM_INTERFERON_LEVEL
HP_ABNORMAL_SPERM_MOTILITY              SET      67    -0.077665   -0.0047788      0.11449      0.75121 HP_ABNORMAL_SPERM_MOTILITY
HP_ABSENCE_OF_PUBERTAL_DEVEL...         SET      27     -0.19768   -0.0077302      0.20146      0.83674 HP_ABSENCE_OF_PUBERTAL_DEVELOPMENT
HP_ADENOCARCINOMA_OF_THE_INT...         SET      37       0.1207    0.0055236      0.15704      0.22109 HP_ADENOCARCINOMA_OF_THE_INTESTINES
HP_APLASIA_HYPOPLASIA_OF_THE...         SET      75    -0.040133   -0.0026121      0.11034      0.64196 HP_APLASIA_HYPOPLASIA_OF_THE_SPLEEN
HP_ARTHRITIS                            SET     195      0.13938     0.014578     0.072985     0.028093 HP_ARTHRITIS
HP_ATONIC_SEIZURE                       SET     101     0.055904    0.0042193      0.10604      0.29903 HP_ATONIC_SEIZURE
HP_AUTOIMMUNITY                         SET     176      0.37582     0.037363     0.075725   3.5077e-07 HP_AUTOIMMUNITY
HP_BONE_CYST                            SET      27      0.12061    0.0047164       0.2095      0.28242 HP_BONE_CYST
HP_BRACHYCEPHALY                        SET     210     -0.12555    -0.013621     0.068197      0.96718 HP_BRACHYCEPHALY
HP_BRADYKINESIA                         SET      96     -0.11399   -0.0083887     0.099997      0.87283 HP_BRADYKINESIA
HP_COGWHEEL_RIGIDITY                    SET      25     -0.43022     -0.01619      0.19983      0.98433 HP_COGWHEEL_RIGIDITY
HP_COMPLEX_FEBRILE_SEIZURE              SET      16     -0.39373    -0.011856      0.28865      0.91371 HP_COMPLEX_FEBRILE_SEIZURE
HP_DEVELOPMENTAL_REGRESSION             SET     334     0.063331    0.0086342     0.056452      0.13097 HP_DEVELOPMENTAL_REGRESSION
HP_DISINHIBITION                        SET     191     0.010769    0.0011148     0.072866      0.44126 HP_DISINHIBITION
HP_DUPLICATION_OF_THUMB_PHAL...         SET      52     0.051776    0.0028079      0.13783      0.35359 HP_DUPLICATION_OF_THUMB_PHALANX
HP_DYSMENORRHEA                         SET      13     -0.36131   -0.0098078      0.28981      0.89373 HP_DYSMENORRHEA
HP_ENLARGED_CISTERNA_MAGNA              SET      38     0.025387    0.0011774      0.14615      0.43105 HP_ENLARGED_CISTERNA_MAGNA
HP_ERYTHROID_HYPOPLASIA                 SET      24      0.31229     0.011515      0.19249     0.052374 HP_ERYTHROID_HYPOPLASIA
HP_FOCAL_MOTOR_SEIZURE                  SET     104     0.025244    0.0019332      0.10574      0.40566 HP_FOCAL_MOTOR_SEIZURE
HP_GASTROESOPHAGEAL_REFLUX              SET     412     0.014845    0.0022428     0.050972      0.38543 HP_GASTROESOPHAGEAL_REFLUX
HP_GASTROINTESTINAL_INFARCTI...         SET      13      0.20936    0.0056831      0.27576      0.22387 HP_GASTROINTESTINAL_INFARCTIONS
HP_HYPOMIMIC_FACE                       SET      30     0.023798   0.00098089      0.17176       0.4449 HP_HYPOMIMIC_FACE
HP_HYPOPLASIA_OF_THE_CORPUS_...         SET     466     0.098958     0.015875     0.046757     0.017162 HP_HYPOPLASIA_OF_THE_CORPUS_CALLOSUM
HP_HYPOSMIA                             SET      54    0.0074498   0.00041168      0.14752      0.47986 HP_HYPOSMIA
HP_IMPAIRED_OROPHARYNGEAL_SW...         SET      11     -0.11616   -0.0029006      0.27804      0.66194 HP_IMPAIRED_OROPHARYNGEAL_SWALLOW_RESPONSE
HP_INCREASED_CSF_LACTATE                SET      78   -0.0095359   -0.0006329      0.11638      0.53265 HP_INCREASED_CSF_LACTATE
HP_INCREASED_MEAN_CORPUSCULA...         SET      36      0.29931     0.013512      0.15608     0.027584 HP_INCREASED_MEAN_CORPUSCULAR_VOLUME
HP_INCREASED_SERUM_LACTATE              SET     162    -0.048321   -0.0046107     0.077784      0.73277 HP_INCREASED_SERUM_LACTATE
HP_INTERICTAL_EEG_ABNORMALITY           SET     290      0.03597    0.0045754     0.061971      0.28081 HP_INTERICTAL_EEG_ABNORMALITY
HP_IRRITABILITY                         SET     203     0.044856    0.0047856     0.070656      0.26277 HP_IRRITABILITY
HP_LACTIC_ACIDOSIS                      SET     146    -0.051046   -0.0046261     0.082569      0.73178 HP_LACTIC_ACIDOSIS
HP_MACROCYTIC_ANEMIA                    SET      61      0.11191    0.0065713       0.1254       0.1861 HP_MACROCYTIC_ANEMIA
HP_MALIGNANT_GENITOURINARY_T...         SET      25      0.29971     0.011279      0.18878     0.056198 HP_MALIGNANT_GENITOURINARY_TRACT_TUMOR
HP_MENINGITIS                           SET      70      0.62596     0.039366      0.11722   4.7107e-08 HP_MENINGITIS
HP_MENTAL_DETERIORATION                 SET     302      0.11394     0.014785     0.056784     0.022406 HP_MENTAL_DETERIORATION
HP_MULTICYSTIC_KIDNEY_DYSPLA...         SET     112      0.11468    0.0091113     0.094278      0.11193 HP_MULTICYSTIC_KIDNEY_DYSPLASIA
HP_MYELODYSPLASIA                       SET      98      0.27887     0.020734     0.094719    0.0016215 HP_MYELODYSPLASIA
HP_MYOCLONIC_SEIZURE                    SET     175      0.11456     0.011357     0.079225     0.074097 HP_MYOCLONIC_SEIZURE
HP_MYOSITIS                             SET      31      0.31318     0.013121      0.17817     0.039405 HP_MYOSITIS
HP_NARROW_PALM                          SET      12     -0.63492    -0.016559      0.35535        0.963 HP_NARROW_PALM
HP_OSTEOSARCOMA                         SET      32      0.34643     0.014746      0.17452     0.023579 HP_OSTEOSARCOMA
HP_PARKINSONISM                         SET     111     0.007453   0.00058953     0.089447       0.4668 HP_PARKINSONISM
HP_PAROXYSMAL_DYSKINESIA                SET      12        0.409     0.010667      0.31508     0.097138 HP_PAROXYSMAL_DYSKINESIA
HP_PARTIAL_DUPLICATION_OF_TH...         SET      38    -0.021932   -0.0010172      0.16193      0.55387 HP_PARTIAL_DUPLICATION_OF_THE_PHALANX_OF_HAND
HP_PERSISTENCE_OF_HEMOGLOBIN...         SET      29       0.2628      0.01065      0.16568     0.056357 HP_PERSISTENCE_OF_HEMOGLOBIN_F
HP_PLAGIOCEPHALY                        SET     107     -0.12895    -0.010016     0.096132       0.9101 HP_PLAGIOCEPHALY
HP_POLYPHAGIA                           SET      62    0.0089498   0.00052982      0.13561      0.47369 HP_POLYPHAGIA
HP_PROGRESSIVE_NEUROLOGIC_DE...         SET      48      0.32309     0.016836      0.13312    0.0076154 HP_PROGRESSIVE_NEUROLOGIC_DETERIORATION
HP_PROTRUDING_EAR                       SET     173    -0.015685   -0.0015461     0.082304      0.57557 HP_PROTRUDING_EAR
HP_PULMONARY_INFILTRATES                SET      47      0.75029     0.038689      0.14113   5.3717e-08 HP_PULMONARY_INFILTRATES
HP_PURE_RED_CELL_APLASIA                SET      24      0.24345    0.0089764      0.18734       0.0969 HP_PURE_RED_CELL_APLASIA
HP_RETICULOCYTOPENIA                    SET      32      0.20987    0.0089333      0.17208      0.11131 HP_RETICULOCYTOPENIA
HP_RIGIDITY                             SET     179     -0.11956    -0.011986     0.076329      0.94136 HP_RIGIDITY
HP_SKIN_RASH                            SET     117      0.32565     0.026441     0.093065   0.00023401 HP_SKIN_RASH
HP_STATUS_EPILEPTICUS                   SET     186    0.0073293   0.00074886     0.076417       0.4618 HP_STATUS_EPILEPTICUS
HP_SYSTEMIC_LUPUS_ERYTHEMATO...         SET      34     0.012864   0.00056437      0.17268      0.47031 HP_SYSTEMIC_LUPUS_ERYTHEMATOSUS
HP_THROMBOCYTOSIS                       SET      50       0.3836       0.0204      0.13828    0.0027708 HP_THROMBOCYTOSIS
HP_UNUSUAL_FUNGAL_INFECTION             SET      62      0.48629     0.028788      0.12681   6.3049e-05 HP_UNUSUAL_FUNGAL_INFECTION
HP_UNUSUAL_INFECTION_BY_ANAT...         SET      95      0.45245     0.033124     0.098509   2.2022e-06 HP_UNUSUAL_INFECTION_BY_ANATOMICAL_SITE
KEGG_ANTIGEN_PROCESSING_AND_...         SET      81      0.50553     0.034188      0.13125   5.8878e-05 KEGG_ANTIGEN_PROCESSING_AND_PRESENTATION
KEGG_HISTIDINE_METABOLISM               SET      28     -0.61313    -0.024416      0.20098      0.99886 KEGG_HISTIDINE_METABOLISM
KEGG_OXIDATIVE_PHOSPHORYLATI...         SET     100    -0.018113   -0.0013603     0.097753       0.5735 KEGG_OXIDATIVE_PHOSPHORYLATION
KEGG_RIBOSOME                           SET      85   -0.0069658  -0.00048252       0.1058      0.52625 KEGG_RIBOSOME
KEGG_TOLL_LIKE_RECEPTOR_SIGN...         SET     101      0.37677     0.028436        0.109   0.00027429 KEGG_TOLL_LIKE_RECEPTOR_SIGNALING_PATHWAY
REACTOME_ABORTIVE_ELONGATION...         SET      23     -0.19483   -0.0070328      0.21175      0.82124 REACTOME_ABORTIVE_ELONGATION_OF_HIV_1_TRANSCRIPT_IN_THE_ABSENCE_OF_TAT
REACTOME_ACTIVATION_OF_THE_M...         SET      56     0.091999    0.0051769      0.12774      0.23571 REACTOME_ACTIVATION_OF_THE_MRNA_UPON_BINDING_OF_THE_CAP_BINDING_COMPLEX_AND_EIFS_AND_SUBSEQUENT_BINDING_TO_43S
REACTOME_ANTIGEN_PRESENTATIO...         SET      25    -0.018331   -0.0006898      0.18991      0.53845 REACTOME_ANTIGEN_PRESENTATION_FOLDING_ASSEMBLY_AND_PEPTIDE_LOADING_OF_CLASS_I_MHC
REACTOME_ANTIGEN_PROCESSING_...         SET     100     0.072659    0.0054568     0.097653      0.22843 REACTOME_ANTIGEN_PROCESSING_CROSS_PRESENTATION
REACTOME_ANTIMICROBIAL_PEPTI...         SET      80      0.13153    0.0088405      0.12316      0.14278 REACTOME_ANTIMICROBIAL_PEPTIDES
REACTOME_ANTI_INFLAMMATORY_R...         SET     165     0.062041     0.005974     0.080118      0.21936 REACTOME_ANTI_INFLAMMATORY_RESPONSE_FAVOURING_LEISHMANIA_PARASITE_INFECTION
REACTOME_ATTENUATION_PHASE              SET      28    -0.016309  -0.00064946      0.17991      0.53611 REACTOME_ATTENUATION_PHASE
REACTOME_A_TETRASACCHARIDE_L...         SET      26     0.046938    0.0018013      0.19535      0.40506 REACTOME_A_TETRASACCHARIDE_LINKER_SEQUENCE_IS_REQUIRED_FOR_GAG_SYNTHESIS
REACTOME_CARBOXYTERMINAL_POS...         SET      42    -0.056458   -0.0027525      0.15485       0.6423 REACTOME_CARBOXYTERMINAL_POST_TRANSLATIONAL_MODIFICATIONS_OF_TUBULIN
REACTOME_CELLULAR_RESPONSE_T...         SET     148    -0.023767   -0.0021685     0.083565      0.61195 REACTOME_CELLULAR_RESPONSE_TO_STARVATION
REACTOME_CHOLESTEROL_BIOSYNT...         SET      24     -0.22385   -0.0082537      0.19037      0.88016 REACTOME_CHOLESTEROL_BIOSYNTHESIS
REACTOME_CLASS_A_1_RHODOPSIN...         SET     322   -0.0067762  -0.00090739     0.060591      0.54452 REACTOME_CLASS_A_1_RHODOPSIN_LIKE_RECEPTORS
REACTOME_CLASS_I_MHC_MEDIATE...         SET     363    0.0026463    0.0003758     0.051504      0.47951 REACTOME_CLASS_I_MHC_MEDIATED_ANTIGEN_PROCESSING_PRESENTATION
REACTOME_COMPLEX_I_BIOGENESIS           SET      51    -0.075808   -0.0040715       0.1312      0.71829 REACTOME_COMPLEX_I_BIOGENESIS
REACTOME_COOPERATION_OF_PREF...         SET      32     -0.12852   -0.0054705      0.15959      0.78966 REACTOME_COOPERATION_OF_PREFOLDIN_AND_TRIC_CCT_IN_ACTIN_AND_TUBULIN_FOLDING
REACTOME_COPI_INDEPENDENT_GO...         SET      51     0.074596    0.0040065      0.13412      0.28905 REACTOME_COPI_INDEPENDENT_GOLGI_TO_ER_RETROGRADE_TRAFFIC
REACTOME_CROSSLINKING_OF_COL...         SET      18    -0.060872   -0.0019441      0.25858      0.59305 REACTOME_CROSSLINKING_OF_COLLAGEN_FIBRILS
REACTOME_DAP12_INTERACTIONS             SET      39      0.31139      0.01463      0.15332     0.021139 REACTOME_DAP12_INTERACTIONS
REACTOME_DAP12_SIGNALING                SET      29      0.38413     0.015567      0.17512     0.014142 REACTOME_DAP12_SIGNALING
REACTOME_DEFECTIVE_B4GALT7_C...         SET      20     0.010397   0.00035001      0.21988      0.48114 REACTOME_DEFECTIVE_B4GALT7_CAUSES_EDS_PROGEROID_TYPE
REACTOME_DEFECTIVE_EXT2_CAUS...         SET      14     -0.21908   -0.0061713      0.27746      0.78511 REACTOME_DEFECTIVE_EXT2_CAUSES_EXOSTOSES_2
REACTOME_DISEASES_OF_IMMUNE_...         SET      30      0.11669    0.0048095      0.19862      0.27844 REACTOME_DISEASES_OF_IMMUNE_SYSTEM
REACTOME_DISEASES_OF_SIGNAL_...         SET     421      0.12887     0.019675     0.047854    0.0035458 REACTOME_DISEASES_OF_SIGNAL_TRANSDUCTION_BY_GROWTH_FACTOR_RECEPTORS_AND_SECOND_MESSENGERS
REACTOME_DOWNSTREAM_SIGNALIN...1        SET      31    -0.052959   -0.0022188      0.17485      0.61901 REACTOME_DOWNSTREAM_SIGNALING_OF_ACTIVATED_FGFR1
REACTOME_DOWNSTREAM_SIGNALIN...2        SET      29    -0.059668   -0.0024181      0.17724       0.6318 REACTOME_DOWNSTREAM_SIGNALING_OF_ACTIVATED_FGFR2
REACTOME_DOWNSTREAM_SIGNALIN...3        SET      24     0.069137    0.0025492       0.1918      0.35925 REACTOME_DOWNSTREAM_SIGNALING_OF_ACTIVATED_FGFR3
REACTOME_DOWNSTREAM_SIGNALIN...4        SET      26    -0.022327   -0.0008568      0.18534      0.54794 REACTOME_DOWNSTREAM_SIGNALING_OF_ACTIVATED_FGFR4
REACTOME_DOWNSTREAM_SIGNAL_T...         SET      28      0.54575     0.021733      0.17983    0.0012055 REACTOME_DOWNSTREAM_SIGNAL_TRANSDUCTION
REACTOME_DUAL_INCISION_IN_GG...         SET      40      0.13048     0.006208      0.14003      0.17574 REACTOME_DUAL_INCISION_IN_GG_NER
REACTOME_ENDOSOMAL_VACUOLAR_...         SET      11      0.57817     0.014438      0.35075     0.049645 REACTOME_ENDOSOMAL_VACUOLAR_PATHWAY
REACTOME_ER_TO_GOLGI_ANTEROG...         SET     151    -0.024104   -0.0022213     0.078239      0.62099 REACTOME_ER_TO_GOLGI_ANTEROGRADE_TRANSPORT
REACTOME_EUKARYOTIC_TRANSLAT...1        SET      91    -0.031338   -0.0022457      0.10463      0.61772 REACTOME_EUKARYOTIC_TRANSLATION_ELONGATION
REACTOME_EUKARYOTIC_TRANSLAT...2        SET     116   -0.0064498  -0.00052146     0.092709      0.52773 REACTOME_EUKARYOTIC_TRANSLATION_INITIATION
REACTOME_FGFR1_LIGAND_BINDIN...         SET      16     -0.45526    -0.013709      0.27118       0.9534 REACTOME_FGFR1_LIGAND_BINDING_AND_ACTIVATION
REACTOME_FGFR1_MUTANT_RECEPT...         SET      30     0.083719    0.0034506      0.20119      0.33867 REACTOME_FGFR1_MUTANT_RECEPTOR_ACTIVATION
REACTOME_FGFR2_MUTANT_RECEPT...         SET      32     -0.26309    -0.011199      0.18028      0.92776 REACTOME_FGFR2_MUTANT_RECEPTOR_ACTIVATION
REACTOME_FGFR3_LIGAND_BINDIN...         SET      12     -0.32077   -0.0083662      0.30836      0.85089 REACTOME_FGFR3_LIGAND_BINDING_AND_ACTIVATION
REACTOME_FORMATION_OF_THE_BE...         SET      31      0.53781     0.022533      0.17551    0.0010929 REACTOME_FORMATION_OF_THE_BETA_CATENIN_TCF_TRANSACTIVATING_COMPLEX
REACTOME_FORMATION_OF_THE_CO...         SET     126     -0.18424     -0.01552      0.12724      0.92618 REACTOME_FORMATION_OF_THE_CORNIFIED_ENVELOPE
REACTOME_FORMATION_OF_TUBULI...         SET      25     -0.21497   -0.0080897      0.18183      0.88144 REACTOME_FORMATION_OF_TUBULIN_FOLDING_INTERMEDIATES_BY_CCT_TRIC
REACTOME_FRS_MEDIATED_FGFR1_...         SET      23     -0.10759   -0.0038837      0.19906      0.70557 REACTOME_FRS_MEDIATED_FGFR1_SIGNALING
REACTOME_FRS_MEDIATED_FGFR2_...         SET      24    -0.082427   -0.0030392      0.19334      0.66506 REACTOME_FRS_MEDIATED_FGFR2_SIGNALING
REACTOME_FRS_MEDIATED_FGFR3_...         SET      19     0.071198    0.0023361       0.2127      0.36892 REACTOME_FRS_MEDIATED_FGFR3_SIGNALING
REACTOME_FRS_MEDIATED_FGFR4_...         SET      21    -0.039768   -0.0013717      0.20399      0.57728 REACTOME_FRS_MEDIATED_FGFR4_SIGNALING
REACTOME_GABA_SYNTHESIS_RELE...         SET      19    0.0013879   4.5539e-05      0.25032      0.49779 REACTOME_GABA_SYNTHESIS_RELEASE_REUPTAKE_AND_DEGRADATION
REACTOME_GENE_SILENCING_BY_R...         SET      77      -0.3184    -0.020997      0.11147      0.99786 REACTOME_GENE_SILENCING_BY_RNA
REACTOME_GLUCONEOGENESIS                SET      32    -0.093092   -0.0039626      0.16812      0.71011 REACTOME_GLUCONEOGENESIS
REACTOME_GOLGI_TO_ER_RETROGR...         SET     130     0.087268    0.0074663     0.081616      0.14249 REACTOME_GOLGI_TO_ER_RETROGRADE_TRANSPORT
REACTOME_GPCR_LIGAND_BINDING            SET     454    -0.024832   -0.0039334     0.050986      0.68688 REACTOME_GPCR_LIGAND_BINDING
REACTOME_HIV_ELONGATION_ARRE...         SET      29     -0.12792   -0.0051841      0.17528      0.76724 REACTOME_HIV_ELONGATION_ARREST_AND_RECOVERY
REACTOME_HSF1_DEPENDENT_TRAN...         SET      38     0.025611    0.0011878      0.15771       0.4355 REACTOME_HSF1_DEPENDENT_TRANSACTIVATION
REACTOME_HSP90_CHAPERONE_CYC...         SET      55      0.17927    0.0099974      0.12951     0.083165 REACTOME_HSP90_CHAPERONE_CYCLE_FOR_STEROID_HORMONE_RECEPTORS_SHR_IN_THE_PRESENCE_OF_LIGAND
REACTOME_IMMUNOREGULATORY_IN...         SET     121      0.25793     0.021296     0.098796    0.0045215 REACTOME_IMMUNOREGULATORY_INTERACTIONS_BETWEEN_A_LYMPHOID_AND_A_NON_LYMPHOID_CELL
REACTOME_INFLUENZA_INFECTION            SET     151     -0.04498    -0.004145     0.079068      0.71528 REACTOME_INFLUENZA_INFECTION
REACTOME_INITIAL_TRIGGERING_...         SET      21      0.28294    0.0097597      0.22532      0.10461 REACTOME_INITIAL_TRIGGERING_OF_COMPLEMENT
REACTOME_INSULIN_RECEPTOR_SI...         SET      52     0.005485   0.00029746      0.13748      0.48409 REACTOME_INSULIN_RECEPTOR_SIGNALLING_CASCADE
REACTOME_INTERFERON_ALPHA_BE...         SET      70      0.39877     0.025078      0.13702    0.0018084 REACTOME_INTERFERON_ALPHA_BETA_SIGNALING
REACTOME_INTERFERON_GAMMA_SI...         SET      88      0.57965     0.040851      0.11598   2.9282e-07 REACTOME_INTERFERON_GAMMA_SIGNALING
REACTOME_INTERFERON_SIGNALING           SET     195      0.30321     0.031713     0.076587   3.7788e-05 REACTOME_INTERFERON_SIGNALING
REACTOME_IRAK4_DEFICIENCY_TL...         SET      18    -0.050267   -0.0016054      0.26272      0.57587 REACTOME_IRAK4_DEFICIENCY_TLR2_4
REACTOME_IRS_MEDIATED_SIGNAL...         SET      46    -0.084703   -0.0043211      0.14552      0.71974 REACTOME_IRS_MEDIATED_SIGNALLING
REACTOME_KERATINIZATION                 SET     213     -0.19126    -0.020896      0.11364       0.9538 REACTOME_KERATINIZATION
REACTOME_MAPK_FAMILY_SIGNALI...         SET     316        0.183      0.02428     0.056964   0.00065916 REACTOME_MAPK_FAMILY_SIGNALING_CASCADES
REACTOME_METABOLISM_OF_AMINO...         SET     353    0.0079636    0.0011156     0.053362      0.44068 REACTOME_METABOLISM_OF_AMINO_ACIDS_AND_DERIVATIVES
REACTOME_METABOLISM_OF_FAT_S...         SET      48     0.011665   0.00060785      0.15269      0.46955 REACTOME_METABOLISM_OF_FAT_SOLUBLE_VITAMINS
REACTOME_METABOLISM_OF_STERO...         SET     150     0.052262    0.0048002     0.083094       0.2647 REACTOME_METABOLISM_OF_STEROIDS
REACTOME_NEGATIVE_REGULATION...         SET      33     0.016354   0.00070689      0.17436      0.46264 REACTOME_NEGATIVE_REGULATION_OF_FGFR1_SIGNALING
REACTOME_NEURONAL_SYSTEM                SET     403   -0.0081706   -0.0012212     0.053447      0.56075 REACTOME_NEURONAL_SYSTEM
REACTOME_NEUTROPHIL_DEGRANUL...         SET     465   -0.0021499  -0.00034454     0.046017      0.51863 REACTOME_NEUTROPHIL_DEGRANULATION
REACTOME_NICOTINATE_METABOLI...         SET      29      0.44228     0.017924      0.17618    0.0060335 REACTOME_NICOTINATE_METABOLISM
REACTOME_NONSENSE_MEDIATED_D...         SET     113     0.049488    0.0039494     0.089364      0.28987 REACTOME_NONSENSE_MEDIATED_DECAY_NMD
REACTOME_OAS_ANTIVIRAL_RESPO...         SET       8    -0.089002   -0.0018955      0.35658      0.59855 REACTOME_OAS_ANTIVIRAL_RESPONSE
REACTOME_O_LINKED_GLYCOSYLAT...         SET     102   -0.0089362  -0.00067777      0.10676      0.53335 REACTOME_O_LINKED_GLYCOSYLATION
REACTOME_PEPTIDE_LIGAND_BIND...         SET     195    -0.033383   -0.0034915       0.0795      0.66272 REACTOME_PEPTIDE_LIGAND_BINDING_RECEPTORS
REACTOME_PIWI_INTERACTING_RN...         SET      29     -0.32439    -0.013146      0.16993      0.97186 REACTOME_PIWI_INTERACTING_RNA_PIRNA_BIOGENESIS
REACTOME_PI_3K_CASCADE_FGFR1            SET      21      -0.1345   -0.0046394      0.22579       0.7243 REACTOME_PI_3K_CASCADE_FGFR1
REACTOME_PI_3K_CASCADE_FGFR2            SET      22     -0.10071   -0.0035555      0.21755      0.67829 REACTOME_PI_3K_CASCADE_FGFR2
REACTOME_PI_3K_CASCADE_FGFR3            SET      17      0.10016    0.0031087      0.24631      0.34215 REACTOME_PI_3K_CASCADE_FGFR3
REACTOME_PI_3K_CASCADE_FGFR4            SET      19    -0.047724   -0.0015659      0.23306      0.58112 REACTOME_PI_3K_CASCADE_FGFR4
REACTOME_PRE_NOTCH_EXPRESSIO...         SET      48     -0.12109   -0.0063097      0.14708      0.79482 REACTOME_PRE_NOTCH_EXPRESSION_AND_PROCESSING
REACTOME_REGULATION_OF_EXPRE...         SET     166     0.044394    0.0042876      0.07507      0.27714 REACTOME_REGULATION_OF_EXPRESSION_OF_SLITS_AND_ROBOS
REACTOME_REGULATION_OF_TLR_B...         SET      20     -0.16027    -0.005395      0.26301      0.72885 REACTOME_REGULATION_OF_TLR_BY_ENDOGENOUS_LIGAND
REACTOME_RESPIRATORY_ELECTRO...1        SET      93    -0.014303   -0.0010361     0.095858      0.55931 REACTOME_RESPIRATORY_ELECTRON_TRANSPORT
REACTOME_RESPIRATORY_ELECTRO...2        SET      99    0.0083834   0.00062647     0.091789      0.46361 REACTOME_RESPIRATORY_ELECTRON_TRANSPORT_ATP_SYNTHESIS_BY_CHEMIOSMOTIC_COUPLING_AND_HEAT_PRODUCTION_BY_UNCOUPLING_PROTEINS
REACTOME_RESPONSE_OF_EIF2AK4...         SET      98    -0.040724   -0.0030279      0.10255      0.65436 REACTOME_RESPONSE_OF_EIF2AK4_GCN2_TO_AMINO_ACID_DEFICIENCY
REACTOME_RNA_POLYMERASE_II_T...         SET      71    -0.076839   -0.0048665      0.10792      0.76175 REACTOME_RNA_POLYMERASE_II_TRANSCRIBES_SNRNA_GENES
REACTOME_RND2_GTPASE_CYCLE              SET      41    -0.027156   -0.0013081      0.16776      0.56429 REACTOME_RND2_GTPASE_CYCLE
REACTOME_RRNA_PROCESSING                SET     191     -0.13423    -0.013896     0.068979      0.97416 REACTOME_RRNA_PROCESSING
REACTOME_SELECTIVE_AUTOPHAGY            SET      78    -0.044916   -0.0029811      0.11143      0.65656 REACTOME_SELECTIVE_AUTOPHAGY
REACTOME_SELENOAMINO_ACID_ME...         SET     106    -0.049484   -0.0038256     0.099119      0.69119 REACTOME_SELENOAMINO_ACID_METABOLISM
REACTOME_SHC_MEDIATED_CASCAD...1        SET      21     -0.17086   -0.0058936      0.21836      0.78302 REACTOME_SHC_MEDIATED_CASCADE_FGFR1
REACTOME_SHC_MEDIATED_CASCAD...2        SET      17     0.039563     0.001228      0.23676      0.43365 REACTOME_SHC_MEDIATED_CASCADE_FGFR3
REACTOME_SHC_MEDIATED_CASCAD...3        SET      19    -0.092257   -0.0030271      0.22492      0.65916 REACTOME_SHC_MEDIATED_CASCADE_FGFR4
REACTOME_SIGNALING_BY_ERBB4             SET      58      0.10102     0.005785      0.12997       0.2185 REACTOME_SIGNALING_BY_ERBB4
REACTOME_SIGNALING_BY_FGFR1_...         SET      37     0.090999    0.0041645       0.1683      0.29436 REACTOME_SIGNALING_BY_FGFR1_IN_DISEASE
REACTOME_SIGNALING_BY_FGFR2_...         SET      42     -0.10639   -0.0051869      0.15105      0.75939 REACTOME_SIGNALING_BY_FGFR2_IN_DISEASE
REACTOME_SIGNALING_BY_FGFR3             SET      39     0.067462    0.0031695      0.15285      0.32948 REACTOME_SIGNALING_BY_FGFR3
REACTOME_SIGNALING_BY_FGFR_I...         SET      61    -0.051807   -0.0030422      0.13084      0.65393 REACTOME_SIGNALING_BY_FGFR_IN_DISEASE
REACTOME_SIGNALING_BY_FLT3_F...         SET      19      0.16161    0.0053026      0.22267      0.23399 REACTOME_SIGNALING_BY_FLT3_FUSION_PROTEINS
REACTOME_SIGNALING_BY_FLT3_I...         SET      16      0.14121    0.0042521      0.24493      0.28214 REACTOME_SIGNALING_BY_FLT3_ITD_AND_TKD_MUTANTS
REACTOME_SIGNALING_BY_INSULI...         SET      75     0.018757    0.0012208       0.1165      0.43605 REACTOME_SIGNALING_BY_INSULIN_RECEPTOR
REACTOME_SIGNALING_BY_RECEPT...         SET     510     0.095749     0.016048     0.046337     0.019405 REACTOME_SIGNALING_BY_RECEPTOR_TYROSINE_KINASES
REACTOME_SIGNALING_BY_ROBO_R...         SET     210     0.060074    0.0065175      0.06855      0.19043 REACTOME_SIGNALING_BY_ROBO_RECEPTORS
REACTOME_SIGNALING_BY_TYPE_1...         SET      52    -0.082334   -0.0044651      0.13888      0.72335 REACTOME_SIGNALING_BY_TYPE_1_INSULIN_LIKE_GROWTH_FACTOR_1_RECEPTOR_IGF1R
REACTOME_SIGNAL_REGULATORY_P...         SET      15      0.44911     0.013095      0.28878     0.059958 REACTOME_SIGNAL_REGULATORY_PROTEIN_FAMILY_INTERACTIONS
REACTOME_SRP_DEPENDENT_COTRA...         SET     109    -0.045513   -0.0035677     0.094079      0.68572 REACTOME_SRP_DEPENDENT_COTRANSLATIONAL_PROTEIN_TARGETING_TO_MEMBRANE
REACTOME_STAT5_ACTIVATION_DO...         SET      10      0.39904    0.0095013      0.34087      0.12087 REACTOME_STAT5_ACTIVATION_DOWNSTREAM_OF_FLT3_ITD_MUTANTS
REACTOME_TCF_DEPENDENT_SIGNA...         SET     171     0.041876    0.0041042      0.07545      0.28945 REACTOME_TCF_DEPENDENT_SIGNALING_IN_RESPONSE_TO_WNT
REACTOME_THE_CITRIC_ACID_TCA...         SET     150   0.00090359   8.2994e-05     0.077509      0.49535 REACTOME_THE_CITRIC_ACID_TCA_CYCLE_AND_RESPIRATORY_ELECTRON_TRANSPORT
REACTOME_TRANSCRIPTIONAL_REG...         SET      37      0.21041    0.0096292      0.16734      0.10432 REACTOME_TRANSCRIPTIONAL_REGULATION_BY_VENTX
REACTOME_TRANSLATION                    SET     268    -0.033208   -0.0040633      0.06001         0.71 REACTOME_TRANSLATION
REACTOME_TRANSMISSION_ACROSS...         SET     265     0.051361    0.0062496     0.064349      0.21239 REACTOME_TRANSMISSION_ACROSS_CHEMICAL_SYNAPSES
REACTOME_TRANSPORT_TO_THE_GO...         SET     182    -0.017667   -0.0017858     0.072764      0.59592 REACTOME_TRANSPORT_TO_THE_GOLGI_AND_SUBSEQUENT_MODIFICATION
