# TOTAL_GENES = 58335
# TEST_DIRECTION = one-sided, positive (set), two-sided (covar)
# CONDITIONED_INTERNAL = gene size, gene density, inverse mac, log(gene size), log(gene density), log(inverse mac)
VARIABLE                               TYPE  NGENES         BETA     BETA_STD           SE            P FULL_NAME
GOBP_ACIDIC_AMINO_ACID_TRANS...         SET      62      0.17007    0.0055415      0.10216     0.047986 GOBP_ACIDIC_AMINO_ACID_TRANSPORT
GOBP_ACTIVATION_OF_IMMUNE_RE...         SET     357     0.004066   0.00031711     0.045641      0.46451 GOBP_ACTIVATION_OF_IMMUNE_RESPONSE
GOBP_ADAPTIVE_IMMUNE_RESPONSE           SET     669    -0.015667   -0.0016681     0.034585      0.67472 GOBP_ADAPTIVE_IMMUNE_RESPONSE
GOBP_ADAPTIVE_IMMUNE_RESPONS...         SET     341     0.026551    0.0020241     0.045554         0.28 GOBP_ADAPTIVE_IMMUNE_RESPONSE_BASED_ON_SOMATIC_RECOMBINATION_OF_IMMUNE_RECEPTORS_BUILT_FROM_IMMUNOGLOBULIN_SUPERFAMILY_DOMAINS
GOBP_ADAPTIVE_THERMOGENESIS             SET     156    -0.035448   -0.0018307     0.065433        0.706 GOBP_ADAPTIVE_THERMOGENESIS
GOBP_AEROBIC_RESPIRATION                SET     167    -0.015863  -0.00084753     0.063581      0.59851 GOBP_AEROBIC_RESPIRATION
GOBP_AMINE_TRANSPORT                    SET      98     0.054285    0.0022231     0.080885      0.25107 GOBP_AMINE_TRANSPORT
GOBP_AMMONIUM_ION_METABOLIC_...         SET      22      0.30028    0.0058303      0.17457     0.042711 GOBP_AMMONIUM_ION_METABOLIC_PROCESS
GOBP_ANATOMICAL_STRUCTURE_MA...         SET     236     0.075026    0.0047624     0.051875     0.074053 GOBP_ANATOMICAL_STRUCTURE_MATURATION
GOBP_ANTIGEN_PROCESSING_AND_...1        SET     102     0.043825     0.001831     0.084574      0.30217 GOBP_ANTIGEN_PROCESSING_AND_PRESENTATION
GOBP_ANTIGEN_PROCESSING_AND_...2        SET      26      0.16686     0.003522       0.1673       0.1593 GOBP_ANTIGEN_PROCESSING_AND_PRESENTATION_OF_ENDOGENOUS_ANTIGEN
GOBP_ANTIGEN_PROCESSING_AND_...3        SET      45     0.048612    0.0013496      0.13172      0.35605 GOBP_ANTIGEN_PROCESSING_AND_PRESENTATION_OF_EXOGENOUS_ANTIGEN
GOBP_ANTIGEN_PROCESSING_AND_...4        SET      36      0.04656    0.0011563      0.14442      0.37358 GOBP_ANTIGEN_PROCESSING_AND_PRESENTATION_OF_EXOGENOUS_PEPTIDE_ANTIGEN
GOBP_ANTIGEN_PROCESSING_AND_...5        SET      28      0.22711    0.0049746      0.17107     0.092153 GOBP_ANTIGEN_PROCESSING_AND_PRESENTATION_OF_EXOGENOUS_PEPTIDE_ANTIGEN_VIA_MHC_CLASS_II
GOBP_ANTIGEN_PROCESSING_AND_...6        SET      61     0.083011    0.0026829      0.10991      0.22504 GOBP_ANTIGEN_PROCESSING_AND_PRESENTATION_OF_PEPTIDE_ANTIGEN
GOBP_ANTIGEN_PROCESSING_AND_...7        SET      29     0.018517   0.00041276      0.15173      0.45143 GOBP_ANTIGEN_PROCESSING_AND_PRESENTATION_OF_PEPTIDE_ANTIGEN_VIA_MHC_CLASS_I
GOBP_ANTIGEN_PROCESSING_AND_...8        SET      34      0.20076    0.0048455      0.15461      0.09706 GOBP_ANTIGEN_PROCESSING_AND_PRESENTATION_OF_PEPTIDE_OR_POLYSACCHARIDE_ANTIGEN_VIA_MHC_CLASS_II
GOBP_ANTIGEN_PROCESSING_AND_...9        SET      14      0.33319    0.0051612      0.23718     0.080039 GOBP_ANTIGEN_PROCESSING_AND_PRESENTATION_VIA_MHC_CLASS_IB
GOBP_APOPTOTIC_CELL_CLEARANCE           SET      52     0.032744   0.00097718      0.11166      0.38467 GOBP_APOPTOTIC_CELL_CLEARANCE
GOBP_ATP_BIOSYNTHETIC_PROCESS           SET      52     -0.23452   -0.0069988      0.11728      0.97722 GOBP_ATP_BIOSYNTHETIC_PROCESS
GOBP_ATP_METABOLIC_PROCESS              SET     251   -0.0026581  -0.00017398     0.052031      0.52037 GOBP_ATP_METABOLIC_PROCESS
GOBP_AXONAL_TRANSPORT                   SET      62      0.11456    0.0037328      0.10258      0.13204 GOBP_AXONAL_TRANSPORT
GOBP_AXONEME_ASSEMBLY                   SET      84    -0.037234   -0.0014119     0.084115      0.67099 GOBP_AXONEME_ASSEMBLY
GOBP_AXON_DEVELOPMENT                   SET     452     0.066104    0.0057963     0.038865     0.044488 GOBP_AXON_DEVELOPMENT
GOBP_AXO_DENDRITIC_TRANSPORT            SET      74      0.20109    0.0071577     0.093442     0.015699 GOBP_AXO_DENDRITIC_TRANSPORT
GOBP_BILE_ACID_METABOLIC_PRO...         SET      48     0.050046     0.001435      0.11675      0.33409 GOBP_BILE_ACID_METABOLIC_PROCESS
GOBP_BONE_RESORPTION                    SET      63     0.094514    0.0031044      0.10742      0.18947 GOBP_BONE_RESORPTION
GOBP_B_CELL_ACTIVATION                  SET     309    -0.057063   -0.0041421     0.047243      0.88645 GOBP_B_CELL_ACTIVATION
GOBP_B_CELL_DIFFERENTIATION             SET     136    -0.099414   -0.0047946     0.067766      0.92881 GOBP_B_CELL_DIFFERENTIATION
GOBP_B_CELL_MEDIATED_IMMUNITY           SET     194     0.066917    0.0038526     0.061901      0.13984 GOBP_B_CELL_MEDIATED_IMMUNITY
GOBP_B_CELL_PROLIFERATION               SET      97    -0.090515   -0.0036879     0.082558      0.86354 GOBP_B_CELL_PROLIFERATION
GOBP_CARBOHYDRATE_CATABOLIC_...         SET     147   -0.0068016    -0.000341     0.066351      0.54082 GOBP_CARBOHYDRATE_CATABOLIC_PROCESS
GOBP_CATECHOLAMINE_SECRETION            SET      57     0.034092    0.0010652      0.10839      0.37656 GOBP_CATECHOLAMINE_SECRETION
GOBP_CELLULAR_COMPONENT_DISA...         SET     449    -0.075957   -0.0066383     0.037881      0.97752 GOBP_CELLULAR_COMPONENT_DISASSEMBLY
GOBP_CELLULAR_RESPIRATION               SET     210   -0.0037178  -0.00022266     0.056437      0.52626 GOBP_CELLULAR_RESPIRATION
GOBP_CELLULAR_RESPONSE_TO_IN...1        SET      23     0.073835    0.0014658      0.16683      0.32904 GOBP_CELLULAR_RESPONSE_TO_INTERFERON_BETA
GOBP_CELLULAR_RESPONSE_TO_IN...2        SET     114    -0.079413   -0.0035072     0.077434      0.84745 GOBP_CELLULAR_RESPONSE_TO_INTERFERON_GAMMA
GOBP_CELLULAR_RESPONSE_TO_VI...         SET      81   -0.0030995  -0.00011542     0.088398      0.51399 GOBP_CELLULAR_RESPONSE_TO_VIRUS
GOBP_CELL_ACTIVATION_INVOLVE...         SET     280    -0.075337   -0.0052069     0.048239      0.94082 GOBP_CELL_ACTIVATION_INVOLVED_IN_IMMUNE_RESPONSE
GOBP_CELL_KILLING                       SET     184    -0.059012    -0.003309     0.061507      0.83133 GOBP_CELL_KILLING
GOBP_CENTRAL_NERVOUS_SYSTEM_...         SET     163    -0.031646   -0.0016705     0.063845      0.68994 GOBP_CENTRAL_NERVOUS_SYSTEM_NEURON_DIFFERENTIATION
GOBP_CHAPERONE_MEDIATED_PROT...         SET      72    0.0050284   0.00017655     0.094865      0.47886 GOBP_CHAPERONE_MEDIATED_PROTEIN_FOLDING
GOBP_CHROMOSOME_SEGREGATION             SET     337    -0.026443    -0.002004     0.043568      0.72805 GOBP_CHROMOSOME_SEGREGATION
GOBP_CILIUM_MOVEMENT                    SET     180    -0.049283   -0.0027334     0.058649      0.79963 GOBP_CILIUM_MOVEMENT
GOBP_CILIUM_ORGANIZATION                SET     396     0.015456    0.0012691     0.040507      0.35139 GOBP_CILIUM_ORGANIZATION
GOBP_CILIUM_OR_FLAGELLUM_DEP...         SET     145    0.0034344   0.00017101     0.065108      0.47897 GOBP_CILIUM_OR_FLAGELLUM_DEPENDENT_CELL_MOTILITY
GOBP_CYTOKINE_MEDIATED_SIGNA...         SET     465   -0.0027726  -0.00024655     0.038638       0.5286 GOBP_CYTOKINE_MEDIATED_SIGNALING_PATHWAY
GOBP_CYTOKINE_PRODUCTION_INV...         SET      98    -0.064978    -0.002661      0.07865      0.79564 GOBP_CYTOKINE_PRODUCTION_INVOLVED_IN_IMMUNE_RESPONSE
GOBP_CYTOPLASMIC_TRANSLATION            SET     138     -0.16098   -0.0078204     0.069947      0.98931 GOBP_CYTOPLASMIC_TRANSLATION
GOBP_CYTOSKELETON_DEPENDENT_...         SET      97    -0.084508   -0.0034432     0.078394      0.85948 GOBP_CYTOSKELETON_DEPENDENT_CYTOKINESIS
GOBP_DEFENSE_RESPONSE_TO_BAC...         SET     348     0.022228    0.0017117     0.047745      0.32077 GOBP_DEFENSE_RESPONSE_TO_BACTERIUM
GOBP_DEFENSE_RESPONSE_TO_GRA...         SET     106    -0.094619   -0.0040297      0.08701      0.86158 GOBP_DEFENSE_RESPONSE_TO_GRAM_POSITIVE_BACTERIUM
GOBP_DEFENSE_RESPONSE_TO_SYM...         SET     284    -0.045798   -0.0031878     0.048282      0.82857 GOBP_DEFENSE_RESPONSE_TO_SYMBIONT
GOBP_DENDRITIC_CELL_DIFFEREN...         SET      47    -0.036365   -0.0010318      0.12125      0.61788 GOBP_DENDRITIC_CELL_DIFFERENTIATION
GOBP_DETECTION_OF_BIOTIC_STI...         SET      36     -0.26958    -0.006695      0.13612      0.97617 GOBP_DETECTION_OF_BIOTIC_STIMULUS
GOBP_DETECTION_OF_EXTERNAL_B...         SET      25     -0.20226   -0.0041862      0.16082      0.89574 GOBP_DETECTION_OF_EXTERNAL_BIOTIC_STIMULUS
GOBP_DETECTION_OF_MOLECULE_O...         SET      12     -0.10939   -0.0015688      0.22231      0.68866 GOBP_DETECTION_OF_MOLECULE_OF_BACTERIAL_ORIGIN
GOBP_DETECTION_OF_OTHER_ORGA...         SET      20     -0.30138   -0.0055795      0.17962      0.95331 GOBP_DETECTION_OF_OTHER_ORGANISM
GOBP_DE_NOVO_PROTEIN_FOLDING            SET      43      -0.1368   -0.0037127      0.12182      0.86926 GOBP_DE_NOVO_PROTEIN_FOLDING
GOBP_DICARBOXYLIC_ACID_TRANS...         SET      90     -0.02739    -0.001075     0.084477      0.62712 GOBP_DICARBOXYLIC_ACID_TRANSPORT
GOBP_DIENCEPHALON_DEVELOPMENT           SET      71     -0.11199   -0.0039045     0.096322      0.87751 GOBP_DIENCEPHALON_DEVELOPMENT
GOBP_DIVALENT_INORGANIC_CATI...         SET     491     0.045752    0.0041798     0.037636      0.11207 GOBP_DIVALENT_INORGANIC_CATION_HOMEOSTASIS
GOBP_DNA_GEOMETRIC_CHANGE               SET      92     0.017326   0.00068753     0.080459      0.41475 GOBP_DNA_GEOMETRIC_CHANGE
GOBP_DNA_REPLICATION                    SET     275    -0.065576   -0.0044918     0.047498       0.9163 GOBP_DNA_REPLICATION
GOBP_ELECTRON_TRANSPORT_CHAIN           SET     150     0.025846    0.0013089     0.065097      0.34567 GOBP_ELECTRON_TRANSPORT_CHAIN
GOBP_ENERGY_DERIVATION_BY_OX...         SET     296     -0.02083     -0.00148     0.046975      0.67127 GOBP_ENERGY_DERIVATION_BY_OXIDATION_OF_ORGANIC_COMPOUNDS
GOBP_EOSINOPHIL_CHEMOTAXIS              SET      18     -0.13784    -0.002421      0.21349      0.74075 GOBP_EOSINOPHIL_CHEMOTAXIS
GOBP_EOSINOPHIL_MIGRATION               SET      22     -0.10296   -0.0019991      0.17987      0.71647 GOBP_EOSINOPHIL_MIGRATION
GOBP_EPITHELIAL_CILIUM_MOVEM...         SET      11     -0.14403   -0.0019777      0.24202      0.72412 GOBP_EPITHELIAL_CILIUM_MOVEMENT_INVOLVED_IN_DETERMINATION_OF_LEFT_RIGHT_ASYMMETRY
GOBP_ERK1_AND_ERK2_CASCADE              SET     329    -0.021451   -0.0016064     0.046694      0.67702 GOBP_ERK1_AND_ERK2_CASCADE
GOBP_ESTABLISHMENT_OF_ORGANE...         SET     393    -0.043337   -0.0035451      0.04056      0.85735 GOBP_ESTABLISHMENT_OF_ORGANELLE_LOCALIZATION
GOBP_ESTABLISHMENT_OF_PROTEI...         SET     415    -0.056414   -0.0047413     0.038671      0.92769 GOBP_ESTABLISHMENT_OF_PROTEIN_LOCALIZATION_TO_ORGANELLE
GOBP_EXTERNAL_ENCAPSULATING_...         SET     304    -0.091834   -0.0066122     0.046953      0.97476 GOBP_EXTERNAL_ENCAPSULATING_STRUCTURE_ORGANIZATION
GOBP_FOREBRAIN_DEVELOPMENT              SET     366    -0.027118   -0.0021413     0.043059      0.73558 GOBP_FOREBRAIN_DEVELOPMENT
GOBP_GENERATION_OF_PRECURSOR...         SET     461    0.0027944   0.00024743     0.037165      0.47003 GOBP_GENERATION_OF_PRECURSOR_METABOLITES_AND_ENERGY
GOBP_HUMORAL_IMMUNE_RESPONSE            SET     295     0.071181    0.0050491     0.050838     0.080737 GOBP_HUMORAL_IMMUNE_RESPONSE
GOBP_IMMUNE_RESPONSE_REGULAT...         SET     449     0.011546     0.001009     0.039259      0.38434 GOBP_IMMUNE_RESPONSE_REGULATING_SIGNALING_PATHWAY
GOBP_IMPORT_ACROSS_PLASMA_ME...         SET     171     0.079183    0.0042809     0.062861       0.1039 GOBP_IMPORT_ACROSS_PLASMA_MEMBRANE
GOBP_IMPORT_INTO_CELL                   SET     220     0.076743     0.004704     0.055011     0.081503 GOBP_IMPORT_INTO_CELL
GOBP_INTERFERON_BETA_PRODUCT...         SET      54    0.0020577   6.2578e-05      0.10588      0.49225 GOBP_INTERFERON_BETA_PRODUCTION
GOBP_INTERLEUKIN_10_PRODUCTI...         SET      58     0.035521    0.0011195      0.11201      0.37557 GOBP_INTERLEUKIN_10_PRODUCTION
GOBP_INTERLEUKIN_8_PRODUCTION           SET      96    -0.070697   -0.0028656     0.085246      0.79654 GOBP_INTERLEUKIN_8_PRODUCTION
GOBP_INTRACILIARY_TRANSPORT             SET      38    0.0018471   4.7129e-05      0.13175      0.49441 GOBP_INTRACILIARY_TRANSPORT
GOBP_LEUKOCYTE_CELL_CELL_ADH...         SET     367     -0.04989   -0.0039447     0.042711      0.87861 GOBP_LEUKOCYTE_CELL_CELL_ADHESION
GOBP_LEUKOCYTE_MEDIATED_CYTO...         SET     127     -0.10708   -0.0049908     0.074484      0.92472 GOBP_LEUKOCYTE_MEDIATED_CYTOTOXICITY
GOBP_LEUKOCYTE_MEDIATED_IMMU...         SET     424     -0.03236   -0.0027488     0.040695      0.78674 GOBP_LEUKOCYTE_MEDIATED_IMMUNITY
GOBP_LEUKOCYTE_PROLIFERATION            SET     320    -0.085676   -0.0063282     0.045756      0.96942 GOBP_LEUKOCYTE_PROLIFERATION
GOBP_LYMPHOCYTE_MEDIATED_IMM...         SET     333    -0.001383  -0.00010419     0.046645      0.51183 GOBP_LYMPHOCYTE_MEDIATED_IMMUNITY
GOBP_MACROAUTOPHAGY                     SET     298     -0.01318  -0.00093961     0.045828      0.61317 GOBP_MACROAUTOPHAGY
GOBP_MACROPHAGE_ACTIVATION              SET     105     -0.14167   -0.0060051     0.079481      0.96266 GOBP_MACROPHAGE_ACTIVATION
GOBP_MACROPHAGE_CYTOKINE_PRO...         SET      17     0.056662   0.00096715      0.17683      0.37432 GOBP_MACROPHAGE_CYTOKINE_PRODUCTION
GOBP_MICROGLIAL_CELL_ACTIVAT...         SET      47     -0.16175   -0.0045895      0.11688      0.91681 GOBP_MICROGLIAL_CELL_ACTIVATION
GOBP_MITOCHONDRIAL_RESPIRATO...         SET      85    -0.091912   -0.0035059       0.0945      0.83463 GOBP_MITOCHONDRIAL_RESPIRATORY_CHAIN_COMPLEX_ASSEMBLY
GOBP_MITOCHONDRION_LOCALIZAT...         SET      46       0.1142    0.0032058      0.11973      0.17007 GOBP_MITOCHONDRION_LOCALIZATION
GOBP_MITOCHONDRION_ORGANIZAT...         SET     493     0.011559    0.0010581     0.036096       0.3744 GOBP_MITOCHONDRION_ORGANIZATION
GOBP_MITOTIC_NUCLEAR_DIVISION           SET     288    0.0076009   0.00053275     0.047311      0.43618 GOBP_MITOTIC_NUCLEAR_DIVISION
GOBP_MITOTIC_SISTER_CHROMATI...         SET     169    -0.058288   -0.0031328     0.060968      0.83047 GOBP_MITOTIC_SISTER_CHROMATID_SEGREGATION
GOBP_MITOTIC_SPINDLE_ASSEMBLY           SET      66     0.095597    0.0032137      0.09721       0.1627 GOBP_MITOTIC_SPINDLE_ASSEMBLY
GOBP_MITOTIC_SPINDLE_ORGANIZ...         SET     120     0.013554   0.00061411     0.072144      0.42549 GOBP_MITOTIC_SPINDLE_ORGANIZATION
GOBP_MONONUCLEAR_CELL_DIFFER...         SET     420    -0.050723   -0.0042885     0.039297      0.90161 GOBP_MONONUCLEAR_CELL_DIFFERENTIATION
GOBP_MULTICELLULAR_ORGANISMA...         SET     515    0.0069768   0.00065264     0.035845      0.42284 GOBP_MULTICELLULAR_ORGANISMAL_HOMEOSTASIS
GOBP_MYELOID_CELL_APOPTOTIC_...         SET      32     -0.10765   -0.0025205       0.1417      0.77627 GOBP_MYELOID_CELL_APOPTOTIC_PROCESS
GOBP_MYELOID_CELL_DIFFERENTI...         SET     375    0.0085468   0.00068306     0.041412      0.41825 GOBP_MYELOID_CELL_DIFFERENTIATION
GOBP_MYELOID_LEUKOCYTE_ACTIV...         SET     226     -0.11448   -0.0071117     0.054357       0.9824 GOBP_MYELOID_LEUKOCYTE_ACTIVATION
GOBP_MYELOID_LEUKOCYTE_CYTOK...         SET      30    0.0010549   2.3917e-05      0.13832      0.49696 GOBP_MYELOID_LEUKOCYTE_CYTOKINE_PRODUCTION
GOBP_MYELOID_LEUKOCYTE_DIFFE...         SET     202     0.022281    0.0013089      0.05651      0.34669 GOBP_MYELOID_LEUKOCYTE_DIFFERENTIATION
GOBP_NAD_METABOLIC_PROCESS              SET      29    -0.044464  -0.00099114      0.14662      0.61915 GOBP_NAD_METABOLIC_PROCESS
GOBP_NEGATIVE_REGULATION_OF_...1        SET     302     0.053306    0.0038255     0.044661      0.11633 GOBP_NEGATIVE_REGULATION_OF_CATABOLIC_PROCESS
GOBP_NEGATIVE_REGULATION_OF_...2        SET     210    -0.065127   -0.0039006       0.0553      0.88054 GOBP_NEGATIVE_REGULATION_OF_CELL_ACTIVATION
GOBP_NEGATIVE_REGULATION_OF_...3        SET     345    -0.050755   -0.0038917     0.043704      0.87724 GOBP_NEGATIVE_REGULATION_OF_CYTOKINE_PRODUCTION
GOBP_NEGATIVE_REGULATION_OF_...4        SET     259    -0.010228  -0.00067997     0.049915      0.58117 GOBP_NEGATIVE_REGULATION_OF_DEFENSE_RESPONSE
GOBP_NEGATIVE_REGULATION_OF_...5        SET     353    -0.058108   -0.0045065     0.044097       0.9062 GOBP_NEGATIVE_REGULATION_OF_HYDROLASE_ACTIVITY
GOBP_NEGATIVE_REGULATION_OF_...6        SET     174     0.011373   0.00062019     0.061287      0.42639 GOBP_NEGATIVE_REGULATION_OF_IMMUNE_RESPONSE
GOBP_NEGATIVE_REGULATION_OF_...7        SET     412    -0.022198   -0.0018589     0.039753      0.71171 GOBP_NEGATIVE_REGULATION_OF_IMMUNE_SYSTEM_PROCESS
GOBP_NEGATIVE_REGULATION_OF_...8        SET      71     -0.18371   -0.0064052     0.096002      0.97216 GOBP_NEGATIVE_REGULATION_OF_INNATE_IMMUNE_RESPONSE
GOBP_NEGATIVE_REGULATION_OF_...9        SET     517    0.0017017   0.00015949     0.035684      0.48098 GOBP_NEGATIVE_REGULATION_OF_INTRACELLULAR_SIGNAL_TRANSDUCTION
GOBP_NEGATIVE_REGULATION_OF_...10       SET      18     -0.50252    -0.008826      0.18328      0.99694 GOBP_NEGATIVE_REGULATION_OF_MACROPHAGE_ACTIVATION
GOBP_NEGATIVE_REGULATION_OF_...11       SET      46    -0.028669  -0.00080476      0.11205      0.60097 GOBP_NEGATIVE_REGULATION_OF_MITOCHONDRION_ORGANIZATION
GOBP_NEGATIVE_REGULATION_OF_...12       SET      18     -0.24738   -0.0043448      0.18038      0.91488 GOBP_NEGATIVE_REGULATION_OF_NEUROINFLAMMATORY_RESPONSE
GOBP_NEGATIVE_REGULATION_OF_...13       SET     200     -0.13536   -0.0079123     0.055717      0.99244 GOBP_NEGATIVE_REGULATION_OF_NEURON_DEATH
GOBP_NEGATIVE_REGULATION_OF_...14       SET     436    -0.033304   -0.0028684     0.038496      0.80651 GOBP_NEGATIVE_REGULATION_OF_PHOSPHORUS_METABOLIC_PROCESS
GOBP_NEGATIVE_REGULATION_OF_...15       SET     377    -0.031991   -0.0025635     0.041484      0.77969 GOBP_NEGATIVE_REGULATION_OF_PHOSPHORYLATION
GOBP_NEGATIVE_REGULATION_OF_...16       SET     193     -0.00399  -0.00022912     0.057402      0.52771 GOBP_NEGATIVE_REGULATION_OF_PROTEIN_LOCALIZATION
GOBP_NEGATIVE_REGULATION_OF_...17       SET     109    -0.091327   -0.0039441     0.077961      0.87929 GOBP_NEGATIVE_REGULATION_OF_RESPONSE_TO_BIOTIC_STIMULUS
GOBP_NEGATIVE_REGULATION_OF_...18       SET     416    -0.014452   -0.0012161     0.039532      0.64266 GOBP_NEGATIVE_REGULATION_OF_RESPONSE_TO_EXTERNAL_STIMULUS
GOBP_NEGATIVE_REGULATION_OF_...19       SET      20     -0.24921   -0.0046137      0.17395      0.92401 GOBP_NEGATIVE_REGULATION_OF_TYPE_I_INTERFERON_MEDIATED_SIGNALING_PATHWAY
GOBP_NEGATIVE_REGULATION_OF_...20       SET      57     -0.13116    -0.004098       0.1156      0.87173 GOBP_NEGATIVE_REGULATION_OF_VIRAL_GENOME_REPLICATION
GOBP_NEGATIVE_REGULATION_OF_...21       SET      90    -0.060368   -0.0023694     0.088101       0.7534 GOBP_NEGATIVE_REGULATION_OF_VIRAL_PROCESS
GOBP_NEUROMUSCULAR_PROCESS_C...         SET      16      0.20438    0.0033844      0.18672      0.13686 GOBP_NEUROMUSCULAR_PROCESS_CONTROLLING_POSTURE
GOBP_NEURON_DEATH                       SET     336    -0.067637   -0.0051185     0.043634      0.93944 GOBP_NEURON_DEATH
GOBP_NEUROPEPTIDE_SIGNALING_...         SET     101     0.027875    0.0011589     0.083664       0.3695 GOBP_NEUROPEPTIDE_SIGNALING_PATHWAY
GOBP_NEUROTRANSMITTER_TRANSP...         SET     198    -0.068939   -0.0040096     0.058409      0.88105 GOBP_NEUROTRANSMITTER_TRANSPORT
GOBP_NON_MEMBRANE_BOUNDED_OR...         SET     387   -0.0034536  -0.00028036     0.040663      0.53384 GOBP_NON_MEMBRANE_BOUNDED_ORGANELLE_ASSEMBLY
GOBP_NUCLEOSIDE_PHOSPHATE_BI...         SET     242    -0.059135   -0.0038009     0.052203      0.87135 GOBP_NUCLEOSIDE_PHOSPHATE_BIOSYNTHETIC_PROCESS
GOBP_ONE_CARBON_METABOLIC_PR...         SET      39    -0.025535  -0.00066002      0.12944      0.57819 GOBP_ONE_CARBON_METABOLIC_PROCESS
GOBP_ORGANELLE_TRANSPORT_ALO...         SET      81     0.015681   0.00058392     0.089036       0.4301 GOBP_ORGANELLE_TRANSPORT_ALONG_MICROTUBULE
GOBP_ORGANIC_CYCLIC_COMPOUND...         SET     482    -0.079627   -0.0072081     0.036261      0.98595 GOBP_ORGANIC_CYCLIC_COMPOUND_CATABOLIC_PROCESS
GOBP_OXIDATIVE_PHOSPHORYLATI...         SET     122     -0.05302   -0.0024222     0.075427      0.75895 GOBP_OXIDATIVE_PHOSPHORYLATION
GOBP_PATTERN_RECOGNITION_REC...         SET     169      0.01535     0.000825     0.060737      0.40024 GOBP_PATTERN_RECOGNITION_RECEPTOR_SIGNALING_PATHWAY
GOBP_PENILE_ERECTION                    SET      11      0.69032    0.0094787      0.25386    0.0032724 GOBP_PENILE_ERECTION
GOBP_PHAGOCYTOSIS                       SET     290   -0.0017506  -0.00012312     0.050399      0.51385 GOBP_PHAGOCYTOSIS
GOBP_POSITIVE_REGULATION_OF_...1        SET     111     0.021441   0.00093439     0.077701       0.3913 GOBP_POSITIVE_REGULATION_OF_ADAPTIVE_IMMUNE_RESPONSE
GOBP_POSITIVE_REGULATION_OF_...2        SET      35     0.021033   0.00051503      0.12703      0.43425 GOBP_POSITIVE_REGULATION_OF_BLOOD_PRESSURE
GOBP_POSITIVE_REGULATION_OF_...3        SET      16     0.026816   0.00044405      0.20755       0.4486 GOBP_POSITIVE_REGULATION_OF_BONE_RESORPTION
GOBP_POSITIVE_REGULATION_OF_...4        SET     133    -0.042637   -0.0020336     0.077022      0.71006 GOBP_POSITIVE_REGULATION_OF_B_CELL_ACTIVATION
GOBP_POSITIVE_REGULATION_OF_...5        SET      41    -0.048065   -0.0012738      0.12434      0.65045 GOBP_POSITIVE_REGULATION_OF_B_CELL_PROLIFERATION
GOBP_POSITIVE_REGULATION_OF_...6        SET     407    -0.049539   -0.0041235     0.041295      0.88486 GOBP_POSITIVE_REGULATION_OF_CELL_ACTIVATION
GOBP_POSITIVE_REGULATION_OF_...7        SET     432    -0.016647   -0.0014273     0.039397      0.66369 GOBP_POSITIVE_REGULATION_OF_CELL_ADHESION
GOBP_POSITIVE_REGULATION_OF_...8        SET     282    -0.032332   -0.0022425     0.049065      0.74503 GOBP_POSITIVE_REGULATION_OF_CELL_CELL_ADHESION
GOBP_POSITIVE_REGULATION_OF_...9        SET      64    -0.091523   -0.0030299      0.11222      0.79262 GOBP_POSITIVE_REGULATION_OF_CELL_KILLING
GOBP_POSITIVE_REGULATION_OF_...10       SET     463    -0.028195   -0.0025019     0.037777      0.77227 GOBP_POSITIVE_REGULATION_OF_CYTOKINE_PRODUCTION
GOBP_POSITIVE_REGULATION_OF_...11       SET      68     0.014551   0.00049651     0.095878      0.43969 GOBP_POSITIVE_REGULATION_OF_CYTOKINE_PRODUCTION_INVOLVED_IN_IMMUNE_RESPONSE
GOBP_POSITIVE_REGULATION_OF_...12       SET     278    -0.051505   -0.0035471     0.049327      0.85179 GOBP_POSITIVE_REGULATION_OF_DEFENSE_RESPONSE
GOBP_POSITIVE_REGULATION_OF_...13       SET     219    -0.035809   -0.0021899     0.058336      0.73034 GOBP_POSITIVE_REGULATION_OF_ERK1_AND_ERK2_CASCADE
GOBP_POSITIVE_REGULATION_OF_...14       SET     242    -0.040109    -0.002578     0.053594      0.77288 GOBP_POSITIVE_REGULATION_OF_IMMUNE_EFFECTOR_PROCESS
GOBP_POSITIVE_REGULATION_OF_...15       SET     556  -0.00042222  -4.1023e-05      0.03568      0.50472 GOBP_POSITIVE_REGULATION_OF_IMMUNE_RESPONSE
GOBP_POSITIVE_REGULATION_OF_...16       SET     132    0.0073434   0.00034893     0.074923      0.46096 GOBP_POSITIVE_REGULATION_OF_INNATE_IMMUNE_RESPONSE
GOBP_POSITIVE_REGULATION_OF_...17       SET      36   -0.0065039  -0.00016152      0.12975      0.51999 GOBP_POSITIVE_REGULATION_OF_INTERFERON_BETA_PRODUCTION
GOBP_POSITIVE_REGULATION_OF_...18       SET      60     -0.17952   -0.0057546      0.10416       0.9576 GOBP_POSITIVE_REGULATION_OF_INTERLEUKIN_8_PRODUCTION
GOBP_POSITIVE_REGULATION_OF_...19       SET     259      0.08924    0.0059331     0.050734     0.039294 GOBP_POSITIVE_REGULATION_OF_ION_TRANSPORT
GOBP_POSITIVE_REGULATION_OF_...20       SET     236    -0.017658   -0.0011209     0.053599      0.62909 GOBP_POSITIVE_REGULATION_OF_LEUKOCYTE_CELL_CELL_ADHESION
GOBP_POSITIVE_REGULATION_OF_...21       SET     134    -0.025714    -0.001231     0.072547       0.6385 GOBP_POSITIVE_REGULATION_OF_LEUKOCYTE_MEDIATED_IMMUNITY
GOBP_POSITIVE_REGULATION_OF_...22       SET     152     -0.10928   -0.0055709     0.066514       0.9498 GOBP_POSITIVE_REGULATION_OF_LEUKOCYTE_PROLIFERATION
GOBP_POSITIVE_REGULATION_OF_...23       SET     112    -0.040777    -0.001785     0.079888      0.69512 GOBP_POSITIVE_REGULATION_OF_LYMPHOCYTE_MEDIATED_IMMUNITY
GOBP_POSITIVE_REGULATION_OF_...24       SET     479    -0.024694   -0.0022284     0.038037      0.74189 GOBP_POSITIVE_REGULATION_OF_MAPK_CASCADE
GOBP_POSITIVE_REGULATION_OF_...25       SET      44    -0.014385  -0.00039492      0.11568      0.54948 GOBP_POSITIVE_REGULATION_OF_MIRNA_TRANSCRIPTION
GOBP_POSITIVE_REGULATION_OF_...26       SET      18      0.15678    0.0027535      0.18057      0.19263 GOBP_POSITIVE_REGULATION_OF_MYELINATION
GOBP_POSITIVE_REGULATION_OF_...27       SET      35      0.19973    0.0048908      0.13494     0.069427 GOBP_POSITIVE_REGULATION_OF_NERVOUS_SYSTEM_PROCESS
GOBP_POSITIVE_REGULATION_OF_...28       SET      70      0.17545    0.0060741      0.10243     0.043369 GOBP_POSITIVE_REGULATION_OF_PHAGOCYTOSIS
GOBP_POSITIVE_REGULATION_OF_...29       SET     121    -0.034865   -0.0015863     0.073502      0.68237 GOBP_POSITIVE_REGULATION_OF_PRODUCTION_OF_MOLECULAR_MEDIATOR_OF_IMMUNE_RESPONSE
GOBP_POSITIVE_REGULATION_OF_...30       SET     429     0.031415    0.0026841     0.038421      0.20678 GOBP_POSITIVE_REGULATION_OF_PROTEIN_LOCALIZATION
GOBP_POSITIVE_REGULATION_OF_...31       SET     171     0.029142    0.0015755      0.06449      0.32568 GOBP_POSITIVE_REGULATION_OF_RESPONSE_TO_BIOTIC_STIMULUS
GOBP_POSITIVE_REGULATION_OF_...32       SET      63    -0.020901   -0.0006865      0.10032      0.58252 GOBP_POSITIVE_REGULATION_OF_RESPONSE_TO_CYTOKINE_STIMULUS
GOBP_POSITIVE_REGULATION_OF_...33       SET      33     0.042984    0.0010221       0.1424      0.38138 GOBP_POSITIVE_REGULATION_OF_RESPONSE_TO_ENDOPLASMIC_RETICULUM_STRESS
GOBP_POSITIVE_REGULATION_OF_...34       SET     424    -0.032404   -0.0027525     0.040331      0.78914 GOBP_POSITIVE_REGULATION_OF_RESPONSE_TO_EXTERNAL_STIMULUS
GOBP_POSITIVE_REGULATION_OF_...35       SET     294      0.10682    0.0075644     0.046372     0.010625 GOBP_POSITIVE_REGULATION_OF_SECRETION
GOBP_POSITIVE_REGULATION_OF_...36       SET      28     0.061699    0.0013514      0.15467      0.34498 GOBP_POSITIVE_REGULATION_OF_SPROUTING_ANGIOGENESIS
GOBP_POSITIVE_REGULATION_OF_...37       SET      24     0.024829   0.00050351      0.15481      0.43629 GOBP_POSITIVE_REGULATION_OF_TRANSCRIPTION_FROM_RNA_POLYMERASE_II_PROMOTER_INVOLVED_IN_CELLULAR_RESPONSE_TO_CHEMICAL_STIMULUS
GOBP_POSITIVE_REGULATION_OF_...38       SET     105     0.010498     0.000445     0.080508      0.44812 GOBP_POSITIVE_REGULATION_OF_TUMOR_NECROSIS_FACTOR_SUPERFAMILY_CYTOKINE_PRODUCTION
GOBP_POSITIVE_REGULATION_OF_...39       SET      18    -0.077642   -0.0013637      0.19675      0.65344 GOBP_POSITIVE_REGULATION_OF_TYPE_I_INTERFERON_MEDIATED_SIGNALING_PATHWAY
GOBP_POSITIVE_REGULATION_OF_...40       SET      53   -0.0053108  -0.00016001      0.10857      0.51951 GOBP_POSITIVE_REGULATION_OF_TYPE_I_INTERFERON_PRODUCTION
GOBP_POSITIVE_REGULATION_OF_...41       SET      30    0.0027209   6.1688e-05       0.1669       0.4935 GOBP_POSITIVE_REGULATION_OF_T_CELL_MEDIATED_CYTOTOXICITY
GOBP_POSITIVE_REGULATION_OF_...42       SET      43      0.13725    0.0037249      0.12535      0.13679 GOBP_POSITIVE_REGULATION_OF_VASCULAR_ASSOCIATED_SMOOTH_MUSCLE_CELL_PROLIFERATION
GOBP_POSITIVE_REGULATION_OF_...43       SET     180    -0.078511   -0.0043545     0.061173      0.90033 GOBP_POSITIVE_REGULATION_OF_VASCULATURE_DEVELOPMENT
GOBP_POSITIVE_THYMIC_T_CELL_...         SET      14    0.0043962   6.8097e-05      0.21574      0.49187 GOBP_POSITIVE_THYMIC_T_CELL_SELECTION
GOBP_POSITIVE_T_CELL_SELECTI...         SET      35    -0.099467   -0.0024357      0.14457      0.75428 GOBP_POSITIVE_T_CELL_SELECTION
GOBP_PRODUCTION_OF_MOLECULAR...         SET     303     -0.04593   -0.0033016     0.047934      0.83101 GOBP_PRODUCTION_OF_MOLECULAR_MEDIATOR_OF_IMMUNE_RESPONSE
GOBP_PROTEASOMAL_PROTEIN_CAT...         SET     475   -0.0076041  -0.00068337     0.036696      0.58208 GOBP_PROTEASOMAL_PROTEIN_CATABOLIC_PROCESS
GOBP_PROTEASOME_MEDIATED_UBI...         SET     400   -0.0036739  -0.00030318     0.040017      0.53657 GOBP_PROTEASOME_MEDIATED_UBIQUITIN_DEPENDENT_PROTEIN_CATABOLIC_PROCESS
GOBP_PROTEIN_FOLDING                    SET     205    -0.021023   -0.0012441     0.055944      0.64646 GOBP_PROTEIN_FOLDING
GOBP_PROTEIN_K63_LINKED_UBIQ...         SET      56     0.052331    0.0016206      0.10981      0.31684 GOBP_PROTEIN_K63_LINKED_UBIQUITINATION
GOBP_PROTEIN_LOCALIZATION_TO...         SET     351     0.025077    0.0019394     0.043204      0.28081 GOBP_PROTEIN_LOCALIZATION_TO_EXTRACELLULAR_REGION
GOBP_PROTEIN_POLYUBIQUITINAT...         SET     236    0.0098356   0.00062433     0.052064      0.42508 GOBP_PROTEIN_POLYUBIQUITINATION
GOBP_PROTEIN_STABILIZATION              SET     182    -0.055944   -0.0031199     0.058871      0.82901 GOBP_PROTEIN_STABILIZATION
GOBP_PROTEIN_TARGETING                  SET     303     -0.07275   -0.0052295     0.044974      0.94712 GOBP_PROTEIN_TARGETING
GOBP_PROTON_TRANSMEMBRANE_TR...         SET     136     -0.06372   -0.0030731     0.070154      0.81813 GOBP_PROTON_TRANSMEMBRANE_TRANSPORT
GOBP_REGULATION_OF_ADAPTIVE_...         SET     183     0.082242    0.0045992     0.059887     0.084832 GOBP_REGULATION_OF_ADAPTIVE_IMMUNE_RESPONSE
GOBP_REGULATION_OF_ANATOMICA...         SET     466    0.0054115   0.00048173     0.037948       0.4433 GOBP_REGULATION_OF_ANATOMICAL_STRUCTURE_SIZE
GOBP_REGULATION_OF_ANTIGEN_P...         SET      19      0.11001    0.0019851      0.18955      0.28084 GOBP_REGULATION_OF_ANTIGEN_PROCESSING_AND_PRESENTATION
GOBP_REGULATION_OF_BONE_REMO...         SET      49       0.1148    0.0033257      0.11311      0.15509 GOBP_REGULATION_OF_BONE_REMODELING
GOBP_REGULATION_OF_BONE_RESO...         SET      41      0.19132    0.0050703      0.12956     0.069893 GOBP_REGULATION_OF_BONE_RESORPTION
GOBP_REGULATION_OF_B_CELL_AC...         SET     179   -0.0079368  -0.00043898     0.063221      0.54995 GOBP_REGULATION_OF_B_CELL_ACTIVATION
GOBP_REGULATION_OF_B_CELL_PR...         SET      62    -0.036103   -0.0011764      0.10433      0.63534 GOBP_REGULATION_OF_B_CELL_PROLIFERATION
GOBP_REGULATION_OF_CELL_CELL...         SET     445    -0.054429   -0.0047357     0.038891      0.91917 GOBP_REGULATION_OF_CELL_CELL_ADHESION
GOBP_REGULATION_OF_CELL_KILL...         SET     102    -0.096712   -0.0040406       0.0832      0.87746 GOBP_REGULATION_OF_CELL_KILLING
GOBP_REGULATION_OF_CEREBELLA...         SET      10     0.063725   0.00083428       0.2502      0.39948 GOBP_REGULATION_OF_CEREBELLAR_GRANULE_CELL_PRECURSOR_PROLIFERATION
GOBP_REGULATION_OF_CILIUM_BE...         SET      19    -0.011809  -0.00021308      0.18708      0.52516 GOBP_REGULATION_OF_CILIUM_BEAT_FREQUENCY
GOBP_REGULATION_OF_DNA_REPLI...         SET     128     -0.11804   -0.0055234     0.069198      0.95598 GOBP_REGULATION_OF_DNA_REPLICATION
GOBP_REGULATION_OF_DNA_TEMPL...         SET      50    0.0069423   0.00020316      0.11082      0.47503 GOBP_REGULATION_OF_DNA_TEMPLATED_TRANSCRIPTION_IN_RESPONSE_TO_STRESS
GOBP_REGULATION_OF_ESTABLISH...         SET     504      0.04213    0.0038991     0.035756      0.11935 GOBP_REGULATION_OF_ESTABLISHMENT_OF_PROTEIN_LOCALIZATION
GOBP_REGULATION_OF_HEMOPOIES...         SET     363   -0.0041476  -0.00032616     0.042504      0.53887 GOBP_REGULATION_OF_HEMOPOIESIS
GOBP_REGULATION_OF_HORMONE_S...         SET     228     0.014752   0.00092047     0.053112       0.3906 GOBP_REGULATION_OF_HORMONE_SECRETION
GOBP_REGULATION_OF_IMMUNE_EF...         SET     344    -0.042159   -0.0032279     0.043816      0.83202 GOBP_REGULATION_OF_IMMUNE_EFFECTOR_PROCESS
GOBP_REGULATION_OF_INNATE_IM...         SET     220    -0.090849   -0.0055687     0.055688      0.94859 GOBP_REGULATION_OF_INNATE_IMMUNE_RESPONSE
GOBP_REGULATION_OF_LEUKOCYTE...1        SET     278    0.0056594   0.00038976     0.048501      0.45356 GOBP_REGULATION_OF_LEUKOCYTE_DIFFERENTIATION
GOBP_REGULATION_OF_LEUKOCYTE...2        SET      84     -0.13736   -0.0052087     0.093662      0.92875 GOBP_REGULATION_OF_LEUKOCYTE_MEDIATED_CYTOTOXICITY
GOBP_REGULATION_OF_LEUKOCYTE...3        SET     228    -0.010395   -0.0006486     0.054349      0.57584 GOBP_REGULATION_OF_LEUKOCYTE_MEDIATED_IMMUNITY
GOBP_REGULATION_OF_LEUKOCYTE...4        SET     246    -0.078566   -0.0050912     0.051825      0.93524 GOBP_REGULATION_OF_LEUKOCYTE_PROLIFERATION
GOBP_REGULATION_OF_LIPID_CAT...         SET      60    0.0087415    0.0002802      0.10166      0.46574 GOBP_REGULATION_OF_LIPID_CATABOLIC_PROCESS
GOBP_REGULATION_OF_LYMPHOCYT...1        SET     504    -0.050063   -0.0046332      0.03695      0.91227 GOBP_REGULATION_OF_LYMPHOCYTE_ACTIVATION
GOBP_REGULATION_OF_LYMPHOCYT...2        SET     169     0.013675   0.00073499     0.063378      0.41458 GOBP_REGULATION_OF_LYMPHOCYTE_MEDIATED_IMMUNITY
GOBP_REGULATION_OF_MACROPHAG...         SET      61     -0.19062   -0.0061608      0.10289      0.96802 GOBP_REGULATION_OF_MACROPHAGE_ACTIVATION
GOBP_REGULATION_OF_MAP_KINAS...         SET     181    -0.098768   -0.0054931     0.058502      0.95432 GOBP_REGULATION_OF_MAP_KINASE_ACTIVITY
GOBP_REGULATION_OF_MICROGLIA...         SET      20     -0.28169    -0.005215       0.1693      0.95192 GOBP_REGULATION_OF_MICROGLIAL_CELL_ACTIVATION
GOBP_REGULATION_OF_MITOCHOND...         SET     141   -0.0013419  -6.5894e-05     0.066026      0.50811 GOBP_REGULATION_OF_MITOCHONDRION_ORGANIZATION
GOBP_REGULATION_OF_NATURAL_K...         SET      49     -0.26171   -0.0075818       0.1252       0.9817 GOBP_REGULATION_OF_NATURAL_KILLER_CELL_MEDIATED_IMMUNITY
GOBP_REGULATION_OF_NERVOUS_S...         SET     134      0.13341    0.0063868     0.070758     0.029686 GOBP_REGULATION_OF_NERVOUS_SYSTEM_PROCESS
GOBP_REGULATION_OF_NEUROTRAN...         SET     204    -0.034471   -0.0020349     0.057553      0.72539 GOBP_REGULATION_OF_NEUROTRANSMITTER_LEVELS
GOBP_REGULATION_OF_NUCLEAR_T...         SET      15      0.55538    0.0089047      0.21387    0.0047058 GOBP_REGULATION_OF_NUCLEAR_TRANSCRIBED_MRNA_POLY_A_TAIL_SHORTENING
GOBP_REGULATION_OF_PHAGOCYTO...         SET      99     0.054163    0.0022294     0.084582      0.26097 GOBP_REGULATION_OF_PHAGOCYTOSIS
GOBP_REGULATION_OF_PRODUCTIO...         SET     164    -0.011506  -0.00060922     0.061416       0.5743 GOBP_REGULATION_OF_PRODUCTION_OF_MOLECULAR_MEDIATOR_OF_IMMUNE_RESPONSE
GOBP_REGULATION_OF_PROTEIN_C...1        SET     368     0.030916    0.0024477      0.04117      0.22635 GOBP_REGULATION_OF_PROTEIN_CATABOLIC_PROCESS
GOBP_REGULATION_OF_PROTEIN_C...2        SET     390    -0.015467   -0.0012604     0.040629      0.64828 GOBP_REGULATION_OF_PROTEIN_CONTAINING_COMPLEX_ASSEMBLY
GOBP_REGULATION_OF_PROTEIN_S...1        SET     247     0.089379    0.0058036     0.051325     0.040807 GOBP_REGULATION_OF_PROTEIN_SECRETION
GOBP_REGULATION_OF_PROTEIN_S...2        SET     364    -0.072728    -0.005727     0.042504      0.95646 GOBP_REGULATION_OF_PROTEIN_SERINE_THREONINE_KINASE_ACTIVITY
GOBP_REGULATION_OF_PROTEIN_S...3        SET     289   -0.0082056  -0.00057613     0.046972      0.56934 GOBP_REGULATION_OF_PROTEIN_STABILITY
GOBP_REGULATION_OF_RAC_PROTE...         SET      20      0.18497    0.0034243      0.17817      0.14961 GOBP_REGULATION_OF_RAC_PROTEIN_SIGNAL_TRANSDUCTION
GOBP_REGULATION_OF_RESPONSE_...1        SET     337    -0.048619   -0.0036847     0.043977      0.86553 GOBP_REGULATION_OF_RESPONSE_TO_BIOTIC_STIMULUS
GOBP_REGULATION_OF_RESPONSE_...2        SET     171     -0.02518   -0.0013613     0.061432      0.65906 GOBP_REGULATION_OF_RESPONSE_TO_CYTOKINE_STIMULUS
GOBP_REGULATION_OF_SPROUTING...         SET      61      0.14847    0.0047985      0.10807     0.084763 GOBP_REGULATION_OF_SPROUTING_ANGIOGENESIS
GOBP_REGULATION_OF_SYNCYTIUM...         SET      30      -0.2604   -0.0059038      0.15529      0.95322 GOBP_REGULATION_OF_SYNCYTIUM_FORMATION_BY_PLASMA_MEMBRANE_FUSION
GOBP_REGULATION_OF_TRANS_SYN...         SET     415   -0.0050034  -0.00042052     0.040475      0.54919 GOBP_REGULATION_OF_TRANS_SYNAPTIC_SIGNALING
GOBP_REGULATION_OF_TYPE_I_IN...         SET      41     -0.18318   -0.0048546      0.12149      0.93418 GOBP_REGULATION_OF_TYPE_I_INTERFERON_MEDIATED_SIGNALING_PATHWAY
GOBP_REGULATION_OF_T_CELL_AC...         SET     333    -0.049793   -0.0037514     0.044582      0.86798 GOBP_REGULATION_OF_T_CELL_ACTIVATION
GOBP_REGULATION_OF_T_CELL_ME...         SET      40     0.062006    0.0016231      0.14086       0.3299 GOBP_REGULATION_OF_T_CELL_MEDIATED_CYTOTOXICITY
GOBP_REGULATION_OF_VASCULATU...         SET     334    -0.052403   -0.0039539     0.045339      0.87612 GOBP_REGULATION_OF_VASCULATURE_DEVELOPMENT
GOBP_REGULATION_OF_VIRAL_GEN...         SET      86     -0.10618   -0.0040738     0.093553       0.8718 GOBP_REGULATION_OF_VIRAL_GENOME_REPLICATION
GOBP_REGULATION_OF_VIRAL_PRO...         SET     156    -0.058457    -0.003019     0.067049      0.80835 GOBP_REGULATION_OF_VIRAL_PROCESS
GOBP_RESPIRATORY_ELECTRON_TR...         SET      99     0.043382    0.0017857     0.084117      0.30302 GOBP_RESPIRATORY_ELECTRON_TRANSPORT_CHAIN
GOBP_RESPONSE_TO_ENDOPLASMIC...         SET     249     0.078256    0.0051018     0.050994     0.062445 GOBP_RESPONSE_TO_ENDOPLASMIC_RETICULUM_STRESS
GOBP_RESPONSE_TO_EXTRACELLUL...         SET     463     0.032724    0.0029038     0.037473      0.19126 GOBP_RESPONSE_TO_EXTRACELLULAR_STIMULUS
GOBP_RESPONSE_TO_INTERFERON_...1        SET      20     -0.21259   -0.0039357      0.17662      0.88564 GOBP_RESPONSE_TO_INTERFERON_ALPHA
GOBP_RESPONSE_TO_INTERFERON_...2        SET     135    -0.089947    -0.004322     0.071957      0.89435 GOBP_RESPONSE_TO_INTERFERON_GAMMA
GOBP_RESPONSE_TO_STEROID_HOR...         SET     319    0.0090224   0.00066537     0.045951      0.42217 GOBP_RESPONSE_TO_STEROID_HORMONE
GOBP_RESPONSE_TO_TOPOLOGICAL...         SET     155      0.10828    0.0055743     0.062896      0.04257 GOBP_RESPONSE_TO_TOPOLOGICALLY_INCORRECT_PROTEIN
GOBP_RESPONSE_TO_TYPE_I_INTE...         SET      62    -0.094722   -0.0030864      0.10363      0.81964 GOBP_RESPONSE_TO_TYPE_I_INTERFERON
GOBP_RESPONSE_TO_VIRUS                  SET     380     -0.05978   -0.0048092     0.041538      0.92494 GOBP_RESPONSE_TO_VIRUS
GOBP_RIBONUCLEOPROTEIN_COMPL...         SET     432    -0.062139   -0.0053276     0.038058      0.94874 GOBP_RIBONUCLEOPROTEIN_COMPLEX_BIOGENESIS
GOBP_RIBOSOMAL_LARGE_SUBUNIT...1        SET      26      -0.3019   -0.0063723      0.16158      0.96915 GOBP_RIBOSOMAL_LARGE_SUBUNIT_ASSEMBLY
GOBP_RIBOSOMAL_LARGE_SUBUNIT...2        SET      70     -0.25675   -0.0088889     0.097057      0.99592 GOBP_RIBOSOMAL_LARGE_SUBUNIT_BIOGENESIS
GOBP_RIBOSOMAL_SMALL_SUBUNIT...         SET      72    0.0074896   0.00026296     0.095805      0.46884 GOBP_RIBOSOMAL_SMALL_SUBUNIT_BIOGENESIS
GOBP_RIBOSOME_ASSEMBLY                  SET      59      -0.1107   -0.0035186      0.11041      0.84196 GOBP_RIBOSOME_ASSEMBLY
GOBP_RIBOSOME_BIOGENESIS                SET     293     -0.08927   -0.0063108     0.045411      0.97534 GOBP_RIBOSOME_BIOGENESIS
GOBP_RNA_MEDIATED_GENE_SILEN...         SET      86    -0.062022   -0.0023797     0.099428      0.73362 GOBP_RNA_MEDIATED_GENE_SILENCING_BY_INHIBITION_OF_TRANSLATION
GOBP_SELECTIVE_AUTOPHAGY                SET      73     0.011856   0.00041916     0.092422      0.44896 GOBP_SELECTIVE_AUTOPHAGY
GOBP_SIGNAL_RELEASE                     SET     436     0.014716    0.0012675     0.038896      0.35259 GOBP_SIGNAL_RELEASE
GOBP_SPINDLE_ORGANIZATION               SET     199    -0.023569   -0.0013743      0.05626      0.66237 GOBP_SPINDLE_ORGANIZATION
GOBP_TEMPERATURE_HOMEOSTASIS            SET     175     0.068677    0.0037559       0.0622      0.13477 GOBP_TEMPERATURE_HOMEOSTASIS
GOBP_TRANSFERRIN_TRANSPORT              SET      10       0.2725    0.0035675      0.27249      0.15865 GOBP_TRANSFERRIN_TRANSPORT
GOBP_TUMOR_NECROSIS_FACTOR_S...         SET     182    -0.011736  -0.00065449     0.059678      0.57795 GOBP_TUMOR_NECROSIS_FACTOR_SUPERFAMILY_CYTOKINE_PRODUCTION
GOBP_TYPE_I_INTERFERON_PRODU...         SET      91    0.0042262   0.00016679     0.082325      0.47953 GOBP_TYPE_I_INTERFERON_PRODUCTION
GOBP_T_CELL_ACTIVATION                  SET     494    -0.037889   -0.0034719     0.036901      0.84773 GOBP_T_CELL_ACTIVATION
GOBP_T_CELL_DIFFERENTIATION             SET     259    -0.039502   -0.0026263     0.051194      0.77983 GOBP_T_CELL_DIFFERENTIATION
GOBP_T_CELL_DIFFERENTIATION_...         SET      76     -0.13779   -0.0049703     0.092226      0.93241 GOBP_T_CELL_DIFFERENTIATION_IN_THYMUS
GOBP_T_CELL_MEDIATED_CYTOTOX...         SET      49     0.027054   0.00078377      0.12723       0.4158 GOBP_T_CELL_MEDIATED_CYTOTOXICITY
GOBP_VASCULAR_ASSOCIATED_SMO...         SET      77     0.058152    0.0021114      0.09039         0.26 GOBP_VASCULAR_ASSOCIATED_SMOOTH_MUSCLE_CELL_PROLIFERATION
GOBP_VIRAL_GENOME_REPLICATION           SET     128      -0.0832   -0.0038931     0.072993      0.87282 GOBP_VIRAL_GENOME_REPLICATION
GOBP_VIRAL_LIFE_CYCLE                   SET     310    -0.048633   -0.0035358     0.045902      0.85531 GOBP_VIRAL_LIFE_CYCLE
GOBP_VIRAL_PROCESS                      SET     405    -0.067374   -0.0055943     0.040087      0.95359 GOBP_VIRAL_PROCESS
GOCC_AXON_CYTOPLASM                     SET      59       0.1121    0.0035634      0.10391      0.14033 GOCC_AXON_CYTOPLASM
GOCC_AZUROPHIL_GRANULE                  SET     152   -0.0038627  -0.00019692     0.065364      0.52356 GOCC_AZUROPHIL_GRANULE
GOCC_AZUROPHIL_GRANULE_LUMEN            SET      89      0.12721     0.004965     0.087437     0.072857 GOCC_AZUROPHIL_GRANULE_LUMEN
GOCC_BLOOD_MICROPARTICLE                SET     141      0.22298      0.01095     0.068695   0.00058561 GOCC_BLOOD_MICROPARTICLE
GOCC_CELL_SUBSTRATE_JUNCTION            SET     415    0.0032009   0.00026902     0.038683      0.46703 GOCC_CELL_SUBSTRATE_JUNCTION
GOCC_CHAPERONE_COMPLEX                  SET      34      -0.1855    -0.004477      0.15066      0.89088 GOCC_CHAPERONE_COMPLEX
GOCC_CHROMOSOMAL_REGION                 SET     353    -0.045212   -0.0035064     0.042063      0.85878 GOCC_CHROMOSOMAL_REGION
GOCC_CILIARY_BASAL_BODY                 SET     156       0.1231    0.0063575     0.061344     0.022391 GOCC_CILIARY_BASAL_BODY
GOCC_CILIARY_PLASM                      SET     130      0.11951    0.0056355     0.068848     0.041296 GOCC_CILIARY_PLASM
GOCC_CLATHRIN_COATED_PIT                SET      68      0.12805    0.0043694     0.097692     0.094974 GOCC_CLATHRIN_COATED_PIT
GOCC_CLATHRIN_COATED_VESICLE            SET     187    -0.039242   -0.0022183     0.058379      0.74927 GOCC_CLATHRIN_COATED_VESICLE
GOCC_CLATHRIN_COATED_VESICLE...         SET     106    -0.096748   -0.0041204     0.077298      0.89464 GOCC_CLATHRIN_COATED_VESICLE_MEMBRANE
GOCC_CLATHRIN_SCULPTED_VESIC...         SET      12    -0.089108   -0.0012779      0.22523      0.65381 GOCC_CLATHRIN_SCULPTED_VESICLE
GOCC_COATED_VESICLE                     SET     280   -0.0005716  -3.9506e-05     0.048191      0.50473 GOCC_COATED_VESICLE
GOCC_COATED_VESICLE_MEMBRANE            SET     168      -0.0337   -0.0018059     0.062244      0.70589 GOCC_COATED_VESICLE_MEMBRANE
GOCC_CONDENSED_CHROMOSOME               SET     243     0.040971    0.0026389     0.050165      0.20704 GOCC_CONDENSED_CHROMOSOME
GOCC_CYTOSOLIC_LARGE_RIBOSOM...         SET      55     -0.26818   -0.0082308      0.11796       0.9885 GOCC_CYTOSOLIC_LARGE_RIBOSOMAL_SUBUNIT
GOCC_CYTOSOLIC_RIBOSOME                 SET      96      -0.1305   -0.0052896     0.089389      0.92784 GOCC_CYTOSOLIC_RIBOSOME
GOCC_CYTOSOLIC_SMALL_RIBOSOM...         SET      40    -0.015668  -0.00041015      0.14101      0.54424 GOCC_CYTOSOLIC_SMALL_RIBOSOMAL_SUBUNIT
GOCC_DISTAL_AXON                        SET     253      0.14514    0.0095378     0.051929    0.0025957 GOCC_DISTAL_AXON
GOCC_EARLY_ENDOSOME                     SET     379   -0.0036956  -0.00029691     0.041896      0.53514 GOCC_EARLY_ENDOSOME
GOCC_ENDOCYTIC_VESICLE                  SET     321    -0.028015   -0.0020725     0.044925      0.73356 GOCC_ENDOCYTIC_VESICLE
GOCC_ENDOPLASMIC_RETICULUM_P...         SET     121    -0.095106    -0.004327     0.073117      0.90332 GOCC_ENDOPLASMIC_RETICULUM_PROTEIN_CONTAINING_COMPLEX
GOCC_FICOLIN_1_RICH_GRANULE             SET     180     0.038209    0.0021192     0.059291      0.25965 GOCC_FICOLIN_1_RICH_GRANULE
GOCC_FICOLIN_1_RICH_GRANULE_...         SET     121      0.11678    0.0053133     0.072161     0.052794 GOCC_FICOLIN_1_RICH_GRANULE_LUMEN
GOCC_INNER_MITOCHONDRIAL_MEM...         SET     134    0.0013278   6.3564e-05     0.072769      0.49272 GOCC_INNER_MITOCHONDRIAL_MEMBRANE_PROTEIN_COMPLEX
GOCC_INTRINSIC_COMPONENT_OF_...1        SET     165    -0.028295   -0.0015027      0.06275      0.67397 GOCC_INTRINSIC_COMPONENT_OF_ENDOPLASMIC_RETICULUM_MEMBRANE
GOCC_INTRINSIC_COMPONENT_OF_...2        SET      81    -0.022186  -0.00082613     0.087578      0.59999 GOCC_INTRINSIC_COMPONENT_OF_MITOCHONDRIAL_MEMBRANE
GOCC_INTRINSIC_COMPONENT_OF_...3        SET     389    -0.047847   -0.0038942      0.04038      0.88197 GOCC_INTRINSIC_COMPONENT_OF_ORGANELLE_MEMBRANE
GOCC_KERATIN_FILAMENT                   SET      98      0.18413    0.0075408      0.11566     0.055699 GOCC_KERATIN_FILAMENT
GOCC_LARGE_RIBOSOMAL_SUBUNIT            SET     109    -0.052165   -0.0022528     0.079545      0.74402 GOCC_LARGE_RIBOSOMAL_SUBUNIT
GOCC_LYSOSOMAL_LUMEN                    SET      91     -0.14653   -0.0057829     0.085562       0.9566 GOCC_LYSOSOMAL_LUMEN
GOCC_MHC_PROTEIN_COMPLEX                SET      24      0.16544    0.0033549        0.182      0.18168 GOCC_MHC_PROTEIN_COMPLEX
GOCC_MITOCHONDRIAL_MATRIX               SET     458     0.046215    0.0040789     0.037759      0.11049 GOCC_MITOCHONDRIAL_MATRIX
GOCC_MITOCHONDRIAL_PROTEIN_C...         SET     255       0.0329    0.0021705     0.052473      0.26533 GOCC_MITOCHONDRIAL_PROTEIN_CONTAINING_COMPLEX
GOCC_MOTILE_CILIUM                      SET     219    -0.020036   -0.0012253     0.053798      0.64521 GOCC_MOTILE_CILIUM
GOCC_OXIDOREDUCTASE_COMPLEX             SET     104      0.13708    0.0057827     0.080469     0.044245 GOCC_OXIDOREDUCTASE_COMPLEX
GOCC_PRESYNAPSE                         SET     470     0.042991    0.0038433     0.037405      0.12521 GOCC_PRESYNAPSE
GOCC_RECEPTOR_COMPLEX                   SET     491    -0.030655   -0.0028006     0.039885      0.77893 GOCC_RECEPTOR_COMPLEX
GOCC_RECYCLING_ENDOSOME_MEMB...         SET      89   -0.0052462  -0.00020476     0.084568      0.52473 GOCC_RECYCLING_ENDOSOME_MEMBRANE
GOCC_RESPIRASOME                        SET      87     0.052951    0.0020434     0.089837      0.27779 GOCC_RESPIRASOME
GOCC_RIBONUCLEOPROTEIN_GRANU...         SET     253    -0.081495   -0.0053554     0.050952      0.94514 GOCC_RIBONUCLEOPROTEIN_GRANULE
GOCC_RIBOSOMAL_SUBUNIT                  SET     172    -0.034185   -0.0018535     0.065115       0.7002 GOCC_RIBOSOMAL_SUBUNIT
GOCC_RIBOSOME                           SET     207     0.012305   0.00073167     0.058724      0.41702 GOCC_RIBOSOME
GOCC_RNA_POLYMERASE_II_TRANS...         SET     223      0.11449    0.0070653     0.053985     0.016972 GOCC_RNA_POLYMERASE_II_TRANSCRIPTION_REGULATOR_COMPLEX
GOCC_SECRETORY_GRANULE_MEMBR...         SET     300     -0.06072   -0.0043432     0.046218      0.90553 GOCC_SECRETORY_GRANULE_MEMBRANE
GOCC_SMALL_RIBOSOMAL_SUBUNIT            SET      66     0.072917    0.0024513      0.10864      0.25106 GOCC_SMALL_RIBOSOMAL_SUBUNIT
GOCC_SYNAPTIC_MEMBRANE                  SET     348      0.05258     0.004049      0.04514      0.12205 GOCC_SYNAPTIC_MEMBRANE
GOCC_TERMINAL_BOUTON                    SET      46      0.15292    0.0042925       0.1199      0.10108 GOCC_TERMINAL_BOUTON
GOCC_TERTIARY_GRANULE                   SET     158     0.013769   0.00071561     0.062064      0.41222 GOCC_TERTIARY_GRANULE
GOCC_TERTIARY_GRANULE_MEMBRA...         SET      69     0.015428   0.00053028     0.097758       0.4373 GOCC_TERTIARY_GRANULE_MEMBRANE
GOCC_TRANSPORTER_COMPLEX                SET     370     0.030548    0.0024251     0.044556      0.24649 GOCC_TRANSPORTER_COMPLEX
GOCC_TRANSPORT_VESICLE                  SET     382    0.0076379   0.00061605     0.041233      0.42652 GOCC_TRANSPORT_VESICLE
GOCC_TRANSPORT_VESICLE_MEMBR...         SET     196    -0.014734  -0.00085264     0.057227      0.60159 GOCC_TRANSPORT_VESICLE_MEMBRANE
GOCC_VACUOLAR_LUMEN                     SET     167    -0.011879  -0.00063466     0.063514      0.57418 GOCC_VACUOLAR_LUMEN
GOCC_VACUOLAR_MEMBRANE                  SET     436    -0.022752   -0.0019596     0.038458      0.72294 GOCC_VACUOLAR_MEMBRANE
GOCC_VESICLE_COAT                       SET      51     -0.01099  -0.00032482      0.10917       0.5401 GOCC_VESICLE_COAT
GOCC_VESICLE_LUMEN                      SET     314     0.092754    0.0067868     0.044914     0.019459 GOCC_VESICLE_LUMEN
GOMF_AMINO_ACID_CATION_SYMPO...         SET      22     0.024362   0.00047303       0.1693      0.44279 GOMF_AMINO_ACID_CATION_SYMPORTER_ACTIVITY
GOMF_CATALYTIC_ACTIVITY_ACTI...         SET     390    0.0074488   0.00060702     0.040223      0.42654 GOMF_CATALYTIC_ACTIVITY_ACTING_ON_RNA
GOMF_ENZYME_INHIBITOR_ACTIVI...         SET     379     0.012313   0.00098922      0.04286      0.38695 GOMF_ENZYME_INHIBITOR_ACTIVITY
GOMF_G_QUADRUPLEX_DNA_BINDING           SET      11      0.16215    0.0022265      0.22179      0.23236 GOMF_G_QUADRUPLEX_DNA_BINDING
GOMF_STRUCTURAL_CONSTITUENT_...         SET     160   -0.0091303  -0.00047752     0.068362      0.55312 GOMF_STRUCTURAL_CONSTITUENT_OF_RIBOSOME
HALLMARK_ADIPOGENESIS                   SET     196     -0.11693   -0.0067663     0.057146      0.97962 HALLMARK_ADIPOGENESIS
HALLMARK_ALLOGRAFT_REJECTION            SET     191    -0.068597   -0.0039187     0.058971      0.87763 HALLMARK_ALLOGRAFT_REJECTION
HALLMARK_CHOLESTEROL_HOMEOST...         SET      71      0.25135    0.0087635     0.091575    0.0030294 HALLMARK_CHOLESTEROL_HOMEOSTASIS
HALLMARK_COAGULATION                    SET     129    -0.017786  -0.00083545     0.069064      0.60161 HALLMARK_COAGULATION
HALLMARK_DNA_REPAIR                     SET     143      0.22033     0.010895     0.066035   0.00042456 HALLMARK_DNA_REPAIR
HALLMARK_E2F_TARGETS                    SET     192     -0.11433   -0.0065485     0.056525      0.97844 HALLMARK_E2F_TARGETS
HALLMARK_G2M_CHECKPOINT                 SET     192     -0.10172   -0.0058261     0.056482      0.96414 HALLMARK_G2M_CHECKPOINT
HALLMARK_HEME_METABOLISM                SET     190      0.10114    0.0057628      0.05647     0.036646 HALLMARK_HEME_METABOLISM
HALLMARK_IL6_JAK_STAT3_SIGNA...         SET      81     -0.12854   -0.0047866     0.087609      0.92884 HALLMARK_IL6_JAK_STAT3_SIGNALING
HALLMARK_INTERFERON_ALPHA_RE...         SET      97     -0.12569    -0.005121     0.083834      0.93309 HALLMARK_INTERFERON_ALPHA_RESPONSE
HALLMARK_INTERFERON_GAMMA_RE...         SET     198     0.047079    0.0027382     0.057717      0.20734 HALLMARK_INTERFERON_GAMMA_RESPONSE
HALLMARK_OXIDATIVE_PHOSPHORY...         SET     188     0.053622    0.0030392     0.058405      0.17928 HALLMARK_OXIDATIVE_PHOSPHORYLATION
HALLMARK_TNFA_SIGNALING_VIA_...         SET     198     0.011793   0.00068588      0.05813      0.41962 HALLMARK_TNFA_SIGNALING_VIA_NFKB
HALLMARK_UV_RESPONSE_UP                 SET     154     0.049972    0.0025642     0.062347      0.21142 HALLMARK_UV_RESPONSE_UP
HP_ABNORMALITY_OF_ACID_BASE_...         SET     351    0.0020004    0.0001547      0.04402      0.48188 HP_ABNORMALITY_OF_ACID_BASE_HOMEOSTASIS
HP_ABNORMALITY_OF_COMPLEMENT...         SET      30     0.095246    0.0021594      0.14171      0.25076 HP_ABNORMALITY_OF_COMPLEMENT_SYSTEM
HP_ABNORMALITY_OF_EXTRAPYRAM...         SET     248    -0.089328    -0.005812     0.052357        0.956 HP_ABNORMALITY_OF_EXTRAPYRAMIDAL_MOTOR_FUNCTION
HP_ABNORMALITY_OF_HUMORAL_IM...         SET     253    0.0082165   0.00053993     0.049777      0.43445 HP_ABNORMALITY_OF_HUMORAL_IMMUNITY
HP_ABNORMALITY_OF_TEMPERATUR...         SET     433     0.035235    0.0030244     0.038901      0.18253 HP_ABNORMALITY_OF_TEMPERATURE_REGULATION
HP_ABNORMALITY_OF_THE_BASAL_...         SET     205    -0.014497  -0.00085789     0.058077      0.59856 HP_ABNORMALITY_OF_THE_BASAL_GANGLIA
HP_ABNORMALITY_OF_THE_LYMPH_...         SET     201     0.019809    0.0011608     0.056303      0.36249 HP_ABNORMALITY_OF_THE_LYMPH_NODES
HP_ABNORMALITY_OF_THE_MITOCH...         SET     156      -0.0372   -0.0019212     0.065943      0.71367 HP_ABNORMALITY_OF_THE_MITOCHONDRION
HP_ABNORMALITY_OF_THE_PULMON...         SET     229    -0.058106   -0.0036335     0.053495       0.8613 HP_ABNORMALITY_OF_THE_PULMONARY_VASCULATURE
HP_ABNORMALITY_OF_THE_THENAR...         SET      29       0.2471    0.0055082      0.15414      0.05446 HP_ABNORMALITY_OF_THE_THENAR_EMINENCE
HP_ABNORMALITY_OF_THE_URETHRA           SET     384    -0.058139   -0.0047015     0.041537      0.91919 HP_ABNORMALITY_OF_THE_URETHRA
HP_ABNORMALITY_OF_THE_VOICE             SET     444     0.002516   0.00021866     0.038652      0.47405 HP_ABNORMALITY_OF_THE_VOICE
HP_ABNORMAL_ACTIVITY_OF_MITO...         SET      88    0.0098723   0.00038315     0.089772      0.45622 HP_ABNORMAL_ACTIVITY_OF_MITOCHONDRIAL_RESPIRATORY_CHAIN
HP_ABNORMAL_AGGRESSIVE_IMPUL...         SET     311     0.024643    0.0017945     0.046727      0.29896 HP_ABNORMAL_AGGRESSIVE_IMPULSIVE_OR_VIOLENT_BEHAVIOR
HP_ABNORMAL_CAUDATE_NUCLEUS_...         SET      21     -0.32657   -0.0061951      0.20652       0.9431 HP_ABNORMAL_CAUDATE_NUCLEUS_MORPHOLOGY
HP_ABNORMAL_CNS_MYELINATION             SET     285    0.0090873   0.00063363     0.047797      0.42461 HP_ABNORMAL_CNS_MYELINATION
HP_ABNORMAL_CONSUMPTION_BEHA...         SET     136     -0.10382   -0.0050072     0.073104      0.92222 HP_ABNORMAL_CONSUMPTION_BEHAVIOR
HP_ABNORMAL_CORPUS_STRIATUM_...         SET      36     -0.14121   -0.0035069      0.14508       0.8348 HP_ABNORMAL_CORPUS_STRIATUM_MORPHOLOGY
HP_ABNORMAL_CSF_METABOLITE_L...         SET      99     -0.13008   -0.0053543     0.082096      0.94346 HP_ABNORMAL_CSF_METABOLITE_LEVEL
HP_ABNORMAL_EATING_BEHAVIOR             SET     103     -0.12165   -0.0051073     0.084712      0.92451 HP_ABNORMAL_EATING_BEHAVIOR
HP_ABNORMAL_ERYTHROCYTE_ENZY...         SET      28      0.18588    0.0040713      0.15756      0.11906 HP_ABNORMAL_ERYTHROCYTE_ENZYME_LEVEL
HP_ABNORMAL_ERYTHROCYTE_SEDI...         SET      49      0.17181    0.0049773       0.1146     0.066922 HP_ABNORMAL_ERYTHROCYTE_SEDIMENTATION_RATE
HP_ABNORMAL_FEAR_ANXIETY_REL...         SET     364     0.064871    0.0051084     0.044401     0.072006 HP_ABNORMAL_FEAR_ANXIETY_RELATED_BEHAVIOR
HP_ABNORMAL_HEMOGLOBIN                  SET      54        0.114    0.0034669      0.11291      0.15634 HP_ABNORMAL_HEMOGLOBIN
HP_ABNORMAL_MEAN_CORPUSCULAR...         SET      48     0.077279    0.0022159      0.11549       0.2517 HP_ABNORMAL_MEAN_CORPUSCULAR_VOLUME
HP_ABNORMAL_NUMBER_OF_ERYTHR...         SET      39    0.0092699   0.00023961      0.12841      0.47123 HP_ABNORMAL_NUMBER_OF_ERYTHROID_PRECURSORS
HP_ABNORMAL_PERICARDIUM_MORP...         SET      68     0.038346    0.0013084     0.098733      0.34887 HP_ABNORMAL_PERICARDIUM_MORPHOLOGY
HP_ABNORMAL_SERUM_INTERFERON...         SET      21     -0.22611   -0.0042892      0.18266      0.89211 HP_ABNORMAL_SERUM_INTERFERON_LEVEL
HP_ABNORMAL_SPERM_MOTILITY              SET      75     -0.20582   -0.0073754     0.090615      0.98844 HP_ABNORMAL_SPERM_MOTILITY
HP_ABNORMAL_TONGUE_PHYSIOLOGY           SET      43    0.0077992   0.00021167      0.13089      0.47624 HP_ABNORMAL_TONGUE_PHYSIOLOGY
HP_ABNORMAL_VENA_CAVA_MORPHO...         SET      64     -0.20818   -0.0068918     0.097933      0.98324 HP_ABNORMAL_VENA_CAVA_MORPHOLOGY
HP_ABSENCE_OF_PUBERTAL_DEVEL...         SET      26     -0.36646   -0.0077349      0.14805      0.99334 HP_ABSENCE_OF_PUBERTAL_DEVELOPMENT
HP_ABSENT_SPEECH                        SET     294     0.056645    0.0040112     0.047762      0.11782 HP_ABSENT_SPEECH
HP_ABSENT_THUMB                         SET      47     0.059778    0.0016961      0.11679      0.30439 HP_ABSENT_THUMB
HP_ADENOCARCINOMA_OF_THE_INT...         SET      37      0.16391    0.0041268      0.13298      0.10887 HP_ADENOCARCINOMA_OF_THE_INTESTINES
HP_AMYLOIDOSIS                          SET      29    -0.047109   -0.0010501      0.14596      0.62655 HP_AMYLOIDOSIS
HP_APLASIA_HYPOPLASIA_OF_THE...         SET      81     -0.17554   -0.0065368     0.085586      0.97987 HP_APLASIA_HYPOPLASIA_OF_THE_SPLEEN
HP_APNEA                                SET     278     0.021327    0.0014688     0.049692       0.3339 HP_APNEA
HP_ARTHRITIS                            SET     188     -0.16699   -0.0094649     0.059436      0.99752 HP_ARTHRITIS
HP_ATONIC_SEIZURE                       SET      96     -0.15958   -0.0064682     0.085162      0.96952 HP_ATONIC_SEIZURE
HP_AUTOIMMUNITY                         SET     172    -0.013556  -0.00073502     0.062237      0.58621 HP_AUTOIMMUNITY
HP_BONE_CYST                            SET      29      0.32647    0.0072774      0.13612    0.0082334 HP_BONE_CYST
HP_BRACHYCEPHALY                        SET     197     0.013946   0.00080907     0.057835      0.40473 HP_BRACHYCEPHALY
HP_BRADYKINESIA                         SET      96     -0.13371   -0.0054198     0.084208      0.94384 HP_BRADYKINESIA
HP_CENTRAL_SLEEP_APNEA                  SET      24      0.27652    0.0056077       0.1605     0.042462 HP_CENTRAL_SLEEP_APNEA
HP_CEREBRAL_VISUAL_IMPAIRMENT           SET     201     -0.04338    -0.002542     0.057269      0.77562 HP_CEREBRAL_VISUAL_IMPAIRMENT
HP_CHOREA                               SET     253    -0.088049    -0.005786       0.0518      0.95541 HP_CHOREA
HP_COARCTATION_OF_AORTA                 SET     112     0.024784     0.001085     0.070985      0.36349 HP_COARCTATION_OF_AORTA
HP_COGWHEEL_RIGIDITY                    SET      23      -0.3214   -0.0063807      0.17503      0.96684 HP_COGWHEEL_RIGIDITY
HP_COMPLEX_FEBRILE_SEIZURE              SET      15    0.0036361     5.83e-05      0.21179      0.49315 HP_COMPLEX_FEBRILE_SEIZURE
HP_DEPRESSION                           SET     349     0.027044    0.0020855     0.043867      0.26879 HP_DEPRESSION
HP_DEVELOPMENTAL_CATARACT               SET     115     0.055196    0.0024483     0.073909      0.22759 HP_DEVELOPMENTAL_CATARACT
HP_DEVELOPMENTAL_REGRESSION             SET     332    -0.033884    -0.002549     0.045473      0.77191 HP_DEVELOPMENTAL_REGRESSION
HP_DILATION_OF_LATERAL_VENTR...         SET      77     0.057715    0.0020955     0.094447      0.27057 HP_DILATION_OF_LATERAL_VENTRICLES
HP_DISINHIBITION                        SET     189     0.066306     0.003768     0.057805      0.12568 HP_DISINHIBITION
HP_DISTAL_AMYOTROPHY                    SET     160      0.15037    0.0078641     0.064702     0.010066 HP_DISTAL_AMYOTROPHY
HP_DUPLICATION_OF_THUMB_PHAL...         SET      50     0.092213    0.0026986      0.11519       0.2117 HP_DUPLICATION_OF_THUMB_PHALANX
HP_DYSPHAGIA                            SET     439     0.025682    0.0022195     0.039157      0.25595 HP_DYSPHAGIA
HP_EARLY_ONSET_OF_SEXUAL_MAT...         SET     185      0.12751    0.0071692     0.060849     0.018067 HP_EARLY_ONSET_OF_SEXUAL_MATURATION
HP_ENCEPHALOPATHY                       SET     251     0.038723    0.0025346     0.053351      0.23398 HP_ENCEPHALOPATHY
HP_ENLARGED_CISTERNA_MAGNA              SET      36     0.086037    0.0021367      0.14306      0.27379 HP_ENLARGED_CISTERNA_MAGNA
HP_ERYTHROID_HYPOPLASIA                 SET      24      0.10733    0.0021766      0.16253      0.25452 HP_ERYTHROID_HYPOPLASIA
HP_EUNUCHOID_HABITUS                    SET      20      -0.4807   -0.0088993      0.16505      0.99821 HP_EUNUCHOID_HABITUS
HP_FAILURE_TO_THRIVE_IN_INFA...         SET     129     0.051017    0.0023964     0.076728      0.25306 HP_FAILURE_TO_THRIVE_IN_INFANCY
HP_FEMALE_SEXUAL_DYSFUNCTION            SET      55     -0.28117   -0.0086294      0.10451      0.99643 HP_FEMALE_SEXUAL_DYSFUNCTION
HP_FEVER                                SET     316   -0.0015921  -0.00011686     0.045341      0.51401 HP_FEVER
HP_FOCAL_MOTOR_SEIZURE                  SET     100    -0.069663   -0.0028818      0.08607      0.79085 HP_FOCAL_MOTOR_SEIZURE
HP_FUNCTIONAL_MOTOR_DEFICIT             SET     439    -0.015084   -0.0013036      0.03934      0.64929 HP_FUNCTIONAL_MOTOR_DEFICIT
HP_GASTROESOPHAGEAL_REFLUX              SET     399    -0.010355  -0.00085347     0.041221      0.59917 HP_GASTROESOPHAGEAL_REFLUX
HP_GENERALIZED_MYOCLONIC_SEI...         SET     140     0.031714    0.0015518     0.069018      0.32293 HP_GENERALIZED_MYOCLONIC_SEIZURE
HP_GLAUCOMA                             SET     327   -0.0050179  -0.00037464     0.044984      0.54441 HP_GLAUCOMA
HP_HYPOMIMIC_FACE                       SET      31      0.10361    0.0023879      0.15303      0.24919 HP_HYPOMIMIC_FACE
HP_HYPOPLASIA_OF_THE_CORPUS_...         SET     458    -0.016093   -0.0014203      0.03812      0.66355 HP_HYPOPLASIA_OF_THE_CORPUS_CALLOSUM
HP_HYPOSMIA                             SET      55     -0.27051   -0.0083024      0.11191      0.99218 HP_HYPOSMIA
HP_INCREASED_CSF_LACTATE                SET      77    -0.061961   -0.0022497     0.094042      0.74501 HP_INCREASED_CSF_LACTATE
HP_INCREASED_MEAN_CORPUSCULA...         SET      38     0.043674    0.0011143      0.13203       0.3704 HP_INCREASED_MEAN_CORPUSCULAR_VOLUME
HP_INCREASED_SERUM_LACTATE              SET     164    -0.030648   -0.0016227     0.064059      0.68383 HP_INCREASED_SERUM_LACTATE
HP_INTERICTAL_EEG_ABNORMALITY           SET     275    -0.032401   -0.0022194     0.048521      0.74786 HP_INTERICTAL_EEG_ABNORMALITY
HP_IRRITABILITY                         SET     199     0.025547    0.0014896     0.058217       0.3304 HP_IRRITABILITY
HP_LACTIC_ACIDOSIS                      SET     152     0.085405    0.0043539     0.066949      0.10104 HP_LACTIC_ACIDOSIS
HP_LEUKODYSTROPHY                       SET     100     -0.11715   -0.0048464      0.08343      0.91987 HP_LEUKODYSTROPHY
HP_MACROCYTIC_ANEMIA                    SET      62      0.16969    0.0055291     0.098406     0.042324 HP_MACROCYTIC_ANEMIA
HP_MALIGNANT_GENITOURINARY_T...         SET      25      0.10783    0.0022318      0.16377      0.25513 HP_MALIGNANT_GENITOURINARY_TRACT_TUMOR
HP_MENINGITIS                           SET      67     -0.12313   -0.0041706       0.1011      0.88837 HP_MENINGITIS
HP_MENTAL_DETERIORATION                 SET     298    -0.015736   -0.0011218     0.046399      0.63275 HP_MENTAL_DETERIORATION
HP_MOTOR_SEIZURE                        SET     320    -0.034864   -0.0025751     0.045533      0.77806 HP_MOTOR_SEIZURE
HP_MULTICYSTIC_KIDNEY_DYSPLA...         SET     108    -0.094016   -0.0040416     0.075837      0.89246 HP_MULTICYSTIC_KIDNEY_DYSPLASIA
HP_MUSCLE_STIFFNESS                     SET      69     0.027642   0.00095011     0.097326       0.3882 HP_MUSCLE_STIFFNESS
HP_MYELODYSPLASIA                       SET      96     0.005512   0.00022342     0.079235      0.47227 HP_MYELODYSPLASIA
HP_MYOCLONIC_SEIZURE                    SET     173     0.019671    0.0010697     0.061882      0.37529 HP_MYOCLONIC_SEIZURE
HP_MYOCLONUS                            SET     321   -0.0080445  -0.00059511     0.045869      0.56961 HP_MYOCLONUS
HP_MYOSITIS                             SET      31     -0.20438   -0.0047102      0.14538      0.92011 HP_MYOSITIS
HP_NARROW_PALM                          SET      15     -0.16481   -0.0026424      0.22923      0.76392 HP_NARROW_PALM
HP_OSTEOSARCOMA                         SET      32      0.12434    0.0029114      0.13791      0.18364 HP_OSTEOSARCOMA
HP_PARKINSONISM                         SET     109     -0.01096  -0.00047332     0.077827        0.556 HP_PARKINSONISM
HP_PAROXYSMAL_DYSKINESIA                SET      12      0.18239    0.0026157       0.2714      0.25079 HP_PAROXYSMAL_DYSKINESIA
HP_PARTIAL_DUPLICATION_OF_TH...         SET      38     0.052875    0.0013491      0.13716      0.34994 HP_PARTIAL_DUPLICATION_OF_THE_PHALANX_OF_HAND
HP_PERIPHERAL_NEUROPATHY                SET     412     0.011226   0.00094014     0.040353      0.39043 HP_PERIPHERAL_NEUROPATHY
HP_PERSISTENCE_OF_HEMOGLOBIN...         SET      29      0.12492    0.0027846      0.15202      0.20562 HP_PERSISTENCE_OF_HEMOGLOBIN_F
HP_PLAGIOCEPHALY                        SET     108      0.16139    0.0069381      0.07629     0.017195 HP_PLAGIOCEPHALY
HP_PLANTAR_HYPERKERATOSIS               SET     155     0.066612    0.0034291     0.064588      0.15119 HP_PLANTAR_HYPERKERATOSIS
HP_POLYPHAGIA                           SET      65       -0.151   -0.0050378       0.1099      0.91528 HP_POLYPHAGIA
HP_PROGRESSIVE_NEUROLOGIC_DE...         SET      50    -0.043594   -0.0012758      0.11673       0.6456 HP_PROGRESSIVE_NEUROLOGIC_DETERIORATION
HP_PROTRUDING_EAR                       SET     169    0.0081381    0.0004374     0.064455      0.44976 HP_PROTRUDING_EAR
HP_PULMONARY_INFILTRATES                SET      49     -0.13438    -0.003893       0.1169      0.87481 HP_PULMONARY_INFILTRATES
HP_PURE_RED_CELL_APLASIA                SET      24     0.065753    0.0013334      0.16286      0.34321 HP_PURE_RED_CELL_APLASIA
HP_RAPIDLY_PROGRESSIVE                  SET      36     -0.12209   -0.0030319      0.12772      0.83043 HP_RAPIDLY_PROGRESSIVE
HP_RENAL_CYST                           SET     260    -0.071277    -0.004748     0.050502      0.92093 HP_RENAL_CYST
HP_RETICULOCYTOPENIA                    SET      33     0.051665    0.0012285       0.1436      0.35951 HP_RETICULOCYTOPENIA
HP_RIGIDITY                             SET     177    -0.024264   -0.0013345     0.062026      0.65217 HP_RIGIDITY
HP_SHORT_ATTENTION_SPAN                 SET     403     0.022751    0.0018845     0.041588      0.29217 HP_SHORT_ATTENTION_SPAN
HP_SPASTIC_TETRAPLEGIA                  SET      98     0.012311   0.00050418     0.081094      0.43967 HP_SPASTIC_TETRAPLEGIA
HP_STATUS_EPILEPTICUS                   SET     186    -0.011118  -0.00062679     0.059982      0.57352 HP_STATUS_EPILEPTICUS
HP_STEREOTYPY                           SET     232      0.01779    0.0011197     0.054252      0.37149 HP_STEREOTYPY
HP_SYSTEMIC_LUPUS_ERYTHEMATO...         SET      33      0.17731    0.0042162      0.15072       0.1197 HP_SYSTEMIC_LUPUS_ERYTHEMATOSUS
HP_THROMBOCYTOSIS                       SET      53      0.11391     0.003432      0.10738      0.14438 HP_THROMBOCYTOSIS
HP_TUBE_FEEDING                         SET     234    -0.035414   -0.0022385     0.052832      0.74867 HP_TUBE_FEEDING
HP_UNSTEADY_GAIT                        SET     152     0.097206    0.0049555     0.067969     0.076339 HP_UNSTEADY_GAIT
HP_UNUSUAL_FUNGAL_INFECTION             SET      63   -0.0023663  -7.7721e-05     0.098243      0.50961 HP_UNUSUAL_FUNGAL_INFECTION
HP_UNUSUAL_INFECTION_BY_ANAT...         SET      91      -0.1673   -0.0066025     0.084378       0.9763 HP_UNUSUAL_INFECTION_BY_ANATOMICAL_SITE
HP_VERTIGO                              SET     108     0.097538     0.004193     0.078794      0.10788 HP_VERTIGO
HP_WEAKNESS_DUE_TO_UPPER_MOT...         SET     440      0.03281    0.0028388     0.039265      0.20169 HP_WEAKNESS_DUE_TO_UPPER_MOTOR_NEURON_DYSFUNCTION
KEGG_ALZHEIMERS_DISEASE                 SET     155    -0.044282   -0.0022796     0.066012      0.74883 KEGG_ALZHEIMERS_DISEASE
KEGG_ANTIGEN_PROCESSING_AND_...         SET      81      0.12248    0.0045608     0.099027      0.10808 KEGG_ANTIGEN_PROCESSING_AND_PRESENTATION
KEGG_ENDOCYTOSIS                        SET     177     0.028765    0.0015821     0.061787      0.32077 KEGG_ENDOCYTOSIS
KEGG_GLYCOLYSIS_GLUCONEOGENE...         SET      59     0.040909    0.0013004      0.10464      0.34791 KEGG_GLYCOLYSIS_GLUCONEOGENESIS
KEGG_GRAFT_VERSUS_HOST_DISEA...         SET      37      0.13337    0.0033579      0.14645      0.18124 KEGG_GRAFT_VERSUS_HOST_DISEASE
KEGG_HISTIDINE_METABOLISM               SET      27     0.068572    0.0014749      0.15254      0.32652 KEGG_HISTIDINE_METABOLISM
KEGG_HUNTINGTONS_DISEASE                SET     171   -0.0061451  -0.00033222     0.062877      0.53893 KEGG_HUNTINGTONS_DISEASE
KEGG_OXIDATIVE_PHOSPHORYLATI...         SET     115    -0.039687   -0.0017604     0.076606      0.69779 KEGG_OXIDATIVE_PHOSPHORYLATION
KEGG_PARKINSONS_DISEASE                 SET     111     0.020021   0.00087249     0.075075      0.39486 KEGG_PARKINSONS_DISEASE
KEGG_PATHWAYS_IN_CANCER                 SET     316   -0.0087286  -0.00064069     0.045145      0.57666 KEGG_PATHWAYS_IN_CANCER
KEGG_RIBOSOME                           SET      83     -0.16622   -0.0062654     0.095486      0.95913 KEGG_RIBOSOME
KEGG_RIG_I_LIKE_RECEPTOR_SIG...         SET      67     0.018971   0.00064258     0.095782       0.4215 KEGG_RIG_I_LIKE_RECEPTOR_SIGNALING_PATHWAY
KEGG_SYSTEMIC_LUPUS_ERYTHEMA...         SET     130     -0.24972    -0.011775     0.086132      0.99813 KEGG_SYSTEMIC_LUPUS_ERYTHEMATOSUS
KEGG_THYROID_CANCER                     SET      29      0.23173    0.0051656      0.13677     0.045107 KEGG_THYROID_CANCER
KEGG_TOLL_LIKE_RECEPTOR_SIGN...         SET      98    -0.018122  -0.00074217     0.082377      0.58706 KEGG_TOLL_LIKE_RECEPTOR_SIGNALING_PATHWAY
KEGG_TYPE_I_DIABETES_MELLITUS           SET      41      0.11966    0.0031714      0.13727      0.19167 KEGG_TYPE_I_DIABETES_MELLITUS
REACTOME_ACTIVATION_OF_ANTER...         SET     117     -0.12047   -0.0053898     0.087335      0.91611 REACTOME_ACTIVATION_OF_ANTERIOR_HOX_GENES_IN_HINDBRAIN_DEVELOPMENT_DURING_EARLY_EMBRYOGENESIS
REACTOME_ACTIVATION_OF_THE_M...         SET      55     0.060577    0.0018592      0.11422      0.29793 REACTOME_ACTIVATION_OF_THE_MRNA_UPON_BINDING_OF_THE_CAP_BINDING_COMPLEX_AND_EIFS_AND_SUBSEQUENT_BINDING_TO_43S
REACTOME_ANTIGEN_PRESENTATIO...         SET      24      0.10663    0.0021623      0.17409      0.27011 REACTOME_ANTIGEN_PRESENTATION_FOLDING_ASSEMBLY_AND_PEPTIDE_LOADING_OF_CLASS_I_MHC
REACTOME_ANTIGEN_PROCESSING_...1        SET     100    -0.017992  -0.00074428     0.080389      0.58855 REACTOME_ANTIGEN_PROCESSING_CROSS_PRESENTATION
REACTOME_ANTIGEN_PROCESSING_...2        SET     297     0.014876    0.0010587     0.046223      0.37379 REACTOME_ANTIGEN_PROCESSING_UBIQUITINATION_PROTEASOME_DEGRADATION
REACTOME_ANTIVIRAL_MECHANISM...         SET      81    -0.075384   -0.0028071     0.089255      0.80083 REACTOME_ANTIVIRAL_MECHANISM_BY_IFN_STIMULATED_GENES
REACTOME_ASSEMBLY_OF_THE_ORC...         SET      66     -0.33746    -0.011345      0.12467       0.9966 REACTOME_ASSEMBLY_OF_THE_ORC_COMPLEX_AT_THE_ORIGIN_OF_REPLICATION
REACTOME_ATTENUATION_PHASE              SET      27      0.20805    0.0044749      0.17591      0.11846 REACTOME_ATTENUATION_PHASE
REACTOME_AUTOPHAGY                      SET     145    -0.072643   -0.0036172     0.065886      0.86489 REACTOME_AUTOPHAGY
REACTOME_CELLULAR_RESPONSE_T...         SET     149     -0.10017   -0.0050559     0.066825      0.93305 REACTOME_CELLULAR_RESPONSE_TO_STARVATION
REACTOME_CHOLESTEROL_BIOSYNT...         SET      23      0.20921    0.0041534      0.15496     0.088501 REACTOME_CHOLESTEROL_BIOSYNTHESIS
REACTOME_CLASS_A_1_RHODOPSIN...         SET     315     0.025198    0.0018467      0.04652      0.29402 REACTOME_CLASS_A_1_RHODOPSIN_LIKE_RECEPTORS
REACTOME_CLASS_I_MHC_MEDIATE...         SET     360     0.013838    0.0010837     0.042218      0.37154 REACTOME_CLASS_I_MHC_MEDIATED_ANTIGEN_PROCESSING_PRESENTATION
REACTOME_COMPLEX_I_BIOGENESIS           SET      49      0.10443    0.0030255      0.12573       0.2031 REACTOME_COMPLEX_I_BIOGENESIS
REACTOME_COPI_INDEPENDENT_GO...         SET      53     -0.24826   -0.0074799      0.11235      0.98644 REACTOME_COPI_INDEPENDENT_GOLGI_TO_ER_RETROGRADE_TRAFFIC
REACTOME_CREATION_OF_C4_AND_...         SET      70      0.11573    0.0040067      0.10323      0.13113 REACTOME_CREATION_OF_C4_AND_C2_ACTIVATORS
REACTOME_CROSSLINKING_OF_COL...         SET      16     -0.57765   -0.0095654      0.20578       0.9975 REACTOME_CROSSLINKING_OF_COLLAGEN_FIBRILS
REACTOME_DAP12_INTERACTIONS             SET      38      0.12354    0.0031521      0.13637       0.1825 REACTOME_DAP12_INTERACTIONS
REACTOME_DAP12_SIGNALING                SET      28      0.18759    0.0041089       0.1597      0.12007 REACTOME_DAP12_SIGNALING
REACTOME_DEFECTIVE_B4GALT7_C...         SET      17      0.19531    0.0033337      0.19458      0.15775 REACTOME_DEFECTIVE_B4GALT7_CAUSES_EDS_PROGEROID_TYPE
REACTOME_DEFECTIVE_EXT2_CAUS...         SET      12     0.021855   0.00031342       0.2333      0.46268 REACTOME_DEFECTIVE_EXT2_CAUSES_EXOSTOSES_2
REACTOME_DISEASES_OF_IMMUNE_...         SET      29     -0.17018   -0.0037935       0.1452      0.87941 REACTOME_DISEASES_OF_IMMUNE_SYSTEM
REACTOME_DISEASES_OF_SIGNAL_...         SET     418    -0.014561   -0.0012282     0.039386       0.6442 REACTOME_DISEASES_OF_SIGNAL_TRANSDUCTION_BY_GROWTH_FACTOR_RECEPTORS_AND_SECOND_MESSENGERS
REACTOME_DNA_DAMAGE_TELOMERE...         SET      77     -0.14707   -0.0053399      0.11425      0.90101 REACTOME_DNA_DAMAGE_TELOMERE_STRESS_INDUCED_SENESCENCE
REACTOME_DOWNSTREAM_SIGNALIN...1        SET      31     -0.12812   -0.0029527      0.15064      0.80247 REACTOME_DOWNSTREAM_SIGNALING_OF_ACTIVATED_FGFR1
REACTOME_DOWNSTREAM_SIGNALIN...2        SET      29     -0.13277   -0.0029597      0.15705      0.80106 REACTOME_DOWNSTREAM_SIGNALING_OF_ACTIVATED_FGFR2
REACTOME_DOWNSTREAM_SIGNALIN...3        SET      24     -0.14996    -0.003041      0.17198      0.80837 REACTOME_DOWNSTREAM_SIGNALING_OF_ACTIVATED_FGFR3
REACTOME_DOWNSTREAM_SIGNALIN...4        SET      26     0.017649   0.00037251       0.1615      0.45649 REACTOME_DOWNSTREAM_SIGNALING_OF_ACTIVATED_FGFR4
REACTOME_DOWNSTREAM_SIGNAL_T...         SET      29      0.13836    0.0030843      0.14969      0.17766 REACTOME_DOWNSTREAM_SIGNAL_TRANSDUCTION
REACTOME_DUAL_INCISION_IN_GG...         SET      40      0.16779    0.0043921      0.12025     0.081458 REACTOME_DUAL_INCISION_IN_GG_NER
REACTOME_ENDOSOMAL_VACUOLAR_...         SET      11      0.23594    0.0032396      0.27965      0.19942 REACTOME_ENDOSOMAL_VACUOLAR_PATHWAY
REACTOME_ER_TO_GOLGI_ANTEROG...         SET     151    -0.080354   -0.0040829     0.066103      0.88792 REACTOME_ER_TO_GOLGI_ANTEROGRADE_TRANSPORT
REACTOME_ESR_MEDIATED_SIGNAL...         SET     214    -0.039273   -0.0023744     0.059786      0.74438 REACTOME_ESR_MEDIATED_SIGNALING
REACTOME_ESTROGEN_DEPENDENT_...         SET     144    -0.029289   -0.0014534     0.078267      0.64588 REACTOME_ESTROGEN_DEPENDENT_GENE_EXPRESSION
REACTOME_EUKARYOTIC_TRANSLAT...1        SET      88     -0.18329   -0.0071138     0.092922      0.97572 REACTOME_EUKARYOTIC_TRANSLATION_ELONGATION
REACTOME_EUKARYOTIC_TRANSLAT...2        SET     112    -0.097232   -0.0042564     0.081413      0.88382 REACTOME_EUKARYOTIC_TRANSLATION_INITIATION
REACTOME_FACTORS_INVOLVED_IN...         SET     165     -0.19124    -0.010156     0.065379      0.99828 REACTOME_FACTORS_INVOLVED_IN_MEGAKARYOCYTE_DEVELOPMENT_AND_PLATELET_PRODUCTION
REACTOME_FGFR1C_LIGAND_BINDI...         SET      11     -0.49245   -0.0067617      0.24682      0.97699 REACTOME_FGFR1C_LIGAND_BINDING_AND_ACTIVATION
REACTOME_FGFR1_LIGAND_BINDIN...         SET      15     -0.41057   -0.0065828      0.21964      0.96921 REACTOME_FGFR1_LIGAND_BINDING_AND_ACTIVATION
REACTOME_FGFR1_MUTANT_RECEPT...         SET      31    -0.088141   -0.0020313      0.15406      0.71638 REACTOME_FGFR1_MUTANT_RECEPTOR_ACTIVATION
REACTOME_FGFR2_MUTANT_RECEPT...         SET      32      0.12019    0.0028143      0.14964      0.21094 REACTOME_FGFR2_MUTANT_RECEPTOR_ACTIVATION
REACTOME_FLT3_SIGNALING_IN_D...         SET      28      0.10678    0.0023389      0.15174      0.24081 REACTOME_FLT3_SIGNALING_IN_DISEASE
REACTOME_FORMATION_OF_THE_BE...         SET      89     -0.12908   -0.0050382      0.10271      0.89557 REACTOME_FORMATION_OF_THE_BETA_CATENIN_TCF_TRANSACTIVATING_COMPLEX
REACTOME_FRS_MEDIATED_FGFR1_...         SET      23     -0.22305   -0.0044281      0.16868      0.90697 REACTOME_FRS_MEDIATED_FGFR1_SIGNALING
REACTOME_FRS_MEDIATED_FGFR2_...         SET      24     -0.17605   -0.0035702      0.16629      0.85513 REACTOME_FRS_MEDIATED_FGFR2_SIGNALING
REACTOME_FRS_MEDIATED_FGFR3_...         SET      19     -0.20569   -0.0037116      0.18434      0.86776 REACTOME_FRS_MEDIATED_FGFR3_SIGNALING
REACTOME_FRS_MEDIATED_FGFR4_...         SET      21   -0.0090339  -0.00017137       0.1716      0.52099 REACTOME_FRS_MEDIATED_FGFR4_SIGNALING
REACTOME_GENE_SILENCING_BY_R...         SET     137    -0.043793   -0.0021198     0.074285      0.72224 REACTOME_GENE_SILENCING_BY_RNA
REACTOME_GOLGI_TO_ER_RETROGR...         SET     131     -0.10939   -0.0051779     0.072398      0.93459 REACTOME_GOLGI_TO_ER_RETROGRADE_TRANSPORT
REACTOME_GPCR_LIGAND_BINDING            SET     447     0.037989    0.0033127     0.039281      0.16675 REACTOME_GPCR_LIGAND_BINDING
REACTOME_G_ALPHA_Q_SIGNALLIN...         SET     206     0.078439    0.0046531     0.057663     0.086868 REACTOME_G_ALPHA_Q_SIGNALLING_EVENTS
REACTOME_HCMV_INFECTION                 SET     157     -0.15979   -0.0082784     0.071087       0.9877 REACTOME_HCMV_INFECTION
REACTOME_HIV_ELONGATION_ARRE...         SET      35      0.39507    0.0096742      0.13733    0.0020092 REACTOME_HIV_ELONGATION_ARREST_AND_RECOVERY
REACTOME_HSF1_DEPENDENT_TRAN...         SET      37      0.17989     0.004529      0.14362       0.1052 REACTOME_HSF1_DEPENDENT_TRANSACTIVATION
REACTOME_HSP90_CHAPERONE_CYC...         SET      56    -0.079748   -0.0024697      0.10991      0.76595 REACTOME_HSP90_CHAPERONE_CYCLE_FOR_STEROID_HORMONE_RECEPTORS_SHR_IN_THE_PRESENCE_OF_LIGAND
REACTOME_IMMUNOREGULATORY_IN...         SET     180     0.074808    0.0041491     0.062472      0.11557 REACTOME_IMMUNOREGULATORY_INTERACTIONS_BETWEEN_A_LYMPHOID_AND_A_NON_LYMPHOID_CELL
REACTOME_INFLUENZA_INFECTION            SET     150    -0.057529   -0.0029135     0.066668      0.80591 REACTOME_INFLUENZA_INFECTION
REACTOME_INITIAL_TRIGGERING_...         SET      77     0.097532    0.0035412     0.098116       0.1601 REACTOME_INITIAL_TRIGGERING_OF_COMPLEMENT
REACTOME_INTERFERON_ALPHA_BE...         SET      71     -0.15272   -0.0053248     0.099077      0.93839 REACTOME_INTERFERON_ALPHA_BETA_SIGNALING
REACTOME_INTERFERON_GAMMA_SI...         SET      89     0.066237    0.0025853     0.085915      0.22037 REACTOME_INTERFERON_GAMMA_SIGNALING
REACTOME_INTERFERON_SIGNALING           SET     198     -0.06815   -0.0039637     0.057707      0.88119 REACTOME_INTERFERON_SIGNALING
REACTOME_IRAK4_DEFICIENCY_TL...         SET      17     -0.16333   -0.0027878      0.19228      0.80217 REACTOME_IRAK4_DEFICIENCY_TLR2_4
REACTOME_IRS_MEDIATED_SIGNAL...         SET      47     0.054462    0.0015453      0.11376      0.31606 REACTOME_IRS_MEDIATED_SIGNALLING
REACTOME_LEISHMANIA_INFECTION           SET     301     0.021587    0.0015467     0.046886      0.32261 REACTOME_LEISHMANIA_INFECTION
REACTOME_MAPK_FAMILY_SIGNALI...         SET     316    -0.022834    -0.001676     0.045047      0.69388 REACTOME_MAPK_FAMILY_SIGNALING_CASCADES
REACTOME_METABOLISM_OF_AMINO...         SET     358    -0.036648   -0.0028622     0.043298      0.80134 REACTOME_METABOLISM_OF_AMINO_ACIDS_AND_DERIVATIVES
REACTOME_METABOLISM_OF_FAT_S...         SET      46     -0.10211   -0.0028662       0.1195      0.80357 REACTOME_METABOLISM_OF_FAT_SOLUBLE_VITAMINS
REACTOME_NEURONAL_SYSTEM                SET     389     0.028699    0.0023358     0.042367      0.24908 REACTOME_NEURONAL_SYSTEM
REACTOME_NEUTROPHIL_DEGRANUL...         SET     461     0.038756    0.0034317     0.037291      0.14934 REACTOME_NEUTROPHIL_DEGRANULATION
REACTOME_NICOTINATE_METABOLI...         SET      31      0.13744    0.0031675      0.14015      0.16339 REACTOME_NICOTINATE_METABOLISM
REACTOME_NONSENSE_MEDIATED_D...         SET     108     -0.16591   -0.0071323     0.081892      0.97861 REACTOME_NONSENSE_MEDIATED_DECAY_NMD
REACTOME_OAS_ANTIVIRAL_RESPO...         SET       8     0.094783    0.0011099      0.25493      0.35502 REACTOME_OAS_ANTIVIRAL_RESPONSE
REACTOME_PEPTIDE_LIGAND_BIND...         SET     190   -0.0040721  -0.00023202     0.062803      0.52585 REACTOME_PEPTIDE_LIGAND_BINDING_RECEPTORS
REACTOME_PI_3K_CASCADE_FGFR1            SET      21     -0.30053   -0.0057011       0.1877      0.94532 REACTOME_PI_3K_CASCADE_FGFR1
REACTOME_PI_3K_CASCADE_FGFR3            SET      17     -0.29754   -0.0050786      0.21004      0.92169 REACTOME_PI_3K_CASCADE_FGFR3
REACTOME_PI_3K_CASCADE_FGFR4            SET      19    -0.036682   -0.0006619      0.19175      0.57585 REACTOME_PI_3K_CASCADE_FGFR4
REACTOME_PRE_NOTCH_EXPRESSIO...         SET     116     -0.12616   -0.0056201     0.088367       0.9233 REACTOME_PRE_NOTCH_EXPRESSION_AND_PROCESSING
REACTOME_REGULATION_OF_EXPRE...         SET     162     -0.08571   -0.0045105     0.065705      0.90396 REACTOME_REGULATION_OF_EXPRESSION_OF_SLITS_AND_ROBOS
REACTOME_RESPIRATORY_ELECTRO...1        SET      90     0.091287    0.0035829     0.088194      0.15032 REACTOME_RESPIRATORY_ELECTRON_TRANSPORT
REACTOME_RESPIRATORY_ELECTRO...2        SET     111    -0.044506   -0.0019396     0.079027      0.71334 REACTOME_RESPIRATORY_ELECTRON_TRANSPORT_ATP_SYNTHESIS_BY_CHEMIOSMOTIC_COUPLING_AND_HEAT_PRODUCTION_BY_UNCOUPLING_PROTEINS
REACTOME_RESPONSE_OF_EIF2AK4...         SET      95     -0.14019   -0.0056527     0.086427       0.9476 REACTOME_RESPONSE_OF_EIF2AK4_GCN2_TO_AMINO_ACID_DEFICIENCY
REACTOME_RNA_POLYMERASE_II_T...         SET      80      0.29475     0.010908     0.086833   0.00034411 REACTOME_RNA_POLYMERASE_II_TRANSCRIBES_SNRNA_GENES
REACTOME_RND2_GTPASE_CYCLE              SET      42    -0.086273   -0.0023141      0.12319      0.75814 REACTOME_RND2_GTPASE_CYCLE
REACTOME_RRNA_PROCESSING                SET     193      -0.1257   -0.0072183      0.05872      0.98385 REACTOME_RRNA_PROCESSING
REACTOME_SELECTIVE_AUTOPHAGY            SET      80    -0.067827   -0.0025101     0.091844      0.76989 REACTOME_SELECTIVE_AUTOPHAGY
REACTOME_SELENOAMINO_ACID_ME...         SET     112     -0.18097   -0.0079222     0.082042       0.9863 REACTOME_SELENOAMINO_ACID_METABOLISM
REACTOME_SEMAPHORIN_INTERACT...         SET      61    -0.013455  -0.00043486      0.10218      0.55238 REACTOME_SEMAPHORIN_INTERACTIONS
REACTOME_SHC_MEDIATED_CASCAD...1        SET      21     -0.30269   -0.0057421      0.17696      0.95641 REACTOME_SHC_MEDIATED_CASCADE_FGFR1
REACTOME_SHC_MEDIATED_CASCAD...2        SET      17     -0.30057   -0.0051303      0.19531      0.93809 REACTOME_SHC_MEDIATED_CASCADE_FGFR3
REACTOME_SHC_MEDIATED_CASCAD...3        SET      19    -0.069373   -0.0012518      0.18035      0.64976 REACTOME_SHC_MEDIATED_CASCADE_FGFR4
REACTOME_SIGNALING_BY_FGFR1_...         SET      38    -0.043914   -0.0011204      0.13534      0.62721 REACTOME_SIGNALING_BY_FGFR1_IN_DISEASE
REACTOME_SIGNALING_BY_FGFR2_...         SET      42      0.12904    0.0034611      0.12842       0.1575 REACTOME_SIGNALING_BY_FGFR2_IN_DISEASE
REACTOME_SIGNALING_BY_FGFR_I...         SET      62      0.12374    0.0040318       0.1067       0.1231 REACTOME_SIGNALING_BY_FGFR_IN_DISEASE
REACTOME_SIGNALING_BY_FLT3_F...         SET      19     0.083006    0.0014978      0.17607      0.31866 REACTOME_SIGNALING_BY_FLT3_FUSION_PROTEINS
REACTOME_SIGNALING_BY_FLT3_I...         SET      16     0.090926    0.0015057      0.19176      0.31769 REACTOME_SIGNALING_BY_FLT3_ITD_AND_TKD_MUTANTS
REACTOME_SIGNALING_BY_INSULI...         SET      76     0.005384   0.00019421     0.090529      0.47629 REACTOME_SIGNALING_BY_INSULIN_RECEPTOR
REACTOME_SIGNALING_BY_INTERL...         SET     441    -0.015364   -0.0013308     0.038966      0.65332 REACTOME_SIGNALING_BY_INTERLEUKINS
REACTOME_SIGNALING_BY_ROBO_R...         SET     206    -0.030784   -0.0018261      0.05831      0.70123 REACTOME_SIGNALING_BY_ROBO_RECEPTORS
REACTOME_SIGNALING_BY_TYPE_1...         SET      52     0.045879    0.0013692      0.10856      0.33629 REACTOME_SIGNALING_BY_TYPE_1_INSULIN_LIKE_GROWTH_FACTOR_1_RECEPTOR_IGF1R
REACTOME_SIGNAL_REGULATORY_P...         SET      16     -0.13143   -0.0021763       0.2063      0.73795 REACTOME_SIGNAL_REGULATORY_PROTEIN_FAMILY_INTERACTIONS
REACTOME_SRP_DEPENDENT_COTRA...         SET     106     -0.12813   -0.0054567     0.080694      0.94383 REACTOME_SRP_DEPENDENT_COTRANSLATIONAL_PROTEIN_TARGETING_TO_MEMBRANE
REACTOME_STAT5_ACTIVATION_DO...         SET      10     -0.16722   -0.0021892      0.25395      0.74487 REACTOME_STAT5_ACTIVATION_DOWNSTREAM_OF_FLT3_ITD_MUTANTS
REACTOME_TCF_DEPENDENT_SIGNA...         SET     226    -0.044877   -0.0027879     0.055723      0.78969 REACTOME_TCF_DEPENDENT_SIGNALING_IN_RESPONSE_TO_WNT
REACTOME_THE_CITRIC_ACID_TCA...         SET     159    -0.037124   -0.0019355     0.064607      0.71722 REACTOME_THE_CITRIC_ACID_TCA_CYCLE_AND_RESPIRATORY_ELECTRON_TRANSPORT
REACTOME_TRANSCRIPTIONAL_REG...         SET     104     -0.10889   -0.0045937     0.090677       0.8851 REACTOME_TRANSCRIPTIONAL_REGULATION_BY_SMALL_RNAS
REACTOME_TRANSLATION                    SET     282    -0.037713   -0.0026158     0.049668      0.77616 REACTOME_TRANSLATION
REACTOME_TRANSMISSION_ACROSS...         SET     257   -0.0043066  -0.00028522     0.051571      0.53328 REACTOME_TRANSMISSION_ACROSS_CHEMICAL_SYNAPSES
