# TOTAL_GENES = 55849
# TEST_DIRECTION = one-sided, positive (set), two-sided (covar)
# CONDITIONED_INTERNAL = gene size, gene density, inverse mac, log(gene size), log(gene density), log(inverse mac)
VARIABLE                               TYPE  NGENES         BETA     BETA_STD           SE            P FULL_NAME
GOBP_ACIDIC_AMINO_ACID_TRANS...         SET      62      0.16611    0.0055316      0.10418     0.055417 GOBP_ACIDIC_AMINO_ACID_TRANSPORT
GOBP_ACTIVATION_OF_IMMUNE_RE...         SET     313     0.089827    0.0067059     0.049273     0.034151 GOBP_ACTIVATION_OF_IMMUNE_RESPONSE
GOBP_ADAPTIVE_IMMUNE_RESPONSE           SET     529    -0.016375   -0.0015861     0.039226      0.66182 GOBP_ADAPTIVE_IMMUNE_RESPONSE
GOBP_ADAPTIVE_IMMUNE_RESPONS...         SET     297      0.02061     0.001499     0.049423      0.33834 GOBP_ADAPTIVE_IMMUNE_RESPONSE_BASED_ON_SOMATIC_RECOMBINATION_OF_IMMUNE_RECEPTORS_BUILT_FROM_IMMUNOGLOBULIN_SUPERFAMILY_DOMAINS
GOBP_ADAPTIVE_THERMOGENESIS             SET     156      0.06204    0.0032743     0.068082      0.18109 GOBP_ADAPTIVE_THERMOGENESIS
GOBP_AEROBIC_RESPIRATION                SET     165     0.061467    0.0033361     0.066166      0.17645 GOBP_AEROBIC_RESPIRATION
GOBP_AMINE_TRANSPORT                    SET      97    0.0024576   0.00010233     0.084821      0.48844 GOBP_AMINE_TRANSPORT
GOBP_AMMONIUM_ION_METABOLIC_...         SET      22     -0.16135   -0.0032018      0.17316      0.82428 GOBP_AMMONIUM_ION_METABOLIC_PROCESS
GOBP_ANATOMICAL_STRUCTURE_MA...         SET     236   -0.0012159  -7.8874e-05     0.054437      0.50891 GOBP_ANATOMICAL_STRUCTURE_MATURATION
GOBP_ANTIGEN_PROCESSING_AND_...1        SET     100   -0.0043918  -0.00018567     0.087134       0.5201 GOBP_ANTIGEN_PROCESSING_AND_PRESENTATION
GOBP_ANTIGEN_PROCESSING_AND_...2        SET      25     0.063121    0.0013352      0.16175      0.34818 GOBP_ANTIGEN_PROCESSING_AND_PRESENTATION_OF_ENDOGENOUS_ANTIGEN
GOBP_ANTIGEN_PROCESSING_AND_...3        SET      43     -0.09682   -0.0026855      0.13968      0.75589 GOBP_ANTIGEN_PROCESSING_AND_PRESENTATION_OF_EXOGENOUS_ANTIGEN
GOBP_ANTIGEN_PROCESSING_AND_...4        SET      34     -0.24965   -0.0061581      0.15229      0.94942 GOBP_ANTIGEN_PROCESSING_AND_PRESENTATION_OF_EXOGENOUS_PEPTIDE_ANTIGEN
GOBP_ANTIGEN_PROCESSING_AND_...5        SET      26     -0.33492   -0.0072248      0.17598      0.97149 GOBP_ANTIGEN_PROCESSING_AND_PRESENTATION_OF_EXOGENOUS_PEPTIDE_ANTIGEN_VIA_MHC_CLASS_II
GOBP_ANTIGEN_PROCESSING_AND_...6        SET      59    -0.043105   -0.0014003      0.11527      0.64578 GOBP_ANTIGEN_PROCESSING_AND_PRESENTATION_OF_PEPTIDE_ANTIGEN
GOBP_ANTIGEN_PROCESSING_AND_...7        SET      29      0.17688    0.0040296      0.15453      0.12619 GOBP_ANTIGEN_PROCESSING_AND_PRESENTATION_OF_PEPTIDE_ANTIGEN_VIA_MHC_CLASS_I
GOBP_ANTIGEN_PROCESSING_AND_...8        SET      32      -0.2369   -0.0056691      0.15383      0.93822 GOBP_ANTIGEN_PROCESSING_AND_PRESENTATION_OF_PEPTIDE_OR_POLYSACCHARIDE_ANTIGEN_VIA_MHC_CLASS_II
GOBP_ANTIGEN_PROCESSING_AND_...9        SET      14      0.32734     0.005182      0.24652      0.09212 GOBP_ANTIGEN_PROCESSING_AND_PRESENTATION_VIA_MHC_CLASS_IB
GOBP_APOPTOTIC_CELL_CLEARANCE           SET      51      0.12149    0.0036695      0.12435       0.1643 GOBP_APOPTOTIC_CELL_CLEARANCE
GOBP_ATP_BIOSYNTHETIC_PROCESS           SET      50    -0.021258   -0.0006358      0.11908      0.57084 GOBP_ATP_BIOSYNTHETIC_PROCESS
GOBP_ATP_METABOLIC_PROCESS              SET     248     -0.05867    -0.003901     0.053992       0.8614 GOBP_ATP_METABOLIC_PROCESS
GOBP_AXONAL_TRANSPORT                   SET      62    0.0054185   0.00018044      0.10602      0.47962 GOBP_AXONAL_TRANSPORT
GOBP_AXONEME_ASSEMBLY                   SET      83     0.079729    0.0030713      0.09132      0.19131 GOBP_AXONEME_ASSEMBLY
GOBP_AXON_DEVELOPMENT                   SET     449     0.061872    0.0055253       0.0402     0.061896 GOBP_AXON_DEVELOPMENT
GOBP_AXO_DENDRITIC_TRANSPORT            SET      74       0.0881    0.0032048     0.097669      0.18352 GOBP_AXO_DENDRITIC_TRANSPORT
GOBP_BILE_ACID_METABOLIC_PRO...         SET      48     0.069614      0.00204      0.12183      0.28386 GOBP_BILE_ACID_METABOLIC_PROCESS
GOBP_BONE_RESORPTION                    SET      63     -0.21219   -0.0071228       0.1069      0.97642 GOBP_BONE_RESORPTION
GOBP_B_CELL_ACTIVATION                  SET     269     0.025955     0.001797     0.051088      0.30571 GOBP_B_CELL_ACTIVATION
GOBP_B_CELL_DIFFERENTIATION             SET     136    -0.084908   -0.0041849     0.070732      0.88501 GOBP_B_CELL_DIFFERENTIATION
GOBP_B_CELL_MEDIATED_IMMUNITY           SET     151    -0.056695    -0.002944     0.069706      0.79199 GOBP_B_CELL_MEDIATED_IMMUNITY
GOBP_B_CELL_PROLIFERATION               SET      97     0.017687    0.0007365     0.086206      0.41872 GOBP_B_CELL_PROLIFERATION
GOBP_CARBOHYDRATE_CATABOLIC_...         SET     146    -0.032789   -0.0016743       0.0708      0.67836 GOBP_CARBOHYDRATE_CATABOLIC_PROCESS
GOBP_CATECHOLAMINE_SECRETION            SET      56    -0.016276  -0.00051514      0.11338      0.55707 GOBP_CATECHOLAMINE_SECRETION
GOBP_CELLULAR_COMPONENT_DISA...         SET     447     0.078802    0.0070217     0.039906     0.024154 GOBP_CELLULAR_COMPONENT_DISASSEMBLY
GOBP_CELLULAR_RESPIRATION               SET     208     0.081744    0.0049794     0.057749     0.078463 GOBP_CELLULAR_RESPIRATION
GOBP_CELLULAR_RESPONSE_TO_IN...1        SET      22      0.23896    0.0047419      0.18601     0.099458 GOBP_CELLULAR_RESPONSE_TO_INTERFERON_BETA
GOBP_CELLULAR_RESPONSE_TO_IN...2        SET     112     0.096106    0.0042995     0.081401      0.11888 GOBP_CELLULAR_RESPONSE_TO_INTERFERON_GAMMA
GOBP_CELLULAR_RESPONSE_TO_VI...         SET      80    -0.065219   -0.0024666     0.095142      0.75348 GOBP_CELLULAR_RESPONSE_TO_VIRUS
GOBP_CELL_ACTIVATION_INVOLVE...         SET     280    -0.018013   -0.0012723      0.04999       0.6407 GOBP_CELL_ACTIVATION_INVOLVED_IN_IMMUNE_RESPONSE
GOBP_CELL_KILLING                       SET     174     0.081765    0.0045568     0.064269      0.10165 GOBP_CELL_KILLING
GOBP_CENTRAL_NERVOUS_SYSTEM_...         SET     163      0.11574    0.0062435     0.065499     0.038615 GOBP_CENTRAL_NERVOUS_SYSTEM_NEURON_DIFFERENTIATION
GOBP_CHAPERONE_MEDIATED_PROT...         SET      72     0.092372    0.0033146     0.097806      0.17247 GOBP_CHAPERONE_MEDIATED_PROTEIN_FOLDING
GOBP_CHROMOSOME_SEGREGATION             SET     332      0.01361    0.0010462     0.045172       0.3816 GOBP_CHROMOSOME_SEGREGATION
GOBP_CILIUM_MOVEMENT                    SET     178     0.096859    0.0054595     0.062084     0.059369 GOBP_CILIUM_MOVEMENT
GOBP_CILIUM_ORGANIZATION                SET     392      0.04997    0.0041718     0.042042      0.11731 GOBP_CILIUM_ORGANIZATION
GOBP_CILIUM_OR_FLAGELLUM_DEP...         SET     143     0.098299    0.0049677       0.0694     0.078332 GOBP_CILIUM_OR_FLAGELLUM_DEPENDENT_CELL_MOTILITY
GOBP_CYTOKINE_MEDIATED_SIGNA...         SET     462       0.0327    0.0029618      0.04073      0.21104 GOBP_CYTOKINE_MEDIATED_SIGNALING_PATHWAY
GOBP_CYTOKINE_PRODUCTION_INV...         SET      97     -0.08704   -0.0036243     0.081149      0.85827 GOBP_CYTOKINE_PRODUCTION_INVOLVED_IN_IMMUNE_RESPONSE
GOBP_CYTOPLASMIC_TRANSLATION            SET     137    -0.026191   -0.0012956     0.071922      0.64213 GOBP_CYTOPLASMIC_TRANSLATION
GOBP_CYTOSKELETON_DEPENDENT_...         SET      97      0.15609    0.0064995     0.080856     0.026776 GOBP_CYTOSKELETON_DEPENDENT_CYTOKINESIS
GOBP_DEFENSE_RESPONSE_TO_BAC...         SET     286   -0.0054765   -0.0003909     0.051843      0.54206 GOBP_DEFENSE_RESPONSE_TO_BACTERIUM
GOBP_DEFENSE_RESPONSE_TO_GRA...         SET      95     -0.08497   -0.0035015     0.090651       0.8257 GOBP_DEFENSE_RESPONSE_TO_GRAM_POSITIVE_BACTERIUM
GOBP_DEFENSE_RESPONSE_TO_SYM...         SET     281   -0.0051869    -0.000367     0.050368      0.54101 GOBP_DEFENSE_RESPONSE_TO_SYMBIONT
GOBP_DENDRITIC_CELL_DIFFEREN...         SET      46      0.13049    0.0037434      0.12511      0.14848 GOBP_DENDRITIC_CELL_DIFFERENTIATION
GOBP_DETECTION_OF_BIOTIC_STI...         SET      35     0.024265   0.00060727      0.13859      0.43051 GOBP_DETECTION_OF_BIOTIC_STIMULUS
GOBP_DETECTION_OF_EXTERNAL_B...         SET      24     -0.13744   -0.0028485      0.16668      0.79519 GOBP_DETECTION_OF_EXTERNAL_BIOTIC_STIMULUS
GOBP_DETECTION_OF_MOLECULE_O...         SET      12     -0.39706   -0.0058197      0.22112      0.96373 GOBP_DETECTION_OF_MOLECULE_OF_BACTERIAL_ORIGIN
GOBP_DETECTION_OF_OTHER_ORGA...         SET      19     0.011005   0.00020295      0.19077        0.477 GOBP_DETECTION_OF_OTHER_ORGANISM
GOBP_DE_NOVO_PROTEIN_FOLDING            SET      43     0.031233   0.00086631      0.12656      0.40254 GOBP_DE_NOVO_PROTEIN_FOLDING
GOBP_DICARBOXYLIC_ACID_TRANS...         SET      90     0.089228     0.003579      0.08718      0.15304 GOBP_DICARBOXYLIC_ACID_TRANSPORT
GOBP_DIENCEPHALON_DEVELOPMENT           SET      71     0.072209     0.002573     0.098108      0.23086 GOBP_DIENCEPHALON_DEVELOPMENT
GOBP_DIVALENT_INORGANIC_CATI...         SET     487     0.033736    0.0031365     0.038861      0.19267 GOBP_DIVALENT_INORGANIC_CATION_HOMEOSTASIS
GOBP_DNA_GEOMETRIC_CHANGE               SET      90     0.063421    0.0025439     0.085539      0.22922 GOBP_DNA_GEOMETRIC_CHANGE
GOBP_DNA_REPLICATION                    SET     271    0.0014137   9.8235e-05     0.050144      0.48875 GOBP_DNA_REPLICATION
GOBP_ELECTRON_TRANSPORT_CHAIN           SET     148     0.042148    0.0021669     0.068159      0.26816 GOBP_ELECTRON_TRANSPORT_CHAIN
GOBP_ENERGY_DERIVATION_BY_OX...         SET     293     0.081534    0.0058901     0.048895     0.047708 GOBP_ENERGY_DERIVATION_BY_OXIDATION_OF_ORGANIC_COMPOUNDS
GOBP_EOSINOPHIL_CHEMOTAXIS              SET      18    -0.017309  -0.00031069      0.22321       0.5309 GOBP_EOSINOPHIL_CHEMOTAXIS
GOBP_EOSINOPHIL_MIGRATION               SET      22    -0.017632  -0.00034987      0.18838      0.53728 GOBP_EOSINOPHIL_MIGRATION
GOBP_EPITHELIAL_CILIUM_MOVEM...         SET      11      0.33435     0.004692      0.26782      0.10594 GOBP_EPITHELIAL_CILIUM_MOVEMENT_INVOLVED_IN_DETERMINATION_OF_LEFT_RIGHT_ASYMMETRY
GOBP_ERK1_AND_ERK2_CASCADE              SET     325     0.013729    0.0010443     0.047493      0.38626 GOBP_ERK1_AND_ERK2_CASCADE
GOBP_ESTABLISHMENT_OF_ORGANE...         SET     393      0.13517     0.011299     0.042578   0.00075062 GOBP_ESTABLISHMENT_OF_ORGANELLE_LOCALIZATION
GOBP_ESTABLISHMENT_OF_PROTEI...         SET     411     0.031683    0.0027079     0.040847      0.21898 GOBP_ESTABLISHMENT_OF_PROTEIN_LOCALIZATION_TO_ORGANELLE
GOBP_EXTERNAL_ENCAPSULATING_...         SET     297     0.026555    0.0019314     0.049313      0.29511 GOBP_EXTERNAL_ENCAPSULATING_STRUCTURE_ORGANIZATION
GOBP_FOREBRAIN_DEVELOPMENT              SET     362     0.095278    0.0076459     0.043827     0.014857 GOBP_FOREBRAIN_DEVELOPMENT
GOBP_GENERATION_OF_PRECURSOR...         SET     456     0.037795    0.0034012     0.038984      0.16615 GOBP_GENERATION_OF_PRECURSOR_METABOLITES_AND_ENERGY
GOBP_HUMORAL_IMMUNE_RESPONSE            SET     248    -0.021301   -0.0014163     0.057752      0.64387 GOBP_HUMORAL_IMMUNE_RESPONSE
GOBP_IMMUNE_RESPONSE_REGULAT...         SET     403      0.08765    0.0074187       0.0418     0.018004 GOBP_IMMUNE_RESPONSE_REGULATING_SIGNALING_PATHWAY
GOBP_IMPORT_ACROSS_PLASMA_ME...         SET     170      0.18276     0.010068     0.065092    0.0024963 GOBP_IMPORT_ACROSS_PLASMA_MEMBRANE
GOBP_IMPORT_INTO_CELL                   SET     219      0.13076    0.0081725     0.058027     0.012116 GOBP_IMPORT_INTO_CELL
GOBP_INTERFERON_BETA_PRODUCT...         SET      54     0.024987    0.0007766       0.1148      0.41385 GOBP_INTERFERON_BETA_PRODUCTION
GOBP_INTERLEUKIN_10_PRODUCTI...         SET      57    -0.099976   -0.0031923      0.10924      0.81994 GOBP_INTERLEUKIN_10_PRODUCTION
GOBP_INTERLEUKIN_8_PRODUCTION           SET      95     -0.13221   -0.0054481     0.089494       0.9302 GOBP_INTERLEUKIN_8_PRODUCTION
GOBP_INTRACILIARY_TRANSPORT             SET      38     -0.19925   -0.0051956      0.13389      0.93164 GOBP_INTRACILIARY_TRANSPORT
GOBP_LEUKOCYTE_CELL_CELL_ADH...         SET     362       0.0534    0.0042852     0.044653      0.11587 GOBP_LEUKOCYTE_CELL_CELL_ADHESION
GOBP_LEUKOCYTE_MEDIATED_CYTO...         SET     121     0.088043    0.0040937     0.076862      0.12601 GOBP_LEUKOCYTE_MEDIATED_CYTOTOXICITY
GOBP_LEUKOCYTE_MEDIATED_IMMU...         SET     378     0.016661    0.0013661     0.043761       0.3517 GOBP_LEUKOCYTE_MEDIATED_IMMUNITY
GOBP_LEUKOCYTE_PROLIFERATION            SET     318     0.027584    0.0020755      0.04757      0.28101 GOBP_LEUKOCYTE_PROLIFERATION
GOBP_LYMPHOCYTE_MEDIATED_IMM...         SET     287   -0.0037188   -0.0002659     0.051038      0.52904 GOBP_LYMPHOCYTE_MEDIATED_IMMUNITY
GOBP_MACROAUTOPHAGY                     SET     298     0.050699    0.0036935     0.047416      0.14249 GOBP_MACROAUTOPHAGY
GOBP_MACROPHAGE_ACTIVATION              SET     105     0.046376     0.002009     0.080864      0.28315 GOBP_MACROPHAGE_ACTIVATION
GOBP_MACROPHAGE_CYTOKINE_PRO...         SET      17     -0.19489   -0.0033998      0.18263      0.85704 GOBP_MACROPHAGE_CYTOKINE_PRODUCTION
GOBP_MICROGLIAL_CELL_ACTIVAT...         SET      47     -0.11291   -0.0032743      0.11992      0.82679 GOBP_MICROGLIAL_CELL_ACTIVATION
GOBP_MITOCHONDRIAL_RESPIRATO...         SET      85     0.036495    0.0014227     0.097146      0.35358 GOBP_MITOCHONDRIAL_RESPIRATORY_CHAIN_COMPLEX_ASSEMBLY
GOBP_MITOCHONDRION_LOCALIZAT...         SET      45    -0.091495   -0.0025961      0.12474      0.76836 GOBP_MITOCHONDRION_LOCALIZATION
GOBP_MITOCHONDRION_ORGANIZAT...         SET     487     0.070461     0.006551     0.038332     0.033021 GOBP_MITOCHONDRION_ORGANIZATION
GOBP_MITOTIC_NUCLEAR_DIVISION           SET     286    -0.017641   -0.0012592     0.048741       0.6413 GOBP_MITOTIC_NUCLEAR_DIVISION
GOBP_MITOTIC_SISTER_CHROMATI...         SET     168   -0.0079445  -0.00043507     0.062427      0.55063 GOBP_MITOTIC_SISTER_CHROMATID_SEGREGATION
GOBP_MITOTIC_SPINDLE_ASSEMBLY           SET      66     0.012677   0.00043555     0.097577      0.44831 GOBP_MITOTIC_SPINDLE_ASSEMBLY
GOBP_MITOTIC_SPINDLE_ORGANIZ...         SET     120    -0.030922   -0.0014318       0.0738      0.66239 GOBP_MITOTIC_SPINDLE_ORGANIZATION
GOBP_MONONUCLEAR_CELL_DIFFER...         SET     417    -0.040564   -0.0034921     0.040571       0.8413 GOBP_MONONUCLEAR_CELL_DIFFERENTIATION
GOBP_MULTICELLULAR_ORGANISMA...         SET     507    -0.015028   -0.0014253     0.037433      0.65596 GOBP_MULTICELLULAR_ORGANISMAL_HOMEOSTASIS
GOBP_MYELOID_CELL_APOPTOTIC_...         SET      32     -0.13838   -0.0033115      0.14571      0.82887 GOBP_MYELOID_CELL_APOPTOTIC_PROCESS
GOBP_MYELOID_CELL_DIFFERENTI...         SET     372     -0.03306   -0.0026892     0.042447      0.78196 GOBP_MYELOID_CELL_DIFFERENTIATION
GOBP_MYELOID_LEUKOCYTE_ACTIV...         SET     227  -0.00082556  -5.2526e-05     0.055577      0.50593 GOBP_MYELOID_LEUKOCYTE_ACTIVATION
GOBP_MYELOID_LEUKOCYTE_CYTOK...         SET      30    -0.036457  -0.00084474      0.14298      0.60063 GOBP_MYELOID_LEUKOCYTE_CYTOKINE_PRODUCTION
GOBP_MYELOID_LEUKOCYTE_DIFFE...         SET     200     0.050085    0.0029919     0.058033      0.19406 GOBP_MYELOID_LEUKOCYTE_DIFFERENTIATION
GOBP_NAD_METABOLIC_PROCESS              SET      29    -0.023189  -0.00052827      0.14794      0.56228 GOBP_NAD_METABOLIC_PROCESS
GOBP_NEGATIVE_REGULATION_OF_...1        SET     300      0.08671    0.0063381     0.046041     0.029831 GOBP_NEGATIVE_REGULATION_OF_CATABOLIC_PROCESS
GOBP_NEGATIVE_REGULATION_OF_...2        SET     206     0.059001    0.0035767     0.058399      0.15618 GOBP_NEGATIVE_REGULATION_OF_CELL_ACTIVATION
GOBP_NEGATIVE_REGULATION_OF_...3        SET     339    -0.050136   -0.0038942     0.046054      0.86184 GOBP_NEGATIVE_REGULATION_OF_CYTOKINE_PRODUCTION
GOBP_NEGATIVE_REGULATION_OF_...4        SET     256     0.052259    0.0035301     0.052345      0.15906 GOBP_NEGATIVE_REGULATION_OF_DEFENSE_RESPONSE
GOBP_NEGATIVE_REGULATION_OF_...5        SET     349     0.015558     0.001226     0.045287       0.3656 GOBP_NEGATIVE_REGULATION_OF_HYDROLASE_ACTIVITY
GOBP_NEGATIVE_REGULATION_OF_...6        SET     171     0.013578   0.00075018     0.065472      0.41785 GOBP_NEGATIVE_REGULATION_OF_IMMUNE_RESPONSE
GOBP_NEGATIVE_REGULATION_OF_...7        SET     408     0.049703    0.0042327     0.041939      0.11799 GOBP_NEGATIVE_REGULATION_OF_IMMUNE_SYSTEM_PROCESS
GOBP_NEGATIVE_REGULATION_OF_...8        SET      70     0.095283    0.0033712      0.10249      0.17626 GOBP_NEGATIVE_REGULATION_OF_INNATE_IMMUNE_RESPONSE
GOBP_NEGATIVE_REGULATION_OF_...9        SET     513     0.017318    0.0016522     0.037251        0.321 GOBP_NEGATIVE_REGULATION_OF_INTRACELLULAR_SIGNAL_TRANSDUCTION
GOBP_NEGATIVE_REGULATION_OF_...10       SET      18      -0.0538   -0.0009657      0.19111      0.61084 GOBP_NEGATIVE_REGULATION_OF_MACROPHAGE_ACTIVATION
GOBP_NEGATIVE_REGULATION_OF_...11       SET      46     0.024551   0.00070432      0.12228      0.42044 GOBP_NEGATIVE_REGULATION_OF_MITOCHONDRION_ORGANIZATION
GOBP_NEGATIVE_REGULATION_OF_...12       SET      18     -0.26894   -0.0048274      0.18741      0.92436 GOBP_NEGATIVE_REGULATION_OF_NEUROINFLAMMATORY_RESPONSE
GOBP_NEGATIVE_REGULATION_OF_...13       SET     199     0.072833    0.0043399     0.057762      0.10367 GOBP_NEGATIVE_REGULATION_OF_NEURON_DEATH
GOBP_NEGATIVE_REGULATION_OF_...14       SET     431   -0.0018316  -0.00016028     0.040039      0.51824 GOBP_NEGATIVE_REGULATION_OF_PHOSPHORUS_METABOLIC_PROCESS
GOBP_NEGATIVE_REGULATION_OF_...15       SET     373    0.0067928   0.00055328     0.042874      0.43706 GOBP_NEGATIVE_REGULATION_OF_PHOSPHORYLATION
GOBP_NEGATIVE_REGULATION_OF_...16       SET     191     0.035755    0.0020874     0.060649      0.27775 GOBP_NEGATIVE_REGULATION_OF_PROTEIN_LOCALIZATION
GOBP_NEGATIVE_REGULATION_OF_...17       SET     108     0.042836    0.0018819       0.0809      0.29823 GOBP_NEGATIVE_REGULATION_OF_RESPONSE_TO_BIOTIC_STIMULUS
GOBP_NEGATIVE_REGULATION_OF_...18       SET     412  -0.00091957  -7.8691e-05     0.041271      0.50889 GOBP_NEGATIVE_REGULATION_OF_RESPONSE_TO_EXTERNAL_STIMULUS
GOBP_NEGATIVE_REGULATION_OF_...19       SET      20     0.076913    0.0014552      0.17984      0.33445 GOBP_NEGATIVE_REGULATION_OF_TYPE_I_INTERFERON_MEDIATED_SIGNALING_PATHWAY
GOBP_NEGATIVE_REGULATION_OF_...20       SET      57     0.046037      0.00147      0.11995      0.35057 GOBP_NEGATIVE_REGULATION_OF_VIRAL_GENOME_REPLICATION
GOBP_NEGATIVE_REGULATION_OF_...21       SET      90    -0.047373   -0.0019002     0.092059      0.69658 GOBP_NEGATIVE_REGULATION_OF_VIRAL_PROCESS
GOBP_NEUROMUSCULAR_PROCESS_C...         SET      16     0.014526   0.00024583      0.21527       0.4731 GOBP_NEUROMUSCULAR_PROCESS_CONTROLLING_POSTURE
GOBP_NEURON_DEATH                       SET     334     0.046762    0.0036055     0.044939      0.14904 GOBP_NEURON_DEATH
GOBP_NEUROPEPTIDE_SIGNALING_...         SET      99     0.054712    0.0023015     0.085756      0.26174 GOBP_NEUROPEPTIDE_SIGNALING_PATHWAY
GOBP_NEUROTRANSMITTER_TRANSP...         SET     198       0.1322    0.0078579     0.059743     0.013455 GOBP_NEUROTRANSMITTER_TRANSPORT
GOBP_NON_MEMBRANE_BOUNDED_OR...         SET     376     0.021582    0.0017649     0.041503      0.30153 GOBP_NON_MEMBRANE_BOUNDED_ORGANELLE_ASSEMBLY
GOBP_NUCLEOSIDE_PHOSPHATE_BI...         SET     239     0.049784    0.0032498      0.05357      0.17636 GOBP_NUCLEOSIDE_PHOSPHATE_BIOSYNTHETIC_PROCESS
GOBP_ONE_CARBON_METABOLIC_PR...         SET      39     -0.20048   -0.0052959      0.14376      0.91842 GOBP_ONE_CARBON_METABOLIC_PROCESS
GOBP_ORGANELLE_TRANSPORT_ALO...         SET      80      0.15309    0.0057898     0.096687      0.05668 GOBP_ORGANELLE_TRANSPORT_ALONG_MICROTUBULE
GOBP_ORGANIC_CYCLIC_COMPOUND...         SET     479   -0.0072176  -0.00066556     0.037255      0.57681 GOBP_ORGANIC_CYCLIC_COMPOUND_CATABOLIC_PROCESS
GOBP_OXIDATIVE_PHOSPHORYLATI...         SET     120     0.038887    0.0018006     0.078233      0.30957 GOBP_OXIDATIVE_PHOSPHORYLATION
GOBP_PATTERN_RECOGNITION_REC...         SET     168     0.024233    0.0013271     0.061657      0.34715 GOBP_PATTERN_RECOGNITION_RECEPTOR_SIGNALING_PATHWAY
GOBP_PENILE_ERECTION                    SET      11     -0.14053   -0.0019721      0.23351      0.72635 GOBP_PENILE_ERECTION
GOBP_PHAGOCYTOSIS                       SET     247      0.01942    0.0012886     0.054809      0.36155 GOBP_PHAGOCYTOSIS
GOBP_POSITIVE_REGULATION_OF_...1        SET     110    -0.018475  -0.00081911     0.078785       0.5927 GOBP_POSITIVE_REGULATION_OF_ADAPTIVE_IMMUNE_RESPONSE
GOBP_POSITIVE_REGULATION_OF_...2        SET      35    -0.036355  -0.00090984      0.13831      0.60367 GOBP_POSITIVE_REGULATION_OF_BLOOD_PRESSURE
GOBP_POSITIVE_REGULATION_OF_...3        SET      16      0.18672    0.0031599      0.21581      0.19347 GOBP_POSITIVE_REGULATION_OF_BONE_RESORPTION
GOBP_POSITIVE_REGULATION_OF_...4        SET      93      -0.0943   -0.0038449      0.08868      0.85619 GOBP_POSITIVE_REGULATION_OF_B_CELL_ACTIVATION
GOBP_POSITIVE_REGULATION_OF_...5        SET      41     -0.07518   -0.0020363      0.12797      0.72157 GOBP_POSITIVE_REGULATION_OF_B_CELL_PROLIFERATION
GOBP_POSITIVE_REGULATION_OF_...6        SET     364   1.6208e-05   1.3043e-06      0.04415      0.49985 GOBP_POSITIVE_REGULATION_OF_CELL_ACTIVATION
GOBP_POSITIVE_REGULATION_OF_...7        SET     428   -0.0097697  -0.00085198     0.041226      0.59366 GOBP_POSITIVE_REGULATION_OF_CELL_ADHESION
GOBP_POSITIVE_REGULATION_OF_...8        SET     279   -0.0087151  -0.00061444     0.050449      0.56858 GOBP_POSITIVE_REGULATION_OF_CELL_CELL_ADHESION
GOBP_POSITIVE_REGULATION_OF_...9        SET      63      0.06879    0.0023091      0.11474      0.27441 GOBP_POSITIVE_REGULATION_OF_CELL_KILLING
GOBP_POSITIVE_REGULATION_OF_...10       SET     460    -0.033929   -0.0030665     0.039191      0.80668 GOBP_POSITIVE_REGULATION_OF_CYTOKINE_PRODUCTION
GOBP_POSITIVE_REGULATION_OF_...11       SET      67     -0.11069   -0.0038315     0.097543      0.87176 GOBP_POSITIVE_REGULATION_OF_CYTOKINE_PRODUCTION_INVOLVED_IN_IMMUNE_RESPONSE
GOBP_POSITIVE_REGULATION_OF_...12       SET     277     0.056425     0.003964     0.050879      0.13371 GOBP_POSITIVE_REGULATION_OF_DEFENSE_RESPONSE
GOBP_POSITIVE_REGULATION_OF_...13       SET     215     -0.11358   -0.0070334     0.059504      0.97185 GOBP_POSITIVE_REGULATION_OF_ERK1_AND_ERK2_CASCADE
GOBP_POSITIVE_REGULATION_OF_...14       SET     239    -0.070839   -0.0046242     0.054202      0.90438 GOBP_POSITIVE_REGULATION_OF_IMMUNE_EFFECTOR_PROCESS
GOBP_POSITIVE_REGULATION_OF_...15       SET     510     0.055094    0.0052408      0.03779     0.072435 GOBP_POSITIVE_REGULATION_OF_IMMUNE_RESPONSE
GOBP_POSITIVE_REGULATION_OF_...16       SET     131    -0.032518   -0.0015731     0.076175      0.66527 GOBP_POSITIVE_REGULATION_OF_INNATE_IMMUNE_RESPONSE
GOBP_POSITIVE_REGULATION_OF_...17       SET      36     -0.14812   -0.0037594      0.14945      0.83918 GOBP_POSITIVE_REGULATION_OF_INTERFERON_BETA_PRODUCTION
GOBP_POSITIVE_REGULATION_OF_...18       SET      59     -0.14647   -0.0047581      0.10795      0.91257 GOBP_POSITIVE_REGULATION_OF_INTERLEUKIN_8_PRODUCTION
GOBP_POSITIVE_REGULATION_OF_...19       SET     259     0.010654   0.00072384     0.052162      0.41908 GOBP_POSITIVE_REGULATION_OF_ION_TRANSPORT
GOBP_POSITIVE_REGULATION_OF_...20       SET     233    -0.012744  -0.00082144     0.055084      0.59148 GOBP_POSITIVE_REGULATION_OF_LEUKOCYTE_CELL_CELL_ADHESION
GOBP_POSITIVE_REGULATION_OF_...21       SET     132    -0.065896   -0.0031998     0.073558      0.81483 GOBP_POSITIVE_REGULATION_OF_LEUKOCYTE_MEDIATED_IMMUNITY
GOBP_POSITIVE_REGULATION_OF_...22       SET     152    -0.052093    -0.002714     0.067354      0.78036 GOBP_POSITIVE_REGULATION_OF_LEUKOCYTE_PROLIFERATION
GOBP_POSITIVE_REGULATION_OF_...23       SET     110    -0.056058   -0.0024854     0.080717      0.75631 GOBP_POSITIVE_REGULATION_OF_LYMPHOCYTE_MEDIATED_IMMUNITY
GOBP_POSITIVE_REGULATION_OF_...24       SET     472    -0.019684   -0.0018019      0.03872       0.6944 GOBP_POSITIVE_REGULATION_OF_MAPK_CASCADE
GOBP_POSITIVE_REGULATION_OF_...25       SET      44     -0.12816   -0.0035958      0.12528      0.84684 GOBP_POSITIVE_REGULATION_OF_MIRNA_TRANSCRIPTION
GOBP_POSITIVE_REGULATION_OF_...26       SET      18      0.15357    0.0027565      0.18561      0.20402 GOBP_POSITIVE_REGULATION_OF_MYELINATION
GOBP_POSITIVE_REGULATION_OF_...27       SET      35      0.33118    0.0082881      0.13877    0.0085043 GOBP_POSITIVE_REGULATION_OF_NERVOUS_SYSTEM_PROCESS
GOBP_POSITIVE_REGULATION_OF_...28       SET      69    -0.078213   -0.0027475      0.10465      0.77258 GOBP_POSITIVE_REGULATION_OF_PHAGOCYTOSIS
GOBP_POSITIVE_REGULATION_OF_...29       SET     120    -0.080286   -0.0037176     0.074112      0.86066 GOBP_POSITIVE_REGULATION_OF_PRODUCTION_OF_MOLECULAR_MEDIATOR_OF_IMMUNE_RESPONSE
GOBP_POSITIVE_REGULATION_OF_...30       SET     427      0.06145    0.0053526     0.039893     0.061737 GOBP_POSITIVE_REGULATION_OF_PROTEIN_LOCALIZATION
GOBP_POSITIVE_REGULATION_OF_...31       SET     168    -0.034741   -0.0019026      0.06602      0.70063 GOBP_POSITIVE_REGULATION_OF_RESPONSE_TO_BIOTIC_STIMULUS
GOBP_POSITIVE_REGULATION_OF_...32       SET      62     0.073461    0.0024463       0.1088      0.24978 GOBP_POSITIVE_REGULATION_OF_RESPONSE_TO_CYTOKINE_STIMULUS
GOBP_POSITIVE_REGULATION_OF_...33       SET      32      0.13344    0.0031933      0.13654      0.16421 GOBP_POSITIVE_REGULATION_OF_RESPONSE_TO_ENDOPLASMIC_RETICULUM_STRESS
GOBP_POSITIVE_REGULATION_OF_...34       SET     421      0.04211    0.0036423     0.041488      0.15506 GOBP_POSITIVE_REGULATION_OF_RESPONSE_TO_EXTERNAL_STIMULUS
GOBP_POSITIVE_REGULATION_OF_...35       SET     292      0.10383    0.0074884     0.048055     0.015361 GOBP_POSITIVE_REGULATION_OF_SECRETION
GOBP_POSITIVE_REGULATION_OF_...36       SET      27    -0.099849   -0.0021949      0.16506      0.72739 GOBP_POSITIVE_REGULATION_OF_SPROUTING_ANGIOGENESIS
GOBP_POSITIVE_REGULATION_OF_...37       SET      24     -0.20654   -0.0042806      0.17191       0.8852 GOBP_POSITIVE_REGULATION_OF_TRANSCRIPTION_FROM_RNA_POLYMERASE_II_PROMOTER_INVOLVED_IN_CELLULAR_RESPONSE_TO_CHEMICAL_STIMULUS
GOBP_POSITIVE_REGULATION_OF_...38       SET     105    -0.095131    -0.004121     0.080236      0.88211 GOBP_POSITIVE_REGULATION_OF_TUMOR_NECROSIS_FACTOR_SUPERFAMILY_CYTOKINE_PRODUCTION
GOBP_POSITIVE_REGULATION_OF_...39       SET      18      0.35658    0.0064006      0.20561     0.041438 GOBP_POSITIVE_REGULATION_OF_TYPE_I_INTERFERON_MEDIATED_SIGNALING_PATHWAY
GOBP_POSITIVE_REGULATION_OF_...40       SET      53     -0.01788  -0.00055054      0.12082      0.55882 GOBP_POSITIVE_REGULATION_OF_TYPE_I_INTERFERON_PRODUCTION
GOBP_POSITIVE_REGULATION_OF_...41       SET      29     0.060538    0.0013791      0.16625      0.35788 GOBP_POSITIVE_REGULATION_OF_T_CELL_MEDIATED_CYTOTOXICITY
GOBP_POSITIVE_REGULATION_OF_...42       SET      43      0.17371    0.0048181      0.12811     0.087563 GOBP_POSITIVE_REGULATION_OF_VASCULAR_ASSOCIATED_SMOOTH_MUSCLE_CELL_PROLIFERATION
GOBP_POSITIVE_REGULATION_OF_...43       SET     179   0.00032001   1.8088e-05     0.063533      0.49799 GOBP_POSITIVE_REGULATION_OF_VASCULATURE_DEVELOPMENT
GOBP_POSITIVE_THYMIC_T_CELL_...         SET      14      0.15746    0.0024927      0.23118       0.2479 GOBP_POSITIVE_THYMIC_T_CELL_SELECTION
GOBP_POSITIVE_T_CELL_SELECTI...         SET      35     -0.14993   -0.0037522      0.14557      0.84849 GOBP_POSITIVE_T_CELL_SELECTION
GOBP_PRODUCTION_OF_MOLECULAR...         SET     224   -0.0009176  -5.7996e-05     0.054293      0.50674 GOBP_PRODUCTION_OF_MOLECULAR_MEDIATOR_OF_IMMUNE_RESPONSE
GOBP_PROTEASOMAL_PROTEIN_CAT...         SET     469    -0.051506   -0.0047001     0.038008      0.91231 GOBP_PROTEASOMAL_PROTEIN_CATABOLIC_PROCESS
GOBP_PROTEASOME_MEDIATED_UBI...         SET     395    -0.071141   -0.0059618     0.041157      0.95805 GOBP_PROTEASOME_MEDIATED_UBIQUITIN_DEPENDENT_PROTEIN_CATABOLIC_PROCESS
GOBP_PROTEIN_FOLDING                    SET     202     0.026969     0.001619     0.058332      0.32192 GOBP_PROTEIN_FOLDING
GOBP_PROTEIN_K63_LINKED_UBIQ...         SET      55     -0.10788   -0.0033839      0.11156      0.83322 GOBP_PROTEIN_K63_LINKED_UBIQUITINATION
GOBP_PROTEIN_LOCALIZATION_TO...         SET     345     0.070902    0.0055555     0.044175     0.054246 GOBP_PROTEIN_LOCALIZATION_TO_EXTRACELLULAR_REGION
GOBP_PROTEIN_POLYUBIQUITINAT...         SET     232    -0.051422   -0.0033074     0.052985       0.8341 GOBP_PROTEIN_POLYUBIQUITINATION
GOBP_PROTEIN_STABILIZATION              SET     182     0.054986    0.0031338     0.060586      0.18206 GOBP_PROTEIN_STABILIZATION
GOBP_PROTEIN_TARGETING                  SET     299     0.018923    0.0013809     0.048951      0.34953 GOBP_PROTEIN_TARGETING
GOBP_PROTON_TRANSMEMBRANE_TR...         SET     134     0.076505     0.003743     0.072975      0.14724 GOBP_PROTON_TRANSMEMBRANE_TRANSPORT
GOBP_REGULATION_OF_ADAPTIVE_...         SET     181     0.037939    0.0021563     0.061856      0.26983 GOBP_REGULATION_OF_ADAPTIVE_IMMUNE_RESPONSE
GOBP_REGULATION_OF_ANATOMICA...         SET     466      0.10199    0.0092771     0.039099    0.0045495 GOBP_REGULATION_OF_ANATOMICAL_STRUCTURE_SIZE
GOBP_REGULATION_OF_ANTIGEN_P...         SET      19     0.068832    0.0012694      0.19117       0.3594 GOBP_REGULATION_OF_ANTIGEN_PROCESSING_AND_PRESENTATION
GOBP_REGULATION_OF_BONE_REMO...         SET      49    -0.015388   -0.0004556      0.11735      0.55216 GOBP_REGULATION_OF_BONE_REMODELING
GOBP_REGULATION_OF_BONE_RESO...         SET      41    -0.096394   -0.0026108      0.13412      0.76384 GOBP_REGULATION_OF_BONE_RESORPTION
GOBP_REGULATION_OF_B_CELL_AC...         SET     139   -0.0037716  -0.00018792     0.071368      0.52107 GOBP_REGULATION_OF_B_CELL_ACTIVATION
GOBP_REGULATION_OF_B_CELL_PR...         SET      62    -0.043121    -0.001436      0.10623      0.65761 GOBP_REGULATION_OF_B_CELL_PROLIFERATION
GOBP_REGULATION_OF_CELL_CELL...         SET     440     0.048036    0.0042469     0.040218      0.11617 GOBP_REGULATION_OF_CELL_CELL_ADHESION
GOBP_REGULATION_OF_CELL_KILL...         SET     100     0.054239    0.0022931     0.087337      0.26729 GOBP_REGULATION_OF_CELL_KILLING
GOBP_REGULATION_OF_CEREBELLA...         SET      10       0.1418    0.0018973      0.26933      0.29927 GOBP_REGULATION_OF_CEREBELLAR_GRANULE_CELL_PRECURSOR_PROLIFERATION
GOBP_REGULATION_OF_CILIUM_BE...         SET      19      0.27307    0.0050358      0.19722     0.083097 GOBP_REGULATION_OF_CILIUM_BEAT_FREQUENCY
GOBP_REGULATION_OF_DNA_REPLI...         SET     127      0.08645    0.0041179     0.073713      0.12044 GOBP_REGULATION_OF_DNA_REPLICATION
GOBP_REGULATION_OF_DNA_TEMPL...         SET      50     0.033646    0.0010063      0.11778      0.38757 GOBP_REGULATION_OF_DNA_TEMPLATED_TRANSCRIPTION_IN_RESPONSE_TO_STRESS
GOBP_REGULATION_OF_ESTABLISH...         SET     498     0.069877     0.006569     0.037208     0.030192 GOBP_REGULATION_OF_ESTABLISHMENT_OF_PROTEIN_LOCALIZATION
GOBP_REGULATION_OF_HEMOPOIES...         SET     360    -0.013969   -0.0011179      0.04342      0.62616 GOBP_REGULATION_OF_HEMOPOIESIS
GOBP_REGULATION_OF_HORMONE_S...         SET     224     0.058161     0.003676     0.055062      0.14542 GOBP_REGULATION_OF_HORMONE_SECRETION
GOBP_REGULATION_OF_IMMUNE_EF...         SET     339    -0.060811   -0.0047234     0.045596      0.90885 GOBP_REGULATION_OF_IMMUNE_EFFECTOR_PROCESS
GOBP_REGULATION_OF_INNATE_IM...         SET     218   -0.0070309  -0.00043841     0.057812       0.5484 GOBP_REGULATION_OF_INNATE_IMMUNE_RESPONSE
GOBP_REGULATION_OF_LEUKOCYTE...1        SET     276     0.019751     0.001385     0.049537      0.34505 GOBP_REGULATION_OF_LEUKOCYTE_DIFFERENTIATION
GOBP_REGULATION_OF_LEUKOCYTE...2        SET      82     0.047462    0.0018173     0.098446      0.31487 GOBP_REGULATION_OF_LEUKOCYTE_MEDIATED_CYTOTOXICITY
GOBP_REGULATION_OF_LEUKOCYTE...3        SET     225    -0.037414     -0.00237     0.056268      0.74695 GOBP_REGULATION_OF_LEUKOCYTE_MEDIATED_IMMUNITY
GOBP_REGULATION_OF_LEUKOCYTE...4        SET     244   -0.0023115  -0.00015245     0.053784      0.51714 GOBP_REGULATION_OF_LEUKOCYTE_PROLIFERATION
GOBP_REGULATION_OF_LIPID_CAT...         SET      60    -0.042329   -0.0013867      0.10797      0.65249 GOBP_REGULATION_OF_LIPID_CATABOLIC_PROCESS
GOBP_REGULATION_OF_LYMPHOCYT...1        SET     459     0.028496    0.0025727     0.039389       0.2347 GOBP_REGULATION_OF_LYMPHOCYTE_ACTIVATION
GOBP_REGULATION_OF_LYMPHOCYT...2        SET     166    -0.047827   -0.0026036     0.066067      0.76544 GOBP_REGULATION_OF_LYMPHOCYTE_MEDIATED_IMMUNITY
GOBP_REGULATION_OF_MACROPHAG...         SET      61    -0.033639   -0.0011111      0.10634      0.62412 GOBP_REGULATION_OF_MACROPHAGE_ACTIVATION
GOBP_REGULATION_OF_MAP_KINAS...         SET     179     0.016742   0.00094632      0.05986      0.38986 GOBP_REGULATION_OF_MAP_KINASE_ACTIVITY
GOBP_REGULATION_OF_MICROGLIA...         SET      20     -0.45851   -0.0086752      0.18461       0.9935 GOBP_REGULATION_OF_MICROGLIAL_CELL_ACTIVATION
GOBP_REGULATION_OF_MITOCHOND...         SET     139      0.12852    0.0064038     0.069479     0.032175 GOBP_REGULATION_OF_MITOCHONDRION_ORGANIZATION
GOBP_REGULATION_OF_NATURAL_K...         SET      48    -0.015891  -0.00046566      0.12983      0.54871 GOBP_REGULATION_OF_NATURAL_KILLER_CELL_MEDIATED_IMMUNITY
GOBP_REGULATION_OF_NERVOUS_S...         SET     134      0.16441    0.0080435     0.074199     0.013357 GOBP_REGULATION_OF_NERVOUS_SYSTEM_PROCESS
GOBP_REGULATION_OF_NEUROTRAN...         SET     204      0.13299    0.0080229     0.058953     0.012043 GOBP_REGULATION_OF_NEUROTRANSMITTER_LEVELS
GOBP_REGULATION_OF_NUCLEAR_T...         SET      15      0.37468    0.0061396      0.21156     0.038285 GOBP_REGULATION_OF_NUCLEAR_TRANSCRIBED_MRNA_POLY_A_TAIL_SHORTENING
GOBP_REGULATION_OF_PHAGOCYTO...         SET      98    -0.023666  -0.00099052     0.088054      0.60595 GOBP_REGULATION_OF_PHAGOCYTOSIS
GOBP_REGULATION_OF_PRODUCTIO...         SET     163    -0.055742    -0.003007     0.063618      0.80953 GOBP_REGULATION_OF_PRODUCTION_OF_MOLECULAR_MEDIATOR_OF_IMMUNE_RESPONSE
GOBP_REGULATION_OF_PROTEIN_C...1        SET     366     0.057784    0.0046624     0.042825     0.088623 GOBP_REGULATION_OF_PROTEIN_CATABOLIC_PROCESS
GOBP_REGULATION_OF_PROTEIN_C...2        SET     388     0.011635   0.00096643      0.04186      0.39053 GOBP_REGULATION_OF_PROTEIN_CONTAINING_COMPLEX_ASSEMBLY
GOBP_REGULATION_OF_PROTEIN_S...1        SET     244      0.10588    0.0069832     0.052604     0.022072 GOBP_REGULATION_OF_PROTEIN_SECRETION
GOBP_REGULATION_OF_PROTEIN_S...2        SET     362     0.042169     0.003384     0.044084      0.16939 GOBP_REGULATION_OF_PROTEIN_SERINE_THREONINE_KINASE_ACTIVITY
GOBP_REGULATION_OF_PROTEIN_S...3        SET     286     0.017852    0.0012742     0.048558      0.35657 GOBP_REGULATION_OF_PROTEIN_STABILITY
GOBP_REGULATION_OF_RAC_PROTE...         SET      20      0.21081    0.0039885      0.17024      0.10781 GOBP_REGULATION_OF_RAC_PROTEIN_SIGNAL_TRANSDUCTION
GOBP_REGULATION_OF_RESPONSE_...1        SET     333    -0.034058    -0.002622     0.045613      0.77237 GOBP_REGULATION_OF_RESPONSE_TO_BIOTIC_STIMULUS
GOBP_REGULATION_OF_RESPONSE_...2        SET     170     0.049521     0.002728     0.065394      0.22445 GOBP_REGULATION_OF_RESPONSE_TO_CYTOKINE_STIMULUS
GOBP_REGULATION_OF_SPROUTING...         SET      60     0.036879    0.0012081       0.1128      0.37186 GOBP_REGULATION_OF_SPROUTING_ANGIOGENESIS
GOBP_REGULATION_OF_SYNCYTIUM...         SET      30     -0.19454   -0.0045077      0.15451        0.896 GOBP_REGULATION_OF_SYNCYTIUM_FORMATION_BY_PLASMA_MEMBRANE_FUSION
GOBP_REGULATION_OF_TRANS_SYN...         SET     414     0.097435    0.0083578     0.041741    0.0097934 GOBP_REGULATION_OF_TRANS_SYNAPTIC_SIGNALING
GOBP_REGULATION_OF_TYPE_I_IN...         SET      41      0.17004    0.0046055       0.1255     0.087731 GOBP_REGULATION_OF_TYPE_I_INTERFERON_MEDIATED_SIGNALING_PATHWAY
GOBP_REGULATION_OF_T_CELL_AC...         SET     329     0.041614    0.0031846     0.046297      0.18436 GOBP_REGULATION_OF_T_CELL_ACTIVATION
GOBP_REGULATION_OF_T_CELL_ME...         SET      39     0.051046    0.0013485      0.14018      0.35788 GOBP_REGULATION_OF_T_CELL_MEDIATED_CYTOTOXICITY
GOBP_REGULATION_OF_VASCULATU...         SET     333     0.017489    0.0013465     0.047012      0.35494 GOBP_REGULATION_OF_VASCULATURE_DEVELOPMENT
GOBP_REGULATION_OF_VIRAL_GEN...         SET      86      0.09452    0.0037062      0.09391      0.15709 GOBP_REGULATION_OF_VIRAL_GENOME_REPLICATION
GOBP_REGULATION_OF_VIRAL_PRO...         SET     154    -0.041192   -0.0021601     0.069575      0.72309 GOBP_REGULATION_OF_VIRAL_PROCESS
GOBP_RESPIRATORY_ELECTRON_TR...         SET      98     0.010169   0.00042559     0.087698      0.45385 GOBP_RESPIRATORY_ELECTRON_TRANSPORT_CHAIN
GOBP_RESPONSE_TO_ENDOPLASMIC...         SET     246    0.0013552   8.9744e-05     0.051812      0.48957 GOBP_RESPONSE_TO_ENDOPLASMIC_RETICULUM_STRESS
GOBP_RESPONSE_TO_EXTRACELLUL...         SET     460   -0.0066561  -0.00060159     0.039059      0.56766 GOBP_RESPONSE_TO_EXTRACELLULAR_STIMULUS
GOBP_RESPONSE_TO_INTERFERON_...1        SET      19      0.44491    0.0082049      0.18701    0.0086789 GOBP_RESPONSE_TO_INTERFERON_ALPHA
GOBP_RESPONSE_TO_INTERFERON_...2        SET     133     0.072564    0.0035369     0.074862       0.1662 GOBP_RESPONSE_TO_INTERFERON_GAMMA
GOBP_RESPONSE_TO_STEROID_HOR...         SET     318    0.0082542   0.00062108     0.046968      0.43025 GOBP_RESPONSE_TO_STEROID_HORMONE
GOBP_RESPONSE_TO_TOPOLOGICAL...         SET     154     0.039529    0.0020729     0.063575      0.26705 GOBP_RESPONSE_TO_TOPOLOGICALLY_INCORRECT_PROTEIN
GOBP_RESPONSE_TO_TYPE_I_INTE...         SET      62      0.18274    0.0060854      0.10604     0.042422 GOBP_RESPONSE_TO_TYPE_I_INTERFERON
GOBP_RESPONSE_TO_VIRUS                  SET     378   0.00075651   6.2027e-05     0.043743       0.4931 GOBP_RESPONSE_TO_VIRUS
GOBP_RIBONUCLEOPROTEIN_COMPL...         SET     420     0.092644    0.0080039     0.039944     0.010189 GOBP_RIBONUCLEOPROTEIN_COMPLEX_BIOGENESIS
GOBP_RIBOSOMAL_LARGE_SUBUNIT...1        SET      26     0.030329   0.00065425      0.14965       0.4197 GOBP_RIBOSOMAL_LARGE_SUBUNIT_ASSEMBLY
GOBP_RIBOSOMAL_LARGE_SUBUNIT...2        SET      70       0.1608    0.0056893      0.09426     0.044015 GOBP_RIBOSOMAL_LARGE_SUBUNIT_BIOGENESIS
GOBP_RIBOSOMAL_SMALL_SUBUNIT...         SET      72      0.23612    0.0084725      0.10028    0.0092744 GOBP_RIBOSOMAL_SMALL_SUBUNIT_BIOGENESIS
GOBP_RIBOSOME_ASSEMBLY                  SET      59      0.22258    0.0072308      0.10105     0.013808 GOBP_RIBOSOME_ASSEMBLY
GOBP_RIBOSOME_BIOGENESIS                SET     290      0.11915    0.0085636     0.046409    0.0051257 GOBP_RIBOSOME_BIOGENESIS
GOBP_RNA_MEDIATED_GENE_SILEN...         SET      86    -0.010119  -0.00039678      0.10431      0.53864 GOBP_RNA_MEDIATED_GENE_SILENCING_BY_INHIBITION_OF_TRANSLATION
GOBP_SELECTIVE_AUTOPHAGY                SET      73     0.024929   0.00090068     0.095229      0.39675 GOBP_SELECTIVE_AUTOPHAGY
GOBP_SIGNAL_RELEASE                     SET     431     0.061258    0.0053606     0.040169     0.063632 GOBP_SIGNAL_RELEASE
GOBP_SPINDLE_ORGANIZATION               SET     188     0.050852    0.0029454     0.059761      0.19741 GOBP_SPINDLE_ORGANIZATION
GOBP_TEMPERATURE_HOMEOSTASIS            SET     175     0.067621    0.0037794     0.064281      0.14641 GOBP_TEMPERATURE_HOMEOSTASIS
GOBP_TRANSFERRIN_TRANSPORT              SET      10     0.066008   0.00088319      0.24822      0.39515 GOBP_TRANSFERRIN_TRANSPORT
GOBP_TUMOR_NECROSIS_FACTOR_S...         SET     181      -0.1413   -0.0080311     0.061798      0.98889 GOBP_TUMOR_NECROSIS_FACTOR_SUPERFAMILY_CYTOKINE_PRODUCTION
GOBP_TYPE_I_INTERFERON_PRODU...         SET      91       0.1369    0.0055218     0.086063     0.055836 GOBP_TYPE_I_INTERFERON_PRODUCTION
GOBP_T_CELL_ACTIVATION                  SET     489     0.014881    0.0013864     0.038208      0.34846 GOBP_T_CELL_ACTIVATION
GOBP_T_CELL_DIFFERENTIATION             SET     257     -0.03108   -0.0021035     0.052156      0.72438 GOBP_T_CELL_DIFFERENTIATION
GOBP_T_CELL_DIFFERENTIATION_...         SET      76     0.083153    0.0030654     0.093389      0.18663 GOBP_T_CELL_DIFFERENTIATION_IN_THYMUS
GOBP_T_CELL_MEDIATED_CYTOTOX...         SET      48     0.083403    0.0024441      0.12747      0.25646 GOBP_T_CELL_MEDIATED_CYTOTOXICITY
GOBP_VASCULAR_ASSOCIATED_SMO...         SET      77      0.12094    0.0044874     0.095564      0.10285 GOBP_VASCULAR_ASSOCIATED_SMOOTH_MUSCLE_CELL_PROLIFERATION
GOBP_VIRAL_GENOME_REPLICATION           SET     127    0.0079406   0.00037823     0.074401       0.4575 GOBP_VIRAL_GENOME_REPLICATION
GOBP_VIRAL_LIFE_CYCLE                   SET     306    0.0054982   0.00040587     0.048139      0.45453 GOBP_VIRAL_LIFE_CYCLE
GOBP_VIRAL_PROCESS                      SET     400      0.00624    0.0005262     0.041825       0.4407 GOBP_VIRAL_PROCESS
GOCC_AXON_CYTOPLASM                     SET      59     0.018423   0.00059849      0.10858      0.43264 GOCC_AXON_CYTOPLASM
GOCC_AZUROPHIL_GRANULE                  SET     149     0.037443    0.0019315     0.067848      0.29052 GOCC_AZUROPHIL_GRANULE
GOCC_AZUROPHIL_GRANULE_LUMEN            SET      86      0.06615    0.0025938     0.090411      0.23219 GOCC_AZUROPHIL_GRANULE_LUMEN
GOCC_BLOOD_MICROPARTICLE                SET     115    -0.078373   -0.0035527      0.07947      0.83798 GOCC_BLOOD_MICROPARTICLE
GOCC_CELL_SUBSTRATE_JUNCTION            SET     414      0.11616    0.0099641     0.040239    0.0019473 GOCC_CELL_SUBSTRATE_JUNCTION
GOCC_CHAPERONE_COMPLEX                  SET      32      0.14944     0.003576      0.14593      0.15291 GOCC_CHAPERONE_COMPLEX
GOCC_CHROMOSOMAL_REGION                 SET     351    -0.045145   -0.0035678     0.044508      0.84478 GOCC_CHROMOSOMAL_REGION
GOCC_CILIARY_BASAL_BODY                 SET     156     0.085077    0.0044902     0.065362     0.096526 GOCC_CILIARY_BASAL_BODY
GOCC_CILIARY_PLASM                      SET     130    -0.018506  -0.00089179     0.072632      0.60055 GOCC_CILIARY_PLASM
GOCC_CLATHRIN_COATED_PIT                SET      68      0.12162    0.0042414      0.10049      0.11309 GOCC_CLATHRIN_COATED_PIT
GOCC_CLATHRIN_COATED_VESICLE            SET     184     0.097275    0.0055743     0.061065     0.055588 GOCC_CLATHRIN_COATED_VESICLE
GOCC_CLATHRIN_COATED_VESICLE...         SET     103     0.069553    0.0029842     0.082002      0.19817 GOCC_CLATHRIN_COATED_VESICLE_MEMBRANE
GOCC_CLATHRIN_SCULPTED_VESIC...         SET      12    -0.033339  -0.00048865      0.25195      0.55263 GOCC_CLATHRIN_SCULPTED_VESICLE
GOCC_COATED_VESICLE                     SET     277     0.055145     0.003874     0.049963      0.13486 GOCC_COATED_VESICLE
GOCC_COATED_VESICLE_MEMBRANE            SET     165     0.039751    0.0021575       0.0645      0.26885 GOCC_COATED_VESICLE_MEMBRANE
GOCC_CONDENSED_CHROMOSOME               SET     241     -0.07586   -0.0049725     0.053398      0.92229 GOCC_CONDENSED_CHROMOSOME
GOCC_CYTOSOLIC_LARGE_RIBOSOM...         SET      55    -0.069433   -0.0021778      0.11779      0.72222 GOCC_CYTOSOLIC_LARGE_RIBOSOMAL_SUBUNIT
GOCC_CYTOSOLIC_RIBOSOME                 SET      96    -0.083884   -0.0034749     0.091384      0.82067 GOCC_CYTOSOLIC_RIBOSOME
GOCC_CYTOSOLIC_SMALL_RIBOSOM...         SET      40     -0.11592   -0.0031011      0.14857      0.78237 GOCC_CYTOSOLIC_SMALL_RIBOSOMAL_SUBUNIT
GOCC_DISTAL_AXON                        SET     251       0.1899     0.012702      0.05402   0.00021978 GOCC_DISTAL_AXON
GOCC_EARLY_ENDOSOME                     SET     372    0.0086722   0.00070541     0.043624      0.42121 GOCC_EARLY_ENDOSOME
GOCC_ENDOCYTIC_VESICLE                  SET     316       0.1255    0.0094134     0.047545     0.004152 GOCC_ENDOCYTIC_VESICLE
GOCC_ENDOPLASMIC_RETICULUM_P...         SET     120     0.049999    0.0023152      0.07624      0.25597 GOCC_ENDOPLASMIC_RETICULUM_PROTEIN_CONTAINING_COMPLEX
GOCC_FICOLIN_1_RICH_GRANULE             SET     179    -0.080793   -0.0045667     0.062808      0.90084 GOCC_FICOLIN_1_RICH_GRANULE
GOCC_FICOLIN_1_RICH_GRANULE_...         SET     121      -0.1575    -0.007323     0.075829       0.9811 GOCC_FICOLIN_1_RICH_GRANULE_LUMEN
GOCC_INNER_MITOCHONDRIAL_MEM...         SET     132     0.043292    0.0021022     0.075295      0.28266 GOCC_INNER_MITOCHONDRIAL_MEMBRANE_PROTEIN_COMPLEX
GOCC_INTRINSIC_COMPONENT_OF_...1        SET     163      0.13503     0.007284     0.066732     0.021519 GOCC_INTRINSIC_COMPONENT_OF_ENDOPLASMIC_RETICULUM_MEMBRANE
GOCC_INTRINSIC_COMPONENT_OF_...2        SET      80     0.077034    0.0029135     0.091987      0.20117 GOCC_INTRINSIC_COMPONENT_OF_MITOCHONDRIAL_MEMBRANE
GOCC_INTRINSIC_COMPONENT_OF_...3        SET     386     0.074995    0.0062132     0.042173     0.037681 GOCC_INTRINSIC_COMPONENT_OF_ORGANELLE_MEMBRANE
GOCC_KERATIN_FILAMENT                   SET      98     -0.17153   -0.0071792      0.11541       0.9314 GOCC_KERATIN_FILAMENT
GOCC_LARGE_RIBOSOMAL_SUBUNIT            SET     109   -0.0024792  -0.00010942     0.080215      0.51233 GOCC_LARGE_RIBOSOMAL_SUBUNIT
GOCC_LYSOSOMAL_LUMEN                    SET      91     -0.12408   -0.0050046     0.088528      0.91948 GOCC_LYSOSOMAL_LUMEN
GOCC_MHC_PROTEIN_COMPLEX                SET      22      0.28874    0.0057297      0.19701      0.07138 GOCC_MHC_PROTEIN_COMPLEX
GOCC_MITOCHONDRIAL_MATRIX               SET     457    0.0084615   0.00076228     0.038311       0.4126 GOCC_MITOCHONDRIAL_MATRIX
GOCC_MITOCHONDRIAL_PROTEIN_C...         SET     253     0.026008    0.0017465     0.053932      0.31482 GOCC_MITOCHONDRIAL_PROTEIN_CONTAINING_COMPLEX
GOCC_MOTILE_CILIUM                      SET     217    -0.012456  -0.00077493     0.056992       0.5865 GOCC_MOTILE_CILIUM
GOCC_OXIDOREDUCTASE_COMPLEX             SET     101     0.011575   0.00049178     0.086019      0.44648 GOCC_OXIDOREDUCTASE_COMPLEX
GOCC_PRESYNAPSE                         SET     468       0.1443     0.013154     0.038873   0.00010287 GOCC_PRESYNAPSE
GOCC_RECEPTOR_COMPLEX                   SET     471     0.018952    0.0017331       0.0414      0.32356 GOCC_RECEPTOR_COMPLEX
GOCC_RECYCLING_ENDOSOME_MEMB...         SET      87     0.052041    0.0020524     0.086314      0.27328 GOCC_RECYCLING_ENDOSOME_MEMBRANE
GOCC_RESPIRASOME                        SET      86     0.081141    0.0031817     0.094757      0.19592 GOCC_RESPIRASOME
GOCC_RIBONUCLEOPROTEIN_GRANU...         SET     249     0.022892    0.0015251     0.051535      0.32845 GOCC_RIBONUCLEOPROTEIN_GRANULE
GOCC_RIBOSOMAL_SUBUNIT                  SET     172   0.00064001   3.5463e-05     0.065697      0.49611 GOCC_RIBOSOMAL_SUBUNIT
GOCC_RIBOSOME                           SET     207     0.053719    0.0032644     0.059602      0.18372 GOCC_RIBOSOME
GOCC_RNA_POLYMERASE_II_TRANS...         SET     221     0.061218    0.0038434     0.057922      0.14528 GOCC_RNA_POLYMERASE_II_TRANSCRIPTION_REGULATOR_COMPLEX
GOCC_SECRETORY_GRANULE_MEMBR...         SET     298      0.04076    0.0029694        0.048       0.1979 GOCC_SECRETORY_GRANULE_MEMBRANE
GOCC_SMALL_RIBOSOMAL_SUBUNIT            SET      66    0.0043618   0.00014986       0.1118      0.48444 GOCC_SMALL_RIBOSOMAL_SUBUNIT
GOCC_SYNAPTIC_MEMBRANE                  SET     347      0.11903    0.0093535      0.04593    0.0047775 GOCC_SYNAPTIC_MEMBRANE
GOCC_TERMINAL_BOUTON                    SET      46      0.25396    0.0072856      0.12364     0.019989 GOCC_TERMINAL_BOUTON
GOCC_TERTIARY_GRANULE                   SET     157     0.073949    0.0039153     0.066986      0.13481 GOCC_TERTIARY_GRANULE
GOCC_TERTIARY_GRANULE_MEMBRA...         SET      69     0.054421    0.0019117      0.10033      0.29377 GOCC_TERTIARY_GRANULE_MEMBRANE
GOCC_TRANSPORTER_COMPLEX                SET     367     0.043891    0.0035463     0.046428      0.17224 GOCC_TRANSPORTER_COMPLEX
GOCC_TRANSPORT_VESICLE                  SET     379     0.076055     0.006244     0.042235     0.035874 GOCC_TRANSPORT_VESICLE
GOCC_TRANSPORT_VESICLE_MEMBR...         SET     194      0.14414    0.0084806     0.059501    0.0077095 GOCC_TRANSPORT_VESICLE_MEMBRANE
GOCC_VACUOLAR_LUMEN                     SET     164    -0.031552   -0.0017073     0.065429      0.68518 GOCC_VACUOLAR_LUMEN
GOCC_VACUOLAR_MEMBRANE                  SET     433     0.027154    0.0023817     0.039725      0.24713 GOCC_VACUOLAR_MEMBRANE
GOCC_VESICLE_COAT                       SET      51    -0.022565  -0.00068158      0.11022      0.58111 GOCC_VESICLE_COAT
GOCC_VESICLE_LUMEN                      SET     308    -0.040029   -0.0029644      0.04741      0.80075 GOCC_VESICLE_LUMEN
GOMF_AMINO_ACID_CATION_SYMPO...         SET      22      -0.0377  -0.00074811      0.18055       0.5827 GOMF_AMINO_ACID_CATION_SYMPORTER_ACTIVITY
GOMF_CATALYTIC_ACTIVITY_ACTI...         SET     385   0.00021016   1.7389e-05     0.041772      0.49799 GOMF_CATALYTIC_ACTIVITY_ACTING_ON_RNA
GOMF_ENZYME_INHIBITOR_ACTIVI...         SET     377     0.013137    0.0010757     0.043506      0.38135 GOMF_ENZYME_INHIBITOR_ACTIVITY
GOMF_G_QUADRUPLEX_DNA_BINDING           SET      11      0.17423    0.0024449      0.23421      0.22847 GOMF_G_QUADRUPLEX_DNA_BINDING
GOMF_STRUCTURAL_CONSTITUENT_...         SET     160    -0.028168   -0.0015055     0.068286      0.66001 GOMF_STRUCTURAL_CONSTITUENT_OF_RIBOSOME
HALLMARK_ADIPOGENESIS                   SET     195    -0.066486   -0.0039218     0.060024      0.86599 HALLMARK_ADIPOGENESIS
HALLMARK_ALLOGRAFT_REJECTION            SET     190    -0.021386   -0.0012453     0.060063       0.6391 HALLMARK_ALLOGRAFT_REJECTION
HALLMARK_CHOLESTEROL_HOMEOST...         SET      70     0.031833    0.0011263     0.095048      0.36885 HALLMARK_CHOLESTEROL_HOMEOSTASIS
HALLMARK_COAGULATION                    SET     129    0.0083585   0.00040125     0.075449      0.45589 HALLMARK_COAGULATION
HALLMARK_DNA_REPAIR                     SET     142     0.045273    0.0022799     0.068533      0.25444 HALLMARK_DNA_REPAIR
HALLMARK_E2F_TARGETS                    SET     191    -0.015046  -0.00087837     0.057651      0.60294 HALLMARK_E2F_TARGETS
HALLMARK_G2M_CHECKPOINT                 SET     190     0.061333    0.0035713     0.058845      0.14865 HALLMARK_G2M_CHECKPOINT
HALLMARK_HEME_METABOLISM                SET     189    -0.014162  -0.00082245      0.06027      0.59288 HALLMARK_HEME_METABOLISM
HALLMARK_IL6_JAK_STAT3_SIGNA...         SET      81    -0.090753   -0.0034537     0.092559      0.83657 HALLMARK_IL6_JAK_STAT3_SIGNALING
HALLMARK_INTERFERON_ALPHA_RE...         SET      97     0.020168   0.00083977     0.087232      0.40858 HALLMARK_INTERFERON_ALPHA_RESPONSE
HALLMARK_INTERFERON_GAMMA_RE...         SET     196    0.0047401   0.00028031     0.061051      0.46906 HALLMARK_INTERFERON_GAMMA_RESPONSE
HALLMARK_OXIDATIVE_PHOSPHORY...         SET     186    -0.013713  -0.00079007     0.060585      0.58953 HALLMARK_OXIDATIVE_PHOSPHORYLATION
HALLMARK_TNFA_SIGNALING_VIA_...         SET     198     0.036522    0.0021708     0.058572      0.26647 HALLMARK_TNFA_SIGNALING_VIA_NFKB
HALLMARK_UV_RESPONSE_UP                 SET     153    -0.020625   -0.0010781     0.066621      0.62156 HALLMARK_UV_RESPONSE_UP
HP_ABNORMALITY_OF_ACID_BASE_...         SET     350    -0.019892   -0.0015698     0.044716      0.67179 HP_ABNORMALITY_OF_ACID_BASE_HOMEOSTASIS
HP_ABNORMALITY_OF_COMPLEMENT...         SET      30     -0.10678   -0.0024742      0.16959      0.73553 HP_ABNORMALITY_OF_COMPLEMENT_SYSTEM
HP_ABNORMALITY_OF_EXTRAPYRAM...         SET     245     0.071005    0.0046926     0.055807      0.10163 HP_ABNORMALITY_OF_EXTRAPYRAMIDAL_MOTOR_FUNCTION
HP_ABNORMALITY_OF_HUMORAL_IM...         SET     250     0.047366     0.003162     0.051853       0.1805 HP_ABNORMALITY_OF_HUMORAL_IMMUNITY
HP_ABNORMALITY_OF_TEMPERATUR...         SET     428    -0.023945   -0.0020881     0.040345      0.72358 HP_ABNORMALITY_OF_TEMPERATURE_REGULATION
HP_ABNORMALITY_OF_THE_BASAL_...         SET     205      0.05213    0.0031525     0.060058       0.1927 HP_ABNORMALITY_OF_THE_BASAL_GANGLIA
HP_ABNORMALITY_OF_THE_LYMPH_...         SET     198     -0.02006   -0.0011923      0.05847      0.63423 HP_ABNORMALITY_OF_THE_LYMPH_NODES
HP_ABNORMALITY_OF_THE_MITOCH...         SET     156     0.024306    0.0012828      0.06722      0.35883 HP_ABNORMALITY_OF_THE_MITOCHONDRION
HP_ABNORMALITY_OF_THE_PULMON...         SET     228      -0.0562   -0.0035836     0.055947      0.84243 HP_ABNORMALITY_OF_THE_PULMONARY_VASCULATURE
HP_ABNORMALITY_OF_THE_THENAR...         SET      29     -0.10292   -0.0023447      0.14831      0.75614 HP_ABNORMALITY_OF_THE_THENAR_EMINENCE
HP_ABNORMALITY_OF_THE_URETHRA           SET     381     0.092758    0.0076353     0.042403     0.014353 HP_ABNORMALITY_OF_THE_URETHRA
HP_ABNORMALITY_OF_THE_VOICE             SET     441    -0.001397  -0.00012365     0.040273      0.51384 HP_ABNORMALITY_OF_THE_VOICE
HP_ABNORMAL_ACTIVITY_OF_MITO...         SET      88        0.017   0.00067429     0.090207      0.42526 HP_ABNORMAL_ACTIVITY_OF_MITOCHONDRIAL_RESPIRATORY_CHAIN
HP_ABNORMAL_AGGRESSIVE_IMPUL...         SET     308     0.052139    0.0038613     0.048163       0.1395 HP_ABNORMAL_AGGRESSIVE_IMPULSIVE_OR_VIOLENT_BEHAVIOR
HP_ABNORMAL_CAUDATE_NUCLEUS_...         SET      21     -0.20905    -0.004053      0.21031      0.83989 HP_ABNORMAL_CAUDATE_NUCLEUS_MORPHOLOGY
HP_ABNORMAL_CNS_MYELINATION             SET     284      0.12363    0.0087939     0.048322    0.0052578 HP_ABNORMAL_CNS_MYELINATION
HP_ABNORMAL_CONSUMPTION_BEHA...         SET     133     0.085937    0.0041887     0.075506      0.12753 HP_ABNORMAL_CONSUMPTION_BEHAVIOR
HP_ABNORMAL_CORPUS_STRIATUM_...         SET      36      0.02915   0.00073986      0.14857      0.42223 HP_ABNORMAL_CORPUS_STRIATUM_MORPHOLOGY
HP_ABNORMAL_CSF_METABOLITE_L...         SET      99      0.07907    0.0033262     0.082669      0.16942 HP_ABNORMAL_CSF_METABOLITE_LEVEL
HP_ABNORMAL_EATING_BEHAVIOR             SET     100      0.07178    0.0030347     0.087665      0.20645 HP_ABNORMAL_EATING_BEHAVIOR
HP_ABNORMAL_ERYTHROCYTE_ENZY...         SET      28     -0.11539   -0.0025831       0.1498      0.77943 HP_ABNORMAL_ERYTHROCYTE_ENZYME_LEVEL
HP_ABNORMAL_ERYTHROCYTE_SEDI...         SET      48    -0.044303   -0.0012983       0.1178      0.64658 HP_ABNORMAL_ERYTHROCYTE_SEDIMENTATION_RATE
HP_ABNORMAL_FEAR_ANXIETY_REL...         SET     361     0.059049    0.0047321     0.044327     0.091411 HP_ABNORMAL_FEAR_ANXIETY_RELATED_BEHAVIOR
HP_ABNORMAL_HEMOGLOBIN                  SET      54    -0.023551  -0.00073197      0.11092      0.58407 HP_ABNORMAL_HEMOGLOBIN
HP_ABNORMAL_MEAN_CORPUSCULAR...         SET      48     0.063004    0.0018463      0.11418      0.29055 HP_ABNORMAL_MEAN_CORPUSCULAR_VOLUME
HP_ABNORMAL_NUMBER_OF_ERYTHR...         SET      39     -0.11018   -0.0029105      0.12708      0.80701 HP_ABNORMAL_NUMBER_OF_ERYTHROID_PRECURSORS
HP_ABNORMAL_PERICARDIUM_MORP...         SET      67     0.025083   0.00086826      0.10269      0.40351 HP_ABNORMAL_PERICARDIUM_MORPHOLOGY
HP_ABNORMAL_SERUM_INTERFERON...         SET      21     0.037183   0.00072089      0.19165      0.42308 HP_ABNORMAL_SERUM_INTERFERON_LEVEL
HP_ABNORMAL_SPERM_MOTILITY              SET      75     0.091886     0.003365      0.10169       0.1831 HP_ABNORMAL_SPERM_MOTILITY
HP_ABNORMAL_TONGUE_PHYSIOLOGY           SET      40      0.14461    0.0038686      0.13638       0.1445 HP_ABNORMAL_TONGUE_PHYSIOLOGY
HP_ABNORMAL_VENA_CAVA_MORPHO...         SET      64   0.00028512   9.6464e-06      0.10806      0.49895 HP_ABNORMAL_VENA_CAVA_MORPHOLOGY
HP_ABSENCE_OF_PUBERTAL_DEVEL...         SET      26     0.064113     0.001383      0.15207      0.33665 HP_ABSENCE_OF_PUBERTAL_DEVELOPMENT
HP_ABSENT_SPEECH                        SET     292     0.062387    0.0044993     0.048858      0.10082 HP_ABSENT_SPEECH
HP_ABSENT_THUMB                         SET      47    -0.092392   -0.0026792      0.11992      0.77948 HP_ABSENT_THUMB
HP_ADENOCARCINOMA_OF_THE_INT...         SET      37     0.067481    0.0017363      0.12842      0.29963 HP_ADENOCARCINOMA_OF_THE_INTESTINES
HP_AMYLOIDOSIS                          SET      29      0.29906     0.006813      0.15311     0.025401 HP_AMYLOIDOSIS
HP_APLASIA_HYPOPLASIA_OF_THE...         SET      81      0.10301    0.0039203     0.093055      0.13415 HP_APLASIA_HYPOPLASIA_OF_THE_SPLEEN
HP_APNEA                                SET     277    0.0076479   0.00053727     0.050209      0.43947 HP_APNEA
HP_ARTHRITIS                            SET     187    -0.094927   -0.0054838     0.059816      0.94374 HP_ARTHRITIS
HP_ATONIC_SEIZURE                       SET      95      0.10603    0.0043694     0.086733      0.11076 HP_ATONIC_SEIZURE
HP_AUTOIMMUNITY                         SET     170    -0.047619   -0.0026233     0.064674      0.76922 HP_AUTOIMMUNITY
HP_BONE_CYST                            SET      28     0.051221    0.0011466       0.1515      0.36765 HP_BONE_CYST
HP_BRACHYCEPHALY                        SET     195    -0.021507   -0.0012686     0.061077      0.63763 HP_BRACHYCEPHALY
HP_BRADYKINESIA                         SET      95     0.034489    0.0014213     0.088568      0.34849 HP_BRADYKINESIA
HP_CENTRAL_SLEEP_APNEA                  SET      24      0.19263    0.0039924      0.16855      0.12654 HP_CENTRAL_SLEEP_APNEA
HP_CEREBRAL_VISUAL_IMPAIRMENT           SET     200     0.070316    0.0042003     0.059277      0.11777 HP_CEREBRAL_VISUAL_IMPAIRMENT
HP_CHOREA                               SET     252     0.053575    0.0035907     0.054103      0.16103 HP_CHOREA
HP_COARCTATION_OF_AORTA                 SET     112    -0.096573   -0.0043204      0.07369      0.90499 HP_COARCTATION_OF_AORTA
HP_COGWHEEL_RIGIDITY                    SET      23     -0.16091   -0.0032648      0.18205      0.81162 HP_COGWHEEL_RIGIDITY
HP_COMPLEX_FEBRILE_SEIZURE              SET      15      0.24341    0.0039886      0.22673      0.14152 HP_COMPLEX_FEBRILE_SEIZURE
HP_DEPRESSION                           SET     346     0.043031    0.0033765     0.045384      0.17153 HP_DEPRESSION
HP_DEVELOPMENTAL_CATARACT               SET     115      0.07229     0.003277     0.073906      0.16401 HP_DEVELOPMENTAL_CATARACT
HP_DEVELOPMENTAL_REGRESSION             SET     329     0.042151    0.0032256     0.046191      0.18075 HP_DEVELOPMENTAL_REGRESSION
HP_DILATION_OF_LATERAL_VENTR...         SET      77    0.0090826   0.00033702     0.093448      0.46129 HP_DILATION_OF_LATERAL_VENTRICLES
HP_DISINHIBITION                        SET     189     0.047695    0.0027699     0.059552       0.2116 HP_DISINHIBITION
HP_DISTAL_AMYOTROPHY                    SET     158     0.081662    0.0043374     0.066824      0.11085 HP_DISTAL_AMYOTROPHY
HP_DUPLICATION_OF_THUMB_PHAL...         SET      50    0.0053743   0.00016073      0.11328      0.48108 HP_DUPLICATION_OF_THUMB_PHALANX
HP_DYSPHAGIA                            SET     433     0.081912    0.0071845     0.040892     0.022584 HP_DYSPHAGIA
HP_EARLY_ONSET_OF_SEXUAL_MAT...         SET     183     0.080742    0.0046143     0.060815     0.092148 HP_EARLY_ONSET_OF_SEXUAL_MATURATION
HP_ENCEPHALOPATHY                       SET     250     0.012955   0.00086483     0.053238      0.40387 HP_ENCEPHALOPATHY
HP_ENLARGED_CISTERNA_MAGNA              SET      36     0.021664   0.00054985       0.1423       0.4395 HP_ENLARGED_CISTERNA_MAGNA
HP_ERYTHROID_HYPOPLASIA                 SET      24    -0.060434   -0.0012525      0.15647      0.65034 HP_ERYTHROID_HYPOPLASIA
HP_EUNUCHOID_HABITUS                    SET      20    -0.018295  -0.00034615      0.16443      0.54429 HP_EUNUCHOID_HABITUS
HP_FAILURE_TO_THRIVE_IN_INFA...         SET     127     0.077766    0.0037042     0.075832      0.15257 HP_FAILURE_TO_THRIVE_IN_INFANCY
HP_FEMALE_SEXUAL_DYSFUNCTION            SET      54    -0.036963   -0.0011488      0.11096      0.63048 HP_FEMALE_SEXUAL_DYSFUNCTION
HP_FEVER                                SET     312     0.016155    0.0012041     0.047346      0.36647 HP_FEVER
HP_FOCAL_MOTOR_SEIZURE                  SET     100     0.053111    0.0022454     0.088003      0.27309 HP_FOCAL_MOTOR_SEIZURE
HP_FUNCTIONAL_MOTOR_DEFICIT             SET     436     0.037235    0.0032771     0.040422      0.17849 HP_FUNCTIONAL_MOTOR_DEFICIT
HP_GASTROESOPHAGEAL_REFLUX              SET     395   -0.0063879  -0.00053531     0.042152      0.56023 HP_GASTROESOPHAGEAL_REFLUX
HP_GENERALIZED_MYOCLONIC_SEI...         SET     139     0.037706    0.0018788     0.071419      0.29877 HP_GENERALIZED_MYOCLONIC_SEIZURE
HP_GLAUCOMA                             SET     324   -0.0093252  -0.00070821      0.04619         0.58 HP_GLAUCOMA
HP_HYPOMIMIC_FACE                       SET      31     -0.10697   -0.0025195      0.15589      0.75371 HP_HYPOMIMIC_FACE
HP_HYPOPLASIA_OF_THE_CORPUS_...         SET     458      0.05434    0.0049008     0.038854     0.080975 HP_HYPOPLASIA_OF_THE_CORPUS_CALLOSUM
HP_HYPOSMIA                             SET      55   -0.0036897  -0.00011573      0.11761      0.51251 HP_HYPOSMIA
HP_INCREASED_CSF_LACTATE                SET      77      0.11773    0.0043685       0.0934      0.10375 HP_INCREASED_CSF_LACTATE
HP_INCREASED_MEAN_CORPUSCULA...         SET      38      0.10678    0.0027844      0.12682      0.19989 HP_INCREASED_MEAN_CORPUSCULAR_VOLUME
HP_INCREASED_SERUM_LACTATE              SET     164    -0.043216   -0.0023385     0.065804      0.74433 HP_INCREASED_SERUM_LACTATE
HP_INTERICTAL_EEG_ABNORMALITY           SET     274     0.075264    0.0052589      0.05098     0.069928 HP_INTERICTAL_EEG_ABNORMALITY
HP_IRRITABILITY                         SET     197      0.05119    0.0030349      0.05896      0.19264 HP_IRRITABILITY
HP_LACTIC_ACIDOSIS                      SET     151   -0.0045243  -0.00023493     0.068836       0.5262 HP_LACTIC_ACIDOSIS
HP_LEUKODYSTROPHY                       SET     100      0.14398    0.0060871     0.080319     0.036523 HP_LEUKODYSTROPHY
HP_MACROCYTIC_ANEMIA                    SET      62      0.11422    0.0038035      0.10104      0.12915 HP_MACROCYTIC_ANEMIA
HP_MALIGNANT_GENITOURINARY_T...         SET      25      -0.1491   -0.0031538      0.15694      0.82895 HP_MALIGNANT_GENITOURINARY_TRACT_TUMOR
HP_MENINGITIS                           SET      65      0.23619    0.0080531      0.10287      0.01084 HP_MENINGITIS
HP_MENTAL_DETERIORATION                 SET     296     0.070677    0.0051318     0.049017     0.074668 HP_MENTAL_DETERIORATION
HP_MOTOR_SEIZURE                        SET     318      0.02828    0.0021279      0.04756      0.27605 HP_MOTOR_SEIZURE
HP_MULTICYSTIC_KIDNEY_DYSPLA...         SET     108   -0.0018213  -8.0014e-05     0.078907      0.50921 HP_MULTICYSTIC_KIDNEY_DYSPLASIA
HP_MUSCLE_STIFFNESS                     SET      69     0.050625    0.0017784     0.098954      0.30447 HP_MUSCLE_STIFFNESS
HP_MYELODYSPLASIA                       SET      95    -0.064212   -0.0026461     0.081664      0.78415 HP_MYELODYSPLASIA
HP_MYOCLONIC_SEIZURE                    SET     172     0.063184    0.0035011     0.064575      0.16392 HP_MYOCLONIC_SEIZURE
HP_MYOCLONUS                            SET     320   1.8218e-05   1.3751e-06     0.047507      0.49985 HP_MYOCLONUS
HP_MYOSITIS                             SET      31      0.15215    0.0035837      0.14869      0.15308 HP_MYOSITIS
HP_NARROW_PALM                          SET      14      0.28258    0.0044736      0.26141      0.13985 HP_NARROW_PALM
HP_OSTEOSARCOMA                         SET      32    -0.032924  -0.00078787      0.13901      0.59361 HP_OSTEOSARCOMA
HP_PARKINSONISM                         SET     108     0.047237    0.0020753     0.083088      0.28484 HP_PARKINSONISM
HP_PAROXYSMAL_DYSKINESIA                SET      12      0.56828    0.0083293      0.27029     0.017758 HP_PAROXYSMAL_DYSKINESIA
HP_PARTIAL_DUPLICATION_OF_TH...         SET      38    -0.019848  -0.00051755      0.13169       0.5599 HP_PARTIAL_DUPLICATION_OF_THE_PHALANX_OF_HAND
HP_PERIPHERAL_NEUROPATHY                SET     410     0.048792    0.0041652     0.041337      0.11893 HP_PERIPHERAL_NEUROPATHY
HP_PERSISTENCE_OF_HEMOGLOBIN...         SET      29      0.02751   0.00062671      0.14391       0.4242 HP_PERSISTENCE_OF_HEMOGLOBIN_F
HP_PLAGIOCEPHALY                        SET     108     0.092618    0.0040689     0.082503      0.13081 HP_PLAGIOCEPHALY
HP_PLANTAR_HYPERKERATOSIS               SET     155    -0.045671   -0.0024027     0.067912      0.74937 HP_PLANTAR_HYPERKERATOSIS
HP_POLYPHAGIA                           SET      62    0.0096747   0.00032217      0.11425      0.46626 HP_POLYPHAGIA
HP_PROGRESSIVE_NEUROLOGIC_DE...         SET      50     0.087272    0.0026101      0.12454      0.24173 HP_PROGRESSIVE_NEUROLOGIC_DETERIORATION
HP_PROTRUDING_EAR                       SET     168    -0.044027   -0.0024111     0.066615      0.74567 HP_PROTRUDING_EAR
HP_PULMONARY_INFILTRATES                SET      48      0.17887    0.0052417      0.12099     0.069648 HP_PULMONARY_INFILTRATES
HP_PURE_RED_CELL_APLASIA                SET      24    -0.088607   -0.0018364      0.15594      0.71505 HP_PURE_RED_CELL_APLASIA
HP_RAPIDLY_PROGRESSIVE                  SET      35      0.38831    0.0097178      0.14002    0.0027763 HP_RAPIDLY_PROGRESSIVE
HP_RENAL_CYST                           SET     257     0.023192    0.0015696     0.053835      0.33331 HP_RENAL_CYST
HP_RETICULOCYTOPENIA                    SET      33    -0.017086  -0.00041521      0.13222      0.55141 HP_RETICULOCYTOPENIA
HP_RIGIDITY                             SET     175     0.072502    0.0040521     0.063337      0.12617 HP_RIGIDITY
HP_SHORT_ATTENTION_SPAN                 SET     401     0.038947    0.0032883      0.04126       0.1726 HP_SHORT_ATTENTION_SPAN
HP_SPASTIC_TETRAPLEGIA                  SET      98     0.036914     0.001545     0.083424      0.32907 HP_SPASTIC_TETRAPLEGIA
HP_STATUS_EPILEPTICUS                   SET     185      0.02582    0.0014836     0.060955      0.33593 HP_STATUS_EPILEPTICUS
HP_STEREOTYPY                           SET     230      0.14712    0.0094221     0.056292    0.0044813 HP_STEREOTYPY
HP_SYSTEMIC_LUPUS_ERYTHEMATO...         SET      33    -0.058737   -0.0014274      0.15575      0.64696 HP_SYSTEMIC_LUPUS_ERYTHEMATOSUS
HP_THROMBOCYTOSIS                       SET      52     -0.21017     -0.00641      0.11382      0.96759 HP_THROMBOCYTOSIS
HP_TUBE_FEEDING                         SET     234     0.023257    0.0015022     0.054051       0.3335 HP_TUBE_FEEDING
HP_UNSTEADY_GAIT                        SET     151       0.1284    0.0066675     0.067185     0.027996 HP_UNSTEADY_GAIT
HP_UNUSUAL_FUNGAL_INFECTION             SET      62     0.072791     0.002424      0.10043      0.23428 HP_UNUSUAL_FUNGAL_INFECTION
HP_UNUSUAL_INFECTION_BY_ANAT...         SET      89      0.16231    0.0064744     0.086108     0.029719 HP_UNUSUAL_INFECTION_BY_ANATOMICAL_SITE
HP_VERTIGO                              SET     106      0.01305     0.000568     0.082637      0.43726 HP_VERTIGO
HP_WEAKNESS_DUE_TO_UPPER_MOT...         SET     438    0.0084443   0.00074489     0.039959      0.41632 HP_WEAKNESS_DUE_TO_UPPER_MOTOR_NEURON_DYSFUNCTION
KEGG_ALZHEIMERS_DISEASE                 SET     154     0.069203     0.003629     0.068462      0.15605 KEGG_ALZHEIMERS_DISEASE
KEGG_ANTIGEN_PROCESSING_AND_...         SET      73      0.04952    0.0017892      0.11275      0.33026 KEGG_ANTIGEN_PROCESSING_AND_PRESENTATION
KEGG_ENDOCYTOSIS                        SET     176    -0.085619   -0.0047989     0.062387      0.91502 KEGG_ENDOCYTOSIS
KEGG_GLYCOLYSIS_GLUCONEOGENE...         SET      59    -0.057207   -0.0018584      0.11004      0.69843 KEGG_GLYCOLYSIS_GLUCONEOGENESIS
KEGG_GRAFT_VERSUS_HOST_DISEA...         SET      32    -0.041366  -0.00098991      0.15716      0.60381 KEGG_GRAFT_VERSUS_HOST_DISEASE
KEGG_HISTIDINE_METABOLISM               SET      27     -0.15031   -0.0033041      0.16019      0.82595 KEGG_HISTIDINE_METABOLISM
KEGG_HUNTINGTONS_DISEASE                SET     167      0.11004    0.0060082     0.065834     0.047319 KEGG_HUNTINGTONS_DISEASE
KEGG_OXIDATIVE_PHOSPHORYLATI...         SET     114     0.047203    0.0021305     0.077824      0.27208 KEGG_OXIDATIVE_PHOSPHORYLATION
KEGG_PARKINSONS_DISEASE                 SET     110    0.0090665   0.00040198     0.077053      0.45317 KEGG_PARKINSONS_DISEASE
KEGG_PATHWAYS_IN_CANCER                 SET     315       0.1209    0.0090541     0.048044    0.0059296 KEGG_PATHWAYS_IN_CANCER
KEGG_RIBOSOME                           SET      83    -0.064923    -0.002501      0.09717      0.74797 KEGG_RIBOSOME
KEGG_RIG_I_LIKE_RECEPTOR_SIG...         SET      67      0.11117    0.0038481      0.10302      0.14027 KEGG_RIG_I_LIKE_RECEPTOR_SIGNALING_PATHWAY
KEGG_SYSTEMIC_LUPUS_ERYTHEMA...         SET     123   -0.0045883  -0.00021509     0.095722      0.51912 KEGG_SYSTEMIC_LUPUS_ERYTHEMATOSUS
KEGG_THYROID_CANCER                     SET      29      0.12138    0.0027651      0.15615       0.2185 KEGG_THYROID_CANCER
KEGG_TOLL_LIKE_RECEPTOR_SIGN...         SET      98     -0.12477   -0.0052222     0.084361      0.93043 KEGG_TOLL_LIKE_RECEPTOR_SIGNALING_PATHWAY
KEGG_TYPE_I_DIABETES_MELLITUS           SET      39     0.045101    0.0011914      0.13968      0.37339 KEGG_TYPE_I_DIABETES_MELLITUS
REACTOME_ACTIVATION_OF_ANTER...         SET     115     0.038945    0.0017654     0.092931      0.33758 REACTOME_ACTIVATION_OF_ANTERIOR_HOX_GENES_IN_HINDBRAIN_DEVELOPMENT_DURING_EARLY_EMBRYOGENESIS
REACTOME_ACTIVATION_OF_THE_M...         SET      54    -0.064242   -0.0019966      0.11562      0.71077 REACTOME_ACTIVATION_OF_THE_MRNA_UPON_BINDING_OF_THE_CAP_BINDING_COMPLEX_AND_EIFS_AND_SUBSEQUENT_BINDING_TO_43S
REACTOME_ANTIGEN_PRESENTATIO...         SET      24   -0.0068575  -0.00014213      0.16296      0.51678 REACTOME_ANTIGEN_PRESENTATION_FOLDING_ASSEMBLY_AND_PEPTIDE_LOADING_OF_CLASS_I_MHC
REACTOME_ANTIGEN_PROCESSING_...1        SET      97    -0.045322   -0.0018872     0.084194      0.70482 REACTOME_ANTIGEN_PROCESSING_CROSS_PRESENTATION
REACTOME_ANTIGEN_PROCESSING_...2        SET     292    -0.069588   -0.0050186     0.048128      0.92589 REACTOME_ANTIGEN_PROCESSING_UBIQUITINATION_PROTEASOME_DEGRADATION
REACTOME_ANTIVIRAL_MECHANISM...         SET      81     0.029867    0.0011366     0.088487      0.36786 REACTOME_ANTIVIRAL_MECHANISM_BY_IFN_STIMULATED_GENES
REACTOME_ASSEMBLY_OF_THE_ORC...         SET      64    -0.014538  -0.00049186      0.14818      0.53908 REACTOME_ASSEMBLY_OF_THE_ORC_COMPLEX_AT_THE_ORIGIN_OF_REPLICATION
REACTOME_ATTENUATION_PHASE              SET      27     0.067146     0.001476       0.1756      0.35109 REACTOME_ATTENUATION_PHASE
REACTOME_AUTOPHAGY                      SET     144     -0.04001    -0.002029     0.070119      0.71586 REACTOME_AUTOPHAGY
REACTOME_CELLULAR_RESPONSE_T...         SET     147    -0.088234   -0.0045208     0.071011      0.89298 REACTOME_CELLULAR_RESPONSE_TO_STARVATION
REACTOME_CHOLESTEROL_BIOSYNT...         SET      23     0.010887    0.0002209      0.15901      0.47271 REACTOME_CHOLESTEROL_BIOSYNTHESIS
REACTOME_CLASS_A_1_RHODOPSIN...         SET     312    0.0052592   0.00039199     0.047687      0.45609 REACTOME_CLASS_A_1_RHODOPSIN_LIKE_RECEPTORS
REACTOME_CLASS_I_MHC_MEDIATE...         SET     352    -0.075749   -0.0059947     0.044121      0.95699 REACTOME_CLASS_I_MHC_MEDIATED_ANTIGEN_PROCESSING_PRESENTATION
REACTOME_COMPLEX_I_BIOGENESIS           SET      49      0.13857    0.0041029      0.12642      0.13652 REACTOME_COMPLEX_I_BIOGENESIS
REACTOME_COPI_INDEPENDENT_GO...         SET      52     -0.23457   -0.0071543      0.11428      0.97994 REACTOME_COPI_INDEPENDENT_GOLGI_TO_ER_RETROGRADE_TRAFFIC
REACTOME_CREATION_OF_C4_AND_...         SET      18     -0.25502   -0.0045776      0.22073      0.87603 REACTOME_CREATION_OF_C4_AND_C2_ACTIVATORS
REACTOME_CROSSLINKING_OF_COL...         SET      16      0.11778    0.0019932      0.21177      0.28905 REACTOME_CROSSLINKING_OF_COLLAGEN_FIBRILS
REACTOME_DAP12_INTERACTIONS             SET      38    -0.099168   -0.0025859      0.13486      0.76894 REACTOME_DAP12_INTERACTIONS
REACTOME_DAP12_SIGNALING                SET      28     -0.23657   -0.0052956      0.15694      0.93414 REACTOME_DAP12_SIGNALING
REACTOME_DEFECTIVE_B4GALT7_C...         SET      17     -0.23846   -0.0041598      0.19489      0.88944 REACTOME_DEFECTIVE_B4GALT7_CAUSES_EDS_PROGEROID_TYPE
REACTOME_DEFECTIVE_EXT2_CAUS...         SET      12     -0.24798   -0.0036346      0.24187      0.84738 REACTOME_DEFECTIVE_EXT2_CAUSES_EXOSTOSES_2
REACTOME_DISEASES_OF_IMMUNE_...         SET      29     -0.47763    -0.010881       0.1474       0.9994 REACTOME_DISEASES_OF_IMMUNE_SYSTEM
REACTOME_DISEASES_OF_SIGNAL_...         SET     416    -0.018767   -0.0016136     0.041283       0.6753 REACTOME_DISEASES_OF_SIGNAL_TRANSDUCTION_BY_GROWTH_FACTOR_RECEPTORS_AND_SECOND_MESSENGERS
REACTOME_DNA_DAMAGE_TELOMERE...         SET      76     0.015548   0.00057315      0.12024      0.44856 REACTOME_DNA_DAMAGE_TELOMERE_STRESS_INDUCED_SENESCENCE
REACTOME_DOWNSTREAM_SIGNALIN...1        SET      31     -0.13573    -0.003197      0.14724       0.8217 REACTOME_DOWNSTREAM_SIGNALING_OF_ACTIVATED_FGFR1
REACTOME_DOWNSTREAM_SIGNALIN...2        SET      29     -0.19744    -0.004498      0.15618      0.89692 REACTOME_DOWNSTREAM_SIGNALING_OF_ACTIVATED_FGFR2
REACTOME_DOWNSTREAM_SIGNALIN...3        SET      24     -0.21966   -0.0045525      0.16854      0.90376 REACTOME_DOWNSTREAM_SIGNALING_OF_ACTIVATED_FGFR3
REACTOME_DOWNSTREAM_SIGNALIN...4        SET      26      -0.1156   -0.0024936       0.1617      0.76265 REACTOME_DOWNSTREAM_SIGNALING_OF_ACTIVATED_FGFR4
REACTOME_DOWNSTREAM_SIGNAL_T...         SET      28     -0.26478   -0.0059272      0.15947      0.95157 REACTOME_DOWNSTREAM_SIGNAL_TRANSDUCTION
REACTOME_DUAL_INCISION_IN_GG...         SET      39     -0.21031   -0.0055556      0.12477      0.95405 REACTOME_DUAL_INCISION_IN_GG_NER
REACTOME_ENDOSOMAL_VACUOLAR_...         SET      11     0.068385   0.00095964      0.24637      0.39067 REACTOME_ENDOSOMAL_VACUOLAR_PATHWAY
REACTOME_ER_TO_GOLGI_ANTEROG...         SET     150     -0.11755   -0.0060839      0.06822      0.95756 REACTOME_ER_TO_GOLGI_ANTEROGRADE_TRANSPORT
REACTOME_ESR_MEDIATED_SIGNAL...         SET     212    -0.049367   -0.0030358     0.062624      0.78474 REACTOME_ESR_MEDIATED_SIGNALING
REACTOME_ESTROGEN_DEPENDENT_...         SET     142    0.0042284   0.00021294     0.081563      0.47933 REACTOME_ESTROGEN_DEPENDENT_GENE_EXPRESSION
REACTOME_EUKARYOTIC_TRANSLAT...1        SET      88    -0.051368   -0.0020375     0.095461      0.70475 REACTOME_EUKARYOTIC_TRANSLATION_ELONGATION
REACTOME_EUKARYOTIC_TRANSLAT...2        SET     111    -0.027031   -0.0012039     0.081719       0.6296 REACTOME_EUKARYOTIC_TRANSLATION_INITIATION
REACTOME_FACTORS_INVOLVED_IN...         SET     162    -0.079858   -0.0042948      0.06892      0.87671 REACTOME_FACTORS_INVOLVED_IN_MEGAKARYOCYTE_DEVELOPMENT_AND_PLATELET_PRODUCTION
REACTOME_FGFR1C_LIGAND_BINDI...         SET      11     -0.20022   -0.0028097      0.25028      0.78814 REACTOME_FGFR1C_LIGAND_BINDING_AND_ACTIVATION
REACTOME_FGFR1_LIGAND_BINDIN...         SET      15    -0.089398   -0.0014649      0.22167      0.65663 REACTOME_FGFR1_LIGAND_BINDING_AND_ACTIVATION
REACTOME_FGFR1_MUTANT_RECEPT...         SET      31    -0.087338   -0.0020571      0.15716      0.71081 REACTOME_FGFR1_MUTANT_RECEPTOR_ACTIVATION
REACTOME_FGFR2_MUTANT_RECEPT...         SET      32     -0.19121   -0.0045757      0.16625      0.87495 REACTOME_FGFR2_MUTANT_RECEPTOR_ACTIVATION
REACTOME_FLT3_SIGNALING_IN_D...         SET      28     -0.17733   -0.0039696      0.16297      0.86173 REACTOME_FLT3_SIGNALING_IN_DISEASE
REACTOME_FORMATION_OF_THE_BE...         SET      87      0.13657     0.005386        0.112      0.11136 REACTOME_FORMATION_OF_THE_BETA_CATENIN_TCF_TRANSACTIVATING_COMPLEX
REACTOME_FRS_MEDIATED_FGFR1_...         SET      23     -0.10207    -0.002071      0.17185      0.72373 REACTOME_FRS_MEDIATED_FGFR1_SIGNALING
REACTOME_FRS_MEDIATED_FGFR2_...         SET      24     -0.20267   -0.0042005      0.17167      0.88111 REACTOME_FRS_MEDIATED_FGFR2_SIGNALING
REACTOME_FRS_MEDIATED_FGFR3_...         SET      19     -0.23155   -0.0042701      0.18852      0.89031 REACTOME_FRS_MEDIATED_FGFR3_SIGNALING
REACTOME_FRS_MEDIATED_FGFR4_...         SET      21     -0.10274   -0.0019919      0.17909       0.7169 REACTOME_FRS_MEDIATED_FGFR4_SIGNALING
REACTOME_GENE_SILENCING_BY_R...         SET     135    -0.043273    -0.002125      0.07827      0.70982 REACTOME_GENE_SILENCING_BY_RNA
REACTOME_GOLGI_TO_ER_RETROGR...         SET     130    -0.059014   -0.0028439     0.073069      0.79035 REACTOME_GOLGI_TO_ER_RETROGRADE_TRANSPORT
REACTOME_GPCR_LIGAND_BINDING            SET     444    0.0070562   0.00062665     0.040213      0.43036 REACTOME_GPCR_LIGAND_BINDING
REACTOME_G_ALPHA_Q_SIGNALLIN...         SET     206     0.089343    0.0054161     0.059077     0.065229 REACTOME_G_ALPHA_Q_SIGNALLING_EVENTS
REACTOME_HCMV_INFECTION                 SET     154     -0.19999    -0.010487     0.074514      0.99636 REACTOME_HCMV_INFECTION
REACTOME_HIV_ELONGATION_ARRE...         SET      35      0.17068    0.0042715      0.14876      0.12562 REACTOME_HIV_ELONGATION_ARREST_AND_RECOVERY
REACTOME_HSF1_DEPENDENT_TRAN...         SET      37     -0.12638    -0.003252      0.15263      0.79617 REACTOME_HSF1_DEPENDENT_TRANSACTIVATION
REACTOME_HSP90_CHAPERONE_CYC...         SET      55    -0.094769   -0.0029726      0.11041      0.80465 REACTOME_HSP90_CHAPERONE_CYCLE_FOR_STEROID_HORMONE_RECEPTORS_SHR_IN_THE_PRESENCE_OF_LIGAND
REACTOME_IMMUNOREGULATORY_IN...         SET     126       0.1301    0.0061727     0.077066     0.045689 REACTOME_IMMUNOREGULATORY_INTERACTIONS_BETWEEN_A_LYMPHOID_AND_A_NON_LYMPHOID_CELL
REACTOME_INFLUENZA_INFECTION            SET     150    -0.077292   -0.0040003     0.067412      0.87422 REACTOME_INFLUENZA_INFECTION
REACTOME_INITIAL_TRIGGERING_...         SET      25     -0.08851   -0.0018722      0.19382      0.67604 REACTOME_INITIAL_TRIGGERING_OF_COMPLEMENT
REACTOME_INTERFERON_ALPHA_BE...         SET      71      0.06632    0.0023632      0.10467      0.26316 REACTOME_INTERFERON_ALPHA_BETA_SIGNALING
REACTOME_INTERFERON_GAMMA_SI...         SET      86    -0.038381    -0.001505      0.09042      0.66439 REACTOME_INTERFERON_GAMMA_SIGNALING
REACTOME_INTERFERON_SIGNALING           SET     195     -0.02108   -0.0012434     0.059451      0.63854 REACTOME_INTERFERON_SIGNALING
REACTOME_IRAK4_DEFICIENCY_TL...         SET      17     -0.55143   -0.0096192      0.19074      0.99808 REACTOME_IRAK4_DEFICIENCY_TLR2_4
REACTOME_IRS_MEDIATED_SIGNAL...         SET      47      -0.0351   -0.0010178      0.12285      0.61245 REACTOME_IRS_MEDIATED_SIGNALLING
REACTOME_LEISHMANIA_INFECTION           SET     247     0.055891    0.0037087     0.054426      0.15223 REACTOME_LEISHMANIA_INFECTION
REACTOME_MAPK_FAMILY_SIGNALI...         SET     313    0.0067544   0.00050424     0.047667      0.44366 REACTOME_MAPK_FAMILY_SIGNALING_CASCADES
REACTOME_METABOLISM_OF_AMINO...         SET     358     -0.10201   -0.0081411      0.04408      0.98967 REACTOME_METABOLISM_OF_AMINO_ACIDS_AND_DERIVATIVES
REACTOME_METABOLISM_OF_FAT_S...         SET      46    -0.079452   -0.0022793      0.12654      0.73496 REACTOME_METABOLISM_OF_FAT_SOLUBLE_VITAMINS
REACTOME_NEURONAL_SYSTEM                SET     388     0.031845    0.0026451     0.043739      0.23329 REACTOME_NEURONAL_SYSTEM
REACTOME_NEUTROPHIL_DEGRANUL...         SET     457    -0.023811   -0.0021451     0.038999      0.72925 REACTOME_NEUTROPHIL_DEGRANULATION
REACTOME_NICOTINATE_METABOLI...         SET      31      0.25333    0.0059669      0.13735     0.032567 REACTOME_NICOTINATE_METABOLISM
REACTOME_NONSENSE_MEDIATED_D...         SET     107     0.046734    0.0020436     0.084481      0.29007 REACTOME_NONSENSE_MEDIATED_DECAY_NMD
REACTOME_OAS_ANTIVIRAL_RESPO...         SET       8    0.0009372   1.1216e-05      0.29701      0.49874 REACTOME_OAS_ANTIVIRAL_RESPONSE
REACTOME_PEPTIDE_LIGAND_BIND...         SET     187    0.0084131   0.00048601     0.063726      0.44748 REACTOME_PEPTIDE_LIGAND_BINDING_RECEPTORS
REACTOME_PI_3K_CASCADE_FGFR1            SET      21     -0.14304   -0.0027732       0.1899      0.77434 REACTOME_PI_3K_CASCADE_FGFR1
REACTOME_PI_3K_CASCADE_FGFR3            SET      17     -0.31926   -0.0055693      0.21318      0.93288 REACTOME_PI_3K_CASCADE_FGFR3
REACTOME_PI_3K_CASCADE_FGFR4            SET      19     -0.14826   -0.0027342      0.19982      0.77095 REACTOME_PI_3K_CASCADE_FGFR4
REACTOME_PRE_NOTCH_EXPRESSIO...         SET     114     -0.10505   -0.0047412     0.093084      0.87045 REACTOME_PRE_NOTCH_EXPRESSION_AND_PROCESSING
REACTOME_REGULATION_OF_EXPRE...         SET     162      0.04819    0.0025917     0.067232      0.23676 REACTOME_REGULATION_OF_EXPRESSION_OF_SLITS_AND_ROBOS
REACTOME_RESPIRATORY_ELECTRO...1        SET      90      0.13411    0.0053793     0.090749     0.069735 REACTOME_RESPIRATORY_ELECTRON_TRANSPORT
REACTOME_RESPIRATORY_ELECTRO...2        SET     110      0.12581    0.0055782     0.081364     0.061017 REACTOME_RESPIRATORY_ELECTRON_TRANSPORT_ATP_SYNTHESIS_BY_CHEMIOSMOTIC_COUPLING_AND_HEAT_PRODUCTION_BY_UNCOUPLING_PROTEINS
REACTOME_RESPONSE_OF_EIF2AK4...         SET      95     -0.10451   -0.0043067     0.090535      0.87582 REACTOME_RESPONSE_OF_EIF2AK4_GCN2_TO_AMINO_ACID_DEFICIENCY
REACTOME_RNA_POLYMERASE_II_T...         SET      78      0.17829    0.0066582     0.093673     0.028505 REACTOME_RNA_POLYMERASE_II_TRANSCRIBES_SNRNA_GENES
REACTOME_RND2_GTPASE_CYCLE              SET      42      0.06137    0.0016824      0.12772      0.31543 REACTOME_RND2_GTPASE_CYCLE
REACTOME_RRNA_PROCESSING                SET     193     0.055633    0.0032648     0.059498      0.17488 REACTOME_RRNA_PROCESSING
REACTOME_SELECTIVE_AUTOPHAGY            SET      79     -0.10657   -0.0040053     0.097319      0.86325 REACTOME_SELECTIVE_AUTOPHAGY
REACTOME_SELENOAMINO_ACID_ME...         SET     112     -0.08788   -0.0039315     0.081927      0.85829 REACTOME_SELENOAMINO_ACID_METABOLISM
REACTOME_SEMAPHORIN_INTERACT...         SET      61     0.081305    0.0026856      0.10567      0.22083 REACTOME_SEMAPHORIN_INTERACTIONS
REACTOME_SHC_MEDIATED_CASCAD...1        SET      21     -0.26641   -0.0051651      0.17765      0.93315 REACTOME_SHC_MEDIATED_CASCADE_FGFR1
REACTOME_SHC_MEDIATED_CASCAD...2        SET      17       -0.443   -0.0077278      0.19626        0.988 REACTOME_SHC_MEDIATED_CASCADE_FGFR3
REACTOME_SHC_MEDIATED_CASCAD...3        SET      19     -0.28234   -0.0052068      0.18569      0.93581 REACTOME_SHC_MEDIATED_CASCADE_FGFR4
REACTOME_SIGNALING_BY_FGFR1_...         SET      38     -0.07343   -0.0019148      0.13714      0.70383 REACTOME_SIGNALING_BY_FGFR1_IN_DISEASE
REACTOME_SIGNALING_BY_FGFR2_...         SET      42     -0.13736   -0.0037655      0.13884      0.83875 REACTOME_SIGNALING_BY_FGFR2_IN_DISEASE
REACTOME_SIGNALING_BY_FGFR_I...         SET      62    -0.081026   -0.0026982       0.1133      0.76274 REACTOME_SIGNALING_BY_FGFR_IN_DISEASE
REACTOME_SIGNALING_BY_FLT3_F...         SET      19     -0.17424   -0.0032132      0.19308      0.81658 REACTOME_SIGNALING_BY_FLT3_FUSION_PROTEINS
REACTOME_SIGNALING_BY_FLT3_I...         SET      16     -0.13751   -0.0023271      0.20259      0.75135 REACTOME_SIGNALING_BY_FLT3_ITD_AND_TKD_MUTANTS
REACTOME_SIGNALING_BY_INSULI...         SET      76    -0.082017   -0.0030235     0.095077      0.80583 REACTOME_SIGNALING_BY_INSULIN_RECEPTOR
REACTOME_SIGNALING_BY_INTERL...         SET     433    -0.015876   -0.0013925     0.039984      0.65433 REACTOME_SIGNALING_BY_INTERLEUKINS
REACTOME_SIGNALING_BY_ROBO_R...         SET     206     0.060829    0.0036876     0.059525      0.15341 REACTOME_SIGNALING_BY_ROBO_RECEPTORS
REACTOME_SIGNALING_BY_TYPE_1...         SET      52    -0.040313   -0.0012295      0.11721      0.63455 REACTOME_SIGNALING_BY_TYPE_1_INSULIN_LIKE_GROWTH_FACTOR_1_RECEPTOR_IGF1R
REACTOME_SIGNAL_REGULATORY_P...         SET      16     -0.18738   -0.0031711      0.20754       0.8167 REACTOME_SIGNAL_REGULATORY_PROTEIN_FAMILY_INTERACTIONS
REACTOME_SRP_DEPENDENT_COTRA...         SET     106    -0.065074   -0.0028323     0.084164      0.78029 REACTOME_SRP_DEPENDENT_COTRANSLATIONAL_PROTEIN_TARGETING_TO_MEMBRANE
REACTOME_STAT5_ACTIVATION_DO...         SET      10     -0.14976   -0.0020038       0.2737      0.70787 REACTOME_STAT5_ACTIVATION_DOWNSTREAM_OF_FLT3_ITD_MUTANTS
REACTOME_TCF_DEPENDENT_SIGNA...         SET     224      0.10983    0.0069415     0.058188     0.029555 REACTOME_TCF_DEPENDENT_SIGNALING_IN_RESPONSE_TO_WNT
REACTOME_THE_CITRIC_ACID_TCA...         SET     158     0.058472    0.0031057     0.066447      0.18944 REACTOME_THE_CITRIC_ACID_TCA_CYCLE_AND_RESPIRATORY_ELECTRON_TRANSPORT
REACTOME_TRANSCRIPTIONAL_REG...         SET     102    -0.088613   -0.0037835     0.093773      0.82766 REACTOME_TRANSCRIPTIONAL_REGULATION_BY_SMALL_RNAS
REACTOME_TRANSLATION                    SET     281     0.036733    0.0025991     0.050119      0.23181 REACTOME_TRANSLATION
REACTOME_TRANSMISSION_ACROSS...         SET     256     0.015453    0.0010438     0.053682      0.38673 REACTOME_TRANSMISSION_ACROSS_CHEMICAL_SYNAPSES
