# TOTAL_GENES = 59313
# TEST_DIRECTION = one-sided, positive (set), two-sided (covar)
# CONDITIONED_INTERNAL = gene size, gene density, inverse mac, log(gene size), log(gene density), log(inverse mac)
VARIABLE                               TYPE  NGENES         BETA     BETA_STD           SE            P FULL_NAME
GOBP_ACIDIC_AMINO_ACID_TRANS...         SET      63    -0.063804   -0.0020783      0.10384      0.73055 GOBP_ACIDIC_AMINO_ACID_TRANSPORT
GOBP_ACTIVATION_OF_IMMUNE_RE...         SET     357     0.068371    0.0052884     0.048336     0.078615 GOBP_ACTIVATION_OF_IMMUNE_RESPONSE
GOBP_ADAPTIVE_IMMUNE_RESPONSE           SET     645      0.14463        0.015     0.038399   8.2862e-05 GOBP_ADAPTIVE_IMMUNE_RESPONSE
GOBP_ADAPTIVE_IMMUNE_RESPONS...         SET     338      0.20756     0.015624     0.048432   9.1283e-06 GOBP_ADAPTIVE_IMMUNE_RESPONSE_BASED_ON_SOMATIC_RECOMBINATION_OF_IMMUNE_RECEPTORS_BUILT_FROM_IMMUNOGLOBULIN_SUPERFAMILY_DOMAINS
GOBP_ADAPTIVE_THERMOGENESIS             SET     159     0.080217    0.0041477     0.069499      0.12421 GOBP_ADAPTIVE_THERMOGENESIS
GOBP_AEROBIC_RESPIRATION                SET     173     0.091987    0.0049607      0.07339      0.10503 GOBP_AEROBIC_RESPIRATION
GOBP_AMINE_TRANSPORT                    SET     100    -0.043791   -0.0017966     0.083247      0.70057 GOBP_AMINE_TRANSPORT
GOBP_AMMONIUM_ION_METABOLIC_...         SET      23   -0.0059983   -0.0001181      0.18283      0.51309 GOBP_AMMONIUM_ION_METABOLIC_PROCESS
GOBP_ANATOMICAL_STRUCTURE_MA...         SET     243    -0.005906  -0.00037726     0.056818      0.54139 GOBP_ANATOMICAL_STRUCTURE_MATURATION
GOBP_ANTIGEN_PROCESSING_AND_...1        SET     103     0.066235    0.0027578     0.086931      0.22306 GOBP_ANTIGEN_PROCESSING_AND_PRESENTATION
GOBP_ANTIGEN_PROCESSING_AND_...2        SET      26      -0.2989   -0.0062568      0.18636      0.94563 GOBP_ANTIGEN_PROCESSING_AND_PRESENTATION_OF_ENDOGENOUS_ANTIGEN
GOBP_ANTIGEN_PROCESSING_AND_...3        SET      44    -0.026966   -0.0007342       0.1339      0.57981 GOBP_ANTIGEN_PROCESSING_AND_PRESENTATION_OF_EXOGENOUS_ANTIGEN
GOBP_ANTIGEN_PROCESSING_AND_...4        SET      35    -0.070215   -0.0017051      0.14601       0.6847 GOBP_ANTIGEN_PROCESSING_AND_PRESENTATION_OF_EXOGENOUS_PEPTIDE_ANTIGEN
GOBP_ANTIGEN_PROCESSING_AND_...5        SET      27      0.15506    0.0033076       0.1646      0.17309 GOBP_ANTIGEN_PROCESSING_AND_PRESENTATION_OF_EXOGENOUS_PEPTIDE_ANTIGEN_VIA_MHC_CLASS_II
GOBP_ANTIGEN_PROCESSING_AND_...6        SET      60     0.080334    0.0025538      0.11304      0.23865 GOBP_ANTIGEN_PROCESSING_AND_PRESENTATION_OF_PEPTIDE_ANTIGEN
GOBP_ANTIGEN_PROCESSING_AND_...7        SET      29    -0.019007  -0.00042018      0.16216      0.54665 GOBP_ANTIGEN_PROCESSING_AND_PRESENTATION_OF_PEPTIDE_ANTIGEN_VIA_MHC_CLASS_I
GOBP_ANTIGEN_PROCESSING_AND_...8        SET      33      0.13537    0.0031922      0.14904      0.18187 GOBP_ANTIGEN_PROCESSING_AND_PRESENTATION_OF_PEPTIDE_OR_POLYSACCHARIDE_ANTIGEN_VIA_MHC_CLASS_II
GOBP_ANTIGEN_PROCESSING_AND_...9        SET      14     0.064558   0.00099172      0.24888      0.39767 GOBP_ANTIGEN_PROCESSING_AND_PRESENTATION_VIA_MHC_CLASS_IB
GOBP_APOPTOTIC_CELL_CLEARANCE           SET      52      -0.2512   -0.0074346      0.11756      0.98369 GOBP_APOPTOTIC_CELL_CLEARANCE
GOBP_ATP_BIOSYNTHETIC_PROCESS           SET      52        0.128    0.0037883      0.13333      0.16853 GOBP_ATP_BIOSYNTHETIC_PROCESS
GOBP_ATP_METABOLIC_PROCESS              SET     258     0.096037    0.0063202      0.05762     0.047788 GOBP_ATP_METABOLIC_PROCESS
GOBP_AXONAL_TRANSPORT                   SET      65      0.17451    0.0057737      0.10834     0.053618 GOBP_AXONAL_TRANSPORT
GOBP_AXONEME_ASSEMBLY                   SET      87     -0.00669  -0.00025603     0.089461      0.52981 GOBP_AXONEME_ASSEMBLY
GOBP_AXON_DEVELOPMENT                   SET     478    -0.027125   -0.0024253     0.041576      0.74294 GOBP_AXON_DEVELOPMENT
GOBP_AXO_DENDRITIC_TRANSPORT            SET      77      0.17232    0.0062047     0.098729     0.040464 GOBP_AXO_DENDRITIC_TRANSPORT
GOBP_BILE_ACID_METABOLIC_PRO...         SET      49    -0.096533   -0.0027735      0.11779      0.79375 GOBP_BILE_ACID_METABOLIC_PROCESS
GOBP_BONE_RESORPTION                    SET      63     -0.11504   -0.0037474      0.11777      0.83566 GOBP_BONE_RESORPTION
GOBP_B_CELL_ACTIVATION                  SET     309      0.10764    0.0077492     0.050909     0.017244 GOBP_B_CELL_ACTIVATION
GOBP_B_CELL_DIFFERENTIATION             SET     142      0.17447    0.0085264     0.072703    0.0082052 GOBP_B_CELL_DIFFERENTIATION
GOBP_B_CELL_MEDIATED_IMMUNITY           SET     188      0.11575    0.0065066     0.065738     0.039137 GOBP_B_CELL_MEDIATED_IMMUNITY
GOBP_B_CELL_PROLIFERATION               SET     100      0.21096    0.0086551     0.086982    0.0076482 GOBP_B_CELL_PROLIFERATION
GOBP_CARBOHYDRATE_CATABOLIC_...         SET     152    -0.088976   -0.0044985     0.069457      0.89991 GOBP_CARBOHYDRATE_CATABOLIC_PROCESS
GOBP_CATECHOLAMINE_SECRETION            SET      57    0.0059229   0.00018352      0.11554      0.47956 GOBP_CATECHOLAMINE_SECRETION
GOBP_CELLULAR_COMPONENT_DISA...         SET     464   -0.0046118  -0.00040631     0.041062      0.54471 GOBP_CELLULAR_COMPONENT_DISASSEMBLY
GOBP_CELLULAR_RESPIRATION               SET     216     0.071963    0.0043348     0.064738      0.13316 GOBP_CELLULAR_RESPIRATION
GOBP_CELLULAR_RESPONSE_TO_IN...1        SET      23    -0.050613  -0.00099649      0.19459      0.60261 GOBP_CELLULAR_RESPONSE_TO_INTERFERON_BETA
GOBP_CELLULAR_RESPONSE_TO_IN...2        SET     113     -0.06944    -0.003028     0.088275      0.78425 GOBP_CELLULAR_RESPONSE_TO_INTERFERON_GAMMA
GOBP_CELLULAR_RESPONSE_TO_VI...         SET      83    -0.097314   -0.0036378     0.095815       0.8451 GOBP_CELLULAR_RESPONSE_TO_VIRUS
GOBP_CELL_ACTIVATION_INVOLVE...         SET     288      0.17196     0.011953     0.052136   0.00048682 GOBP_CELL_ACTIVATION_INVOLVED_IN_IMMUNE_RESPONSE
GOBP_CELL_KILLING                       SET     180      0.16477    0.0090632     0.065392    0.0058739 GOBP_CELL_KILLING
GOBP_CENTRAL_NERVOUS_SYSTEM_...         SET     169      0.13898    0.0074083     0.066247     0.017957 GOBP_CENTRAL_NERVOUS_SYSTEM_NEURON_DIFFERENTIATION
GOBP_CHAPERONE_MEDIATED_PROT...         SET      71   -0.0073315  -0.00025351        0.108      0.52706 GOBP_CHAPERONE_MEDIATED_PROTEIN_FOLDING
GOBP_CHROMOSOME_SEGREGATION             SET     345    -0.084378   -0.0064166      0.04978      0.95496 GOBP_CHROMOSOME_SEGREGATION
GOBP_CILIUM_MOVEMENT                    SET     186    0.0092753    0.0005186     0.061569      0.44013 GOBP_CILIUM_MOVEMENT
GOBP_CILIUM_ORGANIZATION                SET     408      0.01797    0.0014853     0.042761      0.33715 GOBP_CILIUM_ORGANIZATION
GOBP_CILIUM_OR_FLAGELLUM_DEP...         SET     151     0.021684    0.0010927     0.069585      0.37767 GOBP_CILIUM_OR_FLAGELLUM_DEPENDENT_CELL_MOTILITY
GOBP_CYTOKINE_MEDIATED_SIGNA...         SET     477      0.18272      0.01632     0.041909   6.5184e-06 GOBP_CYTOKINE_MEDIATED_SIGNALING_PATHWAY
GOBP_CYTOKINE_PRODUCTION_INV...         SET     101      0.22325    0.0092049     0.085089    0.0043497 GOBP_CYTOKINE_PRODUCTION_INVOLVED_IN_IMMUNE_RESPONSE
GOBP_CYTOPLASMIC_TRANSLATION            SET     147     -0.12868   -0.0063981      0.08142      0.94299 GOBP_CYTOPLASMIC_TRANSLATION
GOBP_CYTOSKELETON_DEPENDENT_...         SET     100     -0.16806   -0.0068948     0.085151      0.97579 GOBP_CYTOSKELETON_DEPENDENT_CYTOKINESIS
GOBP_DEFENSE_RESPONSE_TO_BAC...         SET     320     0.061738    0.0045226     0.052612      0.12031 GOBP_DEFENSE_RESPONSE_TO_BACTERIUM
GOBP_DEFENSE_RESPONSE_TO_GRA...         SET      96     0.029471    0.0011847     0.098172      0.38202 GOBP_DEFENSE_RESPONSE_TO_GRAM_POSITIVE_BACTERIUM
GOBP_DEFENSE_RESPONSE_TO_SYM...         SET     289     0.067331    0.0046885     0.052501     0.099845 GOBP_DEFENSE_RESPONSE_TO_SYMBIONT
GOBP_DENDRITIC_CELL_DIFFEREN...         SET      49      0.19902    0.0057179      0.12969     0.062455 GOBP_DENDRITIC_CELL_DIFFERENTIATION
GOBP_DETECTION_OF_BIOTIC_STI...         SET      36    -0.026606  -0.00065529      0.14276      0.57392 GOBP_DETECTION_OF_BIOTIC_STIMULUS
GOBP_DETECTION_OF_EXTERNAL_B...         SET      24    -0.071995   -0.0014479      0.18729      0.64966 GOBP_DETECTION_OF_EXTERNAL_BIOTIC_STIMULUS
GOBP_DETECTION_OF_MOLECULE_O...         SET      12     0.094502    0.0013441      0.24487      0.34977 GOBP_DETECTION_OF_MOLECULE_OF_BACTERIAL_ORIGIN
GOBP_DETECTION_OF_OTHER_ORGA...         SET      19      -0.2083   -0.0037276      0.21364      0.83523 GOBP_DETECTION_OF_OTHER_ORGANISM
GOBP_DE_NOVO_PROTEIN_FOLDING            SET      42      0.13691    0.0036419      0.14149      0.16662 GOBP_DE_NOVO_PROTEIN_FOLDING
GOBP_DICARBOXYLIC_ACID_TRANS...         SET      92    -0.084197   -0.0033135     0.088419      0.82951 GOBP_DICARBOXYLIC_ACID_TRANSPORT
GOBP_DIENCEPHALON_DEVELOPMENT           SET      75     0.025492   0.00090593      0.10327      0.40251 GOBP_DIENCEPHALON_DEVELOPMENT
GOBP_DIVALENT_INORGANIC_CATI...         SET     506    0.0034069   0.00031333     0.040531      0.46651 GOBP_DIVALENT_INORGANIC_CATION_HOMEOSTASIS
GOBP_DNA_GEOMETRIC_CHANGE               SET      94    -0.058878   -0.0023421     0.087929      0.74844 GOBP_DNA_GEOMETRIC_CHANGE
GOBP_DNA_REPLICATION                    SET     278    -0.036238   -0.0024751     0.054812      0.74574 GOBP_DNA_REPLICATION
GOBP_ELECTRON_TRANSPORT_CHAIN           SET     153      0.14944      0.00758     0.075092     0.023296 GOBP_ELECTRON_TRANSPORT_CHAIN
GOBP_ENERGY_DERIVATION_BY_OX...         SET     305    0.0062171   0.00044468     0.053127      0.45342 GOBP_ENERGY_DERIVATION_BY_OXIDATION_OF_ORGANIC_COMPOUNDS
GOBP_EOSINOPHIL_CHEMOTAXIS              SET      18     0.039006   0.00067941       0.2336      0.43369 GOBP_EOSINOPHIL_CHEMOTAXIS
GOBP_EOSINOPHIL_MIGRATION               SET      22    -0.077561   -0.0014935      0.19471      0.65481 GOBP_EOSINOPHIL_MIGRATION
GOBP_EPITHELIAL_CILIUM_MOVEM...         SET      12     0.027546   0.00039177      0.27045      0.45944 GOBP_EPITHELIAL_CILIUM_MOVEMENT_INVOLVED_IN_DETERMINATION_OF_LEFT_RIGHT_ASYMMETRY
GOBP_ERK1_AND_ERK2_CASCADE              SET     336     0.044047    0.0033058     0.049475      0.18666 GOBP_ERK1_AND_ERK2_CASCADE
GOBP_ESTABLISHMENT_OF_ORGANE...         SET     405    -0.051598   -0.0042491     0.044968       0.8744 GOBP_ESTABLISHMENT_OF_ORGANELLE_LOCALIZATION
GOBP_ESTABLISHMENT_OF_PROTEI...         SET     422    0.0015925   0.00013385     0.041377      0.48465 GOBP_ESTABLISHMENT_OF_PROTEIN_LOCALIZATION_TO_ORGANELLE
GOBP_EXTERNAL_ENCAPSULATING_...         SET     309     0.032452    0.0023362     0.050835      0.26162 GOBP_EXTERNAL_ENCAPSULATING_STRUCTURE_ORGANIZATION
GOBP_FOREBRAIN_DEVELOPMENT              SET     374     0.068764    0.0054432     0.046343     0.068934 GOBP_FOREBRAIN_DEVELOPMENT
GOBP_GENERATION_OF_PRECURSOR...         SET     477     0.030859    0.0027562     0.041068      0.22621 GOBP_GENERATION_OF_PRECURSOR_METABOLITES_AND_ENERGY
GOBP_HUMORAL_IMMUNE_RESPONSE            SET     286     0.034492    0.0023893     0.055544      0.26731 GOBP_HUMORAL_IMMUNE_RESPONSE
GOBP_IMMUNE_RESPONSE_REGULAT...         SET     452     0.071972    0.0062589     0.042293     0.044405 GOBP_IMMUNE_RESPONSE_REGULATING_SIGNALING_PATHWAY
GOBP_IMPORT_ACROSS_PLASMA_ME...         SET     181     0.084948    0.0046855     0.064614     0.094309 GOBP_IMPORT_ACROSS_PLASMA_MEMBRANE
GOBP_IMPORT_INTO_CELL                   SET     231     0.067976    0.0042339     0.057371      0.11804 GOBP_IMPORT_INTO_CELL
GOBP_INTERFERON_BETA_PRODUCT...         SET      57     -0.01064  -0.00032969      0.11817      0.53587 GOBP_INTERFERON_BETA_PRODUCTION
GOBP_INTERLEUKIN_10_PRODUCTI...         SET      63      0.28433    0.0092617      0.11336    0.0060691 GOBP_INTERLEUKIN_10_PRODUCTION
GOBP_INTERLEUKIN_8_PRODUCTION           SET     103      0.16521    0.0068788     0.089437     0.032359 GOBP_INTERLEUKIN_8_PRODUCTION
GOBP_INTRACILIARY_TRANSPORT             SET      38     0.069381    0.0017556      0.13064      0.29768 GOBP_INTRACILIARY_TRANSPORT
GOBP_LEUKOCYTE_CELL_CELL_ADH...         SET     376      0.23689     0.018802     0.046249   1.5166e-07 GOBP_LEUKOCYTE_CELL_CELL_ADHESION
GOBP_LEUKOCYTE_MEDIATED_CYTO...         SET     128      0.15898    0.0073776     0.077883     0.020613 GOBP_LEUKOCYTE_MEDIATED_CYTOTOXICITY
GOBP_LEUKOCYTE_MEDIATED_IMMU...         SET     423      0.13942     0.011732     0.043265   0.00063581 GOBP_LEUKOCYTE_MEDIATED_IMMUNITY
GOBP_LEUKOCYTE_PROLIFERATION            SET     329      0.18261     0.013563     0.048059   7.2523e-05 GOBP_LEUKOCYTE_PROLIFERATION
GOBP_LYMPHOCYTE_MEDIATED_IMM...         SET     331      0.16513     0.012302     0.049631   0.00043892 GOBP_LYMPHOCYTE_MEDIATED_IMMUNITY
GOBP_MACROAUTOPHAGY                     SET     308    -0.015002   -0.0010783     0.049354      0.61942 GOBP_MACROAUTOPHAGY
GOBP_MACROPHAGE_ACTIVATION              SET     106      0.19636    0.0082937      0.08291    0.0089358 GOBP_MACROPHAGE_ACTIVATION
GOBP_MACROPHAGE_CYTOKINE_PRO...         SET      17      0.25222    0.0042695      0.22017      0.12599 GOBP_MACROPHAGE_CYTOKINE_PRODUCTION
GOBP_MICROGLIAL_CELL_ACTIVAT...         SET      47      0.31443    0.0088477       0.1247    0.0058446 GOBP_MICROGLIAL_CELL_ACTIVATION
GOBP_MITOCHONDRIAL_RESPIRATO...         SET      89     0.061909    0.0023964      0.10019      0.26833 GOBP_MITOCHONDRIAL_RESPIRATORY_CHAIN_COMPLEX_ASSEMBLY
GOBP_MITOCHONDRION_LOCALIZAT...         SET      50    0.0096611   0.00028039      0.11841      0.46749 GOBP_MITOCHONDRION_LOCALIZATION
GOBP_MITOCHONDRION_ORGANIZAT...         SET     510    -0.001154  -0.00010655     0.038817      0.51186 GOBP_MITOCHONDRION_ORGANIZATION
GOBP_MITOTIC_NUCLEAR_DIVISION           SET     294    -0.077372   -0.0054338     0.052346       0.9303 GOBP_MITOTIC_NUCLEAR_DIVISION
GOBP_MITOTIC_SISTER_CHROMATI...         SET     173     -0.16278   -0.0087785     0.069775      0.99017 GOBP_MITOTIC_SISTER_CHROMATID_SEGREGATION
GOBP_MITOTIC_SPINDLE_ASSEMBLY           SET      71    -0.071652   -0.0024776      0.10494      0.75262 GOBP_MITOTIC_SPINDLE_ASSEMBLY
GOBP_MITOTIC_SPINDLE_ORGANIZ...         SET     127    -0.013915  -0.00064319     0.078296      0.57053 GOBP_MITOTIC_SPINDLE_ORGANIZATION
GOBP_MONONUCLEAR_CELL_DIFFER...         SET     432      0.19969      0.01698     0.041872   9.2857e-07 GOBP_MONONUCLEAR_CELL_DIFFERENTIATION
GOBP_MULTICELLULAR_ORGANISMA...         SET     518     0.037545    0.0034933     0.038973      0.16769 GOBP_MULTICELLULAR_ORGANISMAL_HOMEOSTASIS
GOBP_MYELOID_CELL_APOPTOTIC_...         SET      32       0.1985    0.0046095      0.15049     0.093583 GOBP_MYELOID_CELL_APOPTOTIC_PROCESS
GOBP_MYELOID_CELL_DIFFERENTI...         SET     390      0.12062    0.0097486     0.044139    0.0031419 GOBP_MYELOID_CELL_DIFFERENTIATION
GOBP_MYELOID_LEUKOCYTE_ACTIV...         SET     230      0.13355       0.0083     0.057466     0.010067 GOBP_MYELOID_LEUKOCYTE_ACTIVATION
GOBP_MYELOID_LEUKOCYTE_CYTOK...         SET      30      0.28506    0.0064093      0.15754     0.035194 GOBP_MYELOID_LEUKOCYTE_CYTOKINE_PRODUCTION
GOBP_MYELOID_LEUKOCYTE_DIFFE...         SET     210      0.12119    0.0071985     0.059698     0.021177 GOBP_MYELOID_LEUKOCYTE_DIFFERENTIATION
GOBP_NAD_METABOLIC_PROCESS              SET      29    -0.011674  -0.00025808      0.15438      0.53014 GOBP_NAD_METABOLIC_PROCESS
GOBP_NEGATIVE_REGULATION_OF_...1        SET     320    -0.072855   -0.0053369     0.048012      0.93542 GOBP_NEGATIVE_REGULATION_OF_CATABOLIC_PROCESS
GOBP_NEGATIVE_REGULATION_OF_...2        SET     213      0.14753    0.0088248     0.059059    0.0062481 GOBP_NEGATIVE_REGULATION_OF_CELL_ACTIVATION
GOBP_NEGATIVE_REGULATION_OF_...3        SET     363     0.077774    0.0060657      0.04715     0.049525 GOBP_NEGATIVE_REGULATION_OF_CYTOKINE_PRODUCTION
GOBP_NEGATIVE_REGULATION_OF_...4        SET     267     0.082565    0.0055271     0.053308     0.060716 GOBP_NEGATIVE_REGULATION_OF_DEFENSE_RESPONSE
GOBP_NEGATIVE_REGULATION_OF_...5        SET     366     0.035072    0.0027465     0.047191      0.22869 GOBP_NEGATIVE_REGULATION_OF_HYDROLASE_ACTIVITY
GOBP_NEGATIVE_REGULATION_OF_...6        SET     179      0.10094    0.0055367     0.064205     0.057965 GOBP_NEGATIVE_REGULATION_OF_IMMUNE_RESPONSE
GOBP_NEGATIVE_REGULATION_OF_...7        SET     423      0.13717     0.011543      0.04221   0.00057778 GOBP_NEGATIVE_REGULATION_OF_IMMUNE_SYSTEM_PROCESS
GOBP_NEGATIVE_REGULATION_OF_...8        SET      73    -0.015787  -0.00055349     0.099221      0.56321 GOBP_NEGATIVE_REGULATION_OF_INNATE_IMMUNE_RESPONSE
GOBP_NEGATIVE_REGULATION_OF_...9        SET     535      0.04614    0.0043623      0.03813      0.11313 GOBP_NEGATIVE_REGULATION_OF_INTRACELLULAR_SIGNAL_TRANSDUCTION
GOBP_NEGATIVE_REGULATION_OF_...10       SET      19      0.37332    0.0066805      0.17303     0.015484 GOBP_NEGATIVE_REGULATION_OF_MACROPHAGE_ACTIVATION
GOBP_NEGATIVE_REGULATION_OF_...11       SET      49      0.23411    0.0067261      0.11786     0.023507 GOBP_NEGATIVE_REGULATION_OF_MITOCHONDRION_ORGANIZATION
GOBP_NEGATIVE_REGULATION_OF_...12       SET      18       0.4281    0.0074567      0.18318    0.0097189 GOBP_NEGATIVE_REGULATION_OF_NEUROINFLAMMATORY_RESPONSE
GOBP_NEGATIVE_REGULATION_OF_...13       SET     206    0.0058646   0.00034502     0.060086      0.46112 GOBP_NEGATIVE_REGULATION_OF_NEURON_DEATH
GOBP_NEGATIVE_REGULATION_OF_...14       SET     436      0.11219    0.0095834     0.042054    0.0038194 GOBP_NEGATIVE_REGULATION_OF_PHOSPHORUS_METABOLIC_PROCESS
GOBP_NEGATIVE_REGULATION_OF_...15       SET     378     0.099856    0.0079462     0.044947     0.013157 GOBP_NEGATIVE_REGULATION_OF_PHOSPHORYLATION
GOBP_NEGATIVE_REGULATION_OF_...16       SET     198     0.033928     0.001957     0.063048      0.29525 GOBP_NEGATIVE_REGULATION_OF_PROTEIN_LOCALIZATION
GOBP_NEGATIVE_REGULATION_OF_...17       SET     113    -0.068261   -0.0029766     0.082745       0.7953 GOBP_NEGATIVE_REGULATION_OF_RESPONSE_TO_BIOTIC_STIMULUS
GOBP_NEGATIVE_REGULATION_OF_...18       SET     428     0.061157    0.0051764     0.042654     0.075818 GOBP_NEGATIVE_REGULATION_OF_RESPONSE_TO_EXTERNAL_STIMULUS
GOBP_NEGATIVE_REGULATION_OF_...19       SET      20    -0.010418  -0.00019127      0.19043      0.52181 GOBP_NEGATIVE_REGULATION_OF_TYPE_I_INTERFERON_MEDIATED_SIGNALING_PATHWAY
GOBP_NEGATIVE_REGULATION_OF_...20       SET      57      0.13459    0.0041702      0.12807      0.14666 GOBP_NEGATIVE_REGULATION_OF_VIRAL_GENOME_REPLICATION
GOBP_NEGATIVE_REGULATION_OF_...21       SET      91      0.17986    0.0070398     0.099062     0.034713 GOBP_NEGATIVE_REGULATION_OF_VIRAL_PROCESS
GOBP_NEUROMUSCULAR_PROCESS_C...         SET      17       0.2575    0.0043589      0.18658     0.083776 GOBP_NEUROMUSCULAR_PROCESS_CONTROLLING_POSTURE
GOBP_NEURON_DEATH                       SET     349     0.018365    0.0014046      0.04651      0.34647 GOBP_NEURON_DEATH
GOBP_NEUROPEPTIDE_SIGNALING_...         SET     107    -0.085218   -0.0036163     0.084691      0.84284 GOBP_NEUROPEPTIDE_SIGNALING_PATHWAY
GOBP_NEUROTRANSMITTER_TRANSP...         SET     207     0.073025    0.0043065     0.060253      0.11277 GOBP_NEUROTRANSMITTER_TRANSPORT
GOBP_NON_MEMBRANE_BOUNDED_OR...         SET     391    0.0033208   0.00026873     0.045064      0.47063 GOBP_NON_MEMBRANE_BOUNDED_ORGANELLE_ASSEMBLY
GOBP_NUCLEOSIDE_PHOSPHATE_BI...         SET     251     0.020423    0.0013257     0.055192      0.35568 GOBP_NUCLEOSIDE_PHOSPHATE_BIOSYNTHETIC_PROCESS
GOBP_ONE_CARBON_METABOLIC_PR...         SET      40      0.22345    0.0058008      0.13536     0.049396 GOBP_ONE_CARBON_METABOLIC_PROCESS
GOBP_ORGANELLE_TRANSPORT_ALO...         SET      84     0.053818    0.0020239     0.094946      0.28542 GOBP_ORGANELLE_TRANSPORT_ALONG_MICROTUBULE
GOBP_ORGANIC_CYCLIC_COMPOUND...         SET     498    0.0079594   0.00072626     0.039277       0.4197 GOBP_ORGANIC_CYCLIC_COMPOUND_CATABOLIC_PROCESS
GOBP_OXIDATIVE_PHOSPHORYLATI...         SET     125     0.085068    0.0039011     0.087759      0.16619 GOBP_OXIDATIVE_PHOSPHORYLATION
GOBP_PATTERN_RECOGNITION_REC...         SET     177     0.035059    0.0019123     0.066137      0.29802 GOBP_PATTERN_RECOGNITION_RECEPTOR_SIGNALING_PATHWAY
GOBP_PENILE_ERECTION                    SET      11    -0.036211  -0.00049309      0.32313      0.54461 GOBP_PENILE_ERECTION
GOBP_PHAGOCYTOSIS                       SET     281     0.011606   0.00079698      0.05392      0.41479 GOBP_PHAGOCYTOSIS
GOBP_POSITIVE_REGULATION_OF_...1        SET     114      0.20156    0.0088279     0.083376    0.0078175 GOBP_POSITIVE_REGULATION_OF_ADAPTIVE_IMMUNE_RESPONSE
GOBP_POSITIVE_REGULATION_OF_...2        SET      36    -0.084535    -0.002082      0.14794      0.71613 GOBP_POSITIVE_REGULATION_OF_BLOOD_PRESSURE
GOBP_POSITIVE_REGULATION_OF_...3        SET      16    -0.025185  -0.00041359      0.22837      0.54391 GOBP_POSITIVE_REGULATION_OF_BONE_RESORPTION
GOBP_POSITIVE_REGULATION_OF_...4        SET     126      0.13023    0.0059961     0.084571     0.061795 GOBP_POSITIVE_REGULATION_OF_B_CELL_ACTIVATION
GOBP_POSITIVE_REGULATION_OF_...5        SET      42      0.23423    0.0062308      0.12996     0.035753 GOBP_POSITIVE_REGULATION_OF_B_CELL_PROLIFERATION
GOBP_POSITIVE_REGULATION_OF_...6        SET     405        0.239     0.019682     0.045175   6.1242e-08 GOBP_POSITIVE_REGULATION_OF_CELL_ACTIVATION
GOBP_POSITIVE_REGULATION_OF_...7        SET     441      0.24111     0.020713     0.042501   7.0583e-09 GOBP_POSITIVE_REGULATION_OF_CELL_ADHESION
GOBP_POSITIVE_REGULATION_OF_...8        SET     288      0.31422     0.021842     0.052498   1.0882e-09 GOBP_POSITIVE_REGULATION_OF_CELL_CELL_ADHESION
GOBP_POSITIVE_REGULATION_OF_...9        SET      65      0.19195     0.006351      0.11718     0.050698 GOBP_POSITIVE_REGULATION_OF_CELL_KILLING
GOBP_POSITIVE_REGULATION_OF_...10       SET     474       0.2111     0.018796     0.040539   9.6194e-08 GOBP_POSITIVE_REGULATION_OF_CYTOKINE_PRODUCTION
GOBP_POSITIVE_REGULATION_OF_...11       SET      69       0.1356    0.0046223      0.10564     0.099651 GOBP_POSITIVE_REGULATION_OF_CYTOKINE_PRODUCTION_INVOLVED_IN_IMMUNE_RESPONSE
GOBP_POSITIVE_REGULATION_OF_...12       SET     287      0.11715    0.0081296       0.0533     0.013977 GOBP_POSITIVE_REGULATION_OF_DEFENSE_RESPONSE
GOBP_POSITIVE_REGULATION_OF_...13       SET     220     0.037247    0.0022642     0.062105      0.27434 GOBP_POSITIVE_REGULATION_OF_ERK1_AND_ERK2_CASCADE
GOBP_POSITIVE_REGULATION_OF_...14       SET     246      0.18412     0.011833     0.057196   0.00064327 GOBP_POSITIVE_REGULATION_OF_IMMUNE_EFFECTOR_PROCESS
GOBP_POSITIVE_REGULATION_OF_...15       SET     561       0.1178     0.011402     0.038313    0.0010547 GOBP_POSITIVE_REGULATION_OF_IMMUNE_RESPONSE
GOBP_POSITIVE_REGULATION_OF_...16       SET     139     0.077496    0.0037472     0.081287      0.17021 GOBP_POSITIVE_REGULATION_OF_INNATE_IMMUNE_RESPONSE
GOBP_POSITIVE_REGULATION_OF_...17       SET      39     0.047633     0.001221      0.14156      0.36826 GOBP_POSITIVE_REGULATION_OF_INTERFERON_BETA_PRODUCTION
GOBP_POSITIVE_REGULATION_OF_...18       SET      62      0.19688    0.0063622      0.11108     0.038158 GOBP_POSITIVE_REGULATION_OF_INTERLEUKIN_8_PRODUCTION
GOBP_POSITIVE_REGULATION_OF_...19       SET     271     0.088222    0.0059497     0.052845     0.047516 GOBP_POSITIVE_REGULATION_OF_ION_TRANSPORT
GOBP_POSITIVE_REGULATION_OF_...20       SET     242      0.35589     0.022686     0.057153   2.3991e-10 GOBP_POSITIVE_REGULATION_OF_LEUKOCYTE_CELL_CELL_ADHESION
GOBP_POSITIVE_REGULATION_OF_...21       SET     138      0.15049    0.0072507     0.077007     0.025336 GOBP_POSITIVE_REGULATION_OF_LEUKOCYTE_MEDIATED_IMMUNITY
GOBP_POSITIVE_REGULATION_OF_...22       SET     156       0.3113     0.015944     0.069525   3.7857e-06 GOBP_POSITIVE_REGULATION_OF_LEUKOCYTE_PROLIFERATION
GOBP_POSITIVE_REGULATION_OF_...23       SET     116      0.16017    0.0070762     0.084993     0.029756 GOBP_POSITIVE_REGULATION_OF_LYMPHOCYTE_MEDIATED_IMMUNITY
GOBP_POSITIVE_REGULATION_OF_...24       SET     486     0.016604    0.0014968     0.040245      0.33996 GOBP_POSITIVE_REGULATION_OF_MAPK_CASCADE
GOBP_POSITIVE_REGULATION_OF_...25       SET      45      0.27564    0.0075894      0.12484      0.01363 GOBP_POSITIVE_REGULATION_OF_MIRNA_TRANSCRIPTION
GOBP_POSITIVE_REGULATION_OF_...26       SET      18    0.0029776   5.1865e-05      0.19277      0.49384 GOBP_POSITIVE_REGULATION_OF_MYELINATION
GOBP_POSITIVE_REGULATION_OF_...27       SET      35     -0.11697   -0.0028405      0.14332      0.79278 GOBP_POSITIVE_REGULATION_OF_NERVOUS_SYSTEM_PROCESS
GOBP_POSITIVE_REGULATION_OF_...28       SET      71   -0.0035883  -0.00012408      0.10754      0.51331 GOBP_POSITIVE_REGULATION_OF_PHAGOCYTOSIS
GOBP_POSITIVE_REGULATION_OF_...29       SET     122      0.13469    0.0061022     0.079702     0.045529 GOBP_POSITIVE_REGULATION_OF_PRODUCTION_OF_MOLECULAR_MEDIATOR_OF_IMMUNE_RESPONSE
GOBP_POSITIVE_REGULATION_OF_...30       SET     441     0.016046    0.0013785     0.041563      0.34972 GOBP_POSITIVE_REGULATION_OF_PROTEIN_LOCALIZATION
GOBP_POSITIVE_REGULATION_OF_...31       SET     177     0.036324    0.0019814     0.070674      0.30364 GOBP_POSITIVE_REGULATION_OF_RESPONSE_TO_BIOTIC_STIMULUS
GOBP_POSITIVE_REGULATION_OF_...32       SET      64      0.39943     0.013114      0.11413   0.00023306 GOBP_POSITIVE_REGULATION_OF_RESPONSE_TO_CYTOKINE_STIMULUS
GOBP_POSITIVE_REGULATION_OF_...33       SET      35     -0.18311   -0.0044468      0.14439      0.89763 GOBP_POSITIVE_REGULATION_OF_RESPONSE_TO_ENDOPLASMIC_RETICULUM_STRESS
GOBP_POSITIVE_REGULATION_OF_...34       SET     438      0.10751    0.0092046     0.043075    0.0062839 GOBP_POSITIVE_REGULATION_OF_RESPONSE_TO_EXTERNAL_STIMULUS
GOBP_POSITIVE_REGULATION_OF_...35       SET     298     0.050193    0.0035488     0.050606      0.16064 GOBP_POSITIVE_REGULATION_OF_SECRETION
GOBP_POSITIVE_REGULATION_OF_...36       SET      27      0.24112    0.0051434      0.18993      0.10213 GOBP_POSITIVE_REGULATION_OF_SPROUTING_ANGIOGENESIS
GOBP_POSITIVE_REGULATION_OF_...37       SET      24    0.0099009   0.00019912       0.1674      0.47642 GOBP_POSITIVE_REGULATION_OF_TRANSCRIPTION_FROM_RNA_POLYMERASE_II_PROMOTER_INVOLVED_IN_CELLULAR_RESPONSE_TO_CHEMICAL_STIMULUS
GOBP_POSITIVE_REGULATION_OF_...38       SET     107      0.20949    0.0088896     0.085764    0.0072928 GOBP_POSITIVE_REGULATION_OF_TUMOR_NECROSIS_FACTOR_SUPERFAMILY_CYTOKINE_PRODUCTION
GOBP_POSITIVE_REGULATION_OF_...39       SET      19      0.33589    0.0060108      0.21061      0.05538 GOBP_POSITIVE_REGULATION_OF_TYPE_I_INTERFERON_MEDIATED_SIGNALING_PATHWAY
GOBP_POSITIVE_REGULATION_OF_...40       SET      58     0.072092    0.0022533      0.11503      0.26543 GOBP_POSITIVE_REGULATION_OF_TYPE_I_INTERFERON_PRODUCTION
GOBP_POSITIVE_REGULATION_OF_...41       SET      30      0.19032    0.0042792      0.17384       0.1368 GOBP_POSITIVE_REGULATION_OF_T_CELL_MEDIATED_CYTOTOXICITY
GOBP_POSITIVE_REGULATION_OF_...42       SET      46      0.12179    0.0033904       0.1334      0.18063 GOBP_POSITIVE_REGULATION_OF_VASCULAR_ASSOCIATED_SMOOTH_MUSCLE_CELL_PROLIFERATION
GOBP_POSITIVE_REGULATION_OF_...43       SET     182      0.19589     0.010834     0.065436    0.0013794 GOBP_POSITIVE_REGULATION_OF_VASCULATURE_DEVELOPMENT
GOBP_POSITIVE_THYMIC_T_CELL_...         SET      14      0.53396    0.0082025      0.23247     0.010814 GOBP_POSITIVE_THYMIC_T_CELL_SELECTION
GOBP_POSITIVE_T_CELL_SELECTI...         SET      36      0.67366     0.016592      0.14377   1.3994e-06 GOBP_POSITIVE_T_CELL_SELECTION
GOBP_PRODUCTION_OF_MOLECULAR...         SET     285      0.14106    0.0097543     0.053466    0.0041684 GOBP_PRODUCTION_OF_MOLECULAR_MEDIATOR_OF_IMMUNE_RESPONSE
GOBP_PROTEASOMAL_PROTEIN_CAT...         SET     491    0.0082157    0.0007444     0.041111       0.4208 GOBP_PROTEASOMAL_PROTEIN_CATABOLIC_PROCESS
GOBP_PROTEASOME_MEDIATED_UBI...         SET     411    -0.019066   -0.0015816     0.044475      0.66593 GOBP_PROTEASOME_MEDIATED_UBIQUITIN_DEPENDENT_PROTEIN_CATABOLIC_PROCESS
GOBP_PROTEIN_FOLDING                    SET     206     0.021805    0.0012828     0.061073      0.36053 GOBP_PROTEIN_FOLDING
GOBP_PROTEIN_K63_LINKED_UBIQ...         SET      58     0.022794   0.00071244      0.12206      0.42593 GOBP_PROTEIN_K63_LINKED_UBIQUITINATION
GOBP_PROTEIN_LOCALIZATION_TO...         SET     352   -0.0021178  -0.00016266      0.04639      0.51821 GOBP_PROTEIN_LOCALIZATION_TO_EXTRACELLULAR_REGION
GOBP_PROTEIN_POLYUBIQUITINAT...         SET     242    -0.014686  -0.00093619     0.057945      0.60004 GOBP_PROTEIN_POLYUBIQUITINATION
GOBP_PROTEIN_STABILIZATION              SET     191    -0.039159   -0.0022186     0.063742       0.7305 GOBP_PROTEIN_STABILIZATION
GOBP_PROTEIN_TARGETING                  SET     310    -0.049288    -0.003554     0.048229       0.8466 GOBP_PROTEIN_TARGETING
GOBP_PROTON_TRANSMEMBRANE_TR...         SET     142     0.022797    0.0011141     0.074153      0.37926 GOBP_PROTON_TRANSMEMBRANE_TRANSPORT
GOBP_REGULATION_OF_ADAPTIVE_...         SET     187      0.16855    0.0094489     0.064947    0.0047291 GOBP_REGULATION_OF_ADAPTIVE_IMMUNE_RESPONSE
GOBP_REGULATION_OF_ANATOMICA...         SET     487   -0.0018016  -0.00016257     0.040216      0.51787 GOBP_REGULATION_OF_ANATOMICAL_STRUCTURE_SIZE
GOBP_REGULATION_OF_ANTIGEN_P...         SET      20      0.36477    0.0066971      0.19431     0.030247 GOBP_REGULATION_OF_ANTIGEN_PROCESSING_AND_PRESENTATION
GOBP_REGULATION_OF_BONE_REMO...         SET      49     -0.15676   -0.0045037      0.12435      0.89628 GOBP_REGULATION_OF_BONE_REMODELING
GOBP_REGULATION_OF_BONE_RESO...         SET      41     -0.10753   -0.0028262      0.14211      0.77538 GOBP_REGULATION_OF_BONE_RESORPTION
GOBP_REGULATION_OF_B_CELL_AC...         SET     174     0.082546    0.0044644     0.068841      0.11525 GOBP_REGULATION_OF_B_CELL_ACTIVATION
GOBP_REGULATION_OF_B_CELL_PR...         SET      64      0.20433    0.0067084       0.1058     0.026729 GOBP_REGULATION_OF_B_CELL_PROLIFERATION
GOBP_REGULATION_OF_CELL_CELL...         SET     454      0.24759     0.021578     0.041721   1.4851e-09 GOBP_REGULATION_OF_CELL_CELL_ADHESION
GOBP_REGULATION_OF_CELL_KILL...         SET     103      0.15949    0.0066406     0.087901     0.034809 GOBP_REGULATION_OF_CELL_KILLING
GOBP_REGULATION_OF_CEREBELLA...         SET      10     -0.72565   -0.0094215      0.27442      0.99591 GOBP_REGULATION_OF_CEREBELLAR_GRANULE_CELL_PRECURSOR_PROLIFERATION
GOBP_REGULATION_OF_CILIUM_BE...         SET      19      0.27726    0.0049617       0.2149     0.098496 GOBP_REGULATION_OF_CILIUM_BEAT_FREQUENCY
GOBP_REGULATION_OF_DNA_REPLI...         SET     130    -0.097186   -0.0045449      0.07936      0.88964 GOBP_REGULATION_OF_DNA_REPLICATION
GOBP_REGULATION_OF_DNA_TEMPL...         SET      52       0.1583     0.004685      0.12904      0.10997 GOBP_REGULATION_OF_DNA_TEMPLATED_TRANSCRIPTION_IN_RESPONSE_TO_STRESS
GOBP_REGULATION_OF_ESTABLISH...         SET     515     0.020396    0.0018923     0.038674      0.29896 GOBP_REGULATION_OF_ESTABLISHMENT_OF_PROTEIN_LOCALIZATION
GOBP_REGULATION_OF_HEMOPOIES...         SET     372       0.1699     0.013413      0.04629   0.00012128 GOBP_REGULATION_OF_HEMOPOIESIS
GOBP_REGULATION_OF_HORMONE_S...         SET     232    -0.012772  -0.00079724     0.058185      0.58687 GOBP_REGULATION_OF_HORMONE_SECRETION
GOBP_REGULATION_OF_IMMUNE_EF...         SET     350      0.17188     0.013165      0.04711     0.000132 GOBP_REGULATION_OF_IMMUNE_EFFECTOR_PROCESS
GOBP_REGULATION_OF_INNATE_IM...         SET     229     0.030066    0.0018646     0.059789      0.30753 GOBP_REGULATION_OF_INNATE_IMMUNE_RESPONSE
GOBP_REGULATION_OF_LEUKOCYTE...1        SET     284      0.18766     0.012955     0.052423   0.00017212 GOBP_REGULATION_OF_LEUKOCYTE_DIFFERENTIATION
GOBP_REGULATION_OF_LEUKOCYTE...2        SET      85      0.11454    0.0043331     0.099327      0.12442 GOBP_REGULATION_OF_LEUKOCYTE_MEDIATED_CYTOTOXICITY
GOBP_REGULATION_OF_LEUKOCYTE...3        SET     234      0.15678    0.0098283     0.057875    0.0033754 GOBP_REGULATION_OF_LEUKOCYTE_MEDIATED_IMMUNITY
GOBP_REGULATION_OF_LEUKOCYTE...4        SET     252      0.18177     0.011823     0.054177   0.00039693 GOBP_REGULATION_OF_LEUKOCYTE_PROLIFERATION
GOBP_REGULATION_OF_LIPID_CAT...         SET      61     0.073765    0.0023644      0.11819      0.26627 GOBP_REGULATION_OF_LIPID_CATABOLIC_PROCESS
GOBP_REGULATION_OF_LYMPHOCYT...1        SET     502      0.19116     0.017512     0.040301   1.0541e-06 GOBP_REGULATION_OF_LYMPHOCYTE_ACTIVATION
GOBP_REGULATION_OF_LYMPHOCYT...2        SET     174      0.16904    0.0091424     0.068103    0.0065316 GOBP_REGULATION_OF_LYMPHOCYTE_MEDIATED_IMMUNITY
GOBP_REGULATION_OF_MACROPHAG...         SET      62      0.29786    0.0096253      0.10652     0.002585 GOBP_REGULATION_OF_MACROPHAGE_ACTIVATION
GOBP_REGULATION_OF_MAP_KINAS...         SET     184    -0.033458   -0.0018606     0.064731      0.69738 GOBP_REGULATION_OF_MAP_KINASE_ACTIVITY
GOBP_REGULATION_OF_MICROGLIA...         SET      20      0.29814    0.0054738      0.18365     0.052258 GOBP_REGULATION_OF_MICROGLIAL_CELL_ACTIVATION
GOBP_REGULATION_OF_MITOCHOND...         SET     144     0.070589    0.0034739     0.070733      0.15915 GOBP_REGULATION_OF_MITOCHONDRION_ORGANIZATION
GOBP_REGULATION_OF_NATURAL_K...         SET      50      0.11274     0.003272      0.13024      0.19335 GOBP_REGULATION_OF_NATURAL_KILLER_CELL_MEDIATED_IMMUNITY
GOBP_REGULATION_OF_NERVOUS_S...         SET     138     0.013972   0.00067318     0.076205      0.42726 GOBP_REGULATION_OF_NERVOUS_SYSTEM_PROCESS
GOBP_REGULATION_OF_NEUROTRAN...         SET     213     0.082142    0.0049136     0.059631     0.084182 GOBP_REGULATION_OF_NEUROTRANSMITTER_LEVELS
GOBP_REGULATION_OF_NUCLEAR_T...         SET      15      0.31059    0.0049386      0.23681     0.094845 GOBP_REGULATION_OF_NUCLEAR_TRANSCRIBED_MRNA_POLY_A_TAIL_SHORTENING
GOBP_REGULATION_OF_PHAGOCYTO...         SET     100    -0.021438  -0.00087953      0.08956      0.59459 GOBP_REGULATION_OF_PHAGOCYTOSIS
GOBP_REGULATION_OF_PRODUCTIO...         SET     169      0.15482    0.0082524      0.06663     0.010076 GOBP_REGULATION_OF_PRODUCTION_OF_MOLECULAR_MEDIATOR_OF_IMMUNE_RESPONSE
GOBP_REGULATION_OF_PROTEIN_C...1        SET     393     0.022841    0.0018531     0.045106       0.3063 GOBP_REGULATION_OF_PROTEIN_CATABOLIC_PROCESS
GOBP_REGULATION_OF_PROTEIN_C...2        SET     401   -0.0015002  -0.00012294     0.043942      0.51362 GOBP_REGULATION_OF_PROTEIN_CONTAINING_COMPLEX_ASSEMBLY
GOBP_REGULATION_OF_PROTEIN_S...1        SET     251     0.038016    0.0024678     0.054792       0.2439 GOBP_REGULATION_OF_PROTEIN_SECRETION
GOBP_REGULATION_OF_PROTEIN_S...2        SET     372     0.021834    0.0017237     0.046328      0.31872 GOBP_REGULATION_OF_PROTEIN_SERINE_THREONINE_KINASE_ACTIVITY
GOBP_REGULATION_OF_PROTEIN_S...3        SET     301     0.020229    0.0014374     0.052491      0.34997 GOBP_REGULATION_OF_PROTEIN_STABILITY
GOBP_REGULATION_OF_RAC_PROTE...         SET      21     0.066653     0.001254      0.19731      0.36775 GOBP_REGULATION_OF_RAC_PROTEIN_SIGNAL_TRANSDUCTION
GOBP_REGULATION_OF_RESPONSE_...1        SET     347       0.0396    0.0030201     0.047986      0.20462 GOBP_REGULATION_OF_RESPONSE_TO_BIOTIC_STIMULUS
GOBP_REGULATION_OF_RESPONSE_...2        SET     176      0.16271    0.0088501     0.067376    0.0078708 GOBP_REGULATION_OF_RESPONSE_TO_CYTOKINE_STIMULUS
GOBP_REGULATION_OF_SPROUTING...         SET      61      0.12386    0.0039702      0.12177      0.15453 GOBP_REGULATION_OF_SPROUTING_ANGIOGENESIS
GOBP_REGULATION_OF_SYNCYTIUM...         SET      30      0.15221    0.0034223      0.15661      0.16556 GOBP_REGULATION_OF_SYNCYTIUM_FORMATION_BY_PLASMA_MEMBRANE_FUSION
GOBP_REGULATION_OF_TRANS_SYN...         SET     427     0.029571       0.0025     0.043479      0.24822 GOBP_REGULATION_OF_TRANS_SYNAPTIC_SIGNALING
GOBP_REGULATION_OF_TYPE_I_IN...         SET      42      0.11521    0.0030647      0.13159      0.19065 GOBP_REGULATION_OF_TYPE_I_INTERFERON_MEDIATED_SIGNALING_PATHWAY
GOBP_REGULATION_OF_T_CELL_AC...         SET     338      0.25167     0.018944     0.048259   9.2287e-08 GOBP_REGULATION_OF_T_CELL_ACTIVATION
GOBP_REGULATION_OF_T_CELL_ME...         SET      40      0.16517    0.0042879       0.1491      0.13398 GOBP_REGULATION_OF_T_CELL_MEDIATED_CYTOTOXICITY
GOBP_REGULATION_OF_VASCULATU...         SET     350      0.11175    0.0085588     0.047418    0.0092223 GOBP_REGULATION_OF_VASCULATURE_DEVELOPMENT
GOBP_REGULATION_OF_VIRAL_GEN...         SET      87      0.17183    0.0065761      0.10365     0.048675 GOBP_REGULATION_OF_VIRAL_GENOME_REPLICATION
GOBP_REGULATION_OF_VIRAL_PRO...         SET     159      0.13797     0.007134     0.074414     0.031865 GOBP_REGULATION_OF_VIRAL_PROCESS
GOBP_RESPIRATORY_ELECTRON_TR...         SET     100     0.095099    0.0039016     0.099831       0.1704 GOBP_RESPIRATORY_ELECTRON_TRANSPORT_CHAIN
GOBP_RESPONSE_TO_ENDOPLASMIC...         SET     256    -0.054493   -0.0035723      0.05396      0.84372 GOBP_RESPONSE_TO_ENDOPLASMIC_RETICULUM_STRESS
GOBP_RESPONSE_TO_EXTRACELLUL...         SET     478     0.048664    0.0043511     0.040201      0.11304 GOBP_RESPONSE_TO_EXTRACELLULAR_STIMULUS
GOBP_RESPONSE_TO_INTERFERON_...1        SET      20      0.14946    0.0027441      0.18953      0.21517 GOBP_RESPONSE_TO_INTERFERON_ALPHA
GOBP_RESPONSE_TO_INTERFERON_...2        SET     135     0.064808    0.0030883     0.081209      0.21243 GOBP_RESPONSE_TO_INTERFERON_GAMMA
GOBP_RESPONSE_TO_STEROID_HOR...         SET     327     0.090561    0.0067057     0.049145     0.032687 GOBP_RESPONSE_TO_STEROID_HORMONE
GOBP_RESPONSE_TO_TOPOLOGICAL...         SET     157    -0.023471    -0.001206      0.06706      0.63683 GOBP_RESPONSE_TO_TOPOLOGICALLY_INCORRECT_PROTEIN
GOBP_RESPONSE_TO_TYPE_I_INTE...         SET      64      0.12299     0.004038      0.10894      0.12946 GOBP_RESPONSE_TO_TYPE_I_INTERFERON
GOBP_RESPONSE_TO_VIRUS                  SET     388     0.065971    0.0053183     0.044774     0.070321 GOBP_RESPONSE_TO_VIRUS
GOBP_RIBONUCLEOPROTEIN_COMPL...         SET     442    -0.026983   -0.0023206     0.042262      0.73841 GOBP_RIBONUCLEOPROTEIN_COMPLEX_BIOGENESIS
GOBP_RIBOSOMAL_LARGE_SUBUNIT...1        SET      27     -0.12013   -0.0025625      0.18692      0.73978 GOBP_RIBOSOMAL_LARGE_SUBUNIT_ASSEMBLY
GOBP_RIBOSOMAL_LARGE_SUBUNIT...2        SET      72     -0.11956   -0.0041631      0.10667      0.86883 GOBP_RIBOSOMAL_LARGE_SUBUNIT_BIOGENESIS
GOBP_RIBOSOMAL_SMALL_SUBUNIT...         SET      73     0.042295    0.0014829      0.11292        0.354 GOBP_RIBOSOMAL_SMALL_SUBUNIT_BIOGENESIS
GOBP_RIBOSOME_ASSEMBLY                  SET      62    -0.016409  -0.00053024      0.11824      0.55519 GOBP_RIBOSOME_ASSEMBLY
GOBP_RIBOSOME_BIOGENESIS                SET     303     -0.03592   -0.0025608       0.0506      0.76111 GOBP_RIBOSOME_BIOGENESIS
GOBP_RNA_MEDIATED_GENE_SILEN...         SET      92      0.10509    0.0041358      0.10467      0.15769 GOBP_RNA_MEDIATED_GENE_SILENCING_BY_INHIBITION_OF_TRANSLATION
GOBP_SELECTIVE_AUTOPHAGY                SET      77     0.069735     0.002511       0.1026      0.24835 GOBP_SELECTIVE_AUTOPHAGY
GOBP_SIGNAL_RELEASE                     SET     451     0.029145    0.0025318     0.041469      0.24109 GOBP_SIGNAL_RELEASE
GOBP_SPINDLE_ORGANIZATION               SET     200    -0.068533   -0.0039729     0.061388      0.86787 GOBP_SPINDLE_ORGANIZATION
GOBP_TEMPERATURE_HOMEOSTASIS            SET     177     0.074922    0.0040867     0.066584      0.13025 GOBP_TEMPERATURE_HOMEOSTASIS
GOBP_TRANSFERRIN_TRANSPORT              SET      10      0.11775    0.0015288      0.26969       0.3312 GOBP_TRANSFERRIN_TRANSPORT
GOBP_TUMOR_NECROSIS_FACTOR_S...         SET     188      0.18366     0.010323     0.062979    0.0017727 GOBP_TUMOR_NECROSIS_FACTOR_SUPERFAMILY_CYTOKINE_PRODUCTION
GOBP_TYPE_I_INTERFERON_PRODU...         SET      98     0.076119    0.0030915     0.088644      0.19525 GOBP_TYPE_I_INTERFERON_PRODUCTION
GOBP_T_CELL_ACTIVATION                  SET     503      0.23771     0.021798     0.039635   1.0094e-09 GOBP_T_CELL_ACTIVATION
GOBP_T_CELL_DIFFERENTIATION             SET     262      0.24525     0.016264     0.054395   3.2691e-06 GOBP_T_CELL_DIFFERENTIATION
GOBP_T_CELL_DIFFERENTIATION_...         SET      78      0.11273    0.0040854     0.098227      0.12556 GOBP_T_CELL_DIFFERENTIATION_IN_THYMUS
GOBP_T_CELL_MEDIATED_CYTOTOX...         SET      50      0.28475    0.0082641      0.12911     0.013712 GOBP_T_CELL_MEDIATED_CYTOTOXICITY
GOBP_VASCULAR_ASSOCIATED_SMO...         SET      86      0.12285    0.0046744     0.098133      0.10532 GOBP_VASCULAR_ASSOCIATED_SMOOTH_MUSCLE_CELL_PROLIFERATION
GOBP_VIRAL_GENOME_REPLICATION           SET     133      0.13791    0.0065234       0.0796     0.041588 GOBP_VIRAL_GENOME_REPLICATION
GOBP_VIRAL_LIFE_CYCLE                   SET     316     0.093733    0.0068234     0.050514      0.03176 GOBP_VIRAL_LIFE_CYCLE
GOBP_VIRAL_PROCESS                      SET     413     0.082426    0.0068541     0.043879     0.030162 GOBP_VIRAL_PROCESS
GOCC_AXON_CYTOPLASM                     SET      62      0.14514    0.0046903      0.10899     0.091482 GOCC_AXON_CYTOPLASM
GOCC_AZUROPHIL_GRANULE                  SET     152    -0.082434   -0.0041677     0.070001      0.88052 GOCC_AZUROPHIL_GRANULE
GOCC_AZUROPHIL_GRANULE_LUMEN            SET      89      0.01095   0.00042384     0.089266      0.45119 GOCC_AZUROPHIL_GRANULE_LUMEN
GOCC_BLOOD_MICROPARTICLE                SET     130    -0.092368   -0.0043196     0.078764      0.87954 GOCC_BLOOD_MICROPARTICLE
GOCC_CELL_SUBSTRATE_JUNCTION            SET     427     0.057709    0.0048789      0.04298      0.08969 GOCC_CELL_SUBSTRATE_JUNCTION
GOCC_CHAPERONE_COMPLEX                  SET      34    -0.033717  -0.00080702      0.17435      0.57667 GOCC_CHAPERONE_COMPLEX
GOCC_CHROMOSOMAL_REGION                 SET     365    -0.034025   -0.0026609     0.047352      0.76379 GOCC_CHROMOSOMAL_REGION
GOCC_CILIARY_BASAL_BODY                 SET     161    -0.010871   -0.0005656     0.065517      0.56589 GOCC_CILIARY_BASAL_BODY
GOCC_CILIARY_PLASM                      SET     133      0.05863    0.0027732     0.075796      0.21961 GOCC_CILIARY_PLASM
GOCC_CLATHRIN_COATED_PIT                SET      70    -0.052329   -0.0017966      0.10382      0.69287 GOCC_CLATHRIN_COATED_PIT
GOCC_CLATHRIN_COATED_VESICLE            SET     190    -0.008031  -0.00045382     0.063527       0.5503 GOCC_CLATHRIN_COATED_VESICLE
GOCC_CLATHRIN_COATED_VESICLE...         SET     106   -0.0020266  -8.5597e-05     0.083256      0.50971 GOCC_CLATHRIN_COATED_VESICLE_MEMBRANE
GOCC_CLATHRIN_SCULPTED_VESIC...         SET      12      0.25025    0.0035592      0.28791      0.19237 GOCC_CLATHRIN_SCULPTED_VESICLE
GOCC_COATED_VESICLE                     SET     286     0.014918    0.0010334     0.052924      0.38902 GOCC_COATED_VESICLE
GOCC_COATED_VESICLE_MEMBRANE            SET     169     0.026509     0.001413     0.067567      0.34741 GOCC_COATED_VESICLE_MEMBRANE
GOCC_CONDENSED_CHROMOSOME               SET     254    -0.024186   -0.0015794     0.057693      0.66247 GOCC_CONDENSED_CHROMOSOME
GOCC_CYTOSOLIC_LARGE_RIBOSOM...         SET      58     -0.12646   -0.0039526      0.13177       0.8314 GOCC_CYTOSOLIC_LARGE_RIBOSOMAL_SUBUNIT
GOCC_CYTOSOLIC_RIBOSOME                 SET     100    -0.046017   -0.0018879     0.099345      0.67839 GOCC_CYTOSOLIC_RIBOSOME
GOCC_CYTOSOLIC_SMALL_RIBOSOM...         SET      41     0.044087    0.0011587      0.15369      0.38711 GOCC_CYTOSOLIC_SMALL_RIBOSOMAL_SUBUNIT
GOCC_DISTAL_AXON                        SET     268     0.046458    0.0031158     0.054653      0.19765 GOCC_DISTAL_AXON
GOCC_EARLY_ENDOSOME                     SET     389    -0.067398   -0.0054403     0.044182      0.93643 GOCC_EARLY_ENDOSOME
GOCC_ENDOCYTIC_VESICLE                  SET     332    -0.053041   -0.0039572     0.048084        0.865 GOCC_ENDOCYTIC_VESICLE
GOCC_ENDOPLASMIC_RETICULUM_P...         SET     125    -0.070249   -0.0032216     0.078161      0.81561 GOCC_ENDOPLASMIC_RETICULUM_PROTEIN_CONTAINING_COMPLEX
GOCC_FICOLIN_1_RICH_GRANULE             SET     184     0.028198    0.0015681     0.064697      0.33148 GOCC_FICOLIN_1_RICH_GRANULE
GOCC_FICOLIN_1_RICH_GRANULE_...         SET     124     0.076684    0.0035026     0.078471      0.16423 GOCC_FICOLIN_1_RICH_GRANULE_LUMEN
GOCC_INNER_MITOCHONDRIAL_MEM...         SET     139    -0.030403   -0.0014701      0.08018      0.64772 GOCC_INNER_MITOCHONDRIAL_MEMBRANE_PROTEIN_COMPLEX
GOCC_INTRINSIC_COMPONENT_OF_...1        SET     169     0.062848      0.00335     0.067691      0.17659 GOCC_INTRINSIC_COMPONENT_OF_ENDOPLASMIC_RETICULUM_MEMBRANE
GOCC_INTRINSIC_COMPONENT_OF_...2        SET      88     -0.13268   -0.0051068     0.092694      0.92383 GOCC_INTRINSIC_COMPONENT_OF_MITOCHONDRIAL_MEMBRANE
GOCC_INTRINSIC_COMPONENT_OF_...3        SET     407     0.011151   0.00092056     0.043096      0.39791 GOCC_INTRINSIC_COMPONENT_OF_ORGANELLE_MEMBRANE
GOCC_KERATIN_FILAMENT                   SET      98    0.0011377   4.6206e-05      0.12927      0.49649 GOCC_KERATIN_FILAMENT
GOCC_LARGE_RIBOSOMAL_SUBUNIT            SET     112    -0.098774   -0.0042882     0.090076      0.86358 GOCC_LARGE_RIBOSOMAL_SUBUNIT
GOCC_LYSOSOMAL_LUMEN                    SET      96    -0.089931   -0.0036151     0.090843       0.8389 GOCC_LYSOSOMAL_LUMEN
GOCC_MHC_PROTEIN_COMPLEX                SET      24      0.42141    0.0084753      0.18547     0.011541 GOCC_MHC_PROTEIN_COMPLEX
GOCC_MITOCHONDRIAL_MATRIX               SET     472    0.0094282   0.00083771     0.042166      0.41154 GOCC_MITOCHONDRIAL_MATRIX
GOCC_MITOCHONDRIAL_PROTEIN_C...         SET     265     -0.04683   -0.0031232     0.057378       0.7928 GOCC_MITOCHONDRIAL_PROTEIN_CONTAINING_COMPLEX
GOCC_MOTILE_CILIUM                      SET     228     0.035603    0.0022032      0.05773      0.26871 GOCC_MOTILE_CILIUM
GOCC_OXIDOREDUCTASE_COMPLEX             SET     108     0.018054    0.0007697      0.08924      0.41984 GOCC_OXIDOREDUCTASE_COMPLEX
GOCC_PRESYNAPSE                         SET     488   -0.0066599  -0.00060161     0.040194       0.5658 GOCC_PRESYNAPSE
GOCC_RECEPTOR_COMPLEX                   SET     506     0.085382    0.0078526     0.042093     0.021261 GOCC_RECEPTOR_COMPLEX
GOCC_RECYCLING_ENDOSOME_MEMB...         SET      93      -0.2349   -0.0092941     0.087906      0.99623 GOCC_RECYCLING_ENDOSOME_MEMBRANE
GOCC_RESPIRASOME                        SET      89      0.11815    0.0045734      0.10445      0.12899 GOCC_RESPIRASOME
GOCC_RIBONUCLEOPROTEIN_GRANU...         SET     258     0.064512    0.0042456     0.054714      0.11918 GOCC_RIBONUCLEOPROTEIN_GRANULE
GOCC_RIBOSOMAL_SUBUNIT                  SET     176    -0.045791   -0.0024907      0.07322      0.73414 GOCC_RIBOSOMAL_SUBUNIT
GOCC_RIBOSOME                           SET     212    -0.054423   -0.0032479     0.065249      0.79788 GOCC_RIBOSOME
GOCC_RNA_POLYMERASE_II_TRANS...         SET     226      0.22999      0.01417      0.05839   4.0982e-05 GOCC_RNA_POLYMERASE_II_TRANSCRIPTION_REGULATOR_COMPLEX
GOCC_SECRETORY_GRANULE_MEMBR...         SET     308     0.022132    0.0015907     0.049894      0.32867 GOCC_SECRETORY_GRANULE_MEMBRANE
GOCC_SMALL_RIBOSOMAL_SUBUNIT            SET      67     0.048713    0.0016363       0.1232      0.34628 GOCC_SMALL_RIBOSOMAL_SUBUNIT
GOCC_SYNAPTIC_MEMBRANE                  SET     368     0.014787    0.0011611     0.046564      0.37541 GOCC_SYNAPTIC_MEMBRANE
GOCC_TERMINAL_BOUTON                    SET      48      0.26533     0.007545      0.13394     0.023798 GOCC_TERMINAL_BOUTON
GOCC_TERTIARY_GRANULE                   SET     163    -0.010513  -0.00055036     0.068024      0.56141 GOCC_TERTIARY_GRANULE
GOCC_TERTIARY_GRANULE_MEMBRA...         SET      72     0.043396    0.0015111     0.099686      0.33166 GOCC_TERTIARY_GRANULE_MEMBRANE
GOCC_TRANSPORTER_COMPLEX                SET     385    -0.053298   -0.0042801     0.047548      0.86884 GOCC_TRANSPORTER_COMPLEX
GOCC_TRANSPORT_VESICLE                  SET     397    -0.028173   -0.0022972     0.043818      0.73987 GOCC_TRANSPORT_VESICLE
GOCC_TRANSPORT_VESICLE_MEMBR...         SET     200    -0.028046   -0.0016259      0.06083      0.67762 GOCC_TRANSPORT_VESICLE_MEMBRANE
GOCC_VACUOLAR_LUMEN                     SET     171    -0.050911   -0.0027297     0.065819      0.78038 GOCC_VACUOLAR_LUMEN
GOCC_VACUOLAR_MEMBRANE                  SET     447     0.078552    0.0067935     0.041224     0.028361 GOCC_VACUOLAR_MEMBRANE
GOCC_VESICLE_COAT                       SET      51      0.21778    0.0063832      0.12064      0.03552 GOCC_VESICLE_COAT
GOCC_VESICLE_LUMEN                      SET     323     0.040321    0.0029674     0.047921      0.20006 GOCC_VESICLE_LUMEN
GOMF_AMINO_ACID_CATION_SYMPO...         SET      22      0.10724    0.0020649      0.18357      0.27955 GOMF_AMINO_ACID_CATION_SYMPORTER_ACTIVITY
GOMF_CATALYTIC_ACTIVITY_ACTI...         SET     391    -0.094487   -0.0076463        0.045      0.98212 GOMF_CATALYTIC_ACTIVITY_ACTING_ON_RNA
GOMF_ENZYME_INHIBITOR_ACTIVI...         SET     390      0.11859    0.0095845     0.046496    0.0053798 GOMF_ENZYME_INHIBITOR_ACTIVITY
GOMF_G_QUADRUPLEX_DNA_BINDING           SET      11    0.0036869   5.0205e-05      0.22786      0.49355 GOMF_G_QUADRUPLEX_DNA_BINDING
GOMF_STRUCTURAL_CONSTITUENT_...         SET     164    -0.070507   -0.0037024     0.078803      0.81453 GOMF_STRUCTURAL_CONSTITUENT_OF_RIBOSOME
HALLMARK_ADIPOGENESIS                   SET     200     0.077211     0.004476     0.063136      0.11068 HALLMARK_ADIPOGENESIS
HALLMARK_ALLOGRAFT_REJECTION            SET     200      0.25067     0.014532     0.060695   1.8171e-05 HALLMARK_ALLOGRAFT_REJECTION
HALLMARK_CHOLESTEROL_HOMEOST...         SET      73    -0.051139    -0.001793      0.10499      0.68689 HALLMARK_CHOLESTEROL_HOMEOSTASIS
HALLMARK_COAGULATION                    SET     134    -0.090461   -0.0042949     0.075609      0.88423 HALLMARK_COAGULATION
HALLMARK_DNA_REPAIR                     SET     148     -0.14165   -0.0070672     0.072966      0.97389 HALLMARK_DNA_REPAIR
HALLMARK_E2F_TARGETS                    SET     198    0.0058053   0.00033486     0.062856      0.46321 HALLMARK_E2F_TARGETS
HALLMARK_G2M_CHECKPOINT                 SET     199     0.036686    0.0021214      0.06153      0.27551 HALLMARK_G2M_CHECKPOINT
HALLMARK_HEME_METABOLISM                SET     199    -0.040828   -0.0023609     0.061815      0.74552 HALLMARK_HEME_METABOLISM
HALLMARK_IL6_JAK_STAT3_SIGNA...         SET      83      0.29901     0.011178      0.09049   0.00047644 HALLMARK_IL6_JAK_STAT3_SIGNALING
HALLMARK_INTERFERON_ALPHA_RE...         SET      97    -0.050093   -0.0020241     0.090974      0.70905 HALLMARK_INTERFERON_ALPHA_RESPONSE
HALLMARK_INTERFERON_GAMMA_RE...         SET     196      0.14706    0.0084397     0.061321    0.0082408 HALLMARK_INTERFERON_GAMMA_RESPONSE
HALLMARK_OXIDATIVE_PHOSPHORY...         SET     198     0.015274   0.00088101     0.065099      0.40725 HALLMARK_OXIDATIVE_PHOSPHORYLATION
HALLMARK_TNFA_SIGNALING_VIA_...         SET     198      0.17644     0.010177     0.060867    0.0018738 HALLMARK_TNFA_SIGNALING_VIA_NFKB
HALLMARK_UV_RESPONSE_UP                 SET     157    -0.042342   -0.0021756     0.069483      0.72886 HALLMARK_UV_RESPONSE_UP
HP_ABNORMALITY_OF_ACID_BASE_...         SET     365    -0.033566    -0.002625     0.048055      0.75756 HP_ABNORMALITY_OF_ACID_BASE_HOMEOSTASIS
HP_ABNORMALITY_OF_COMPLEMENT...         SET      32     0.063533    0.0014753      0.16209      0.34754 HP_ABNORMALITY_OF_COMPLEMENT_SYSTEM
HP_ABNORMALITY_OF_EXTRAPYRAM...         SET     261   -0.0039127  -0.00025898     0.056192      0.52776 HP_ABNORMALITY_OF_EXTRAPYRAMIDAL_MOTOR_FUNCTION
HP_ABNORMALITY_OF_HUMORAL_IM...         SET     273      0.22769     0.015412     0.051992   5.9641e-06 HP_ABNORMALITY_OF_HUMORAL_IMMUNITY
HP_ABNORMALITY_OF_TEMPERATUR...         SET     453      0.15122     0.013165     0.041185   0.00012066 HP_ABNORMALITY_OF_TEMPERATURE_REGULATION
HP_ABNORMALITY_OF_THE_BASAL_...         SET     214      0.12986    0.0077863     0.060819     0.016374 HP_ABNORMALITY_OF_THE_BASAL_GANGLIA
HP_ABNORMALITY_OF_THE_LYMPH_...         SET     211      0.29071     0.017308     0.060887   9.0373e-07 HP_ABNORMALITY_OF_THE_LYMPH_NODES
HP_ABNORMALITY_OF_THE_MITOCH...         SET     162     0.057463     0.002999     0.074891      0.22145 HP_ABNORMALITY_OF_THE_MITOCHONDRION
HP_ABNORMALITY_OF_THE_PULMON...         SET     244      0.10545    0.0067495     0.056085     0.030046 HP_ABNORMALITY_OF_THE_PULMONARY_VASCULATURE
HP_ABNORMALITY_OF_THE_THENAR...         SET      31     0.066498    0.0015199       0.1623        0.341 HP_ABNORMALITY_OF_THE_THENAR_EMINENCE
HP_ABNORMALITY_OF_THE_URETHRA           SET     423     0.096367    0.0081091     0.042573     0.011803 HP_ABNORMALITY_OF_THE_URETHRA
HP_ABNORMALITY_OF_THE_VOICE             SET     477      0.04964    0.0044337     0.040486      0.11009 HP_ABNORMALITY_OF_THE_VOICE
HP_ABNORMAL_ACTIVITY_OF_MITO...         SET      91      0.13612    0.0053277      0.10574     0.098996 HP_ABNORMAL_ACTIVITY_OF_MITOCHONDRIAL_RESPIRATORY_CHAIN
HP_ABNORMAL_AGGRESSIVE_IMPUL...         SET     356     0.066455     0.005133     0.046234     0.075314 HP_ABNORMAL_AGGRESSIVE_IMPULSIVE_OR_VIOLENT_BEHAVIOR
HP_ABNORMAL_CAUDATE_NUCLEUS_...         SET      24     0.087551    0.0017608      0.20996      0.33834 HP_ABNORMAL_CAUDATE_NUCLEUS_MORPHOLOGY
HP_ABNORMAL_CNS_MYELINATION             SET     300      0.17246     0.012234     0.051976   0.00045342 HP_ABNORMAL_CNS_MYELINATION
HP_ABNORMAL_CONSUMPTION_BEHA...         SET     141    -0.072857   -0.0035481     0.075644      0.83226 HP_ABNORMAL_CONSUMPTION_BEHAVIOR
HP_ABNORMAL_CORPUS_STRIATUM_...         SET      40    -0.040901   -0.0010618       0.1497      0.60765 HP_ABNORMAL_CORPUS_STRIATUM_MORPHOLOGY
HP_ABNORMAL_CSF_METABOLITE_L...         SET     105      0.13964      0.00587     0.092648     0.065888 HP_ABNORMAL_CSF_METABOLITE_LEVEL
HP_ABNORMAL_EATING_BEHAVIOR             SET     106    -0.035681   -0.0015071     0.088487      0.65661 HP_ABNORMAL_EATING_BEHAVIOR
HP_ABNORMAL_ERYTHROCYTE_ENZY...         SET      33      0.32546    0.0076748      0.15434     0.017485 HP_ABNORMAL_ERYTHROCYTE_ENZYME_LEVEL
HP_ABNORMAL_ERYTHROCYTE_SEDI...         SET      51      0.21423    0.0062793       0.1255     0.043913 HP_ABNORMAL_ERYTHROCYTE_SEDIMENTATION_RATE
HP_ABNORMAL_FEAR_ANXIETY_REL...         SET     392     0.096897    0.0078513     0.045458     0.016525 HP_ABNORMAL_FEAR_ANXIETY_RELATED_BEHAVIOR
HP_ABNORMAL_HEMOGLOBIN                  SET      57     0.059473    0.0018428      0.11789      0.30696 HP_ABNORMAL_HEMOGLOBIN
HP_ABNORMAL_MEAN_CORPUSCULAR...         SET      50      0.11846     0.003438      0.12069      0.16317 HP_ABNORMAL_MEAN_CORPUSCULAR_VOLUME
HP_ABNORMAL_NUMBER_OF_ERYTHR...         SET      42     0.025355   0.00067446      0.13547      0.42577 HP_ABNORMAL_NUMBER_OF_ERYTHROID_PRECURSORS
HP_ABNORMAL_PERICARDIUM_MORP...         SET      69      -0.1509   -0.0051439      0.10509      0.92447 HP_ABNORMAL_PERICARDIUM_MORPHOLOGY
HP_ABNORMAL_SERUM_INTERFERON...         SET      22      0.37329     0.007188       0.1908     0.025208 HP_ABNORMAL_SERUM_INTERFERON_LEVEL
HP_ABNORMAL_SPERM_MOTILITY              SET      79     0.032662    0.0011912        0.101       0.3732 HP_ABNORMAL_SPERM_MOTILITY
HP_ABNORMAL_TONGUE_PHYSIOLOGY           SET      42     -0.30719   -0.0081715      0.14265      0.98436 HP_ABNORMAL_TONGUE_PHYSIOLOGY
HP_ABNORMAL_VENA_CAVA_MORPHO...         SET      69      0.10524    0.0035873      0.10213      0.15141 HP_ABNORMAL_VENA_CAVA_MORPHOLOGY
HP_ABSENCE_OF_PUBERTAL_DEVEL...         SET      27     -0.10893   -0.0023236      0.15806      0.75464 HP_ABSENCE_OF_PUBERTAL_DEVELOPMENT
HP_ABSENT_SPEECH                        SET     324   -0.0021843    -0.000161     0.048104      0.51811 HP_ABSENT_SPEECH
HP_ABSENT_THUMB                         SET      50     0.039947    0.0011594      0.12733      0.37687 HP_ABSENT_THUMB
HP_ADENOCARCINOMA_OF_THE_INT...         SET      39    -0.050557    -0.001296      0.14471      0.63659 HP_ADENOCARCINOMA_OF_THE_INTESTINES
HP_AMYLOIDOSIS                          SET      30        0.511      0.01149      0.15827   0.00062235 HP_AMYLOIDOSIS
HP_APLASIA_HYPOPLASIA_OF_THE...         SET      85      0.07222     0.002732     0.094892      0.22331 HP_APLASIA_HYPOPLASIA_OF_THE_SPLEEN
HP_APNEA                                SET     295     0.023226    0.0016339     0.050807      0.32379 HP_APNEA
HP_ARTHRITIS                            SET     205     0.051023    0.0029945     0.061267      0.20248 HP_ARTHRITIS
HP_ATONIC_SEIZURE                       SET     103      0.17661    0.0073535     0.089695     0.024478 HP_ATONIC_SEIZURE
HP_AUTOIMMUNITY                         SET     183      0.15708    0.0087115     0.065115    0.0079282 HP_AUTOIMMUNITY
HP_BONE_CYST                            SET      29       0.2723    0.0060197       0.1499     0.034641 HP_BONE_CYST
HP_BRACHYCEPHALY                        SET     217    -0.026981    -0.001629     0.059607       0.6746 HP_BRACHYCEPHALY
HP_BRADYKINESIA                         SET     104     0.010647   0.00044544      0.08834      0.45203 HP_BRADYKINESIA
HP_CENTRAL_SLEEP_APNEA                  SET      25      0.14266    0.0029282      0.17835       0.2119 HP_CENTRAL_SLEEP_APNEA
HP_CEREBRAL_VISUAL_IMPAIRMENT           SET     208     0.079377    0.0046924     0.060907     0.096248 HP_CEREBRAL_VISUAL_IMPAIRMENT
HP_CHOREA                               SET     269     0.023683    0.0015913     0.053527      0.32908 HP_CHOREA
HP_COARCTATION_OF_AORTA                 SET     119    -0.052395   -0.0023445     0.077346      0.75093 HP_COARCTATION_OF_AORTA
HP_COGWHEEL_RIGIDITY                    SET      26     -0.25094   -0.0052528      0.16826      0.93206 HP_COGWHEEL_RIGIDITY
HP_COMPLEX_FEBRILE_SEIZURE              SET      16    -0.089661   -0.0014724      0.22845      0.65265 HP_COMPLEX_FEBRILE_SEIZURE
HP_DEPRESSION                           SET     363     0.055926    0.0043618     0.047332      0.11869 HP_DEPRESSION
HP_DEVELOPMENTAL_CATARACT               SET     123      0.14568    0.0066274     0.080245     0.034729 HP_DEVELOPMENTAL_CATARACT
HP_DEVELOPMENTAL_REGRESSION             SET     352     0.047356    0.0036374     0.049295      0.16836 HP_DEVELOPMENTAL_REGRESSION
HP_DILATION_OF_LATERAL_VENTR...         SET      84      0.14353    0.0053975      0.09463      0.06467 HP_DILATION_OF_LATERAL_VENTRICLES
HP_DISINHIBITION                        SET     198     0.081272    0.0046879     0.062713     0.097503 HP_DISINHIBITION
HP_DISTAL_AMYOTROPHY                    SET     166      0.09371    0.0049506     0.067844     0.083603 HP_DISTAL_AMYOTROPHY
HP_DUPLICATION_OF_THUMB_PHAL...         SET      54   0.00030943   9.3323e-06      0.12532      0.49901 HP_DUPLICATION_OF_THUMB_PHALANX
HP_DYSPHAGIA                            SET     466     0.024643    0.0021757     0.040009      0.26897 HP_DYSPHAGIA
HP_EARLY_ONSET_OF_SEXUAL_MAT...         SET     195     0.029899    0.0017115     0.062917      0.31732 HP_EARLY_ONSET_OF_SEXUAL_MATURATION
HP_ENCEPHALOPATHY                       SET     268      0.04671    0.0031327     0.057263      0.20733 HP_ENCEPHALOPATHY
HP_ENLARGED_CISTERNA_MAGNA              SET      39     -0.06729   -0.0017249      0.13664      0.68881 HP_ENLARGED_CISTERNA_MAGNA
HP_ERYTHROID_HYPOPLASIA                 SET      26      0.17108    0.0035812      0.16712      0.15299 HP_ERYTHROID_HYPOPLASIA
HP_EUNUCHOID_HABITUS                    SET      21     -0.10046     -0.00189      0.16811      0.72495 HP_EUNUCHOID_HABITUS
HP_FAILURE_TO_THRIVE_IN_INFA...         SET     133       0.1526    0.0072182      0.08096     0.029724 HP_FAILURE_TO_THRIVE_IN_INFANCY
HP_FEMALE_SEXUAL_DYSFUNCTION            SET      57     -0.16233   -0.0050298      0.11338      0.92389 HP_FEMALE_SEXUAL_DYSFUNCTION
HP_FEVER                                SET     332      0.22186     0.016553     0.047617   1.5906e-06 HP_FEVER
HP_FOCAL_MOTOR_SEIZURE                  SET     105     0.064599    0.0027156      0.08977      0.23589 HP_FOCAL_MOTOR_SEIZURE
HP_FUNCTIONAL_MOTOR_DEFICIT             SET     466     0.013367    0.0011802     0.041153      0.37266 HP_FUNCTIONAL_MOTOR_DEFICIT
HP_GASTROESOPHAGEAL_REFLUX              SET     431     0.056737    0.0048189      0.04261     0.091511 HP_GASTROESOPHAGEAL_REFLUX
HP_GENERALIZED_MYOCLONIC_SEI...         SET     150     0.091158    0.0045785     0.070002     0.096423 HP_GENERALIZED_MYOCLONIC_SEIZURE
HP_GLAUCOMA                             SET     347      0.11477    0.0087527     0.046868    0.0071695 HP_GLAUCOMA
HP_HYPOMIMIC_FACE                       SET      32      0.11106     0.002579      0.16238      0.24699 HP_HYPOMIMIC_FACE
HP_HYPOPLASIA_OF_THE_CORPUS_...         SET     492     0.084415    0.0076564     0.040223     0.017925 HP_HYPOPLASIA_OF_THE_CORPUS_CALLOSUM
HP_HYPOSMIA                             SET      56    0.0036994   0.00011362      0.12513      0.48821 HP_HYPOSMIA
HP_INCREASED_CSF_LACTATE                SET      83     0.098402    0.0036785      0.10747      0.17995 HP_INCREASED_CSF_LACTATE
HP_INCREASED_MEAN_CORPUSCULA...         SET      40     0.082786    0.0021492      0.13625      0.27173 HP_INCREASED_MEAN_CORPUSCULAR_VOLUME
HP_INCREASED_SERUM_LACTATE              SET     171    -0.084981   -0.0045564     0.073646      0.87573 HP_INCREASED_SERUM_LACTATE
HP_INTERICTAL_EEG_ABNORMALITY           SET     298      0.09035    0.0063881     0.051745     0.040404 HP_INTERICTAL_EEG_ABNORMALITY
HP_IRRITABILITY                         SET     211     0.033207    0.0019771     0.060029      0.29007 HP_IRRITABILITY
HP_LACTIC_ACIDOSIS                      SET     158    -0.014512  -0.00074802     0.074241      0.57749 HP_LACTIC_ACIDOSIS
HP_LEUKODYSTROPHY                       SET     105     0.084344    0.0035456     0.089043      0.17176 HP_LEUKODYSTROPHY
HP_MACROCYTIC_ANEMIA                    SET      67     0.076893    0.0025829     0.096186      0.21203 HP_MACROCYTIC_ANEMIA
HP_MALIGNANT_GENITOURINARY_T...         SET      27       0.1543    0.0032913       0.1714      0.18401 HP_MALIGNANT_GENITOURINARY_TRACT_TUMOR
HP_MENINGITIS                           SET      73      0.27342    0.0095862      0.10476    0.0045281 HP_MENINGITIS
HP_MENTAL_DETERIORATION                 SET     313      0.10401    0.0075357     0.050873     0.020457 HP_MENTAL_DETERIORATION
HP_MOTOR_SEIZURE                        SET     342     0.048916    0.0037037     0.047104      0.14953 HP_MOTOR_SEIZURE
HP_MULTICYSTIC_KIDNEY_DYSPLA...         SET     116     0.033952       0.0015      0.08252      0.34038 HP_MULTICYSTIC_KIDNEY_DYSPLASIA
HP_MUSCLE_STIFFNESS                     SET      73     0.032143     0.001127      0.10468       0.3794 HP_MUSCLE_STIFFNESS
HP_MYELODYSPLASIA                       SET     102       0.2711     0.011233     0.085105   0.00072299 HP_MYELODYSPLASIA
HP_MYOCLONIC_SEIZURE                    SET     183     0.060295     0.003344     0.064024      0.17316 HP_MYOCLONIC_SEIZURE
HP_MYOCLONUS                            SET     336     0.050304    0.0037754     0.049321      0.15389 HP_MYOCLONUS
HP_MYOSITIS                             SET      33    -0.094128   -0.0022197      0.15529      0.72779 HP_MYOSITIS
HP_NARROW_PALM                          SET      16     -0.52177   -0.0085686      0.23443      0.98698 HP_NARROW_PALM
HP_OSTEOSARCOMA                         SET      34      0.16421    0.0039304      0.15288      0.14139 HP_OSTEOSARCOMA
HP_PARKINSONISM                         SET     117    0.0056627   0.00025125     0.081742      0.47239 HP_PARKINSONISM
HP_PAROXYSMAL_DYSKINESIA                SET      12      0.61244    0.0087104      0.26526     0.010478 HP_PAROXYSMAL_DYSKINESIA
HP_PARTIAL_DUPLICATION_OF_TH...         SET      40    -0.059763   -0.0015515      0.14553      0.65934 HP_PARTIAL_DUPLICATION_OF_THE_PHALANX_OF_HAND
HP_PERIPHERAL_NEUROPATHY                SET     429      0.10214    0.0086554     0.043141    0.0089534 HP_PERIPHERAL_NEUROPATHY
HP_PERSISTENCE_OF_HEMOGLOBIN...         SET      31      0.09426    0.0021544      0.15716      0.27433 HP_PERSISTENCE_OF_HEMOGLOBIN_F
HP_PLAGIOCEPHALY                        SET     114    -0.041684   -0.0018257     0.080385      0.69796 HP_PLAGIOCEPHALY
HP_PLANTAR_HYPERKERATOSIS               SET     158     0.058296    0.0030048     0.070042      0.20262 HP_PLANTAR_HYPERKERATOSIS
HP_POLYPHAGIA                           SET      66    -0.098517   -0.0032845      0.11492      0.80435 HP_POLYPHAGIA
HP_PROGRESSIVE_NEUROLOGIC_DE...         SET      51       0.2542    0.0074508      0.12132     0.018077 HP_PROGRESSIVE_NEUROLOGIC_DETERIORATION
HP_PROTRUDING_EAR                       SET     187     0.041327    0.0023169     0.066634      0.26756 HP_PROTRUDING_EAR
HP_PULMONARY_INFILTRATES                SET      50      0.29121    0.0084515      0.12392    0.0093886 HP_PULMONARY_INFILTRATES
HP_PURE_RED_CELL_APLASIA                SET      26     0.085397    0.0017876      0.17313      0.31092 HP_PURE_RED_CELL_APLASIA
HP_RAPIDLY_PROGRESSIVE                  SET      37      0.37102    0.0092637      0.15015    0.0067405 HP_RAPIDLY_PROGRESSIVE
HP_RENAL_CYST                           SET     267     0.056783    0.0038012     0.056195      0.15614 HP_RENAL_CYST
HP_RETICULOCYTOPENIA                    SET      35      0.10047    0.0024399      0.14392      0.24255 HP_RETICULOCYTOPENIA
HP_RIGIDITY                             SET     188     0.019578    0.0011005     0.066141      0.38361 HP_RIGIDITY
HP_SHORT_ATTENTION_SPAN                 SET     460     0.086192    0.0075611     0.042131     0.020389 HP_SHORT_ATTENTION_SPAN
HP_SPASTIC_TETRAPLEGIA                  SET     104     0.033642    0.0014075     0.083491       0.3435 HP_SPASTIC_TETRAPLEGIA
HP_STATUS_EPILEPTICUS                   SET     196     0.096031    0.0055113     0.063705     0.065853 HP_STATUS_EPILEPTICUS
HP_STEREOTYPY                           SET     252     0.014514   0.00094406     0.055032      0.39599 HP_STEREOTYPY
HP_SYSTEMIC_LUPUS_ERYTHEMATO...         SET      34     -0.38637    -0.009248      0.15401      0.99394 HP_SYSTEMIC_LUPUS_ERYTHEMATOSUS
HP_THROMBOCYTOSIS                       SET      55      0.31441    0.0095697      0.11955    0.0042717 HP_THROMBOCYTOSIS
HP_TUBE_FEEDING                         SET     245     0.036718     0.002355     0.055542      0.25428 HP_TUBE_FEEDING
HP_UNSTEADY_GAIT                        SET     163        0.129    0.0067534      0.07278      0.03816 HP_UNSTEADY_GAIT
HP_UNUSUAL_FUNGAL_INFECTION             SET      64      0.41979     0.013782      0.10598   3.7366e-05 HP_UNUSUAL_FUNGAL_INFECTION
HP_UNUSUAL_INFECTION_BY_ANAT...         SET     101      0.14933    0.0061568     0.085577     0.040502 HP_UNUSUAL_INFECTION_BY_ANATOMICAL_SITE
HP_VERTIGO                              SET     109     0.071232    0.0030508     0.082115      0.19284 HP_VERTIGO
HP_WEAKNESS_DUE_TO_UPPER_MOT...         SET     471     0.036123    0.0032062     0.040831      0.18816 HP_WEAKNESS_DUE_TO_UPPER_MOTOR_NEURON_DYSFUNCTION
KEGG_ALZHEIMERS_DISEASE                 SET     160     0.098973    0.0051336     0.071561     0.083329 KEGG_ALZHEIMERS_DISEASE
KEGG_ANTIGEN_PROCESSING_AND_...         SET      81      0.33796     0.012481      0.11098    0.0011629 KEGG_ANTIGEN_PROCESSING_AND_PRESENTATION
KEGG_ENDOCYTOSIS                        SET     180    -0.074142   -0.0040782     0.065017      0.87293 KEGG_ENDOCYTOSIS
KEGG_GLYCOLYSIS_GLUCONEOGENE...         SET      62     0.086939    0.0028094       0.1133      0.22145 KEGG_GLYCOLYSIS_GLUCONEOGENESIS
KEGG_GRAFT_VERSUS_HOST_DISEA...         SET      37      0.40352     0.010075      0.15665    0.0049996 KEGG_GRAFT_VERSUS_HOST_DISEASE
KEGG_HISTIDINE_METABOLISM               SET      29     -0.33896   -0.0074933      0.17737        0.972 KEGG_HISTIDINE_METABOLISM
KEGG_HUNTINGTONS_DISEASE                SET     172     0.055026    0.0029589      0.07162      0.22116 KEGG_HUNTINGTONS_DISEASE
KEGG_OXIDATIVE_PHOSPHORYLATI...         SET     118      0.11058    0.0049273     0.085211     0.097199 KEGG_OXIDATIVE_PHOSPHORYLATION
KEGG_PARKINSONS_DISEASE                 SET     116     0.071199    0.0031456     0.084958        0.201 KEGG_PARKINSONS_DISEASE
KEGG_PATHWAYS_IN_CANCER                 SET     321      0.10009    0.0073433     0.048734     0.020001 KEGG_PATHWAYS_IN_CANCER
KEGG_RIBOSOME                           SET      87    -0.012236  -0.00046829      0.11051      0.54408 KEGG_RIBOSOME
KEGG_RIG_I_LIKE_RECEPTOR_SIG...         SET      69      0.20167    0.0068744      0.10476     0.027117 KEGG_RIG_I_LIKE_RECEPTOR_SIGNALING_PATHWAY
KEGG_SYSTEMIC_LUPUS_ERYTHEMA...         SET     131     0.095212    0.0044697     0.090747      0.14705 KEGG_SYSTEMIC_LUPUS_ERYTHEMATOSUS
KEGG_THYROID_CANCER                     SET      29      0.15861    0.0035064      0.15736      0.15674 KEGG_THYROID_CANCER
KEGG_TOLL_LIKE_RECEPTOR_SIGN...         SET     101      0.24882     0.010259     0.085313    0.0017709 KEGG_TOLL_LIKE_RECEPTOR_SIGNALING_PATHWAY
KEGG_TYPE_I_DIABETES_MELLITUS           SET      41      0.48409     0.012723      0.14155   0.00031345 KEGG_TYPE_I_DIABETES_MELLITUS
REACTOME_ACTIVATION_OF_ANTER...         SET     119     -0.16076   -0.0071934     0.093535      0.95716 REACTOME_ACTIVATION_OF_ANTERIOR_HOX_GENES_IN_HINDBRAIN_DEVELOPMENT_DURING_EARLY_EMBRYOGENESIS
REACTOME_ACTIVATION_OF_THE_M...         SET      57      -0.2019   -0.0062561        0.128      0.94265 REACTOME_ACTIVATION_OF_THE_MRNA_UPON_BINDING_OF_THE_CAP_BINDING_COMPLEX_AND_EIFS_AND_SUBSEQUENT_BINDING_TO_43S
REACTOME_ANTIGEN_PRESENTATIO...         SET      25    -0.087091   -0.0017876      0.17099      0.69473 REACTOME_ANTIGEN_PRESENTATION_FOLDING_ASSEMBLY_AND_PEPTIDE_LOADING_OF_CLASS_I_MHC
REACTOME_ANTIGEN_PROCESSING_...1        SET     101    -0.071841   -0.0029621      0.08833      0.79198 REACTOME_ANTIGEN_PROCESSING_CROSS_PRESENTATION
REACTOME_ANTIGEN_PROCESSING_...2        SET     306     0.014981    0.0010733     0.051282      0.38509 REACTOME_ANTIGEN_PROCESSING_UBIQUITINATION_PROTEASOME_DEGRADATION
REACTOME_ANTIVIRAL_MECHANISM...         SET      82    -0.035062   -0.0013028     0.097521       0.6404 REACTOME_ANTIVIRAL_MECHANISM_BY_IFN_STIMULATED_GENES
REACTOME_ASSEMBLY_OF_THE_ORC...         SET      66     -0.14581   -0.0048611      0.13808       0.8545 REACTOME_ASSEMBLY_OF_THE_ORC_COMPLEX_AT_THE_ORIGIN_OF_REPLICATION
REACTOME_ATTENUATION_PHASE              SET      28    -0.051208   -0.0011124      0.16913      0.61897 REACTOME_ATTENUATION_PHASE
REACTOME_AUTOPHAGY                      SET     151    -0.019634   -0.0009894     0.071835       0.6077 REACTOME_AUTOPHAGY
REACTOME_CELLULAR_RESPONSE_T...         SET     153      0.04264    0.0021629     0.077196      0.29035 REACTOME_CELLULAR_RESPONSE_TO_STARVATION
REACTOME_CHOLESTEROL_BIOSYNT...         SET      25     0.050328     0.001033      0.20459      0.40285 REACTOME_CHOLESTEROL_BIOSYNTHESIS
REACTOME_CLASS_A_1_RHODOPSIN...         SET     327     0.010537   0.00078023     0.048803      0.41453 REACTOME_CLASS_A_1_RHODOPSIN_LIKE_RECEPTORS
REACTOME_CLASS_I_MHC_MEDIATE...         SET     370    -0.010934  -0.00086093     0.045848      0.59425 REACTOME_CLASS_I_MHC_MEDIATED_ANTIGEN_PROCESSING_PRESENTATION
REACTOME_COMPLEX_I_BIOGENESIS           SET      51      0.11844    0.0034717      0.13478      0.18976 REACTOME_COMPLEX_I_BIOGENESIS
REACTOME_COPI_INDEPENDENT_GO...         SET      53      0.10761    0.0032152      0.12212      0.18912 REACTOME_COPI_INDEPENDENT_GOLGI_TO_ER_RETROGRADE_TRAFFIC
REACTOME_CREATION_OF_C4_AND_...         SET      50       -0.353    -0.010245      0.13361      0.99588 REACTOME_CREATION_OF_C4_AND_C2_ACTIVATORS
REACTOME_CROSSLINKING_OF_COL...         SET      18    -0.079534   -0.0013853       0.2105      0.64722 REACTOME_CROSSLINKING_OF_COLLAGEN_FIBRILS
REACTOME_DAP12_INTERACTIONS             SET      39      0.39045     0.010009       0.1375    0.0022586 REACTOME_DAP12_INTERACTIONS
REACTOME_DAP12_SIGNALING                SET      29      0.53573     0.011843      0.15696   0.00032148 REACTOME_DAP12_SIGNALING
REACTOME_DEFECTIVE_B4GALT7_C...         SET      20    -0.069954   -0.0012844      0.20715      0.63221 REACTOME_DEFECTIVE_B4GALT7_CAUSES_EDS_PROGEROID_TYPE
REACTOME_DEFECTIVE_EXT2_CAUS...         SET      14     -0.13913   -0.0021374      0.24161      0.71764 REACTOME_DEFECTIVE_EXT2_CAUSES_EXOSTOSES_2
REACTOME_DISEASES_OF_IMMUNE_...         SET      30    -0.047554   -0.0010692      0.14951      0.62479 REACTOME_DISEASES_OF_IMMUNE_SYSTEM
REACTOME_DISEASES_OF_SIGNAL_...         SET     428      0.08807    0.0074543      0.04209     0.018202 REACTOME_DISEASES_OF_SIGNAL_TRANSDUCTION_BY_GROWTH_FACTOR_RECEPTORS_AND_SECOND_MESSENGERS
REACTOME_DNA_DAMAGE_TELOMERE...         SET      78      -0.1927   -0.0069835      0.11557      0.95228 REACTOME_DNA_DAMAGE_TELOMERE_STRESS_INDUCED_SENESCENCE
REACTOME_DOWNSTREAM_SIGNALIN...1        SET      31     0.064395    0.0014718      0.15065      0.33452 REACTOME_DOWNSTREAM_SIGNALING_OF_ACTIVATED_FGFR1
REACTOME_DOWNSTREAM_SIGNALIN...2        SET      29     0.044357   0.00098059      0.15253       0.3856 REACTOME_DOWNSTREAM_SIGNALING_OF_ACTIVATED_FGFR2
REACTOME_DOWNSTREAM_SIGNALIN...3        SET      24      0.13264    0.0026676      0.16355      0.20868 REACTOME_DOWNSTREAM_SIGNALING_OF_ACTIVATED_FGFR3
REACTOME_DOWNSTREAM_SIGNALIN...4        SET      26      0.14752    0.0030879      0.15732      0.17419 REACTOME_DOWNSTREAM_SIGNALING_OF_ACTIVATED_FGFR4
REACTOME_DOWNSTREAM_SIGNAL_T...         SET      28      0.46405      0.01008      0.15019    0.0010022 REACTOME_DOWNSTREAM_SIGNAL_TRANSDUCTION
REACTOME_DUAL_INCISION_IN_GG...         SET      40      0.17154    0.0044531       0.1431      0.11533 REACTOME_DUAL_INCISION_IN_GG_NER
REACTOME_ENDOSOMAL_VACUOLAR_...         SET      11     -0.73234   -0.0099724      0.26931      0.99673 REACTOME_ENDOSOMAL_VACUOLAR_PATHWAY
REACTOME_ER_TO_GOLGI_ANTEROG...         SET     153     0.057052    0.0028939     0.071331      0.21191 REACTOME_ER_TO_GOLGI_ANTEROGRADE_TRANSPORT
REACTOME_ESR_MEDIATED_SIGNAL...         SET     217     0.076132    0.0045965     0.066251      0.12525 REACTOME_ESR_MEDIATED_SIGNALING
REACTOME_ESTROGEN_DEPENDENT_...         SET     147   -0.0059118  -0.00029394     0.083994      0.52806 REACTOME_ESTROGEN_DEPENDENT_GENE_EXPRESSION
REACTOME_EUKARYOTIC_TRANSLAT...1        SET      92    -0.052765   -0.0020765      0.10784      0.68767 REACTOME_EUKARYOTIC_TRANSLATION_ELONGATION
REACTOME_EUKARYOTIC_TRANSLAT...2        SET     117     -0.15059   -0.0066819     0.093774      0.94585 REACTOME_EUKARYOTIC_TRANSLATION_INITIATION
REACTOME_FACTORS_INVOLVED_IN...         SET     166      0.18192    0.0096105     0.075108    0.0077184 REACTOME_FACTORS_INVOLVED_IN_MEGAKARYOCYTE_DEVELOPMENT_AND_PLATELET_PRODUCTION
REACTOME_FGFR1C_LIGAND_BINDI...         SET      12    -0.040071  -0.00056991      0.26284      0.56059 REACTOME_FGFR1C_LIGAND_BINDING_AND_ACTIVATION
REACTOME_FGFR1_LIGAND_BINDIN...         SET      16     -0.19799   -0.0032515      0.23691      0.79835 REACTOME_FGFR1_LIGAND_BINDING_AND_ACTIVATION
REACTOME_FGFR1_MUTANT_RECEPT...         SET      31      0.24069    0.0055011      0.15455     0.059701 REACTOME_FGFR1_MUTANT_RECEPTOR_ACTIVATION
REACTOME_FGFR2_MUTANT_RECEPT...         SET      32     -0.11598   -0.0026931      0.17437      0.74701 REACTOME_FGFR2_MUTANT_RECEPTOR_ACTIVATION
REACTOME_FLT3_SIGNALING_IN_D...         SET      28      0.25459    0.0055303      0.16089     0.056785 REACTOME_FLT3_SIGNALING_IN_DISEASE
REACTOME_FORMATION_OF_THE_BE...         SET      89      0.06814    0.0026375      0.11001      0.26783 REACTOME_FORMATION_OF_THE_BETA_CATENIN_TCF_TRANSACTIVATING_COMPLEX
REACTOME_FRS_MEDIATED_FGFR1_...         SET      23   -0.0093577  -0.00018424      0.16916      0.52206 REACTOME_FRS_MEDIATED_FGFR1_SIGNALING
REACTOME_FRS_MEDIATED_FGFR2_...         SET      24  -0.00088368  -1.7772e-05      0.16616      0.50212 REACTOME_FRS_MEDIATED_FGFR2_SIGNALING
REACTOME_FRS_MEDIATED_FGFR3_...         SET      19     0.098626    0.0017649       0.1807      0.29261 REACTOME_FRS_MEDIATED_FGFR3_SIGNALING
REACTOME_FRS_MEDIATED_FGFR4_...         SET      21      0.11955    0.0022491       0.1724      0.24402 REACTOME_FRS_MEDIATED_FGFR4_SIGNALING
REACTOME_GENE_SILENCING_BY_R...         SET     137     -0.13779   -0.0066145     0.084362      0.94879 REACTOME_GENE_SILENCING_BY_RNA
REACTOME_GOLGI_TO_ER_RETROGR...         SET     132      0.11513    0.0054254      0.08101     0.077627 REACTOME_GOLGI_TO_ER_RETROGRADE_TRANSPORT
REACTOME_GPCR_LIGAND_BINDING            SET     459     0.020468    0.0017936     0.041729      0.31189 REACTOME_GPCR_LIGAND_BINDING
REACTOME_G_ALPHA_Q_SIGNALLIN...         SET     216     0.098789    0.0059508     0.060298     0.050679 REACTOME_G_ALPHA_Q_SIGNALLING_EVENTS
REACTOME_HCMV_INFECTION                 SET     158    -0.077311   -0.0039849      0.07805      0.83904 REACTOME_HCMV_INFECTION
REACTOME_HIV_ELONGATION_ARRE...         SET      35       0.1694     0.004114      0.15938      0.14391 REACTOME_HIV_ELONGATION_ARREST_AND_RECOVERY
REACTOME_HSF1_DEPENDENT_TRAN...         SET      38    -0.044731   -0.0011318      0.14821       0.6186 REACTOME_HSF1_DEPENDENT_TRANSACTIVATION
REACTOME_HSP90_CHAPERONE_CYC...         SET      57     0.098303     0.003046      0.11727      0.20095 REACTOME_HSP90_CHAPERONE_CYCLE_FOR_STEROID_HORMONE_RECEPTORS_SHR_IN_THE_PRESENCE_OF_LIGAND
REACTOME_IMMUNOREGULATORY_IN...         SET     162    0.0033004   0.00017225     0.070854      0.48142 REACTOME_IMMUNOREGULATORY_INTERACTIONS_BETWEEN_A_LYMPHOID_AND_A_NON_LYMPHOID_CELL
REACTOME_INFLUENZA_INFECTION            SET     154    -0.050251   -0.0025572     0.076077      0.74554 REACTOME_INFLUENZA_INFECTION
REACTOME_INITIAL_TRIGGERING_...         SET      58     -0.33885    -0.010591      0.12091      0.99746 REACTOME_INITIAL_TRIGGERING_OF_COMPLEMENT
REACTOME_INTERFERON_ALPHA_BE...         SET      71      0.09719    0.0033606      0.11136      0.19139 REACTOME_INTERFERON_ALPHA_BETA_SIGNALING
REACTOME_INTERFERON_GAMMA_SI...         SET      89      0.21051    0.0081485     0.095054     0.013394 REACTOME_INTERFERON_GAMMA_SIGNALING
REACTOME_INTERFERON_SIGNALING           SET     199     0.095334    0.0055128     0.063974     0.068089 REACTOME_INTERFERON_SIGNALING
REACTOME_IRAK4_DEFICIENCY_TL...         SET      18      -0.1753   -0.0030533      0.19639      0.81395 REACTOME_IRAK4_DEFICIENCY_TLR2_4
REACTOME_IRS_MEDIATED_SIGNAL...         SET      46      0.12492    0.0034776      0.12679      0.16225 REACTOME_IRS_MEDIATED_SIGNALLING
REACTOME_LEISHMANIA_INFECTION           SET     285     0.048752    0.0033713     0.052172      0.17504 REACTOME_LEISHMANIA_INFECTION
REACTOME_MAPK_FAMILY_SIGNALI...         SET     321      0.20917     0.015346     0.050593   1.7829e-05 REACTOME_MAPK_FAMILY_SIGNALING_CASCADES
REACTOME_METABOLISM_OF_AMINO...         SET     371     0.049435    0.0038975     0.047232      0.14764 REACTOME_METABOLISM_OF_AMINO_ACIDS_AND_DERIVATIVES
REACTOME_METABOLISM_OF_FAT_S...         SET      48      0.12093    0.0034388      0.12482      0.16632 REACTOME_METABOLISM_OF_FAT_SOLUBLE_VITAMINS
REACTOME_NEURONAL_SYSTEM                SET     407     0.035294    0.0029136     0.045399      0.21846 REACTOME_NEURONAL_SYSTEM
REACTOME_NEUTROPHIL_DEGRANUL...         SET     472     0.025064    0.0022269      0.04023      0.26664 REACTOME_NEUTROPHIL_DEGRANULATION
REACTOME_NICOTINATE_METABOLI...         SET      31      0.25149     0.005748      0.14851     0.045189 REACTOME_NICOTINATE_METABOLISM
REACTOME_NONSENSE_MEDIATED_D...         SET     114     0.058174     0.002548     0.093345      0.26657 REACTOME_NONSENSE_MEDIATED_DECAY_NMD
REACTOME_OAS_ANTIVIRAL_RESPO...         SET       9    -0.087145   -0.0010734       0.2981      0.61498 REACTOME_OAS_ANTIVIRAL_RESPONSE
REACTOME_PEPTIDE_LIGAND_BIND...         SET     195   -0.0029258  -0.00016749     0.065696      0.51776 REACTOME_PEPTIDE_LIGAND_BINDING_RECEPTORS
REACTOME_PI_3K_CASCADE_FGFR1            SET      21    -0.016555  -0.00031145      0.17939      0.53676 REACTOME_PI_3K_CASCADE_FGFR1
REACTOME_PI_3K_CASCADE_FGFR3            SET      17      0.10591    0.0017928      0.19335      0.29193 REACTOME_PI_3K_CASCADE_FGFR3
REACTOME_PI_3K_CASCADE_FGFR4            SET      19      0.12882    0.0023053      0.18328      0.24107 REACTOME_PI_3K_CASCADE_FGFR4
REACTOME_PRE_NOTCH_EXPRESSIO...         SET     116    -0.079258   -0.0035017     0.094185      0.79997 REACTOME_PRE_NOTCH_EXPRESSION_AND_PROCESSING
REACTOME_REGULATION_OF_EXPRE...         SET     170     0.024661    0.0013184     0.074825      0.37086 REACTOME_REGULATION_OF_EXPRESSION_OF_SLITS_AND_ROBOS
REACTOME_RESPIRATORY_ELECTRO...1        SET      93     0.094813    0.0037515     0.099764      0.17096 REACTOME_RESPIRATORY_ELECTRON_TRANSPORT
REACTOME_RESPIRATORY_ELECTRO...2        SET     115      0.12254    0.0053906     0.088392     0.082825 REACTOME_RESPIRATORY_ELECTRON_TRANSPORT_ATP_SYNTHESIS_BY_CHEMIOSMOTIC_COUPLING_AND_HEAT_PRODUCTION_BY_UNCOUPLING_PROTEINS
REACTOME_RESPONSE_OF_EIF2AK4...         SET     100    -0.070606   -0.0028967      0.10104      0.75766 REACTOME_RESPONSE_OF_EIF2AK4_GCN2_TO_AMINO_ACID_DEFICIENCY
REACTOME_RNA_POLYMERASE_II_T...         SET      80    -0.046894   -0.0017211     0.098848      0.68239 REACTOME_RNA_POLYMERASE_II_TRANSCRIBES_SNRNA_GENES
REACTOME_RND2_GTPASE_CYCLE              SET      43     -0.17594   -0.0047355      0.13233      0.90816 REACTOME_RND2_GTPASE_CYCLE
REACTOME_RRNA_PROCESSING                SET     201     -0.15443   -0.0089747     0.066056       0.9903 REACTOME_RRNA_PROCESSING
REACTOME_SELECTIVE_AUTOPHAGY            SET      82    -0.052759   -0.0019604      0.10062      0.69997 REACTOME_SELECTIVE_AUTOPHAGY
REACTOME_SELENOAMINO_ACID_ME...         SET     116    -0.022665   -0.0010014     0.091843      0.59746 REACTOME_SELENOAMINO_ACID_METABOLISM
REACTOME_SEMAPHORIN_INTERACT...         SET      64     0.010861   0.00035659      0.10861      0.46017 REACTOME_SEMAPHORIN_INTERACTIONS
REACTOME_SHC_MEDIATED_CASCAD...1        SET      21    -0.047215  -0.00088827       0.1852      0.60062 REACTOME_SHC_MEDIATED_CASCADE_FGFR1
REACTOME_SHC_MEDIATED_CASCAD...2        SET      17     0.079366    0.0013435      0.20068      0.34624 REACTOME_SHC_MEDIATED_CASCADE_FGFR3
REACTOME_SHC_MEDIATED_CASCAD...3        SET      19      0.10673      0.00191      0.18949      0.28663 REACTOME_SHC_MEDIATED_CASCADE_FGFR4
REACTOME_SIGNALING_BY_FGFR1_...         SET      38      0.18011    0.0045574      0.13215     0.086452 REACTOME_SIGNALING_BY_FGFR1_IN_DISEASE
REACTOME_SIGNALING_BY_FGFR2_...         SET      42    -0.022998  -0.00061177      0.13522      0.56753 REACTOME_SIGNALING_BY_FGFR2_IN_DISEASE
REACTOME_SIGNALING_BY_FGFR_I...         SET      62     0.083192    0.0026883      0.11159      0.22798 REACTOME_SIGNALING_BY_FGFR_IN_DISEASE
REACTOME_SIGNALING_BY_FLT3_F...         SET      19      0.31332    0.0056068      0.17765     0.038893 REACTOME_SIGNALING_BY_FLT3_FUSION_PROTEINS
REACTOME_SIGNALING_BY_FLT3_I...         SET      16      0.34137     0.005606      0.19869     0.042891 REACTOME_SIGNALING_BY_FLT3_ITD_AND_TKD_MUTANTS
REACTOME_SIGNALING_BY_INSULI...         SET      75      0.16526    0.0058729     0.099213     0.047889 REACTOME_SIGNALING_BY_INSULIN_RECEPTOR
REACTOME_SIGNALING_BY_INTERL...         SET     449      0.18994     0.016463      0.04158   2.4681e-06 REACTOME_SIGNALING_BY_INTERLEUKINS
REACTOME_SIGNALING_BY_ROBO_R...         SET     215     0.018321     0.001101     0.065623      0.39005 REACTOME_SIGNALING_BY_ROBO_RECEPTORS
REACTOME_SIGNALING_BY_TYPE_1...         SET      52      0.16661    0.0049311      0.12133     0.084843 REACTOME_SIGNALING_BY_TYPE_1_INSULIN_LIKE_GROWTH_FACTOR_1_RECEPTOR_IGF1R
REACTOME_SIGNAL_REGULATORY_P...         SET      16      0.22476    0.0036911      0.20382      0.13507 REACTOME_SIGNAL_REGULATORY_PROTEIN_FAMILY_INTERACTIONS
REACTOME_SRP_DEPENDENT_COTRA...         SET     111    -0.030771   -0.0013299     0.090342       0.6333 REACTOME_SRP_DEPENDENT_COTRANSLATIONAL_PROTEIN_TARGETING_TO_MEMBRANE
REACTOME_STAT5_ACTIVATION_DO...         SET      10      0.56873    0.0073841      0.25953     0.014216 REACTOME_STAT5_ACTIVATION_DOWNSTREAM_OF_FLT3_ITD_MUTANTS
REACTOME_TCF_DEPENDENT_SIGNA...         SET     230   -0.0096272  -0.00059834     0.061991      0.56171 REACTOME_TCF_DEPENDENT_SIGNALING_IN_RESPONSE_TO_WNT
REACTOME_THE_CITRIC_ACID_TCA...         SET     166      0.05889    0.0031111     0.071771      0.20596 REACTOME_THE_CITRIC_ACID_TCA_CYCLE_AND_RESPIRATORY_ELECTRON_TRANSPORT
REACTOME_TRANSCRIPTIONAL_REG...         SET     104     -0.23365   -0.0097753      0.10404      0.98764 REACTOME_TRANSCRIPTIONAL_REGULATION_BY_SMALL_RNAS
REACTOME_TRANSLATION                    SET     289    -0.068607   -0.0047773     0.056787       0.8865 REACTOME_TRANSLATION
REACTOME_TRANSMISSION_ACROSS...         SET     269     0.077097    0.0051803     0.055458     0.082238 REACTOME_TRANSMISSION_ACROSS_CHEMICAL_SYNAPSES
